[1.362s] Invoking command in '/home/ubuntu/ws/Libero/src/main': PYTHONPATH=/home/ubuntu/ws/Libero/install/main/lib/python3.8/site-packages:${PYTHONPATH} /usr/bin/python3 setup.py egg_info --egg-base ../../build/main build --build-base /home/ubuntu/ws/Libero/build/main/build install --prefix /home/ubuntu/ws/Libero/install/main --record /home/ubuntu/ws/Libero/build/main/install.log --single-version-externally-managed
[3.134s] running egg_info
[3.138s] writing ../../build/main/main.egg-info/PKG-INFO
[3.142s] writing dependency_links to ../../build/main/main.egg-info/dependency_links.txt
[3.144s] writing entry points to ../../build/main/main.egg-info/entry_points.txt
[3.146s] writing requirements to ../../build/main/main.egg-info/requires.txt
[3.149s] writing top-level names to ../../build/main/main.egg-info/top_level.txt
[3.382s] reading manifest file '../../build/main/main.egg-info/SOURCES.txt'
[3.389s] writing manifest file '../../build/main/main.egg-info/SOURCES.txt'
[3.391s] running build
[3.392s] running build_py
[3.394s] running install
[3.399s] running install_lib
[3.408s] running install_egg_info
[3.421s] removing '/home/ubuntu/ws/Libero/install/main/lib/python3.8/site-packages/main-0.0.0-py3.8.egg-info' (and everything under it)
[3.423s] Copying ../../build/main/main.egg-info to /home/ubuntu/ws/Libero/install/main/lib/python3.8/site-packages/main-0.0.0-py3.8.egg-info
[3.431s] running install_scripts
[3.524s] Installing main script to /home/ubuntu/ws/Libero/install/main/lib/main
[3.526s] writing list of installed files to '/home/ubuntu/ws/Libero/build/main/install.log'
[3.643s] Invoked command in '/home/ubuntu/ws/Libero/src/main' returned '0': PYTHONPATH=/home/ubuntu/ws/Libero/install/main/lib/python3.8/site-packages:${PYTHONPATH} /usr/bin/python3 setup.py egg_info --egg-base ../../build/main build --build-base /home/ubuntu/ws/Libero/build/main/build install --prefix /home/ubuntu/ws/Libero/install/main --record /home/ubuntu/ws/Libero/build/main/install.log --single-version-externally-managed
