[1.111s] Invoking command in '/home/ubuntu/ws/Libero/src/main': PYTHONPATH=/home/ubuntu/ws/Libero/install/main/lib/python3.8/site-packages:${PYTHONPATH} /usr/bin/python3 setup.py egg_info --egg-base ../../build/main build --build-base /home/ubuntu/ws/Libero/build/main/build install --prefix /home/ubuntu/ws/Libero/install/main --record /home/ubuntu/ws/Libero/build/main/install.log --single-version-externally-managed
[2.082s] running egg_info
[2.084s] writing ../../build/main/main.egg-info/PKG-INFO
[2.085s] writing dependency_links to ../../build/main/main.egg-info/dependency_links.txt
[2.086s] writing entry points to ../../build/main/main.egg-info/entry_points.txt
[2.086s] writing requirements to ../../build/main/main.egg-info/requires.txt
[2.087s] writing top-level names to ../../build/main/main.egg-info/top_level.txt
[2.232s] reading manifest file '../../build/main/main.egg-info/SOURCES.txt'
[2.236s] writing manifest file '../../build/main/main.egg-info/SOURCES.txt'
[2.236s] running build
[2.237s] running build_py
[2.238s] running install
[2.241s] running install_lib
[2.249s] running install_egg_info
[2.256s] removing '/home/ubuntu/ws/Libero/install/main/lib/python3.8/site-packages/main-0.0.0-py3.8.egg-info' (and everything under it)
[2.257s] Copying ../../build/main/main.egg-info to /home/ubuntu/ws/Libero/install/main/lib/python3.8/site-packages/main-0.0.0-py3.8.egg-info
[2.262s] running install_scripts
[2.329s] Installing main script to /home/ubuntu/ws/Libero/install/main/lib/main
[2.330s] writing list of installed files to '/home/ubuntu/ws/Libero/build/main/install.log'
[2.426s] Invoked command in '/home/ubuntu/ws/Libero/src/main' returned '0': PYTHONPATH=/home/ubuntu/ws/Libero/install/main/lib/python3.8/site-packages:${PYTHONPATH} /usr/bin/python3 setup.py egg_info --egg-base ../../build/main build --build-base /home/ubuntu/ws/Libero/build/main/build install --prefix /home/ubuntu/ws/Libero/install/main --record /home/ubuntu/ws/Libero/build/main/install.log --single-version-externally-managed
