[2.170s] DEBUG:colcon:Command line arguments: ['/usr/bin/colcon', 'build']
[2.170s] DEBUG:colcon:Parsed command line arguments: Namespace(ament_cmake_args=None, base_paths=['.'], build_base='build', catkin_cmake_args=None, catkin_skip_building_tests=False, cmake_args=None, cmake_clean_cache=False, cmake_clean_first=False, cmake_force_configure=False, cmake_target=None, cmake_target_skip_unavailable=False, continue_on_error=False, event_handlers=None, executor='parallel', ignore_user_meta=False, install_base='install', log_base=None, log_level=None, main=<bound method BuildVerb.main of <colcon_core.verb.build.BuildVerb object at 0xffffb5bc4460>>, merge_install=False, metas=['./colcon.meta'], packages_above=None, packages_above_and_dependencies=None, packages_above_depth=None, packages_end=None, packages_ignore=None, packages_ignore_regex=None, packages_select=None, packages_select_build_failed=False, packages_select_by_dep=None, packages_select_regex=None, packages_select_test_failures=False, packages_skip=None, packages_skip_build_finished=False, packages_skip_by_dep=None, packages_skip_regex=None, packages_skip_test_passed=False, packages_skip_up_to=None, packages_start=None, packages_up_to=None, packages_up_to_regex=None, parallel_workers=4, paths=None, symlink_install=False, test_result_base=None, verb_extension=<colcon_core.verb.build.BuildVerb object at 0xffffb5bc4460>, verb_name='build', verb_parser=<colcon_defaults.argument_parser.defaults.DefaultArgumentsDecorator object at 0xffffb5bc49a0>)
[2.331s] Level 1:colcon.colcon_core.package_discovery:discover_packages(colcon_meta) check parameters
[2.332s] Level 1:colcon.colcon_core.package_discovery:discover_packages(recursive) check parameters
[2.332s] Level 1:colcon.colcon_core.package_discovery:discover_packages(ignore) check parameters
[2.333s] Level 1:colcon.colcon_core.package_discovery:discover_packages(path) check parameters
[2.333s] Level 1:colcon.colcon_core.package_discovery:discover_packages(colcon_meta) discover
[2.333s] Level 1:colcon.colcon_core.package_discovery:discover_packages(recursive) discover
[2.334s] INFO:colcon.colcon_core.package_discovery:Crawling recursively for packages in '/home/ubuntu/ws/Libero'
[2.335s] Level 1:colcon.colcon_core.package_identification:_identify(.) by extensions ['ignore', 'ignore_ament_install']
[2.336s] Level 1:colcon.colcon_core.package_identification:_identify(.) by extension 'ignore'
[2.336s] Level 1:colcon.colcon_core.package_identification:_identify(.) by extension 'ignore_ament_install'
[2.336s] Level 1:colcon.colcon_core.package_identification:_identify(.) by extensions ['colcon_pkg']
[2.336s] Level 1:colcon.colcon_core.package_identification:_identify(.) by extension 'colcon_pkg'
[2.337s] Level 1:colcon.colcon_core.package_identification:_identify(.) by extensions ['colcon_meta']
[2.337s] Level 1:colcon.colcon_core.package_identification:_identify(.) by extension 'colcon_meta'
[2.337s] Level 1:colcon.colcon_core.package_identification:_identify(.) by extensions ['ros']
[2.337s] Level 1:colcon.colcon_core.package_identification:_identify(.) by extension 'ros'
[2.487s] Level 1:colcon.colcon_core.package_identification:_identify(.) by extensions ['cmake', 'python']
[2.487s] Level 1:colcon.colcon_core.package_identification:_identify(.) by extension 'cmake'
[2.487s] Level 1:colcon.colcon_core.package_identification:_identify(.) by extension 'python'
[2.488s] Level 1:colcon.colcon_core.package_identification:_identify(.) by extensions ['python_setup_py']
[2.488s] Level 1:colcon.colcon_core.package_identification:_identify(.) by extension 'python_setup_py'
[2.488s] Level 1:colcon.colcon_core.package_identification:_identify(build) by extensions ['ignore', 'ignore_ament_install']
[2.489s] Level 1:colcon.colcon_core.package_identification:_identify(build) by extension 'ignore'
[2.489s] Level 1:colcon.colcon_core.package_identification:_identify(build) ignored
[2.526s] Level 1:colcon.colcon_core.package_identification:_identify(install) by extensions ['ignore', 'ignore_ament_install']
[2.527s] Level 1:colcon.colcon_core.package_identification:_identify(install) by extension 'ignore'
[2.527s] Level 1:colcon.colcon_core.package_identification:_identify(install) ignored
[2.528s] Level 1:colcon.colcon_core.package_identification:_identify(log) by extensions ['ignore', 'ignore_ament_install']
[2.529s] Level 1:colcon.colcon_core.package_identification:_identify(log) by extension 'ignore'
[2.529s] Level 1:colcon.colcon_core.package_identification:_identify(log) ignored
[2.530s] Level 1:colcon.colcon_core.package_identification:_identify(src) by extensions ['ignore', 'ignore_ament_install']
[2.531s] Level 1:colcon.colcon_core.package_identification:_identify(src) by extension 'ignore'
[2.532s] Level 1:colcon.colcon_core.package_identification:_identify(src) by extension 'ignore_ament_install'
[2.533s] Level 1:colcon.colcon_core.package_identification:_identify(src) by extensions ['colcon_pkg']
[2.533s] Level 1:colcon.colcon_core.package_identification:_identify(src) by extension 'colcon_pkg'
[2.533s] Level 1:colcon.colcon_core.package_identification:_identify(src) by extensions ['colcon_meta']
[2.533s] Level 1:colcon.colcon_core.package_identification:_identify(src) by extension 'colcon_meta'
[2.534s] Level 1:colcon.colcon_core.package_identification:_identify(src) by extensions ['ros']
[2.534s] Level 1:colcon.colcon_core.package_identification:_identify(src) by extension 'ros'
[2.535s] Level 1:colcon.colcon_core.package_identification:_identify(src) by extensions ['cmake', 'python']
[2.535s] Level 1:colcon.colcon_core.package_identification:_identify(src) by extension 'cmake'
[2.535s] Level 1:colcon.colcon_core.package_identification:_identify(src) by extension 'python'
[2.535s] Level 1:colcon.colcon_core.package_identification:_identify(src) by extensions ['python_setup_py']
[2.536s] Level 1:colcon.colcon_core.package_identification:_identify(src) by extension 'python_setup_py'
[2.536s] Level 1:colcon.colcon_core.package_identification:_identify(src/main) by extensions ['ignore', 'ignore_ament_install']
[2.537s] Level 1:colcon.colcon_core.package_identification:_identify(src/main) by extension 'ignore'
[2.537s] Level 1:colcon.colcon_core.package_identification:_identify(src/main) by extension 'ignore_ament_install'
[2.538s] Level 1:colcon.colcon_core.package_identification:_identify(src/main) by extensions ['colcon_pkg']
[2.538s] Level 1:colcon.colcon_core.package_identification:_identify(src/main) by extension 'colcon_pkg'
[2.538s] Level 1:colcon.colcon_core.package_identification:_identify(src/main) by extensions ['colcon_meta']
[2.538s] Level 1:colcon.colcon_core.package_identification:_identify(src/main) by extension 'colcon_meta'
[2.539s] Level 1:colcon.colcon_core.package_identification:_identify(src/main) by extensions ['ros']
[2.539s] Level 1:colcon.colcon_core.package_identification:_identify(src/main) by extension 'ros'
[2.577s] DEBUG:colcon.colcon_core.package_identification:Package 'src/main' with type 'ros.ament_python' and name 'main'
[2.583s] Level 1:colcon.colcon_core.package_identification:_identify(src/message_info) by extensions ['ignore', 'ignore_ament_install']
[2.584s] Level 1:colcon.colcon_core.package_identification:_identify(src/message_info) by extension 'ignore'
[2.584s] Level 1:colcon.colcon_core.package_identification:_identify(src/message_info) by extension 'ignore_ament_install'
[2.585s] Level 1:colcon.colcon_core.package_identification:_identify(src/message_info) by extensions ['colcon_pkg']
[2.585s] Level 1:colcon.colcon_core.package_identification:_identify(src/message_info) by extension 'colcon_pkg'
[2.585s] Level 1:colcon.colcon_core.package_identification:_identify(src/message_info) by extensions ['colcon_meta']
[2.585s] Level 1:colcon.colcon_core.package_identification:_identify(src/message_info) by extension 'colcon_meta'
[2.586s] Level 1:colcon.colcon_core.package_identification:_identify(src/message_info) by extensions ['ros']
[2.586s] Level 1:colcon.colcon_core.package_identification:_identify(src/message_info) by extension 'ros'
[2.598s] DEBUG:colcon.colcon_core.package_identification:Package 'src/message_info' with type 'ros.ament_cmake' and name 'message_info'
[2.599s] Level 1:colcon.colcon_core.package_discovery:discover_packages(recursive) using defaults
[2.599s] Level 1:colcon.colcon_core.package_discovery:discover_packages(ignore) discover
[2.600s] Level 1:colcon.colcon_core.package_discovery:discover_packages(ignore) using defaults
[2.600s] Level 1:colcon.colcon_core.package_discovery:discover_packages(path) discover
[2.600s] Level 1:colcon.colcon_core.package_discovery:discover_packages(path) using defaults
[2.789s] Level 5:colcon.colcon_core.verb:set package 'main' build argument 'cmake_args' from command line to 'None'
[2.790s] Level 5:colcon.colcon_core.verb:set package 'main' build argument 'cmake_target' from command line to 'None'
[2.790s] Level 5:colcon.colcon_core.verb:set package 'main' build argument 'cmake_target_skip_unavailable' from command line to 'False'
[2.790s] Level 5:colcon.colcon_core.verb:set package 'main' build argument 'cmake_clean_cache' from command line to 'False'
[2.790s] Level 5:colcon.colcon_core.verb:set package 'main' build argument 'cmake_clean_first' from command line to 'False'
[2.790s] Level 5:colcon.colcon_core.verb:set package 'main' build argument 'cmake_force_configure' from command line to 'False'
[2.790s] Level 5:colcon.colcon_core.verb:set package 'main' build argument 'ament_cmake_args' from command line to 'None'
[2.791s] Level 5:colcon.colcon_core.verb:set package 'main' build argument 'catkin_cmake_args' from command line to 'None'
[2.791s] Level 5:colcon.colcon_core.verb:set package 'main' build argument 'catkin_skip_building_tests' from command line to 'False'
[2.791s] DEBUG:colcon.colcon_core.verb:Building package 'main' with the following arguments: {'ament_cmake_args': None, 'build_base': '/home/ubuntu/ws/Libero/build/main', 'catkin_cmake_args': None, 'catkin_skip_building_tests': False, 'cmake_args': None, 'cmake_clean_cache': False, 'cmake_clean_first': False, 'cmake_force_configure': False, 'cmake_target': None, 'cmake_target_skip_unavailable': False, 'install_base': '/home/ubuntu/ws/Libero/install/main', 'merge_install': False, 'path': '/home/ubuntu/ws/Libero/src/main', 'symlink_install': False, 'test_result_base': None}
[2.802s] Level 5:colcon.colcon_core.verb:set package 'message_info' build argument 'cmake_args' from command line to 'None'
[2.803s] Level 5:colcon.colcon_core.verb:set package 'message_info' build argument 'cmake_target' from command line to 'None'
[2.803s] Level 5:colcon.colcon_core.verb:set package 'message_info' build argument 'cmake_target_skip_unavailable' from command line to 'False'
[2.803s] Level 5:colcon.colcon_core.verb:set package 'message_info' build argument 'cmake_clean_cache' from command line to 'False'
[2.803s] Level 5:colcon.colcon_core.verb:set package 'message_info' build argument 'cmake_clean_first' from command line to 'False'
[2.803s] Level 5:colcon.colcon_core.verb:set package 'message_info' build argument 'cmake_force_configure' from command line to 'False'
[2.803s] Level 5:colcon.colcon_core.verb:set package 'message_info' build argument 'ament_cmake_args' from command line to 'None'
[2.803s] Level 5:colcon.colcon_core.verb:set package 'message_info' build argument 'catkin_cmake_args' from command line to 'None'
[2.803s] Level 5:colcon.colcon_core.verb:set package 'message_info' build argument 'catkin_skip_building_tests' from command line to 'False'
[2.804s] DEBUG:colcon.colcon_core.verb:Building package 'message_info' with the following arguments: {'ament_cmake_args': None, 'build_base': '/home/ubuntu/ws/Libero/build/message_info', 'catkin_cmake_args': None, 'catkin_skip_building_tests': False, 'cmake_args': None, 'cmake_clean_cache': False, 'cmake_clean_first': False, 'cmake_force_configure': False, 'cmake_target': None, 'cmake_target_skip_unavailable': False, 'install_base': '/home/ubuntu/ws/Libero/install/message_info', 'merge_install': False, 'path': '/home/ubuntu/ws/Libero/src/message_info', 'symlink_install': False, 'test_result_base': None}
[2.805s] INFO:colcon.colcon_core.executor:Executing jobs using 'parallel' executor
[2.813s] DEBUG:colcon.colcon_parallel_executor.executor.parallel:run_until_complete
[2.814s] INFO:colcon.colcon_ros.task.ament_python.build:Building ROS package in '/home/ubuntu/ws/Libero/src/main' with build type 'ament_python'
[2.815s] Level 1:colcon.colcon_core.shell:create_environment_hook('main', 'ament_prefix_path')
[2.935s] INFO:colcon.colcon_core.plugin_system:Skipping extension 'colcon_core.shell.bat': Not used on non-Windows systems
[2.937s] INFO:colcon.colcon_core.shell:Creating environment hook '/home/ubuntu/ws/Libero/install/main/share/main/hook/ament_prefix_path.ps1'
[2.953s] INFO:colcon.colcon_core.shell:Creating environment descriptor '/home/ubuntu/ws/Libero/install/main/share/main/hook/ament_prefix_path.dsv'
[2.961s] INFO:colcon.colcon_core.shell:Creating environment hook '/home/ubuntu/ws/Libero/install/main/share/main/hook/ament_prefix_path.sh'
[2.970s] INFO:colcon.colcon_core.shell:Skip shell extension 'powershell' for command environment: Not usable outside of PowerShell
[2.970s] DEBUG:colcon.colcon_core.shell:Skip shell extension 'dsv' for command environment
[3.016s] WARNING:colcon.colcon_ros.prefix_path.ament:The path '/home/ubuntu/ws/Libero/install/message_info' in the environment variable AMENT_PREFIX_PATH doesn't exist
[3.035s] WARNING:colcon.colcon_ros.prefix_path.catkin:The path '/home/ubuntu/ws/Libero/install/message_info' in the environment variable CMAKE_PREFIX_PATH doesn't exist
[3.043s] DEBUG:colcon.colcon_core.shell:Ignoring prefix path '/opt/ros/foxy'
[3.062s] INFO:colcon.colcon_ros.task.ament_cmake.build:Building ROS package in '/home/ubuntu/ws/Libero/src/message_info' with build type 'ament_cmake'
[3.064s] INFO:colcon.colcon_cmake.task.cmake.build:Building CMake package in '/home/ubuntu/ws/Libero/src/message_info'
[3.069s] INFO:colcon.colcon_core.shell:Skip shell extension 'powershell' for command environment: Not usable outside of PowerShell
[3.069s] DEBUG:colcon.colcon_core.shell:Skip shell extension 'dsv' for command environment
[3.084s] DEBUG:colcon.colcon_core.shell:Ignoring prefix path '/opt/ros/foxy'
[4.253s] WARNING:colcon.colcon_ros.task.ament_python.build:Package 'main' doesn't explicitly install a marker in the package index (colcon-ros currently does it implicitly but that fallback will be removed in the future)
[4.255s] WARNING:colcon.colcon_ros.task.ament_python.build:Package 'main' doesn't explicitly install the 'package.xml' file (colcon-ros currently does it implicitly but that fallback will be removed in the future)
[4.256s] INFO:colcon.colcon_core.task.python.build:Building Python package in '/home/ubuntu/ws/Libero/src/main'
[4.259s] INFO:colcon.colcon_core.shell:Skip shell extension 'powershell' for command environment: Not usable outside of PowerShell
[4.260s] DEBUG:colcon.colcon_core.shell:Skip shell extension 'dsv' for command environment
[4.273s] DEBUG:colcon.colcon_core.shell:Ignoring prefix path '/opt/ros/foxy'
[4.301s] DEBUG:colcon.colcon_core.event_handler.log_command:Invoking command in '/home/ubuntu/ws/Libero/build/message_info': CMAKE_PREFIX_PATH=${CMAKE_PREFIX_PATH}:/home/ubuntu/ws/Libero/install/main:/home/ubuntu/ws/SSLRasp/install/rasp:/opt/ros/foxy /usr/bin/cmake /home/ubuntu/ws/Libero/src/message_info -DCMAKE_INSTALL_PREFIX=/home/ubuntu/ws/Libero/install/message_info
[4.348s] DEBUG:colcon.colcon_core.event_handler.log_command:Invoking command in '/home/ubuntu/ws/Libero/src/main': PYTHONPATH=/home/ubuntu/ws/Libero/install/main/lib/python3.8/site-packages:${PYTHONPATH} /usr/bin/python3 setup.py egg_info --egg-base ../../build/main build --build-base /home/ubuntu/ws/Libero/build/main/build install --prefix /home/ubuntu/ws/Libero/install/main --record /home/ubuntu/ws/Libero/build/main/install.log --single-version-externally-managed
[6.376s] DEBUG:colcon.colcon_core.event_handler.log_command:Invoked command in '/home/ubuntu/ws/Libero/src/main' returned '0': PYTHONPATH=/home/ubuntu/ws/Libero/install/main/lib/python3.8/site-packages:${PYTHONPATH} /usr/bin/python3 setup.py egg_info --egg-base ../../build/main build --build-base /home/ubuntu/ws/Libero/build/main/build install --prefix /home/ubuntu/ws/Libero/install/main --record /home/ubuntu/ws/Libero/build/main/install.log --single-version-externally-managed
[6.453s] Level 1:colcon.colcon_core.environment:checking '/home/ubuntu/ws/Libero/install/main' for CMake module files
[6.455s] Level 1:colcon.colcon_core.environment:checking '/home/ubuntu/ws/Libero/install/main' for CMake config files
[6.459s] Level 1:colcon.colcon_core.environment:checking '/home/ubuntu/ws/Libero/install/main/lib'
[6.460s] Level 1:colcon.colcon_core.environment:checking '/home/ubuntu/ws/Libero/install/main/bin'
[6.461s] Level 1:colcon.colcon_core.environment:checking '/home/ubuntu/ws/Libero/install/main/lib/pkgconfig/main.pc'
[6.461s] Level 1:colcon.colcon_core.environment:checking '/home/ubuntu/ws/Libero/install/main/lib/python3.8/site-packages'
[6.462s] Level 1:colcon.colcon_core.shell:create_environment_hook('main', 'pythonpath')
[6.464s] INFO:colcon.colcon_core.shell:Creating environment hook '/home/ubuntu/ws/Libero/install/main/share/main/hook/pythonpath.ps1'
[6.466s] INFO:colcon.colcon_core.shell:Creating environment descriptor '/home/ubuntu/ws/Libero/install/main/share/main/hook/pythonpath.dsv'
[6.468s] INFO:colcon.colcon_core.shell:Creating environment hook '/home/ubuntu/ws/Libero/install/main/share/main/hook/pythonpath.sh'
[6.470s] Level 1:colcon.colcon_core.environment:create_environment_scripts_only(main)
[6.473s] INFO:colcon.colcon_core.shell:Creating package script '/home/ubuntu/ws/Libero/install/main/share/main/package.ps1'
[6.481s] INFO:colcon.colcon_core.shell:Creating package descriptor '/home/ubuntu/ws/Libero/install/main/share/main/package.dsv'
[6.486s] INFO:colcon.colcon_core.shell:Creating package script '/home/ubuntu/ws/Libero/install/main/share/main/package.sh'
[6.498s] INFO:colcon.colcon_core.shell:Creating package script '/home/ubuntu/ws/Libero/install/main/share/main/package.bash'
[6.504s] INFO:colcon.colcon_core.shell:Creating package script '/home/ubuntu/ws/Libero/install/main/share/main/package.zsh'
[6.520s] Level 1:colcon.colcon_core.environment:create_file_with_runtime_dependencies(/home/ubuntu/ws/Libero/install/main/share/colcon-core/packages/main)
[28.016s] DEBUG:colcon.colcon_core.event_handler.log_command:Invoked command in '/home/ubuntu/ws/Libero/build/message_info' returned '0': CMAKE_PREFIX_PATH=${CMAKE_PREFIX_PATH}:/home/ubuntu/ws/Libero/install/main:/home/ubuntu/ws/SSLRasp/install/rasp:/opt/ros/foxy /usr/bin/cmake /home/ubuntu/ws/Libero/src/message_info -DCMAKE_INSTALL_PREFIX=/home/ubuntu/ws/Libero/install/message_info
[28.033s] DEBUG:colcon.colcon_core.event_handler.log_command:Invoking command in '/home/ubuntu/ws/Libero/build/message_info': CMAKE_PREFIX_PATH=${CMAKE_PREFIX_PATH}:/home/ubuntu/ws/Libero/install/main:/home/ubuntu/ws/SSLRasp/install/rasp:/opt/ros/foxy /usr/bin/cmake --build /home/ubuntu/ws/Libero/build/message_info -- -j4 -l4
[53.627s] DEBUG:colcon.colcon_core.event_handler.log_command:Invoked command in '/home/ubuntu/ws/Libero/build/message_info' returned '0': CMAKE_PREFIX_PATH=${CMAKE_PREFIX_PATH}:/home/ubuntu/ws/Libero/install/main:/home/ubuntu/ws/SSLRasp/install/rasp:/opt/ros/foxy /usr/bin/cmake --build /home/ubuntu/ws/Libero/build/message_info -- -j4 -l4
[54.219s] DEBUG:colcon.colcon_core.event_handler.log_command:Invoking command in '/home/ubuntu/ws/Libero/build/message_info': CMAKE_PREFIX_PATH=${CMAKE_PREFIX_PATH}:/home/ubuntu/ws/Libero/install/main:/home/ubuntu/ws/SSLRasp/install/rasp:/opt/ros/foxy /usr/bin/cmake --install /home/ubuntu/ws/Libero/build/message_info
[54.655s] Level 1:colcon.colcon_core.environment:create_environment_scripts_only(message_info)
[54.660s] Level 1:colcon.colcon_core.environment:checking '/home/ubuntu/ws/Libero/install/message_info' for CMake module files
[54.663s] DEBUG:colcon.colcon_core.event_handler.log_command:Invoked command in '/home/ubuntu/ws/Libero/build/message_info' returned '0': CMAKE_PREFIX_PATH=${CMAKE_PREFIX_PATH}:/home/ubuntu/ws/Libero/install/main:/home/ubuntu/ws/SSLRasp/install/rasp:/opt/ros/foxy /usr/bin/cmake --install /home/ubuntu/ws/Libero/build/message_info
[54.667s] Level 1:colcon.colcon_core.environment:checking '/home/ubuntu/ws/Libero/install/message_info' for CMake config files
[54.669s] Level 1:colcon.colcon_core.shell:create_environment_hook('message_info', 'cmake_prefix_path')
[54.671s] INFO:colcon.colcon_core.shell:Creating environment hook '/home/ubuntu/ws/Libero/install/message_info/share/message_info/hook/cmake_prefix_path.ps1'
[54.673s] INFO:colcon.colcon_core.shell:Creating environment descriptor '/home/ubuntu/ws/Libero/install/message_info/share/message_info/hook/cmake_prefix_path.dsv'
[54.675s] INFO:colcon.colcon_core.shell:Creating environment hook '/home/ubuntu/ws/Libero/install/message_info/share/message_info/hook/cmake_prefix_path.sh'
[54.678s] Level 1:colcon.colcon_core.environment:checking '/home/ubuntu/ws/Libero/install/message_info/lib'
[54.678s] Level 1:colcon.colcon_core.shell:create_environment_hook('message_info', 'ld_library_path_lib')
[54.680s] INFO:colcon.colcon_core.shell:Creating environment hook '/home/ubuntu/ws/Libero/install/message_info/share/message_info/hook/ld_library_path_lib.ps1'
[54.682s] INFO:colcon.colcon_core.shell:Creating environment descriptor '/home/ubuntu/ws/Libero/install/message_info/share/message_info/hook/ld_library_path_lib.dsv'
[54.683s] INFO:colcon.colcon_core.shell:Creating environment hook '/home/ubuntu/ws/Libero/install/message_info/share/message_info/hook/ld_library_path_lib.sh'
[54.685s] Level 1:colcon.colcon_core.environment:checking '/home/ubuntu/ws/Libero/install/message_info/bin'
[54.685s] Level 1:colcon.colcon_core.environment:checking '/home/ubuntu/ws/Libero/install/message_info/lib/pkgconfig/message_info.pc'
[54.685s] Level 1:colcon.colcon_core.environment:checking '/home/ubuntu/ws/Libero/install/message_info/lib/python3.8/site-packages'
[54.686s] Level 1:colcon.colcon_core.shell:create_environment_hook('message_info', 'pythonpath')
[54.688s] INFO:colcon.colcon_core.shell:Creating environment hook '/home/ubuntu/ws/Libero/install/message_info/share/message_info/hook/pythonpath.ps1'
[54.690s] INFO:colcon.colcon_core.shell:Creating environment descriptor '/home/ubuntu/ws/Libero/install/message_info/share/message_info/hook/pythonpath.dsv'
[54.691s] INFO:colcon.colcon_core.shell:Creating environment hook '/home/ubuntu/ws/Libero/install/message_info/share/message_info/hook/pythonpath.sh'
[54.695s] INFO:colcon.colcon_core.shell:Creating package script '/home/ubuntu/ws/Libero/install/message_info/share/message_info/package.ps1'
[54.698s] INFO:colcon.colcon_core.shell:Creating package descriptor '/home/ubuntu/ws/Libero/install/message_info/share/message_info/package.dsv'
[54.701s] INFO:colcon.colcon_core.shell:Creating package script '/home/ubuntu/ws/Libero/install/message_info/share/message_info/package.sh'
[54.703s] INFO:colcon.colcon_core.shell:Creating package script '/home/ubuntu/ws/Libero/install/message_info/share/message_info/package.bash'
[54.705s] INFO:colcon.colcon_core.shell:Creating package script '/home/ubuntu/ws/Libero/install/message_info/share/message_info/package.zsh'
[54.707s] Level 1:colcon.colcon_core.environment:create_file_with_runtime_dependencies(/home/ubuntu/ws/Libero/install/message_info/share/colcon-core/packages/message_info)
[55.248s] Level 1:colcon.colcon_core.environment:create_environment_scripts_only(message_info)
[55.252s] Level 1:colcon.colcon_core.environment:checking '/home/ubuntu/ws/Libero/install/message_info' for CMake module files
[55.256s] Level 1:colcon.colcon_core.environment:checking '/home/ubuntu/ws/Libero/install/message_info' for CMake config files
[55.260s] Level 1:colcon.colcon_core.shell:create_environment_hook('message_info', 'cmake_prefix_path')
[55.263s] INFO:colcon.colcon_core.shell:Creating environment hook '/home/ubuntu/ws/Libero/install/message_info/share/message_info/hook/cmake_prefix_path.ps1'
[55.265s] INFO:colcon.colcon_core.shell:Creating environment descriptor '/home/ubuntu/ws/Libero/install/message_info/share/message_info/hook/cmake_prefix_path.dsv'
[55.267s] INFO:colcon.colcon_core.shell:Creating environment hook '/home/ubuntu/ws/Libero/install/message_info/share/message_info/hook/cmake_prefix_path.sh'
[55.272s] Level 1:colcon.colcon_core.environment:checking '/home/ubuntu/ws/Libero/install/message_info/lib'
[55.273s] Level 1:colcon.colcon_core.shell:create_environment_hook('message_info', 'ld_library_path_lib')
[55.277s] INFO:colcon.colcon_core.shell:Creating environment hook '/home/ubuntu/ws/Libero/install/message_info/share/message_info/hook/ld_library_path_lib.ps1'
[55.280s] INFO:colcon.colcon_core.shell:Creating environment descriptor '/home/ubuntu/ws/Libero/install/message_info/share/message_info/hook/ld_library_path_lib.dsv'
[55.283s] INFO:colcon.colcon_core.shell:Creating environment hook '/home/ubuntu/ws/Libero/install/message_info/share/message_info/hook/ld_library_path_lib.sh'
[55.287s] Level 1:colcon.colcon_core.environment:checking '/home/ubuntu/ws/Libero/install/message_info/bin'
[55.288s] Level 1:colcon.colcon_core.environment:checking '/home/ubuntu/ws/Libero/install/message_info/lib/pkgconfig/message_info.pc'
[55.288s] Level 1:colcon.colcon_core.environment:checking '/home/ubuntu/ws/Libero/install/message_info/lib/python3.8/site-packages'
[55.289s] Level 1:colcon.colcon_core.shell:create_environment_hook('message_info', 'pythonpath')
[55.291s] INFO:colcon.colcon_core.shell:Creating environment hook '/home/ubuntu/ws/Libero/install/message_info/share/message_info/hook/pythonpath.ps1'
[55.294s] INFO:colcon.colcon_core.shell:Creating environment descriptor '/home/ubuntu/ws/Libero/install/message_info/share/message_info/hook/pythonpath.dsv'
[55.297s] INFO:colcon.colcon_core.shell:Creating environment hook '/home/ubuntu/ws/Libero/install/message_info/share/message_info/hook/pythonpath.sh'
[55.304s] INFO:colcon.colcon_core.shell:Creating package script '/home/ubuntu/ws/Libero/install/message_info/share/message_info/package.ps1'
[55.307s] INFO:colcon.colcon_core.shell:Creating package descriptor '/home/ubuntu/ws/Libero/install/message_info/share/message_info/package.dsv'
[55.311s] INFO:colcon.colcon_core.shell:Creating package script '/home/ubuntu/ws/Libero/install/message_info/share/message_info/package.sh'
[55.314s] INFO:colcon.colcon_core.shell:Creating package script '/home/ubuntu/ws/Libero/install/message_info/share/message_info/package.bash'
[55.316s] INFO:colcon.colcon_core.shell:Creating package script '/home/ubuntu/ws/Libero/install/message_info/share/message_info/package.zsh'
[55.319s] Level 1:colcon.colcon_core.environment:create_file_with_runtime_dependencies(/home/ubuntu/ws/Libero/install/message_info/share/colcon-core/packages/message_info)
[55.320s] DEBUG:colcon.colcon_parallel_executor.executor.parallel:closing loop
[55.321s] DEBUG:colcon.colcon_parallel_executor.executor.parallel:loop closed
[55.322s] DEBUG:colcon.colcon_parallel_executor.executor.parallel:run_until_complete finished with '0'
[55.322s] DEBUG:colcon.colcon_core.event_reactor:joining thread
[55.353s] INFO:colcon.colcon_core.plugin_system:Skipping extension 'colcon_notification.desktop_notification.notify_send': Could not find 'notify-send'
[55.353s] INFO:colcon.colcon_core.plugin_system:Skipping extension 'colcon_notification.desktop_notification.terminal_notifier': Not used on non-Darwin systems
[55.354s] INFO:colcon.colcon_core.plugin_system:Skipping extension 'colcon_notification.desktop_notification.win32': Not used on non-Windows systems
[55.354s] INFO:colcon.colcon_notification.desktop_notification:Sending desktop notification using 'notify2'
[55.388s] DEBUG:colcon.colcon_notification.desktop_notification.notify2:Failed to initialize notify2: org.freedesktop.DBus.Error.ServiceUnknown: The name org.freedesktop.Notifications was not provided by any .service files
[55.388s] DEBUG:colcon.colcon_core.event_reactor:joined thread
[55.391s] INFO:colcon.colcon_core.shell:Creating prefix script '/home/ubuntu/ws/Libero/install/local_setup.ps1'
[55.395s] INFO:colcon.colcon_core.shell:Creating prefix util module '/home/ubuntu/ws/Libero/install/_local_setup_util_ps1.py'
[55.401s] INFO:colcon.colcon_core.shell:Creating prefix chain script '/home/ubuntu/ws/Libero/install/setup.ps1'
[55.413s] INFO:colcon.colcon_core.shell:Creating prefix script '/home/ubuntu/ws/Libero/install/local_setup.sh'
[55.417s] INFO:colcon.colcon_core.shell:Creating prefix util module '/home/ubuntu/ws/Libero/install/_local_setup_util_sh.py'
[55.419s] INFO:colcon.colcon_core.shell:Creating prefix chain script '/home/ubuntu/ws/Libero/install/setup.sh'
[55.431s] INFO:colcon.colcon_core.shell:Creating prefix script '/home/ubuntu/ws/Libero/install/local_setup.bash'
[55.434s] INFO:colcon.colcon_core.shell:Creating prefix chain script '/home/ubuntu/ws/Libero/install/setup.bash'
[55.448s] INFO:colcon.colcon_core.shell:Creating prefix script '/home/ubuntu/ws/Libero/install/local_setup.zsh'
[55.453s] INFO:colcon.colcon_core.shell:Creating prefix chain script '/home/ubuntu/ws/Libero/install/setup.zsh'
