[1.188s] Invoking command in '/home/ubuntu/ws/Libero/src/main': PYTHONPATH=/home/ubuntu/ws/Libero/install/main/lib/python3.8/site-packages:${PYTHONPATH} /usr/bin/python3 setup.py egg_info --egg-base ../../build/main build --build-base /home/ubuntu/ws/Libero/build/main/build install --prefix /home/ubuntu/ws/Libero/install/main --record /home/ubuntu/ws/Libero/build/main/install.log --single-version-externally-managed
[2.362s] running egg_info
[2.365s] writing ../../build/main/main.egg-info/PKG-INFO
[2.366s] writing dependency_links to ../../build/main/main.egg-info/dependency_links.txt
[2.367s] writing entry points to ../../build/main/main.egg-info/entry_points.txt
[2.368s] writing requirements to ../../build/main/main.egg-info/requires.txt
[2.369s] writing top-level names to ../../build/main/main.egg-info/top_level.txt
[2.539s] reading manifest file '../../build/main/main.egg-info/SOURCES.txt'
[2.543s] writing manifest file '../../build/main/main.egg-info/SOURCES.txt'
[2.543s] running build
[2.544s] running build_py
[2.544s] copying python_programs/main.py -> /home/ubuntu/ws/Libero/build/main/build/lib/python_programs
[2.546s] running install
[2.550s] running install_lib
[2.555s] copying /home/ubuntu/ws/Libero/build/main/build/lib/python_programs/main.py -> /home/ubuntu/ws/Libero/install/main/lib/python3.8/site-packages/python_programs
[2.559s] byte-compiling /home/ubuntu/ws/Libero/install/main/lib/python3.8/site-packages/python_programs/main.py to main.cpython-38.pyc
[2.566s]   File "/home/ubuntu/ws/Libero/install/main/lib/python3.8/site-packages/python_programs/main.py", line 238
[2.567s]     if msg.
[2.568s]           ^
[2.568s] SyntaxError: invalid syntax
[2.569s] 
[2.569s] running install_egg_info
[2.573s] removing '/home/ubuntu/ws/Libero/install/main/lib/python3.8/site-packages/main-0.0.0-py3.8.egg-info' (and everything under it)
[2.575s] Copying ../../build/main/main.egg-info to /home/ubuntu/ws/Libero/install/main/lib/python3.8/site-packages/main-0.0.0-py3.8.egg-info
[2.580s] running install_scripts
[2.653s] Installing main script to /home/ubuntu/ws/Libero/install/main/lib/main
[2.655s] writing list of installed files to '/home/ubuntu/ws/Libero/build/main/install.log'
[2.758s] Invoked command in '/home/ubuntu/ws/Libero/src/main' returned '0': PYTHONPATH=/home/ubuntu/ws/Libero/install/main/lib/python3.8/site-packages:${PYTHONPATH} /usr/bin/python3 setup.py egg_info --egg-base ../../build/main build --build-base /home/ubuntu/ws/Libero/build/main/build install --prefix /home/ubuntu/ws/Libero/install/main --record /home/ubuntu/ws/Libero/build/main/install.log --single-version-externally-managed
