-- Found ament_cmake: 0.9.9 (/opt/ros/foxy/share/ament_cmake/cmake)
-- Found PythonInterp: /usr/bin/python3 (found suitable version "3.8.10", minimum required is "3") 
-- Using PYTHON_EXECUTABLE: /usr/bin/python3
-- Found rosidl_default_generators: 1.0.1 (/opt/ros/foxy/share/rosidl_default_generators/cmake)
-- Using all available rosidl_typesupport_c: rosidl_typesupport_fastrtps_c;rosidl_typesupport_introspection_c
-- Found rosidl_adapter: 1.2.1 (/opt/ros/foxy/share/rosidl_adapter/cmake)
-- Using all available rosidl_typesupport_cpp: rosidl_typesupport_fastrtps_cpp;rosidl_typesupport_introspection_cpp
-- Found builtin_interfaces: 1.0.0 (/opt/ros/foxy/share/builtin_interfaces/cmake)
-- Found std_msgs: 2.0.4 (/opt/ros/foxy/share/std_msgs/cmake)
-- Found sensor_msgs: 2.0.4 (/opt/ros/foxy/share/sensor_msgs/cmake)
-- OpenSSL Version: 1.1.1f /usr/include /usr/lib/aarch64-linux-gnu/libssl.so;/usr/lib/aarch64-linux-gnu/libcrypto.so
-- Found PythonInterp: /usr/bin/python3 (found version "3.8.10") 
-- Found ament_cmake_ros: 0.9.2 (/opt/ros/foxy/share/ament_cmake_ros/cmake)
-- Using all available rosidl_typesupport_c: rosidl_typesupport_fastrtps_c;rosidl_typesupport_introspection_c
-- Using all available rosidl_typesupport_cpp: rosidl_typesupport_fastrtps_cpp;rosidl_typesupport_introspection_cpp
-- Found PythonInterp: /usr/bin/python3 (found suitable version "3.8.10", minimum required is "3.5") 
-- Found python_cmake_module: 0.8.1 (/opt/ros/foxy/share/python_cmake_module/cmake)
-- Using PYTHON_EXECUTABLE: /usr/bin/python3
-- Using PYTHON_INCLUDE_DIRS: /usr/include/python3.8
-- Using PYTHON_LIBRARIES: /usr/lib/aarch64-linux-gnu/libpython3.8.so
-- Found ament_lint_auto: 0.9.6 (/opt/ros/foxy/share/ament_lint_auto/cmake)
-- Added test 'copyright' to check source files copyright and LICENSE
-- Added test 'lint_cmake' to check CMake code style
-- Added test 'xmllint' to check XML markup files
-- Configuring done
-- Generating done
-- Build files have been written to: /home/ubuntu/ws/Libero/build/message_info
[  1%] Built target message_info__cpp
[ 12%] Built target message_info__rosidl_generator_c
[ 23%] Built target message_info__rosidl_typesupport_cpp
[ 34%] Built target message_info__rosidl_typesupport_introspection_cpp
[ 45%] Built target message_info__rosidl_typesupport_introspection_c
[ 56%] Built target message_info__rosidl_typesupport_fastrtps_cpp
[ 67%] Built target message_info__rosidl_typesupport_c
[ 78%] Built target message_info__rosidl_typesupport_fastrtps_c
[ 78%] Built target message_info
[ 80%] Built target message_info__py
[ 89%] Built target message_info__python
[ 96%] Built target message_info__rosidl_typesupport_introspection_c__pyext
[ 96%] Built target message_info__rosidl_typesupport_c__pyext
[100%] Built target message_info__rosidl_typesupport_fastrtps_c__pyext
-- Install configuration: ""
-- Up-to-date: /home/ubuntu/ws/Libero/install/message_info/share/ament_index/resource_index/rosidl_interfaces/message_info
-- Up-to-date: /home/ubuntu/ws/Libero/install/message_info/include/message_info
-- Up-to-date: /home/ubuntu/ws/Libero/install/message_info/include/message_info/msg
-- Up-to-date: /home/ubuntu/ws/Libero/install/message_info/include/message_info/msg/robot_command.h
-- Up-to-date: /home/ubuntu/ws/Libero/install/message_info/include/message_info/msg/detail
-- Up-to-date: /home/ubuntu/ws/Libero/install/message_info/include/message_info/msg/detail/robot_commands__functions.c
-- Up-to-date: /home/ubuntu/ws/Libero/install/message_info/include/message_info/msg/detail/robot_command__functions.h
-- Up-to-date: /home/ubuntu/ws/Libero/install/message_info/include/message_info/msg/detail/slave__functions.h
-- Up-to-date: /home/ubuntu/ws/Libero/install/message_info/include/message_info/msg/detail/real_commands__type_support.h
-- Up-to-date: /home/ubuntu/ws/Libero/install/message_info/include/message_info/msg/detail/robot_command__functions.c
-- Up-to-date: /home/ubuntu/ws/Libero/install/message_info/include/message_info/msg/detail/robot_command__type_support.h
-- Up-to-date: /home/ubuntu/ws/Libero/install/message_info/include/message_info/msg/detail/slave__functions.c
-- Up-to-date: /home/ubuntu/ws/Libero/install/message_info/include/message_info/msg/detail/real_commands__struct.h
-- Up-to-date: /home/ubuntu/ws/Libero/install/message_info/include/message_info/msg/detail/robot_commands__functions.h
-- Up-to-date: /home/ubuntu/ws/Libero/install/message_info/include/message_info/msg/detail/slave__type_support.h
-- Up-to-date: /home/ubuntu/ws/Libero/install/message_info/include/message_info/msg/detail/robot_commands__type_support.h
-- Up-to-date: /home/ubuntu/ws/Libero/install/message_info/include/message_info/msg/detail/robot_command__struct.h
-- Up-to-date: /home/ubuntu/ws/Libero/install/message_info/include/message_info/msg/detail/real_commands__functions.c
-- Up-to-date: /home/ubuntu/ws/Libero/install/message_info/include/message_info/msg/detail/robot_commands__struct.h
-- Up-to-date: /home/ubuntu/ws/Libero/install/message_info/include/message_info/msg/detail/real_commands__functions.h
-- Up-to-date: /home/ubuntu/ws/Libero/install/message_info/include/message_info/msg/detail/slave__struct.h
-- Up-to-date: /home/ubuntu/ws/Libero/install/message_info/include/message_info/msg/rosidl_generator_c__visibility_control.h
-- Up-to-date: /home/ubuntu/ws/Libero/install/message_info/include/message_info/msg/slave.h
-- Up-to-date: /home/ubuntu/ws/Libero/install/message_info/include/message_info/msg/real_commands.h
-- Up-to-date: /home/ubuntu/ws/Libero/install/message_info/include/message_info/msg/robot_commands.h
-- Up-to-date: /home/ubuntu/ws/Libero/install/message_info/share/message_info/environment/library_path.sh
-- Installing: /home/ubuntu/ws/Libero/install/message_info/share/message_info/environment/library_path.dsv
-- Up-to-date: /home/ubuntu/ws/Libero/install/message_info/lib/libmessage_info__rosidl_generator_c.so
-- Up-to-date: /home/ubuntu/ws/Libero/install/message_info/include/message_info
-- Up-to-date: /home/ubuntu/ws/Libero/install/message_info/include/message_info/msg
-- Up-to-date: /home/ubuntu/ws/Libero/install/message_info/include/message_info/msg/detail
-- Up-to-date: /home/ubuntu/ws/Libero/install/message_info/include/message_info/msg/detail/real_commands__rosidl_typesupport_fastrtps_c.h
-- Up-to-date: /home/ubuntu/ws/Libero/install/message_info/include/message_info/msg/detail/robot_command__rosidl_typesupport_fastrtps_c.h
-- Up-to-date: /home/ubuntu/ws/Libero/install/message_info/include/message_info/msg/detail/slave__rosidl_typesupport_fastrtps_c.h
-- Up-to-date: /home/ubuntu/ws/Libero/install/message_info/include/message_info/msg/detail/robot_commands__rosidl_typesupport_fastrtps_c.h
-- Up-to-date: /home/ubuntu/ws/Libero/install/message_info/include/message_info/msg/rosidl_typesupport_fastrtps_c__visibility_control.h
-- Up-to-date: /home/ubuntu/ws/Libero/install/message_info/lib/libmessage_info__rosidl_typesupport_fastrtps_c.so
-- Up-to-date: /home/ubuntu/ws/Libero/install/message_info/include/message_info
-- Up-to-date: /home/ubuntu/ws/Libero/install/message_info/include/message_info/msg
-- Up-to-date: /home/ubuntu/ws/Libero/install/message_info/include/message_info/msg/detail
-- Up-to-date: /home/ubuntu/ws/Libero/install/message_info/include/message_info/msg/detail/real_commands__rosidl_typesupport_fastrtps_cpp.hpp
-- Up-to-date: /home/ubuntu/ws/Libero/install/message_info/include/message_info/msg/detail/dds_fastrtps
-- Up-to-date: /home/ubuntu/ws/Libero/install/message_info/include/message_info/msg/detail/robot_command__rosidl_typesupport_fastrtps_cpp.hpp
-- Up-to-date: /home/ubuntu/ws/Libero/install/message_info/include/message_info/msg/detail/robot_commands__rosidl_typesupport_fastrtps_cpp.hpp
-- Up-to-date: /home/ubuntu/ws/Libero/install/message_info/include/message_info/msg/detail/slave__rosidl_typesupport_fastrtps_cpp.hpp
-- Up-to-date: /home/ubuntu/ws/Libero/install/message_info/include/message_info/msg/rosidl_typesupport_fastrtps_cpp__visibility_control.h
-- Up-to-date: /home/ubuntu/ws/Libero/install/message_info/lib/libmessage_info__rosidl_typesupport_fastrtps_cpp.so
-- Up-to-date: /home/ubuntu/ws/Libero/install/message_info/include/message_info
-- Up-to-date: /home/ubuntu/ws/Libero/install/message_info/include/message_info/msg
-- Up-to-date: /home/ubuntu/ws/Libero/install/message_info/include/message_info/msg/detail
-- Up-to-date: /home/ubuntu/ws/Libero/install/message_info/include/message_info/msg/detail/robot_command__rosidl_typesupport_introspection_c.h
-- Up-to-date: /home/ubuntu/ws/Libero/install/message_info/include/message_info/msg/detail/robot_command__type_support.c
-- Up-to-date: /home/ubuntu/ws/Libero/install/message_info/include/message_info/msg/detail/robot_commands__type_support.c
-- Up-to-date: /home/ubuntu/ws/Libero/install/message_info/include/message_info/msg/detail/real_commands__rosidl_typesupport_introspection_c.h
-- Up-to-date: /home/ubuntu/ws/Libero/install/message_info/include/message_info/msg/detail/slave__rosidl_typesupport_introspection_c.h
-- Up-to-date: /home/ubuntu/ws/Libero/install/message_info/include/message_info/msg/detail/real_commands__type_support.c
-- Up-to-date: /home/ubuntu/ws/Libero/install/message_info/include/message_info/msg/detail/slave__type_support.c
-- Up-to-date: /home/ubuntu/ws/Libero/install/message_info/include/message_info/msg/detail/robot_commands__rosidl_typesupport_introspection_c.h
-- Up-to-date: /home/ubuntu/ws/Libero/install/message_info/include/message_info/msg/rosidl_typesupport_introspection_c__visibility_control.h
-- Up-to-date: /home/ubuntu/ws/Libero/install/message_info/lib/libmessage_info__rosidl_typesupport_introspection_c.so
-- Up-to-date: /home/ubuntu/ws/Libero/install/message_info/lib/libmessage_info__rosidl_typesupport_c.so
-- Up-to-date: /home/ubuntu/ws/Libero/install/message_info/include/message_info
-- Up-to-date: /home/ubuntu/ws/Libero/install/message_info/include/message_info/msg
-- Up-to-date: /home/ubuntu/ws/Libero/install/message_info/include/message_info/msg/real_commands.hpp
-- Up-to-date: /home/ubuntu/ws/Libero/install/message_info/include/message_info/msg/detail
-- Up-to-date: /home/ubuntu/ws/Libero/install/message_info/include/message_info/msg/detail/robot_command__struct.hpp
-- Up-to-date: /home/ubuntu/ws/Libero/install/message_info/include/message_info/msg/detail/slave__struct.hpp
-- Up-to-date: /home/ubuntu/ws/Libero/install/message_info/include/message_info/msg/detail/slave__traits.hpp
-- Up-to-date: /home/ubuntu/ws/Libero/install/message_info/include/message_info/msg/detail/robot_commands__traits.hpp
-- Up-to-date: /home/ubuntu/ws/Libero/install/message_info/include/message_info/msg/detail/robot_command__traits.hpp
-- Up-to-date: /home/ubuntu/ws/Libero/install/message_info/include/message_info/msg/detail/robot_commands__struct.hpp
-- Up-to-date: /home/ubuntu/ws/Libero/install/message_info/include/message_info/msg/detail/real_commands__traits.hpp
-- Up-to-date: /home/ubuntu/ws/Libero/install/message_info/include/message_info/msg/detail/slave__builder.hpp
-- Up-to-date: /home/ubuntu/ws/Libero/install/message_info/include/message_info/msg/detail/robot_command__builder.hpp
-- Up-to-date: /home/ubuntu/ws/Libero/install/message_info/include/message_info/msg/detail/real_commands__builder.hpp
-- Up-to-date: /home/ubuntu/ws/Libero/install/message_info/include/message_info/msg/detail/robot_commands__builder.hpp
-- Up-to-date: /home/ubuntu/ws/Libero/install/message_info/include/message_info/msg/detail/real_commands__struct.hpp
-- Up-to-date: /home/ubuntu/ws/Libero/install/message_info/include/message_info/msg/robot_commands.hpp
-- Up-to-date: /home/ubuntu/ws/Libero/install/message_info/include/message_info/msg/robot_command.hpp
-- Up-to-date: /home/ubuntu/ws/Libero/install/message_info/include/message_info/msg/slave.hpp
-- Up-to-date: /home/ubuntu/ws/Libero/install/message_info/include/message_info
-- Up-to-date: /home/ubuntu/ws/Libero/install/message_info/include/message_info/msg
-- Up-to-date: /home/ubuntu/ws/Libero/install/message_info/include/message_info/msg/detail
-- Up-to-date: /home/ubuntu/ws/Libero/install/message_info/include/message_info/msg/detail/robot_command__rosidl_typesupport_introspection_cpp.hpp
-- Up-to-date: /home/ubuntu/ws/Libero/install/message_info/include/message_info/msg/detail/real_commands__type_support.cpp
-- Up-to-date: /home/ubuntu/ws/Libero/install/message_info/include/message_info/msg/detail/slave__rosidl_typesupport_introspection_cpp.hpp
-- Up-to-date: /home/ubuntu/ws/Libero/install/message_info/include/message_info/msg/detail/robot_commands__rosidl_typesupport_introspection_cpp.hpp
-- Up-to-date: /home/ubuntu/ws/Libero/install/message_info/include/message_info/msg/detail/slave__type_support.cpp
-- Up-to-date: /home/ubuntu/ws/Libero/install/message_info/include/message_info/msg/detail/real_commands__rosidl_typesupport_introspection_cpp.hpp
-- Up-to-date: /home/ubuntu/ws/Libero/install/message_info/include/message_info/msg/detail/robot_commands__type_support.cpp
-- Up-to-date: /home/ubuntu/ws/Libero/install/message_info/include/message_info/msg/detail/robot_command__type_support.cpp
-- Up-to-date: /home/ubuntu/ws/Libero/install/message_info/lib/libmessage_info__rosidl_typesupport_introspection_cpp.so
-- Up-to-date: /home/ubuntu/ws/Libero/install/message_info/lib/libmessage_info__rosidl_typesupport_cpp.so
-- Up-to-date: /home/ubuntu/ws/Libero/install/message_info/share/message_info/environment/pythonpath.sh
-- Installing: /home/ubuntu/ws/Libero/install/message_info/share/message_info/environment/pythonpath.dsv
-- Installing: /home/ubuntu/ws/Libero/install/message_info/lib/python3.8/site-packages/message_info/__init__.py
Compiling '/home/ubuntu/ws/Libero/install/message_info/lib/python3.8/site-packages/message_info/__init__.py'...
-- Up-to-date: /home/ubuntu/ws/Libero/install/message_info/lib/python3.8/site-packages/message_info/msg
-- Up-to-date: /home/ubuntu/ws/Libero/install/message_info/lib/python3.8/site-packages/message_info/msg/_robot_commands.py
-- Up-to-date: /home/ubuntu/ws/Libero/install/message_info/lib/python3.8/site-packages/message_info/msg/_robot_command.py
-- Up-to-date: /home/ubuntu/ws/Libero/install/message_info/lib/python3.8/site-packages/message_info/msg/_slave.py
-- Up-to-date: /home/ubuntu/ws/Libero/install/message_info/lib/python3.8/site-packages/message_info/msg/__init__.py
-- Up-to-date: /home/ubuntu/ws/Libero/install/message_info/lib/python3.8/site-packages/message_info/msg/_robot_commands_s.c
-- Up-to-date: /home/ubuntu/ws/Libero/install/message_info/lib/python3.8/site-packages/message_info/msg/_slave_s.c
-- Up-to-date: /home/ubuntu/ws/Libero/install/message_info/lib/python3.8/site-packages/message_info/msg/_real_commands_s.c
-- Up-to-date: /home/ubuntu/ws/Libero/install/message_info/lib/python3.8/site-packages/message_info/msg/_real_commands.py
-- Up-to-date: /home/ubuntu/ws/Libero/install/message_info/lib/python3.8/site-packages/message_info/msg/_robot_command_s.c
-- Up-to-date: /home/ubuntu/ws/Libero/install/message_info/lib/python3.8/site-packages/message_info/message_info_s__rosidl_typesupport_fastrtps_c.cpython-38-aarch64-linux-gnu.so
-- Up-to-date: /home/ubuntu/ws/Libero/install/message_info/lib/python3.8/site-packages/message_info/message_info_s__rosidl_typesupport_introspection_c.cpython-38-aarch64-linux-gnu.so
-- Up-to-date: /home/ubuntu/ws/Libero/install/message_info/lib/python3.8/site-packages/message_info/message_info_s__rosidl_typesupport_c.cpython-38-aarch64-linux-gnu.so
-- Up-to-date: /home/ubuntu/ws/Libero/install/message_info/lib/libmessage_info__python.so
-- Up-to-date: /home/ubuntu/ws/Libero/install/message_info/share/message_info/msg/RobotCommand.idl
-- Up-to-date: /home/ubuntu/ws/Libero/install/message_info/share/message_info/msg/RobotCommands.idl
-- Up-to-date: /home/ubuntu/ws/Libero/install/message_info/share/message_info/msg/RealCommands.idl
-- Up-to-date: /home/ubuntu/ws/Libero/install/message_info/share/message_info/msg/Slave.idl
-- Installing: /home/ubuntu/ws/Libero/install/message_info/share/message_info/msg/RobotCommand.msg
-- Up-to-date: /home/ubuntu/ws/Libero/install/message_info/share/message_info/msg/RobotCommands.msg
-- Up-to-date: /home/ubuntu/ws/Libero/install/message_info/share/message_info/msg/RealCommands.msg
-- Installing: /home/ubuntu/ws/Libero/install/message_info/share/message_info/msg/Slave.msg
-- Up-to-date: /home/ubuntu/ws/Libero/install/message_info/share/ament_index/resource_index/package_run_dependencies/message_info
-- Up-to-date: /home/ubuntu/ws/Libero/install/message_info/share/ament_index/resource_index/parent_prefix_path/message_info
-- Up-to-date: /home/ubuntu/ws/Libero/install/message_info/share/message_info/environment/ament_prefix_path.sh
-- Installing: /home/ubuntu/ws/Libero/install/message_info/share/message_info/environment/ament_prefix_path.dsv
-- Up-to-date: /home/ubuntu/ws/Libero/install/message_info/share/message_info/environment/path.sh
-- Installing: /home/ubuntu/ws/Libero/install/message_info/share/message_info/environment/path.dsv
-- Up-to-date: /home/ubuntu/ws/Libero/install/message_info/share/message_info/local_setup.bash
-- Up-to-date: /home/ubuntu/ws/Libero/install/message_info/share/message_info/local_setup.sh
-- Up-to-date: /home/ubuntu/ws/Libero/install/message_info/share/message_info/local_setup.zsh
-- Installing: /home/ubuntu/ws/Libero/install/message_info/share/message_info/local_setup.dsv
-- Installing: /home/ubuntu/ws/Libero/install/message_info/share/message_info/package.dsv
-- Up-to-date: /home/ubuntu/ws/Libero/install/message_info/share/ament_index/resource_index/packages/message_info
-- Up-to-date: /home/ubuntu/ws/Libero/install/message_info/share/message_info/cmake/message_info__rosidl_generator_cExport.cmake
-- Installing: /home/ubuntu/ws/Libero/install/message_info/share/message_info/cmake/message_info__rosidl_generator_cExport-noconfig.cmake
-- Up-to-date: /home/ubuntu/ws/Libero/install/message_info/share/message_info/cmake/message_info__rosidl_typesupport_introspection_cExport.cmake
-- Installing: /home/ubuntu/ws/Libero/install/message_info/share/message_info/cmake/message_info__rosidl_typesupport_introspection_cExport-noconfig.cmake
-- Up-to-date: /home/ubuntu/ws/Libero/install/message_info/share/message_info/cmake/message_info__rosidl_typesupport_cExport.cmake
-- Installing: /home/ubuntu/ws/Libero/install/message_info/share/message_info/cmake/message_info__rosidl_typesupport_cExport-noconfig.cmake
-- Up-to-date: /home/ubuntu/ws/Libero/install/message_info/share/message_info/cmake/message_info__rosidl_generator_cppExport.cmake
-- Up-to-date: /home/ubuntu/ws/Libero/install/message_info/share/message_info/cmake/message_info__rosidl_typesupport_introspection_cppExport.cmake
-- Installing: /home/ubuntu/ws/Libero/install/message_info/share/message_info/cmake/message_info__rosidl_typesupport_introspection_cppExport-noconfig.cmake
-- Up-to-date: /home/ubuntu/ws/Libero/install/message_info/share/message_info/cmake/message_info__rosidl_typesupport_cppExport.cmake
-- Installing: /home/ubuntu/ws/Libero/install/message_info/share/message_info/cmake/message_info__rosidl_typesupport_cppExport-noconfig.cmake
-- Up-to-date: /home/ubuntu/ws/Libero/install/message_info/share/message_info/cmake/rosidl_cmake-extras.cmake
-- Up-to-date: /home/ubuntu/ws/Libero/install/message_info/share/message_info/cmake/ament_cmake_export_dependencies-extras.cmake
-- Up-to-date: /home/ubuntu/ws/Libero/install/message_info/share/message_info/cmake/ament_cmake_export_libraries-extras.cmake
-- Up-to-date: /home/ubuntu/ws/Libero/install/message_info/share/message_info/cmake/ament_cmake_export_targets-extras.cmake
-- Up-to-date: /home/ubuntu/ws/Libero/install/message_info/share/message_info/cmake/ament_cmake_export_include_directories-extras.cmake
-- Up-to-date: /home/ubuntu/ws/Libero/install/message_info/share/message_info/cmake/rosidl_cmake_export_typesupport_libraries-extras.cmake
-- Up-to-date: /home/ubuntu/ws/Libero/install/message_info/share/message_info/cmake/rosidl_cmake_export_typesupport_targets-extras.cmake
-- Up-to-date: /home/ubuntu/ws/Libero/install/message_info/share/message_info/cmake/message_infoConfig.cmake
-- Up-to-date: /home/ubuntu/ws/Libero/install/message_info/share/message_info/cmake/message_infoConfig-version.cmake
-- Up-to-date: /home/ubuntu/ws/Libero/install/message_info/share/message_info/package.xml
