[1.669s] DEBUG:colcon:Command line arguments: ['/usr/bin/colcon', 'build']
[1.669s] DEBUG:colcon:Parsed command line arguments: Namespace(ament_cmake_args=None, base_paths=['.'], build_base='build', catkin_cmake_args=None, catkin_skip_building_tests=False, cmake_args=None, cmake_clean_cache=False, cmake_clean_first=False, cmake_force_configure=False, cmake_target=None, cmake_target_skip_unavailable=False, continue_on_error=False, event_handlers=None, executor='parallel', ignore_user_meta=False, install_base='install', log_base=None, log_level=None, main=<bound method BuildVerb.main of <colcon_core.verb.build.BuildVerb object at 0xffffba5a83d0>>, merge_install=False, metas=['./colcon.meta'], packages_above=None, packages_above_and_dependencies=None, packages_above_depth=None, packages_end=None, packages_ignore=None, packages_ignore_regex=None, packages_select=None, packages_select_build_failed=False, packages_select_by_dep=None, packages_select_regex=None, packages_select_test_failures=False, packages_skip=None, packages_skip_build_finished=False, packages_skip_by_dep=None, packages_skip_regex=None, packages_skip_test_passed=False, packages_skip_up_to=None, packages_start=None, packages_up_to=None, packages_up_to_regex=None, parallel_workers=4, paths=None, symlink_install=False, test_result_base=None, verb_extension=<colcon_core.verb.build.BuildVerb object at 0xffffba5a83d0>, verb_name='build', verb_parser=<colcon_defaults.argument_parser.defaults.DefaultArgumentsDecorator object at 0xffffba5a8910>)
[1.697s] Level 1:colcon.colcon_core.package_discovery:discover_packages(colcon_meta) check parameters
[1.698s] Level 1:colcon.colcon_core.package_discovery:discover_packages(recursive) check parameters
[1.698s] Level 1:colcon.colcon_core.package_discovery:discover_packages(ignore) check parameters
[1.698s] Level 1:colcon.colcon_core.package_discovery:discover_packages(path) check parameters
[1.698s] Level 1:colcon.colcon_core.package_discovery:discover_packages(colcon_meta) discover
[1.699s] Level 1:colcon.colcon_core.package_discovery:discover_packages(recursive) discover
[1.699s] INFO:colcon.colcon_core.package_discovery:Crawling recursively for packages in '/home/ubuntu/ws/Libero'
[1.699s] Level 1:colcon.colcon_core.package_identification:_identify(.) by extensions ['ignore', 'ignore_ament_install']
[1.700s] Level 1:colcon.colcon_core.package_identification:_identify(.) by extension 'ignore'
[1.701s] Level 1:colcon.colcon_core.package_identification:_identify(.) by extension 'ignore_ament_install'
[1.701s] Level 1:colcon.colcon_core.package_identification:_identify(.) by extensions ['colcon_pkg']
[1.701s] Level 1:colcon.colcon_core.package_identification:_identify(.) by extension 'colcon_pkg'
[1.701s] Level 1:colcon.colcon_core.package_identification:_identify(.) by extensions ['colcon_meta']
[1.702s] Level 1:colcon.colcon_core.package_identification:_identify(.) by extension 'colcon_meta'
[1.702s] Level 1:colcon.colcon_core.package_identification:_identify(.) by extensions ['ros']
[1.702s] Level 1:colcon.colcon_core.package_identification:_identify(.) by extension 'ros'
[1.758s] Level 1:colcon.colcon_core.package_identification:_identify(.) by extensions ['cmake', 'python']
[1.758s] Level 1:colcon.colcon_core.package_identification:_identify(.) by extension 'cmake'
[1.759s] Level 1:colcon.colcon_core.package_identification:_identify(.) by extension 'python'
[1.759s] Level 1:colcon.colcon_core.package_identification:_identify(.) by extensions ['python_setup_py']
[1.759s] Level 1:colcon.colcon_core.package_identification:_identify(.) by extension 'python_setup_py'
[1.760s] Level 1:colcon.colcon_core.package_identification:_identify(build) by extensions ['ignore', 'ignore_ament_install']
[1.760s] Level 1:colcon.colcon_core.package_identification:_identify(build) by extension 'ignore'
[1.761s] Level 1:colcon.colcon_core.package_identification:_identify(build) ignored
[1.762s] Level 1:colcon.colcon_core.package_identification:_identify(install) by extensions ['ignore', 'ignore_ament_install']
[1.762s] Level 1:colcon.colcon_core.package_identification:_identify(install) by extension 'ignore'
[1.762s] Level 1:colcon.colcon_core.package_identification:_identify(install) ignored
[1.763s] Level 1:colcon.colcon_core.package_identification:_identify(log) by extensions ['ignore', 'ignore_ament_install']
[1.764s] Level 1:colcon.colcon_core.package_identification:_identify(log) by extension 'ignore'
[1.764s] Level 1:colcon.colcon_core.package_identification:_identify(log) ignored
[1.764s] Level 1:colcon.colcon_core.package_identification:_identify(src) by extensions ['ignore', 'ignore_ament_install']
[1.765s] Level 1:colcon.colcon_core.package_identification:_identify(src) by extension 'ignore'
[1.765s] Level 1:colcon.colcon_core.package_identification:_identify(src) by extension 'ignore_ament_install'
[1.766s] Level 1:colcon.colcon_core.package_identification:_identify(src) by extensions ['colcon_pkg']
[1.766s] Level 1:colcon.colcon_core.package_identification:_identify(src) by extension 'colcon_pkg'
[1.766s] Level 1:colcon.colcon_core.package_identification:_identify(src) by extensions ['colcon_meta']
[1.767s] Level 1:colcon.colcon_core.package_identification:_identify(src) by extension 'colcon_meta'
[1.767s] Level 1:colcon.colcon_core.package_identification:_identify(src) by extensions ['ros']
[1.767s] Level 1:colcon.colcon_core.package_identification:_identify(src) by extension 'ros'
[1.768s] Level 1:colcon.colcon_core.package_identification:_identify(src) by extensions ['cmake', 'python']
[1.768s] Level 1:colcon.colcon_core.package_identification:_identify(src) by extension 'cmake'
[1.768s] Level 1:colcon.colcon_core.package_identification:_identify(src) by extension 'python'
[1.768s] Level 1:colcon.colcon_core.package_identification:_identify(src) by extensions ['python_setup_py']
[1.768s] Level 1:colcon.colcon_core.package_identification:_identify(src) by extension 'python_setup_py'
[1.769s] Level 1:colcon.colcon_core.package_identification:_identify(src/main) by extensions ['ignore', 'ignore_ament_install']
[1.770s] Level 1:colcon.colcon_core.package_identification:_identify(src/main) by extension 'ignore'
[1.770s] Level 1:colcon.colcon_core.package_identification:_identify(src/main) by extension 'ignore_ament_install'
[1.770s] Level 1:colcon.colcon_core.package_identification:_identify(src/main) by extensions ['colcon_pkg']
[1.770s] Level 1:colcon.colcon_core.package_identification:_identify(src/main) by extension 'colcon_pkg'
[1.771s] Level 1:colcon.colcon_core.package_identification:_identify(src/main) by extensions ['colcon_meta']
[1.771s] Level 1:colcon.colcon_core.package_identification:_identify(src/main) by extension 'colcon_meta'
[1.771s] Level 1:colcon.colcon_core.package_identification:_identify(src/main) by extensions ['ros']
[1.771s] Level 1:colcon.colcon_core.package_identification:_identify(src/main) by extension 'ros'
[1.782s] DEBUG:colcon.colcon_core.package_identification:Package 'src/main' with type 'ros.ament_python' and name 'main'
[1.783s] Level 1:colcon.colcon_core.package_identification:_identify(src/message_info) by extensions ['ignore', 'ignore_ament_install']
[1.784s] Level 1:colcon.colcon_core.package_identification:_identify(src/message_info) by extension 'ignore'
[1.785s] Level 1:colcon.colcon_core.package_identification:_identify(src/message_info) by extension 'ignore_ament_install'
[1.785s] Level 1:colcon.colcon_core.package_identification:_identify(src/message_info) by extensions ['colcon_pkg']
[1.785s] Level 1:colcon.colcon_core.package_identification:_identify(src/message_info) by extension 'colcon_pkg'
[1.785s] Level 1:colcon.colcon_core.package_identification:_identify(src/message_info) by extensions ['colcon_meta']
[1.786s] Level 1:colcon.colcon_core.package_identification:_identify(src/message_info) by extension 'colcon_meta'
[1.786s] Level 1:colcon.colcon_core.package_identification:_identify(src/message_info) by extensions ['ros']
[1.786s] Level 1:colcon.colcon_core.package_identification:_identify(src/message_info) by extension 'ros'
[1.791s] DEBUG:colcon.colcon_core.package_identification:Package 'src/message_info' with type 'ros.ament_cmake' and name 'message_info'
[1.791s] Level 1:colcon.colcon_core.package_discovery:discover_packages(recursive) using defaults
[1.791s] Level 1:colcon.colcon_core.package_discovery:discover_packages(ignore) discover
[1.792s] Level 1:colcon.colcon_core.package_discovery:discover_packages(ignore) using defaults
[1.792s] Level 1:colcon.colcon_core.package_discovery:discover_packages(path) discover
[1.792s] Level 1:colcon.colcon_core.package_discovery:discover_packages(path) using defaults
[1.883s] Level 5:colcon.colcon_core.verb:set package 'main' build argument 'cmake_args' from command line to 'None'
[1.883s] Level 5:colcon.colcon_core.verb:set package 'main' build argument 'cmake_target' from command line to 'None'
[1.883s] Level 5:colcon.colcon_core.verb:set package 'main' build argument 'cmake_target_skip_unavailable' from command line to 'False'
[1.883s] Level 5:colcon.colcon_core.verb:set package 'main' build argument 'cmake_clean_cache' from command line to 'False'
[1.883s] Level 5:colcon.colcon_core.verb:set package 'main' build argument 'cmake_clean_first' from command line to 'False'
[1.884s] Level 5:colcon.colcon_core.verb:set package 'main' build argument 'cmake_force_configure' from command line to 'False'
[1.884s] Level 5:colcon.colcon_core.verb:set package 'main' build argument 'ament_cmake_args' from command line to 'None'
[1.884s] Level 5:colcon.colcon_core.verb:set package 'main' build argument 'catkin_cmake_args' from command line to 'None'
[1.884s] Level 5:colcon.colcon_core.verb:set package 'main' build argument 'catkin_skip_building_tests' from command line to 'False'
[1.884s] DEBUG:colcon.colcon_core.verb:Building package 'main' with the following arguments: {'ament_cmake_args': None, 'build_base': '/home/ubuntu/ws/Libero/build/main', 'catkin_cmake_args': None, 'catkin_skip_building_tests': False, 'cmake_args': None, 'cmake_clean_cache': False, 'cmake_clean_first': False, 'cmake_force_configure': False, 'cmake_target': None, 'cmake_target_skip_unavailable': False, 'install_base': '/home/ubuntu/ws/Libero/install/main', 'merge_install': False, 'path': '/home/ubuntu/ws/Libero/src/main', 'symlink_install': False, 'test_result_base': None}
[1.896s] Level 5:colcon.colcon_core.verb:set package 'message_info' build argument 'cmake_args' from command line to 'None'
[1.897s] Level 5:colcon.colcon_core.verb:set package 'message_info' build argument 'cmake_target' from command line to 'None'
[1.897s] Level 5:colcon.colcon_core.verb:set package 'message_info' build argument 'cmake_target_skip_unavailable' from command line to 'False'
[1.897s] Level 5:colcon.colcon_core.verb:set package 'message_info' build argument 'cmake_clean_cache' from command line to 'False'
[1.897s] Level 5:colcon.colcon_core.verb:set package 'message_info' build argument 'cmake_clean_first' from command line to 'False'
[1.897s] Level 5:colcon.colcon_core.verb:set package 'message_info' build argument 'cmake_force_configure' from command line to 'False'
[1.897s] Level 5:colcon.colcon_core.verb:set package 'message_info' build argument 'ament_cmake_args' from command line to 'None'
[1.898s] Level 5:colcon.colcon_core.verb:set package 'message_info' build argument 'catkin_cmake_args' from command line to 'None'
[1.898s] Level 5:colcon.colcon_core.verb:set package 'message_info' build argument 'catkin_skip_building_tests' from command line to 'False'
[1.898s] DEBUG:colcon.colcon_core.verb:Building package 'message_info' with the following arguments: {'ament_cmake_args': None, 'build_base': '/home/ubuntu/ws/Libero/build/message_info', 'catkin_cmake_args': None, 'catkin_skip_building_tests': False, 'cmake_args': None, 'cmake_clean_cache': False, 'cmake_clean_first': False, 'cmake_force_configure': False, 'cmake_target': None, 'cmake_target_skip_unavailable': False, 'install_base': '/home/ubuntu/ws/Libero/install/message_info', 'merge_install': False, 'path': '/home/ubuntu/ws/Libero/src/message_info', 'symlink_install': False, 'test_result_base': None}
[1.905s] INFO:colcon.colcon_core.executor:Executing jobs using 'parallel' executor
[1.915s] DEBUG:colcon.colcon_parallel_executor.executor.parallel:run_until_complete
[1.917s] INFO:colcon.colcon_ros.task.ament_python.build:Building ROS package in '/home/ubuntu/ws/Libero/src/main' with build type 'ament_python'
[1.918s] Level 1:colcon.colcon_core.shell:create_environment_hook('main', 'ament_prefix_path')
[1.936s] INFO:colcon.colcon_core.plugin_system:Skipping extension 'colcon_core.shell.bat': Not used on non-Windows systems
[1.937s] INFO:colcon.colcon_core.shell:Creating environment hook '/home/ubuntu/ws/Libero/install/main/share/main/hook/ament_prefix_path.ps1'
[1.940s] INFO:colcon.colcon_core.shell:Creating environment descriptor '/home/ubuntu/ws/Libero/install/main/share/main/hook/ament_prefix_path.dsv'
[1.943s] INFO:colcon.colcon_core.shell:Creating environment hook '/home/ubuntu/ws/Libero/install/main/share/main/hook/ament_prefix_path.sh'
[1.948s] INFO:colcon.colcon_core.shell:Skip shell extension 'powershell' for command environment: Not usable outside of PowerShell
[1.949s] DEBUG:colcon.colcon_core.shell:Skip shell extension 'dsv' for command environment
[1.967s] DEBUG:colcon.colcon_core.shell:Ignoring prefix path '/opt/ros/foxy'
[1.979s] INFO:colcon.colcon_ros.task.ament_cmake.build:Building ROS package in '/home/ubuntu/ws/Libero/src/message_info' with build type 'ament_cmake'
[1.981s] INFO:colcon.colcon_cmake.task.cmake.build:Building CMake package in '/home/ubuntu/ws/Libero/src/message_info'
[1.985s] INFO:colcon.colcon_core.shell:Skip shell extension 'powershell' for command environment: Not usable outside of PowerShell
[1.986s] DEBUG:colcon.colcon_core.shell:Skip shell extension 'dsv' for command environment
[1.998s] DEBUG:colcon.colcon_core.shell:Ignoring prefix path '/opt/ros/foxy'
[3.196s] WARNING:colcon.colcon_ros.task.ament_python.build:Package 'main' doesn't explicitly install a marker in the package index (colcon-ros currently does it implicitly but that fallback will be removed in the future)
[3.198s] WARNING:colcon.colcon_ros.task.ament_python.build:Package 'main' doesn't explicitly install the 'package.xml' file (colcon-ros currently does it implicitly but that fallback will be removed in the future)
[3.199s] INFO:colcon.colcon_core.task.python.build:Building Python package in '/home/ubuntu/ws/Libero/src/main'
[3.203s] INFO:colcon.colcon_core.shell:Skip shell extension 'powershell' for command environment: Not usable outside of PowerShell
[3.203s] DEBUG:colcon.colcon_core.shell:Skip shell extension 'dsv' for command environment
[3.217s] DEBUG:colcon.colcon_core.shell:Ignoring prefix path '/opt/ros/foxy'
[3.248s] DEBUG:colcon.colcon_core.event_handler.log_command:Invoking command in '/home/ubuntu/ws/Libero/build/message_info': CMAKE_PREFIX_PATH=${CMAKE_PREFIX_PATH}:/home/ubuntu/ws/SSLRasp/install/rasp:/opt/ros/foxy /usr/bin/cmake --build /home/ubuntu/ws/Libero/build/message_info -- -j4 -l4
[3.281s] DEBUG:colcon.colcon_core.event_handler.log_command:Invoking command in '/home/ubuntu/ws/Libero/src/main': PYTHONPATH=/home/ubuntu/ws/Libero/install/main/lib/python3.8/site-packages:${PYTHONPATH} /usr/bin/python3 setup.py egg_info --egg-base ../../build/main build --build-base /home/ubuntu/ws/Libero/build/main/build install --prefix /home/ubuntu/ws/Libero/install/main --record /home/ubuntu/ws/Libero/build/main/install.log --single-version-externally-managed
[5.561s] DEBUG:colcon.colcon_core.event_handler.log_command:Invoked command in '/home/ubuntu/ws/Libero/src/main' returned '0': PYTHONPATH=/home/ubuntu/ws/Libero/install/main/lib/python3.8/site-packages:${PYTHONPATH} /usr/bin/python3 setup.py egg_info --egg-base ../../build/main build --build-base /home/ubuntu/ws/Libero/build/main/build install --prefix /home/ubuntu/ws/Libero/install/main --record /home/ubuntu/ws/Libero/build/main/install.log --single-version-externally-managed
[5.580s] Level 1:colcon.colcon_core.environment:checking '/home/ubuntu/ws/Libero/install/main' for CMake module files
[5.583s] Level 1:colcon.colcon_core.environment:checking '/home/ubuntu/ws/Libero/install/main' for CMake config files
[5.588s] Level 1:colcon.colcon_core.environment:checking '/home/ubuntu/ws/Libero/install/main/lib'
[5.589s] Level 1:colcon.colcon_core.environment:checking '/home/ubuntu/ws/Libero/install/main/bin'
[5.590s] Level 1:colcon.colcon_core.environment:checking '/home/ubuntu/ws/Libero/install/main/lib/pkgconfig/main.pc'
[5.590s] Level 1:colcon.colcon_core.environment:checking '/home/ubuntu/ws/Libero/install/main/lib/python3.8/site-packages'
[5.590s] Level 1:colcon.colcon_core.shell:create_environment_hook('main', 'pythonpath')
[5.594s] INFO:colcon.colcon_core.shell:Creating environment hook '/home/ubuntu/ws/Libero/install/main/share/main/hook/pythonpath.ps1'
[5.598s] INFO:colcon.colcon_core.shell:Creating environment descriptor '/home/ubuntu/ws/Libero/install/main/share/main/hook/pythonpath.dsv'
[5.600s] INFO:colcon.colcon_core.shell:Creating environment hook '/home/ubuntu/ws/Libero/install/main/share/main/hook/pythonpath.sh'
[5.603s] Level 1:colcon.colcon_core.environment:create_environment_scripts_only(main)
[5.608s] INFO:colcon.colcon_core.shell:Creating package script '/home/ubuntu/ws/Libero/install/main/share/main/package.ps1'
[5.614s] INFO:colcon.colcon_core.shell:Creating package descriptor '/home/ubuntu/ws/Libero/install/main/share/main/package.dsv'
[5.624s] INFO:colcon.colcon_core.shell:Creating package script '/home/ubuntu/ws/Libero/install/main/share/main/package.sh'
[5.630s] INFO:colcon.colcon_core.shell:Creating package script '/home/ubuntu/ws/Libero/install/main/share/main/package.bash'
[5.635s] INFO:colcon.colcon_core.shell:Creating package script '/home/ubuntu/ws/Libero/install/main/share/main/package.zsh'
[5.639s] Level 1:colcon.colcon_core.environment:create_file_with_runtime_dependencies(/home/ubuntu/ws/Libero/install/main/share/colcon-core/packages/main)
[7.080s] DEBUG:colcon.colcon_core.event_handler.log_command:Invoked command in '/home/ubuntu/ws/Libero/build/message_info' returned '0': CMAKE_PREFIX_PATH=${CMAKE_PREFIX_PATH}:/home/ubuntu/ws/SSLRasp/install/rasp:/opt/ros/foxy /usr/bin/cmake --build /home/ubuntu/ws/Libero/build/message_info -- -j4 -l4
[7.709s] DEBUG:colcon.colcon_core.event_handler.log_command:Invoking command in '/home/ubuntu/ws/Libero/build/message_info': CMAKE_PREFIX_PATH=${CMAKE_PREFIX_PATH}:/home/ubuntu/ws/SSLRasp/install/rasp:/opt/ros/foxy /usr/bin/cmake --install /home/ubuntu/ws/Libero/build/message_info
[8.000s] Level 1:colcon.colcon_core.environment:create_environment_scripts_only(message_info)
[8.004s] Level 1:colcon.colcon_core.environment:checking '/home/ubuntu/ws/Libero/install/message_info' for CMake module files
[8.007s] DEBUG:colcon.colcon_core.event_handler.log_command:Invoked command in '/home/ubuntu/ws/Libero/build/message_info' returned '0': CMAKE_PREFIX_PATH=${CMAKE_PREFIX_PATH}:/home/ubuntu/ws/SSLRasp/install/rasp:/opt/ros/foxy /usr/bin/cmake --install /home/ubuntu/ws/Libero/build/message_info
[8.011s] Level 1:colcon.colcon_core.environment:checking '/home/ubuntu/ws/Libero/install/message_info' for CMake config files
[8.014s] Level 1:colcon.colcon_core.shell:create_environment_hook('message_info', 'cmake_prefix_path')
[8.017s] INFO:colcon.colcon_core.shell:Creating environment hook '/home/ubuntu/ws/Libero/install/message_info/share/message_info/hook/cmake_prefix_path.ps1'
[8.019s] INFO:colcon.colcon_core.shell:Creating environment descriptor '/home/ubuntu/ws/Libero/install/message_info/share/message_info/hook/cmake_prefix_path.dsv'
[8.021s] INFO:colcon.colcon_core.shell:Creating environment hook '/home/ubuntu/ws/Libero/install/message_info/share/message_info/hook/cmake_prefix_path.sh'
[8.023s] Level 1:colcon.colcon_core.environment:checking '/home/ubuntu/ws/Libero/install/message_info/lib'
[8.024s] Level 1:colcon.colcon_core.shell:create_environment_hook('message_info', 'ld_library_path_lib')
[8.026s] INFO:colcon.colcon_core.shell:Creating environment hook '/home/ubuntu/ws/Libero/install/message_info/share/message_info/hook/ld_library_path_lib.ps1'
[8.028s] INFO:colcon.colcon_core.shell:Creating environment descriptor '/home/ubuntu/ws/Libero/install/message_info/share/message_info/hook/ld_library_path_lib.dsv'
[8.030s] INFO:colcon.colcon_core.shell:Creating environment hook '/home/ubuntu/ws/Libero/install/message_info/share/message_info/hook/ld_library_path_lib.sh'
[8.031s] Level 1:colcon.colcon_core.environment:checking '/home/ubuntu/ws/Libero/install/message_info/bin'
[8.032s] Level 1:colcon.colcon_core.environment:checking '/home/ubuntu/ws/Libero/install/message_info/lib/pkgconfig/message_info.pc'
[8.032s] Level 1:colcon.colcon_core.environment:checking '/home/ubuntu/ws/Libero/install/message_info/lib/python3.8/site-packages'
[8.032s] Level 1:colcon.colcon_core.shell:create_environment_hook('message_info', 'pythonpath')
[8.035s] INFO:colcon.colcon_core.shell:Creating environment hook '/home/ubuntu/ws/Libero/install/message_info/share/message_info/hook/pythonpath.ps1'
[8.036s] INFO:colcon.colcon_core.shell:Creating environment descriptor '/home/ubuntu/ws/Libero/install/message_info/share/message_info/hook/pythonpath.dsv'
[8.038s] INFO:colcon.colcon_core.shell:Creating environment hook '/home/ubuntu/ws/Libero/install/message_info/share/message_info/hook/pythonpath.sh'
[8.042s] INFO:colcon.colcon_core.shell:Creating package script '/home/ubuntu/ws/Libero/install/message_info/share/message_info/package.ps1'
[8.045s] INFO:colcon.colcon_core.shell:Creating package descriptor '/home/ubuntu/ws/Libero/install/message_info/share/message_info/package.dsv'
[8.047s] INFO:colcon.colcon_core.shell:Creating package script '/home/ubuntu/ws/Libero/install/message_info/share/message_info/package.sh'
[8.049s] INFO:colcon.colcon_core.shell:Creating package script '/home/ubuntu/ws/Libero/install/message_info/share/message_info/package.bash'
[8.051s] INFO:colcon.colcon_core.shell:Creating package script '/home/ubuntu/ws/Libero/install/message_info/share/message_info/package.zsh'
[8.052s] Level 1:colcon.colcon_core.environment:create_file_with_runtime_dependencies(/home/ubuntu/ws/Libero/install/message_info/share/colcon-core/packages/message_info)
[8.587s] Level 1:colcon.colcon_core.environment:create_environment_scripts_only(message_info)
[8.591s] Level 1:colcon.colcon_core.environment:checking '/home/ubuntu/ws/Libero/install/message_info' for CMake module files
[8.595s] Level 1:colcon.colcon_core.environment:checking '/home/ubuntu/ws/Libero/install/message_info' for CMake config files
[8.598s] Level 1:colcon.colcon_core.shell:create_environment_hook('message_info', 'cmake_prefix_path')
[8.601s] INFO:colcon.colcon_core.shell:Creating environment hook '/home/ubuntu/ws/Libero/install/message_info/share/message_info/hook/cmake_prefix_path.ps1'
[8.603s] INFO:colcon.colcon_core.shell:Creating environment descriptor '/home/ubuntu/ws/Libero/install/message_info/share/message_info/hook/cmake_prefix_path.dsv'
[8.606s] INFO:colcon.colcon_core.shell:Creating environment hook '/home/ubuntu/ws/Libero/install/message_info/share/message_info/hook/cmake_prefix_path.sh'
[8.609s] Level 1:colcon.colcon_core.environment:checking '/home/ubuntu/ws/Libero/install/message_info/lib'
[8.609s] Level 1:colcon.colcon_core.shell:create_environment_hook('message_info', 'ld_library_path_lib')
[8.612s] INFO:colcon.colcon_core.shell:Creating environment hook '/home/ubuntu/ws/Libero/install/message_info/share/message_info/hook/ld_library_path_lib.ps1'
[8.613s] INFO:colcon.colcon_core.shell:Creating environment descriptor '/home/ubuntu/ws/Libero/install/message_info/share/message_info/hook/ld_library_path_lib.dsv'
[8.615s] INFO:colcon.colcon_core.shell:Creating environment hook '/home/ubuntu/ws/Libero/install/message_info/share/message_info/hook/ld_library_path_lib.sh'
[8.617s] Level 1:colcon.colcon_core.environment:checking '/home/ubuntu/ws/Libero/install/message_info/bin'
[8.617s] Level 1:colcon.colcon_core.environment:checking '/home/ubuntu/ws/Libero/install/message_info/lib/pkgconfig/message_info.pc'
[8.617s] Level 1:colcon.colcon_core.environment:checking '/home/ubuntu/ws/Libero/install/message_info/lib/python3.8/site-packages'
[8.618s] Level 1:colcon.colcon_core.shell:create_environment_hook('message_info', 'pythonpath')
[8.620s] INFO:colcon.colcon_core.shell:Creating environment hook '/home/ubuntu/ws/Libero/install/message_info/share/message_info/hook/pythonpath.ps1'
[8.622s] INFO:colcon.colcon_core.shell:Creating environment descriptor '/home/ubuntu/ws/Libero/install/message_info/share/message_info/hook/pythonpath.dsv'
[8.623s] INFO:colcon.colcon_core.shell:Creating environment hook '/home/ubuntu/ws/Libero/install/message_info/share/message_info/hook/pythonpath.sh'
[8.628s] INFO:colcon.colcon_core.shell:Creating package script '/home/ubuntu/ws/Libero/install/message_info/share/message_info/package.ps1'
[8.631s] INFO:colcon.colcon_core.shell:Creating package descriptor '/home/ubuntu/ws/Libero/install/message_info/share/message_info/package.dsv'
[8.634s] INFO:colcon.colcon_core.shell:Creating package script '/home/ubuntu/ws/Libero/install/message_info/share/message_info/package.sh'
[8.636s] INFO:colcon.colcon_core.shell:Creating package script '/home/ubuntu/ws/Libero/install/message_info/share/message_info/package.bash'
[8.638s] INFO:colcon.colcon_core.shell:Creating package script '/home/ubuntu/ws/Libero/install/message_info/share/message_info/package.zsh'
[8.640s] Level 1:colcon.colcon_core.environment:create_file_with_runtime_dependencies(/home/ubuntu/ws/Libero/install/message_info/share/colcon-core/packages/message_info)
[8.642s] DEBUG:colcon.colcon_parallel_executor.executor.parallel:closing loop
[8.643s] DEBUG:colcon.colcon_parallel_executor.executor.parallel:loop closed
[8.643s] DEBUG:colcon.colcon_parallel_executor.executor.parallel:run_until_complete finished with '0'
[8.644s] DEBUG:colcon.colcon_core.event_reactor:joining thread
[8.672s] INFO:colcon.colcon_core.plugin_system:Skipping extension 'colcon_notification.desktop_notification.notify_send': Could not find 'notify-send'
[8.672s] INFO:colcon.colcon_core.plugin_system:Skipping extension 'colcon_notification.desktop_notification.terminal_notifier': Not used on non-Darwin systems
[8.673s] INFO:colcon.colcon_core.plugin_system:Skipping extension 'colcon_notification.desktop_notification.win32': Not used on non-Windows systems
[8.673s] INFO:colcon.colcon_notification.desktop_notification:Sending desktop notification using 'notify2'
[8.676s] DEBUG:colcon.colcon_notification.desktop_notification.notify2:Failed to initialize notify2: org.freedesktop.DBus.Error.ServiceUnknown: The name org.freedesktop.Notifications was not provided by any .service files
[8.676s] DEBUG:colcon.colcon_core.event_reactor:joined thread
[8.680s] INFO:colcon.colcon_core.shell:Creating prefix script '/home/ubuntu/ws/Libero/install/local_setup.ps1'
[8.684s] INFO:colcon.colcon_core.shell:Creating prefix util module '/home/ubuntu/ws/Libero/install/_local_setup_util_ps1.py'
[8.690s] INFO:colcon.colcon_core.shell:Creating prefix chain script '/home/ubuntu/ws/Libero/install/setup.ps1'
[8.702s] INFO:colcon.colcon_core.shell:Creating prefix script '/home/ubuntu/ws/Libero/install/local_setup.sh'
[8.705s] INFO:colcon.colcon_core.shell:Creating prefix util module '/home/ubuntu/ws/Libero/install/_local_setup_util_sh.py'
[8.707s] INFO:colcon.colcon_core.shell:Creating prefix chain script '/home/ubuntu/ws/Libero/install/setup.sh'
[8.718s] INFO:colcon.colcon_core.shell:Creating prefix script '/home/ubuntu/ws/Libero/install/local_setup.bash'
[8.721s] INFO:colcon.colcon_core.shell:Creating prefix chain script '/home/ubuntu/ws/Libero/install/setup.bash'
[8.732s] INFO:colcon.colcon_core.shell:Creating prefix script '/home/ubuntu/ws/Libero/install/local_setup.zsh'
[8.734s] INFO:colcon.colcon_core.shell:Creating prefix chain script '/home/ubuntu/ws/Libero/install/setup.zsh'
