[1.161s] Invoking command in '/home/ubuntu/ws/Libero/src/main': PYTHONPATH=/home/ubuntu/ws/Libero/install/main/lib/python3.8/site-packages:${PYTHONPATH} /usr/bin/python3 setup.py egg_info --egg-base ../../build/main build --build-base /home/ubuntu/ws/Libero/build/main/build install --prefix /home/ubuntu/ws/Libero/install/main --record /home/ubuntu/ws/Libero/build/main/install.log --single-version-externally-managed
[2.340s] running egg_info
[2.342s] writing ../../build/main/main.egg-info/PKG-INFO
[2.344s] writing dependency_links to ../../build/main/main.egg-info/dependency_links.txt
[2.345s] writing entry points to ../../build/main/main.egg-info/entry_points.txt
[2.346s] writing requirements to ../../build/main/main.egg-info/requires.txt
[2.348s] writing top-level names to ../../build/main/main.egg-info/top_level.txt
[2.515s] reading manifest file '../../build/main/main.egg-info/SOURCES.txt'
[2.519s] writing manifest file '../../build/main/main.egg-info/SOURCES.txt'
[2.520s] running build
[2.520s] running build_py
[2.522s] copying python_programs/camera/blob_track.py -> /home/ubuntu/ws/Libero/build/main/build/lib/python_programs/camera
[2.523s] running install
[2.527s] running install_lib
[2.531s] copying /home/ubuntu/ws/Libero/build/main/build/lib/python_programs/camera/blob_track.py -> /home/ubuntu/ws/Libero/install/main/lib/python3.8/site-packages/python_programs/camera
[2.535s] byte-compiling /home/ubuntu/ws/Libero/install/main/lib/python3.8/site-packages/python_programs/camera/blob_track.py to blob_track.cpython-38.pyc
[2.543s] running install_egg_info
[2.550s] removing '/home/ubuntu/ws/Libero/install/main/lib/python3.8/site-packages/main-0.0.0-py3.8.egg-info' (and everything under it)
[2.551s] Copying ../../build/main/main.egg-info to /home/ubuntu/ws/Libero/install/main/lib/python3.8/site-packages/main-0.0.0-py3.8.egg-info
[2.557s] running install_scripts
[2.629s] Installing main script to /home/ubuntu/ws/Libero/install/main/lib/main
[2.631s] writing list of installed files to '/home/ubuntu/ws/Libero/build/main/install.log'
[2.734s] Invoked command in '/home/ubuntu/ws/Libero/src/main' returned '0': PYTHONPATH=/home/ubuntu/ws/Libero/install/main/lib/python3.8/site-packages:${PYTHONPATH} /usr/bin/python3 setup.py egg_info --egg-base ../../build/main build --build-base /home/ubuntu/ws/Libero/build/main/build install --prefix /home/ubuntu/ws/Libero/install/main --record /home/ubuntu/ws/Libero/build/main/install.log --single-version-externally-managed
