[1.067s] Invoking command in '/home/ubuntu/ws/Libero/build/message_info': CMAKE_PREFIX_PATH=${CMAKE_PREFIX_PATH}:/home/ubuntu/ws/Libero/install/main:/home/ubuntu/ws/SSLRasp/install/rasp:/opt/ros/foxy /usr/bin/cmake --build /home/ubuntu/ws/Libero/build/message_info -- -j4 -l4
[1.569s] [  1%] Built target message_info__cpp
[1.606s] [ 12%] Built target message_info__rosidl_generator_c
[1.770s] [ 23%] Built target message_info__rosidl_typesupport_introspection_cpp
[1.816s] [ 34%] Built target message_info__rosidl_typesupport_cpp
[1.829s] [ 45%] Built target message_info__rosidl_typesupport_introspection_c
[1.849s] [ 56%] Built target message_info__rosidl_typesupport_fastrtps_cpp
[1.943s] [ 67%] Built target message_info__rosidl_typesupport_c
[2.039s] [ 78%] Built target message_info__rosidl_typesupport_fastrtps_c
[2.147s] [ 78%] Built target message_info
[2.259s] [ 80%] Built target message_info__py
[2.449s] [ 89%] Built target message_info__python
[2.637s] [ 96%] Built target message_info__rosidl_typesupport_c__pyext
[2.638s] [ 96%] Built target message_info__rosidl_typesupport_introspection_c__pyext
[2.649s] [100%] Built target message_info__rosidl_typesupport_fastrtps_c__pyext
[2.706s] Invoked command in '/home/ubuntu/ws/Libero/build/message_info' returned '0': CMAKE_PREFIX_PATH=${CMAKE_PREFIX_PATH}:/home/ubuntu/ws/Libero/install/main:/home/ubuntu/ws/SSLRasp/install/rasp:/opt/ros/foxy /usr/bin/cmake --build /home/ubuntu/ws/Libero/build/message_info -- -j4 -l4
[3.513s] Invoking command in '/home/ubuntu/ws/Libero/build/message_info': CMAKE_PREFIX_PATH=${CMAKE_PREFIX_PATH}:/home/ubuntu/ws/Libero/install/main:/home/ubuntu/ws/SSLRasp/install/rasp:/opt/ros/foxy /usr/bin/cmake --install /home/ubuntu/ws/Libero/build/message_info
[3.554s] -- Install configuration: ""
[3.555s] -- Up-to-date: /home/ubuntu/ws/Libero/install/message_info/share/ament_index/resource_index/rosidl_interfaces/message_info
[3.556s] -- Up-to-date: /home/ubuntu/ws/Libero/install/message_info/include/message_info
[3.556s] -- Up-to-date: /home/ubuntu/ws/Libero/install/message_info/include/message_info/msg
[3.557s] -- Up-to-date: /home/ubuntu/ws/Libero/install/message_info/include/message_info/msg/robot_command.h
[3.558s] -- Up-to-date: /home/ubuntu/ws/Libero/install/message_info/include/message_info/msg/detail
[3.559s] -- Up-to-date: /home/ubuntu/ws/Libero/install/message_info/include/message_info/msg/detail/robot_commands__functions.c
[3.559s] -- Up-to-date: /home/ubuntu/ws/Libero/install/message_info/include/message_info/msg/detail/robot_command__functions.h
[3.559s] -- Up-to-date: /home/ubuntu/ws/Libero/install/message_info/include/message_info/msg/detail/slave__functions.h
[3.560s] -- Up-to-date: /home/ubuntu/ws/Libero/install/message_info/include/message_info/msg/detail/real_commands__type_support.h
[3.560s] -- Up-to-date: /home/ubuntu/ws/Libero/install/message_info/include/message_info/msg/detail/robot_command__functions.c
[3.561s] -- Up-to-date: /home/ubuntu/ws/Libero/install/message_info/include/message_info/msg/detail/robot_command__type_support.h
[3.561s] -- Up-to-date: /home/ubuntu/ws/Libero/install/message_info/include/message_info/msg/detail/slave__functions.c
[3.562s] -- Up-to-date: /home/ubuntu/ws/Libero/install/message_info/include/message_info/msg/detail/real_commands__struct.h
[3.562s] -- Up-to-date: /home/ubuntu/ws/Libero/install/message_info/include/message_info/msg/detail/robot_commands__functions.h
[3.563s] -- Up-to-date: /home/ubuntu/ws/Libero/install/message_info/include/message_info/msg/detail/slave__type_support.h
[3.563s] -- Up-to-date: /home/ubuntu/ws/Libero/install/message_info/include/message_info/msg/detail/robot_commands__type_support.h
[3.563s] -- Up-to-date: /home/ubuntu/ws/Libero/install/message_info/include/message_info/msg/detail/robot_command__struct.h
[3.564s] -- Up-to-date: /home/ubuntu/ws/Libero/install/message_info/include/message_info/msg/detail/real_commands__functions.c
[3.564s] -- Up-to-date: /home/ubuntu/ws/Libero/install/message_info/include/message_info/msg/detail/robot_commands__struct.h
[3.565s] -- Up-to-date: /home/ubuntu/ws/Libero/install/message_info/include/message_info/msg/detail/real_commands__functions.h
[3.565s] -- Up-to-date: /home/ubuntu/ws/Libero/install/message_info/include/message_info/msg/detail/slave__struct.h
[3.566s] -- Up-to-date: /home/ubuntu/ws/Libero/install/message_info/include/message_info/msg/rosidl_generator_c__visibility_control.h
[3.566s] -- Up-to-date: /home/ubuntu/ws/Libero/install/message_info/include/message_info/msg/slave.h
[3.566s] -- Up-to-date: /home/ubuntu/ws/Libero/install/message_info/include/message_info/msg/real_commands.h
[3.567s] -- Up-to-date: /home/ubuntu/ws/Libero/install/message_info/include/message_info/msg/robot_commands.h
[3.567s] -- Up-to-date: /home/ubuntu/ws/Libero/install/message_info/share/message_info/environment/library_path.sh
[3.568s] -- Up-to-date: /home/ubuntu/ws/Libero/install/message_info/share/message_info/environment/library_path.dsv
[3.568s] -- Up-to-date: /home/ubuntu/ws/Libero/install/message_info/lib/libmessage_info__rosidl_generator_c.so
[3.568s] -- Up-to-date: /home/ubuntu/ws/Libero/install/message_info/include/message_info
[3.569s] -- Up-to-date: /home/ubuntu/ws/Libero/install/message_info/include/message_info/msg
[3.569s] -- Up-to-date: /home/ubuntu/ws/Libero/install/message_info/include/message_info/msg/detail
[3.570s] -- Up-to-date: /home/ubuntu/ws/Libero/install/message_info/include/message_info/msg/detail/real_commands__rosidl_typesupport_fastrtps_c.h
[3.570s] -- Up-to-date: /home/ubuntu/ws/Libero/install/message_info/include/message_info/msg/detail/robot_command__rosidl_typesupport_fastrtps_c.h
[3.571s] -- Up-to-date: /home/ubuntu/ws/Libero/install/message_info/include/message_info/msg/detail/slave__rosidl_typesupport_fastrtps_c.h
[3.571s] -- Up-to-date: /home/ubuntu/ws/Libero/install/message_info/include/message_info/msg/detail/robot_commands__rosidl_typesupport_fastrtps_c.h
[3.571s] -- Up-to-date: /home/ubuntu/ws/Libero/install/message_info/include/message_info/msg/rosidl_typesupport_fastrtps_c__visibility_control.h
[3.572s] -- Up-to-date: /home/ubuntu/ws/Libero/install/message_info/lib/libmessage_info__rosidl_typesupport_fastrtps_c.so
[3.573s] -- Up-to-date: /home/ubuntu/ws/Libero/install/message_info/include/message_info
[3.574s] -- Up-to-date: /home/ubuntu/ws/Libero/install/message_info/include/message_info/msg
[3.574s] -- Up-to-date: /home/ubuntu/ws/Libero/install/message_info/include/message_info/msg/detail
[3.575s] -- Up-to-date: /home/ubuntu/ws/Libero/install/message_info/include/message_info/msg/detail/real_commands__rosidl_typesupport_fastrtps_cpp.hpp
[3.575s] -- Up-to-date: /home/ubuntu/ws/Libero/install/message_info/include/message_info/msg/detail/dds_fastrtps
[3.575s] -- Up-to-date: /home/ubuntu/ws/Libero/install/message_info/include/message_info/msg/detail/robot_command__rosidl_typesupport_fastrtps_cpp.hpp
[3.576s] -- Up-to-date: /home/ubuntu/ws/Libero/install/message_info/include/message_info/msg/detail/robot_commands__rosidl_typesupport_fastrtps_cpp.hpp
[3.576s] -- Up-to-date: /home/ubuntu/ws/Libero/install/message_info/include/message_info/msg/detail/slave__rosidl_typesupport_fastrtps_cpp.hpp
[3.577s] -- Up-to-date: /home/ubuntu/ws/Libero/install/message_info/include/message_info/msg/rosidl_typesupport_fastrtps_cpp__visibility_control.h
[3.579s] -- Up-to-date: /home/ubuntu/ws/Libero/install/message_info/lib/libmessage_info__rosidl_typesupport_fastrtps_cpp.so
[3.581s] -- Up-to-date: /home/ubuntu/ws/Libero/install/message_info/include/message_info
[3.581s] -- Up-to-date: /home/ubuntu/ws/Libero/install/message_info/include/message_info/msg
[3.582s] -- Up-to-date: /home/ubuntu/ws/Libero/install/message_info/include/message_info/msg/detail
[3.582s] -- Up-to-date: /home/ubuntu/ws/Libero/install/message_info/include/message_info/msg/detail/robot_command__rosidl_typesupport_introspection_c.h
[3.583s] -- Up-to-date: /home/ubuntu/ws/Libero/install/message_info/include/message_info/msg/detail/robot_command__type_support.c
[3.583s] -- Up-to-date: /home/ubuntu/ws/Libero/install/message_info/include/message_info/msg/detail/robot_commands__type_support.c
[3.584s] -- Up-to-date: /home/ubuntu/ws/Libero/install/message_info/include/message_info/msg/detail/real_commands__rosidl_typesupport_introspection_c.h
[3.584s] -- Up-to-date: /home/ubuntu/ws/Libero/install/message_info/include/message_info/msg/detail/slave__rosidl_typesupport_introspection_c.h
[3.584s] -- Up-to-date: /home/ubuntu/ws/Libero/install/message_info/include/message_info/msg/detail/real_commands__type_support.c
[3.585s] -- Up-to-date: /home/ubuntu/ws/Libero/install/message_info/include/message_info/msg/detail/slave__type_support.c
[3.585s] -- Up-to-date: /home/ubuntu/ws/Libero/install/message_info/include/message_info/msg/detail/robot_commands__rosidl_typesupport_introspection_c.h
[3.586s] -- Up-to-date: /home/ubuntu/ws/Libero/install/message_info/include/message_info/msg/rosidl_typesupport_introspection_c__visibility_control.h
[3.587s] -- Up-to-date: /home/ubuntu/ws/Libero/install/message_info/lib/libmessage_info__rosidl_typesupport_introspection_c.so
[3.590s] -- Up-to-date: /home/ubuntu/ws/Libero/install/message_info/lib/libmessage_info__rosidl_typesupport_c.so
[3.591s] -- Up-to-date: /home/ubuntu/ws/Libero/install/message_info/include/message_info
[3.591s] -- Up-to-date: /home/ubuntu/ws/Libero/install/message_info/include/message_info/msg
[3.592s] -- Up-to-date: /home/ubuntu/ws/Libero/install/message_info/include/message_info/msg/real_commands.hpp
[3.592s] -- Up-to-date: /home/ubuntu/ws/Libero/install/message_info/include/message_info/msg/detail
[3.593s] -- Up-to-date: /home/ubuntu/ws/Libero/install/message_info/include/message_info/msg/detail/robot_command__struct.hpp
[3.593s] -- Up-to-date: /home/ubuntu/ws/Libero/install/message_info/include/message_info/msg/detail/slave__struct.hpp
[3.594s] -- Up-to-date: /home/ubuntu/ws/Libero/install/message_info/include/message_info/msg/detail/slave__traits.hpp
[3.594s] -- Up-to-date: /home/ubuntu/ws/Libero/install/message_info/include/message_info/msg/detail/robot_commands__traits.hpp
[3.594s] -- Up-to-date: /home/ubuntu/ws/Libero/install/message_info/include/message_info/msg/detail/robot_command__traits.hpp
[3.595s] -- Up-to-date: /home/ubuntu/ws/Libero/install/message_info/include/message_info/msg/detail/robot_commands__struct.hpp
[3.595s] -- Up-to-date: /home/ubuntu/ws/Libero/install/message_info/include/message_info/msg/detail/real_commands__traits.hpp
[3.596s] -- Up-to-date: /home/ubuntu/ws/Libero/install/message_info/include/message_info/msg/detail/slave__builder.hpp
[3.596s] -- Up-to-date: /home/ubuntu/ws/Libero/install/message_info/include/message_info/msg/detail/robot_command__builder.hpp
[3.597s] -- Up-to-date: /home/ubuntu/ws/Libero/install/message_info/include/message_info/msg/detail/real_commands__builder.hpp
[3.597s] -- Up-to-date: /home/ubuntu/ws/Libero/install/message_info/include/message_info/msg/detail/robot_commands__builder.hpp
[3.597s] -- Up-to-date: /home/ubuntu/ws/Libero/install/message_info/include/message_info/msg/detail/real_commands__struct.hpp
[3.598s] -- Up-to-date: /home/ubuntu/ws/Libero/install/message_info/include/message_info/msg/robot_commands.hpp
[3.598s] -- Up-to-date: /home/ubuntu/ws/Libero/install/message_info/include/message_info/msg/robot_command.hpp
[3.599s] -- Up-to-date: /home/ubuntu/ws/Libero/install/message_info/include/message_info/msg/slave.hpp
[3.599s] -- Up-to-date: /home/ubuntu/ws/Libero/install/message_info/include/message_info
[3.600s] -- Up-to-date: /home/ubuntu/ws/Libero/install/message_info/include/message_info/msg
[3.600s] -- Up-to-date: /home/ubuntu/ws/Libero/install/message_info/include/message_info/msg/detail
[3.600s] -- Up-to-date: /home/ubuntu/ws/Libero/install/message_info/include/message_info/msg/detail/robot_command__rosidl_typesupport_introspection_cpp.hpp
[3.601s] -- Up-to-date: /home/ubuntu/ws/Libero/install/message_info/include/message_info/msg/detail/real_commands__type_support.cpp
[3.601s] -- Up-to-date: /home/ubuntu/ws/Libero/install/message_info/include/message_info/msg/detail/slave__rosidl_typesupport_introspection_cpp.hpp
[3.602s] -- Up-to-date: /home/ubuntu/ws/Libero/install/message_info/include/message_info/msg/detail/robot_commands__rosidl_typesupport_introspection_cpp.hpp
[3.602s] -- Up-to-date: /home/ubuntu/ws/Libero/install/message_info/include/message_info/msg/detail/slave__type_support.cpp
[3.602s] -- Up-to-date: /home/ubuntu/ws/Libero/install/message_info/include/message_info/msg/detail/real_commands__rosidl_typesupport_introspection_cpp.hpp
[3.603s] -- Up-to-date: /home/ubuntu/ws/Libero/install/message_info/include/message_info/msg/detail/robot_commands__type_support.cpp
[3.603s] -- Up-to-date: /home/ubuntu/ws/Libero/install/message_info/include/message_info/msg/detail/robot_command__type_support.cpp
[3.604s] -- Up-to-date: /home/ubuntu/ws/Libero/install/message_info/lib/libmessage_info__rosidl_typesupport_introspection_cpp.so
[3.607s] -- Up-to-date: /home/ubuntu/ws/Libero/install/message_info/lib/libmessage_info__rosidl_typesupport_cpp.so
[3.609s] -- Up-to-date: /home/ubuntu/ws/Libero/install/message_info/share/message_info/environment/pythonpath.sh
[3.609s] -- Up-to-date: /home/ubuntu/ws/Libero/install/message_info/share/message_info/environment/pythonpath.dsv
[3.609s] -- Up-to-date: /home/ubuntu/ws/Libero/install/message_info/lib/python3.8/site-packages/message_info/__init__.py
[3.774s] -- Up-to-date: /home/ubuntu/ws/Libero/install/message_info/lib/python3.8/site-packages/message_info/msg
[3.775s] -- Up-to-date: /home/ubuntu/ws/Libero/install/message_info/lib/python3.8/site-packages/message_info/msg/_robot_commands.py
[3.775s] -- Up-to-date: /home/ubuntu/ws/Libero/install/message_info/lib/python3.8/site-packages/message_info/msg/_robot_command.py
[3.775s] -- Up-to-date: /home/ubuntu/ws/Libero/install/message_info/lib/python3.8/site-packages/message_info/msg/_slave.py
[3.776s] -- Up-to-date: /home/ubuntu/ws/Libero/install/message_info/lib/python3.8/site-packages/message_info/msg/__init__.py
[3.776s] -- Up-to-date: /home/ubuntu/ws/Libero/install/message_info/lib/python3.8/site-packages/message_info/msg/_robot_commands_s.c
[3.777s] -- Up-to-date: /home/ubuntu/ws/Libero/install/message_info/lib/python3.8/site-packages/message_info/msg/_slave_s.c
[3.777s] -- Up-to-date: /home/ubuntu/ws/Libero/install/message_info/lib/python3.8/site-packages/message_info/msg/_real_commands_s.c
[3.777s] -- Up-to-date: /home/ubuntu/ws/Libero/install/message_info/lib/python3.8/site-packages/message_info/msg/_real_commands.py
[3.778s] -- Up-to-date: /home/ubuntu/ws/Libero/install/message_info/lib/python3.8/site-packages/message_info/msg/_robot_command_s.c
[3.779s] -- Up-to-date: /home/ubuntu/ws/Libero/install/message_info/lib/python3.8/site-packages/message_info/message_info_s__rosidl_typesupport_fastrtps_c.cpython-38-aarch64-linux-gnu.so
[3.784s] -- Up-to-date: /home/ubuntu/ws/Libero/install/message_info/lib/python3.8/site-packages/message_info/message_info_s__rosidl_typesupport_introspection_c.cpython-38-aarch64-linux-gnu.so
[3.787s] -- Up-to-date: /home/ubuntu/ws/Libero/install/message_info/lib/python3.8/site-packages/message_info/message_info_s__rosidl_typesupport_c.cpython-38-aarch64-linux-gnu.so
[3.790s] -- Up-to-date: /home/ubuntu/ws/Libero/install/message_info/lib/libmessage_info__python.so
[3.791s] -- Up-to-date: /home/ubuntu/ws/Libero/install/message_info/share/message_info/msg/RobotCommand.idl
[3.792s] -- Up-to-date: /home/ubuntu/ws/Libero/install/message_info/share/message_info/msg/RobotCommands.idl
[3.793s] -- Up-to-date: /home/ubuntu/ws/Libero/install/message_info/share/message_info/msg/RealCommands.idl
[3.793s] -- Up-to-date: /home/ubuntu/ws/Libero/install/message_info/share/message_info/msg/Slave.idl
[3.794s] -- Up-to-date: /home/ubuntu/ws/Libero/install/message_info/share/message_info/msg/RobotCommand.msg
[3.794s] -- Up-to-date: /home/ubuntu/ws/Libero/install/message_info/share/message_info/msg/RobotCommands.msg
[3.795s] -- Up-to-date: /home/ubuntu/ws/Libero/install/message_info/share/message_info/msg/RealCommands.msg
[3.795s] -- Up-to-date: /home/ubuntu/ws/Libero/install/message_info/share/message_info/msg/Slave.msg
[3.796s] -- Up-to-date: /home/ubuntu/ws/Libero/install/message_info/share/ament_index/resource_index/package_run_dependencies/message_info
[3.797s] -- Up-to-date: /home/ubuntu/ws/Libero/install/message_info/share/ament_index/resource_index/parent_prefix_path/message_info
[3.797s] -- Up-to-date: /home/ubuntu/ws/Libero/install/message_info/share/message_info/environment/ament_prefix_path.sh
[3.798s] -- Up-to-date: /home/ubuntu/ws/Libero/install/message_info/share/message_info/environment/ament_prefix_path.dsv
[3.798s] -- Up-to-date: /home/ubuntu/ws/Libero/install/message_info/share/message_info/environment/path.sh
[3.799s] -- Up-to-date: /home/ubuntu/ws/Libero/install/message_info/share/message_info/environment/path.dsv
[3.799s] -- Up-to-date: /home/ubuntu/ws/Libero/install/message_info/share/message_info/local_setup.bash
[3.799s] -- Up-to-date: /home/ubuntu/ws/Libero/install/message_info/share/message_info/local_setup.sh
[3.800s] -- Up-to-date: /home/ubuntu/ws/Libero/install/message_info/share/message_info/local_setup.zsh
[3.801s] -- Up-to-date: /home/ubuntu/ws/Libero/install/message_info/share/message_info/local_setup.dsv
[3.801s] -- Installing: /home/ubuntu/ws/Libero/install/message_info/share/message_info/package.dsv
[3.803s] -- Up-to-date: /home/ubuntu/ws/Libero/install/message_info/share/ament_index/resource_index/packages/message_info
[3.807s] -- Up-to-date: /home/ubuntu/ws/Libero/install/message_info/share/message_info/cmake/message_info__rosidl_generator_cExport.cmake
[3.807s] -- Up-to-date: /home/ubuntu/ws/Libero/install/message_info/share/message_info/cmake/message_info__rosidl_generator_cExport-noconfig.cmake
[3.809s] -- Up-to-date: /home/ubuntu/ws/Libero/install/message_info/share/message_info/cmake/message_info__rosidl_typesupport_introspection_cExport.cmake
[3.810s] -- Up-to-date: /home/ubuntu/ws/Libero/install/message_info/share/message_info/cmake/message_info__rosidl_typesupport_introspection_cExport-noconfig.cmake
[3.812s] -- Up-to-date: /home/ubuntu/ws/Libero/install/message_info/share/message_info/cmake/message_info__rosidl_typesupport_cExport.cmake
[3.813s] -- Up-to-date: /home/ubuntu/ws/Libero/install/message_info/share/message_info/cmake/message_info__rosidl_typesupport_cExport-noconfig.cmake
[3.816s] -- Up-to-date: /home/ubuntu/ws/Libero/install/message_info/share/message_info/cmake/message_info__rosidl_generator_cppExport.cmake
[3.818s] -- Up-to-date: /home/ubuntu/ws/Libero/install/message_info/share/message_info/cmake/message_info__rosidl_typesupport_introspection_cppExport.cmake
[3.819s] -- Up-to-date: /home/ubuntu/ws/Libero/install/message_info/share/message_info/cmake/message_info__rosidl_typesupport_introspection_cppExport-noconfig.cmake
[3.821s] -- Up-to-date: /home/ubuntu/ws/Libero/install/message_info/share/message_info/cmake/message_info__rosidl_typesupport_cppExport.cmake
[3.822s] -- Up-to-date: /home/ubuntu/ws/Libero/install/message_info/share/message_info/cmake/message_info__rosidl_typesupport_cppExport-noconfig.cmake
[3.822s] -- Up-to-date: /home/ubuntu/ws/Libero/install/message_info/share/message_info/cmake/rosidl_cmake-extras.cmake
[3.823s] -- Up-to-date: /home/ubuntu/ws/Libero/install/message_info/share/message_info/cmake/ament_cmake_export_dependencies-extras.cmake
[3.823s] -- Up-to-date: /home/ubuntu/ws/Libero/install/message_info/share/message_info/cmake/ament_cmake_export_libraries-extras.cmake
[3.824s] -- Up-to-date: /home/ubuntu/ws/Libero/install/message_info/share/message_info/cmake/ament_cmake_export_targets-extras.cmake
[3.825s] -- Up-to-date: /home/ubuntu/ws/Libero/install/message_info/share/message_info/cmake/ament_cmake_export_include_directories-extras.cmake
[3.825s] -- Up-to-date: /home/ubuntu/ws/Libero/install/message_info/share/message_info/cmake/rosidl_cmake_export_typesupport_libraries-extras.cmake
[3.826s] -- Up-to-date: /home/ubuntu/ws/Libero/install/message_info/share/message_info/cmake/rosidl_cmake_export_typesupport_targets-extras.cmake
[3.826s] -- Up-to-date: /home/ubuntu/ws/Libero/install/message_info/share/message_info/cmake/message_infoConfig.cmake
[3.827s] -- Up-to-date: /home/ubuntu/ws/Libero/install/message_info/share/message_info/cmake/message_infoConfig-version.cmake
[3.827s] -- Up-to-date: /home/ubuntu/ws/Libero/install/message_info/share/message_info/package.xml
[3.840s] Invoked command in '/home/ubuntu/ws/Libero/build/message_info' returned '0': CMAKE_PREFIX_PATH=${CMAKE_PREFIX_PATH}:/home/ubuntu/ws/Libero/install/main:/home/ubuntu/ws/SSLRasp/install/rasp:/opt/ros/foxy /usr/bin/cmake --install /home/ubuntu/ws/Libero/build/message_info
