[1.331s] DEBUG:colcon:Command line arguments: ['/usr/bin/colcon', 'build']
[1.332s] DEBUG:colcon:Parsed command line arguments: Namespace(ament_cmake_args=None, base_paths=['.'], build_base='build', catkin_cmake_args=None, catkin_skip_building_tests=False, cmake_args=None, cmake_clean_cache=False, cmake_clean_first=False, cmake_force_configure=False, cmake_target=None, cmake_target_skip_unavailable=False, continue_on_error=False, event_handlers=None, executor='parallel', ignore_user_meta=False, install_base='install', log_base=None, log_level=None, main=<bound method BuildVerb.main of <colcon_core.verb.build.BuildVerb object at 0xffff9d737c40>>, merge_install=False, metas=['./colcon.meta'], packages_above=None, packages_above_and_dependencies=None, packages_above_depth=None, packages_end=None, packages_ignore=None, packages_ignore_regex=None, packages_select=None, packages_select_build_failed=False, packages_select_by_dep=None, packages_select_regex=None, packages_select_test_failures=False, packages_skip=None, packages_skip_build_finished=False, packages_skip_by_dep=None, packages_skip_regex=None, packages_skip_test_passed=False, packages_skip_up_to=None, packages_start=None, packages_up_to=None, packages_up_to_regex=None, parallel_workers=4, paths=None, symlink_install=False, test_result_base=None, verb_extension=<colcon_core.verb.build.BuildVerb object at 0xffff9d737c40>, verb_name='build', verb_parser=<colcon_defaults.argument_parser.defaults.DefaultArgumentsDecorator object at 0xffff9d748160>)
[1.354s] Level 1:colcon.colcon_core.package_discovery:discover_packages(colcon_meta) check parameters
[1.355s] Level 1:colcon.colcon_core.package_discovery:discover_packages(recursive) check parameters
[1.355s] Level 1:colcon.colcon_core.package_discovery:discover_packages(ignore) check parameters
[1.355s] Level 1:colcon.colcon_core.package_discovery:discover_packages(path) check parameters
[1.355s] Level 1:colcon.colcon_core.package_discovery:discover_packages(colcon_meta) discover
[1.355s] Level 1:colcon.colcon_core.package_discovery:discover_packages(recursive) discover
[1.356s] INFO:colcon.colcon_core.package_discovery:Crawling recursively for packages in '/home/ubuntu/ws/Libero'
[1.356s] Level 1:colcon.colcon_core.package_identification:_identify(.) by extensions ['ignore', 'ignore_ament_install']
[1.357s] Level 1:colcon.colcon_core.package_identification:_identify(.) by extension 'ignore'
[1.357s] Level 1:colcon.colcon_core.package_identification:_identify(.) by extension 'ignore_ament_install'
[1.357s] Level 1:colcon.colcon_core.package_identification:_identify(.) by extensions ['colcon_pkg']
[1.357s] Level 1:colcon.colcon_core.package_identification:_identify(.) by extension 'colcon_pkg'
[1.357s] Level 1:colcon.colcon_core.package_identification:_identify(.) by extensions ['colcon_meta']
[1.357s] Level 1:colcon.colcon_core.package_identification:_identify(.) by extension 'colcon_meta'
[1.358s] Level 1:colcon.colcon_core.package_identification:_identify(.) by extensions ['ros']
[1.358s] Level 1:colcon.colcon_core.package_identification:_identify(.) by extension 'ros'
[1.407s] Level 1:colcon.colcon_core.package_identification:_identify(.) by extensions ['cmake', 'python']
[1.407s] Level 1:colcon.colcon_core.package_identification:_identify(.) by extension 'cmake'
[1.407s] Level 1:colcon.colcon_core.package_identification:_identify(.) by extension 'python'
[1.407s] Level 1:colcon.colcon_core.package_identification:_identify(.) by extensions ['python_setup_py']
[1.407s] Level 1:colcon.colcon_core.package_identification:_identify(.) by extension 'python_setup_py'
[1.408s] Level 1:colcon.colcon_core.package_identification:_identify(build) by extensions ['ignore', 'ignore_ament_install']
[1.408s] Level 1:colcon.colcon_core.package_identification:_identify(build) by extension 'ignore'
[1.409s] Level 1:colcon.colcon_core.package_identification:_identify(build) ignored
[1.409s] Level 1:colcon.colcon_core.package_identification:_identify(install) by extensions ['ignore', 'ignore_ament_install']
[1.409s] Level 1:colcon.colcon_core.package_identification:_identify(install) by extension 'ignore'
[1.410s] Level 1:colcon.colcon_core.package_identification:_identify(install) ignored
[1.410s] Level 1:colcon.colcon_core.package_identification:_identify(log) by extensions ['ignore', 'ignore_ament_install']
[1.410s] Level 1:colcon.colcon_core.package_identification:_identify(log) by extension 'ignore'
[1.411s] Level 1:colcon.colcon_core.package_identification:_identify(log) ignored
[1.411s] Level 1:colcon.colcon_core.package_identification:_identify(src) by extensions ['ignore', 'ignore_ament_install']
[1.411s] Level 1:colcon.colcon_core.package_identification:_identify(src) by extension 'ignore'
[1.411s] Level 1:colcon.colcon_core.package_identification:_identify(src) by extension 'ignore_ament_install'
[1.412s] Level 1:colcon.colcon_core.package_identification:_identify(src) by extensions ['colcon_pkg']
[1.412s] Level 1:colcon.colcon_core.package_identification:_identify(src) by extension 'colcon_pkg'
[1.412s] Level 1:colcon.colcon_core.package_identification:_identify(src) by extensions ['colcon_meta']
[1.412s] Level 1:colcon.colcon_core.package_identification:_identify(src) by extension 'colcon_meta'
[1.412s] Level 1:colcon.colcon_core.package_identification:_identify(src) by extensions ['ros']
[1.413s] Level 1:colcon.colcon_core.package_identification:_identify(src) by extension 'ros'
[1.413s] Level 1:colcon.colcon_core.package_identification:_identify(src) by extensions ['cmake', 'python']
[1.413s] Level 1:colcon.colcon_core.package_identification:_identify(src) by extension 'cmake'
[1.413s] Level 1:colcon.colcon_core.package_identification:_identify(src) by extension 'python'
[1.413s] Level 1:colcon.colcon_core.package_identification:_identify(src) by extensions ['python_setup_py']
[1.413s] Level 1:colcon.colcon_core.package_identification:_identify(src) by extension 'python_setup_py'
[1.414s] Level 1:colcon.colcon_core.package_identification:_identify(src/main) by extensions ['ignore', 'ignore_ament_install']
[1.414s] Level 1:colcon.colcon_core.package_identification:_identify(src/main) by extension 'ignore'
[1.414s] Level 1:colcon.colcon_core.package_identification:_identify(src/main) by extension 'ignore_ament_install'
[1.415s] Level 1:colcon.colcon_core.package_identification:_identify(src/main) by extensions ['colcon_pkg']
[1.415s] Level 1:colcon.colcon_core.package_identification:_identify(src/main) by extension 'colcon_pkg'
[1.415s] Level 1:colcon.colcon_core.package_identification:_identify(src/main) by extensions ['colcon_meta']
[1.415s] Level 1:colcon.colcon_core.package_identification:_identify(src/main) by extension 'colcon_meta'
[1.415s] Level 1:colcon.colcon_core.package_identification:_identify(src/main) by extensions ['ros']
[1.415s] Level 1:colcon.colcon_core.package_identification:_identify(src/main) by extension 'ros'
[1.425s] DEBUG:colcon.colcon_core.package_identification:Package 'src/main' with type 'ros.ament_python' and name 'main'
[1.426s] Level 1:colcon.colcon_core.package_identification:_identify(src/message_info) by extensions ['ignore', 'ignore_ament_install']
[1.426s] Level 1:colcon.colcon_core.package_identification:_identify(src/message_info) by extension 'ignore'
[1.426s] Level 1:colcon.colcon_core.package_identification:_identify(src/message_info) by extension 'ignore_ament_install'
[1.427s] Level 1:colcon.colcon_core.package_identification:_identify(src/message_info) by extensions ['colcon_pkg']
[1.427s] Level 1:colcon.colcon_core.package_identification:_identify(src/message_info) by extension 'colcon_pkg'
[1.427s] Level 1:colcon.colcon_core.package_identification:_identify(src/message_info) by extensions ['colcon_meta']
[1.427s] Level 1:colcon.colcon_core.package_identification:_identify(src/message_info) by extension 'colcon_meta'
[1.427s] Level 1:colcon.colcon_core.package_identification:_identify(src/message_info) by extensions ['ros']
[1.427s] Level 1:colcon.colcon_core.package_identification:_identify(src/message_info) by extension 'ros'
[1.431s] DEBUG:colcon.colcon_core.package_identification:Package 'src/message_info' with type 'ros.ament_cmake' and name 'message_info'
[1.432s] Level 1:colcon.colcon_core.package_discovery:discover_packages(recursive) using defaults
[1.432s] Level 1:colcon.colcon_core.package_discovery:discover_packages(ignore) discover
[1.432s] Level 1:colcon.colcon_core.package_discovery:discover_packages(ignore) using defaults
[1.432s] Level 1:colcon.colcon_core.package_discovery:discover_packages(path) discover
[1.432s] Level 1:colcon.colcon_core.package_discovery:discover_packages(path) using defaults
[1.509s] Level 5:colcon.colcon_core.verb:set package 'main' build argument 'cmake_args' from command line to 'None'
[1.509s] Level 5:colcon.colcon_core.verb:set package 'main' build argument 'cmake_target' from command line to 'None'
[1.509s] Level 5:colcon.colcon_core.verb:set package 'main' build argument 'cmake_target_skip_unavailable' from command line to 'False'
[1.509s] Level 5:colcon.colcon_core.verb:set package 'main' build argument 'cmake_clean_cache' from command line to 'False'
[1.509s] Level 5:colcon.colcon_core.verb:set package 'main' build argument 'cmake_clean_first' from command line to 'False'
[1.509s] Level 5:colcon.colcon_core.verb:set package 'main' build argument 'cmake_force_configure' from command line to 'False'
[1.509s] Level 5:colcon.colcon_core.verb:set package 'main' build argument 'ament_cmake_args' from command line to 'None'
[1.510s] Level 5:colcon.colcon_core.verb:set package 'main' build argument 'catkin_cmake_args' from command line to 'None'
[1.510s] Level 5:colcon.colcon_core.verb:set package 'main' build argument 'catkin_skip_building_tests' from command line to 'False'
[1.510s] DEBUG:colcon.colcon_core.verb:Building package 'main' with the following arguments: {'ament_cmake_args': None, 'build_base': '/home/ubuntu/ws/Libero/build/main', 'catkin_cmake_args': None, 'catkin_skip_building_tests': False, 'cmake_args': None, 'cmake_clean_cache': False, 'cmake_clean_first': False, 'cmake_force_configure': False, 'cmake_target': None, 'cmake_target_skip_unavailable': False, 'install_base': '/home/ubuntu/ws/Libero/install/main', 'merge_install': False, 'path': '/home/ubuntu/ws/Libero/src/main', 'symlink_install': False, 'test_result_base': None}
[1.520s] Level 5:colcon.colcon_core.verb:set package 'message_info' build argument 'cmake_args' from command line to 'None'
[1.521s] Level 5:colcon.colcon_core.verb:set package 'message_info' build argument 'cmake_target' from command line to 'None'
[1.521s] Level 5:colcon.colcon_core.verb:set package 'message_info' build argument 'cmake_target_skip_unavailable' from command line to 'False'
[1.521s] Level 5:colcon.colcon_core.verb:set package 'message_info' build argument 'cmake_clean_cache' from command line to 'False'
[1.521s] Level 5:colcon.colcon_core.verb:set package 'message_info' build argument 'cmake_clean_first' from command line to 'False'
[1.521s] Level 5:colcon.colcon_core.verb:set package 'message_info' build argument 'cmake_force_configure' from command line to 'False'
[1.521s] Level 5:colcon.colcon_core.verb:set package 'message_info' build argument 'ament_cmake_args' from command line to 'None'
[1.521s] Level 5:colcon.colcon_core.verb:set package 'message_info' build argument 'catkin_cmake_args' from command line to 'None'
[1.521s] Level 5:colcon.colcon_core.verb:set package 'message_info' build argument 'catkin_skip_building_tests' from command line to 'False'
[1.522s] DEBUG:colcon.colcon_core.verb:Building package 'message_info' with the following arguments: {'ament_cmake_args': None, 'build_base': '/home/ubuntu/ws/Libero/build/message_info', 'catkin_cmake_args': None, 'catkin_skip_building_tests': False, 'cmake_args': None, 'cmake_clean_cache': False, 'cmake_clean_first': False, 'cmake_force_configure': False, 'cmake_target': None, 'cmake_target_skip_unavailable': False, 'install_base': '/home/ubuntu/ws/Libero/install/message_info', 'merge_install': False, 'path': '/home/ubuntu/ws/Libero/src/message_info', 'symlink_install': False, 'test_result_base': None}
[1.523s] INFO:colcon.colcon_core.executor:Executing jobs using 'parallel' executor
[1.530s] DEBUG:colcon.colcon_parallel_executor.executor.parallel:run_until_complete
[1.531s] INFO:colcon.colcon_ros.task.ament_python.build:Building ROS package in '/home/ubuntu/ws/Libero/src/main' with build type 'ament_python'
[1.532s] Level 1:colcon.colcon_core.shell:create_environment_hook('main', 'ament_prefix_path')
[1.547s] INFO:colcon.colcon_core.plugin_system:Skipping extension 'colcon_core.shell.bat': Not used on non-Windows systems
[1.548s] INFO:colcon.colcon_core.shell:Creating environment hook '/home/ubuntu/ws/Libero/install/main/share/main/hook/ament_prefix_path.ps1'
[1.550s] INFO:colcon.colcon_core.shell:Creating environment descriptor '/home/ubuntu/ws/Libero/install/main/share/main/hook/ament_prefix_path.dsv'
[1.552s] INFO:colcon.colcon_core.shell:Creating environment hook '/home/ubuntu/ws/Libero/install/main/share/main/hook/ament_prefix_path.sh'
[1.557s] INFO:colcon.colcon_core.shell:Skip shell extension 'powershell' for command environment: Not usable outside of PowerShell
[1.557s] DEBUG:colcon.colcon_core.shell:Skip shell extension 'dsv' for command environment
[1.573s] DEBUG:colcon.colcon_core.shell:Ignoring prefix path '/opt/ros/foxy'
[1.583s] INFO:colcon.colcon_ros.task.ament_cmake.build:Building ROS package in '/home/ubuntu/ws/Libero/src/message_info' with build type 'ament_cmake'
[1.584s] INFO:colcon.colcon_cmake.task.cmake.build:Building CMake package in '/home/ubuntu/ws/Libero/src/message_info'
[1.587s] INFO:colcon.colcon_core.shell:Skip shell extension 'powershell' for command environment: Not usable outside of PowerShell
[1.588s] DEBUG:colcon.colcon_core.shell:Skip shell extension 'dsv' for command environment
[1.603s] DEBUG:colcon.colcon_core.shell:Ignoring prefix path '/opt/ros/foxy'
[2.611s] WARNING:colcon.colcon_ros.task.ament_python.build:Package 'main' doesn't explicitly install a marker in the package index (colcon-ros currently does it implicitly but that fallback will be removed in the future)
[2.612s] WARNING:colcon.colcon_ros.task.ament_python.build:Package 'main' doesn't explicitly install the 'package.xml' file (colcon-ros currently does it implicitly but that fallback will be removed in the future)
[2.614s] INFO:colcon.colcon_core.task.python.build:Building Python package in '/home/ubuntu/ws/Libero/src/main'
[2.617s] INFO:colcon.colcon_core.shell:Skip shell extension 'powershell' for command environment: Not usable outside of PowerShell
[2.617s] DEBUG:colcon.colcon_core.shell:Skip shell extension 'dsv' for command environment
[2.630s] DEBUG:colcon.colcon_core.shell:Ignoring prefix path '/opt/ros/foxy'
[2.656s] DEBUG:colcon.colcon_core.event_handler.log_command:Invoking command in '/home/ubuntu/ws/Libero/build/message_info': CMAKE_PREFIX_PATH=${CMAKE_PREFIX_PATH}:/home/ubuntu/ws/Libero/install/main:/home/ubuntu/ws/SSLRasp/install/rasp:/opt/ros/foxy /usr/bin/cmake --build /home/ubuntu/ws/Libero/build/message_info -- -j4 -l4
[2.689s] DEBUG:colcon.colcon_core.event_handler.log_command:Invoking command in '/home/ubuntu/ws/Libero/src/main': PYTHONPATH=/home/ubuntu/ws/Libero/install/main/lib/python3.8/site-packages:${PYTHONPATH} /usr/bin/python3 setup.py egg_info --egg-base ../../build/main build --build-base /home/ubuntu/ws/Libero/build/main/build install --prefix /home/ubuntu/ws/Libero/install/main --record /home/ubuntu/ws/Libero/build/main/install.log --single-version-externally-managed
[3.967s] DEBUG:colcon.colcon_core.event_handler.log_command:Invoked command in '/home/ubuntu/ws/Libero/build/message_info' returned '0': CMAKE_PREFIX_PATH=${CMAKE_PREFIX_PATH}:/home/ubuntu/ws/Libero/install/main:/home/ubuntu/ws/SSLRasp/install/rasp:/opt/ros/foxy /usr/bin/cmake --build /home/ubuntu/ws/Libero/build/message_info -- -j4 -l4
[4.249s] DEBUG:colcon.colcon_core.event_handler.log_command:Invoked command in '/home/ubuntu/ws/Libero/src/main' returned '0': PYTHONPATH=/home/ubuntu/ws/Libero/install/main/lib/python3.8/site-packages:${PYTHONPATH} /usr/bin/python3 setup.py egg_info --egg-base ../../build/main build --build-base /home/ubuntu/ws/Libero/build/main/build install --prefix /home/ubuntu/ws/Libero/install/main --record /home/ubuntu/ws/Libero/build/main/install.log --single-version-externally-managed
[4.269s] Level 1:colcon.colcon_core.environment:checking '/home/ubuntu/ws/Libero/install/main' for CMake module files
[4.271s] Level 1:colcon.colcon_core.environment:checking '/home/ubuntu/ws/Libero/install/main' for CMake config files
[4.276s] Level 1:colcon.colcon_core.environment:checking '/home/ubuntu/ws/Libero/install/main/lib'
[4.277s] Level 1:colcon.colcon_core.environment:checking '/home/ubuntu/ws/Libero/install/main/bin'
[4.277s] Level 1:colcon.colcon_core.environment:checking '/home/ubuntu/ws/Libero/install/main/lib/pkgconfig/main.pc'
[4.277s] Level 1:colcon.colcon_core.environment:checking '/home/ubuntu/ws/Libero/install/main/lib/python3.8/site-packages'
[4.278s] Level 1:colcon.colcon_core.shell:create_environment_hook('main', 'pythonpath')
[4.280s] INFO:colcon.colcon_core.shell:Creating environment hook '/home/ubuntu/ws/Libero/install/main/share/main/hook/pythonpath.ps1'
[4.282s] INFO:colcon.colcon_core.shell:Creating environment descriptor '/home/ubuntu/ws/Libero/install/main/share/main/hook/pythonpath.dsv'
[4.284s] INFO:colcon.colcon_core.shell:Creating environment hook '/home/ubuntu/ws/Libero/install/main/share/main/hook/pythonpath.sh'
[4.286s] Level 1:colcon.colcon_core.environment:create_environment_scripts_only(main)
[4.289s] INFO:colcon.colcon_core.shell:Creating package script '/home/ubuntu/ws/Libero/install/main/share/main/package.ps1'
[4.292s] INFO:colcon.colcon_core.shell:Creating package descriptor '/home/ubuntu/ws/Libero/install/main/share/main/package.dsv'
[4.295s] INFO:colcon.colcon_core.shell:Creating package script '/home/ubuntu/ws/Libero/install/main/share/main/package.sh'
[4.299s] INFO:colcon.colcon_core.shell:Creating package script '/home/ubuntu/ws/Libero/install/main/share/main/package.bash'
[4.302s] INFO:colcon.colcon_core.shell:Creating package script '/home/ubuntu/ws/Libero/install/main/share/main/package.zsh'
[4.306s] Level 1:colcon.colcon_core.environment:create_file_with_runtime_dependencies(/home/ubuntu/ws/Libero/install/main/share/colcon-core/packages/main)
[4.604s] DEBUG:colcon.colcon_core.event_handler.log_command:Invoking command in '/home/ubuntu/ws/Libero/build/message_info': CMAKE_PREFIX_PATH=${CMAKE_PREFIX_PATH}:/home/ubuntu/ws/Libero/install/main:/home/ubuntu/ws/SSLRasp/install/rasp:/opt/ros/foxy /usr/bin/cmake --install /home/ubuntu/ws/Libero/build/message_info
[4.889s] Level 1:colcon.colcon_core.environment:create_environment_scripts_only(message_info)
[4.892s] Level 1:colcon.colcon_core.environment:checking '/home/ubuntu/ws/Libero/install/message_info' for CMake module files
[4.894s] DEBUG:colcon.colcon_core.event_handler.log_command:Invoked command in '/home/ubuntu/ws/Libero/build/message_info' returned '0': CMAKE_PREFIX_PATH=${CMAKE_PREFIX_PATH}:/home/ubuntu/ws/Libero/install/main:/home/ubuntu/ws/SSLRasp/install/rasp:/opt/ros/foxy /usr/bin/cmake --install /home/ubuntu/ws/Libero/build/message_info
[4.899s] Level 1:colcon.colcon_core.environment:checking '/home/ubuntu/ws/Libero/install/message_info' for CMake config files
[4.902s] Level 1:colcon.colcon_core.shell:create_environment_hook('message_info', 'cmake_prefix_path')
[4.905s] INFO:colcon.colcon_core.shell:Creating environment hook '/home/ubuntu/ws/Libero/install/message_info/share/message_info/hook/cmake_prefix_path.ps1'
[4.907s] INFO:colcon.colcon_core.shell:Creating environment descriptor '/home/ubuntu/ws/Libero/install/message_info/share/message_info/hook/cmake_prefix_path.dsv'
[4.909s] INFO:colcon.colcon_core.shell:Creating environment hook '/home/ubuntu/ws/Libero/install/message_info/share/message_info/hook/cmake_prefix_path.sh'
[4.911s] Level 1:colcon.colcon_core.environment:checking '/home/ubuntu/ws/Libero/install/message_info/lib'
[4.912s] Level 1:colcon.colcon_core.shell:create_environment_hook('message_info', 'ld_library_path_lib')
[4.914s] INFO:colcon.colcon_core.shell:Creating environment hook '/home/ubuntu/ws/Libero/install/message_info/share/message_info/hook/ld_library_path_lib.ps1'
[4.916s] INFO:colcon.colcon_core.shell:Creating environment descriptor '/home/ubuntu/ws/Libero/install/message_info/share/message_info/hook/ld_library_path_lib.dsv'
[4.918s] INFO:colcon.colcon_core.shell:Creating environment hook '/home/ubuntu/ws/Libero/install/message_info/share/message_info/hook/ld_library_path_lib.sh'
[4.919s] Level 1:colcon.colcon_core.environment:checking '/home/ubuntu/ws/Libero/install/message_info/bin'
[4.920s] Level 1:colcon.colcon_core.environment:checking '/home/ubuntu/ws/Libero/install/message_info/lib/pkgconfig/message_info.pc'
[4.920s] Level 1:colcon.colcon_core.environment:checking '/home/ubuntu/ws/Libero/install/message_info/lib/python3.8/site-packages'
[4.920s] Level 1:colcon.colcon_core.shell:create_environment_hook('message_info', 'pythonpath')
[4.922s] INFO:colcon.colcon_core.shell:Creating environment hook '/home/ubuntu/ws/Libero/install/message_info/share/message_info/hook/pythonpath.ps1'
[4.924s] INFO:colcon.colcon_core.shell:Creating environment descriptor '/home/ubuntu/ws/Libero/install/message_info/share/message_info/hook/pythonpath.dsv'
[4.926s] INFO:colcon.colcon_core.shell:Creating environment hook '/home/ubuntu/ws/Libero/install/message_info/share/message_info/hook/pythonpath.sh'
[4.930s] INFO:colcon.colcon_core.shell:Creating package script '/home/ubuntu/ws/Libero/install/message_info/share/message_info/package.ps1'
[4.932s] INFO:colcon.colcon_core.shell:Creating package descriptor '/home/ubuntu/ws/Libero/install/message_info/share/message_info/package.dsv'
[4.935s] INFO:colcon.colcon_core.shell:Creating package script '/home/ubuntu/ws/Libero/install/message_info/share/message_info/package.sh'
[4.937s] INFO:colcon.colcon_core.shell:Creating package script '/home/ubuntu/ws/Libero/install/message_info/share/message_info/package.bash'
[4.938s] INFO:colcon.colcon_core.shell:Creating package script '/home/ubuntu/ws/Libero/install/message_info/share/message_info/package.zsh'
[4.940s] Level 1:colcon.colcon_core.environment:create_file_with_runtime_dependencies(/home/ubuntu/ws/Libero/install/message_info/share/colcon-core/packages/message_info)
[5.576s] Level 1:colcon.colcon_core.environment:create_environment_scripts_only(message_info)
[5.580s] Level 1:colcon.colcon_core.environment:checking '/home/ubuntu/ws/Libero/install/message_info' for CMake module files
[5.585s] Level 1:colcon.colcon_core.environment:checking '/home/ubuntu/ws/Libero/install/message_info' for CMake config files
[5.588s] Level 1:colcon.colcon_core.shell:create_environment_hook('message_info', 'cmake_prefix_path')
[5.591s] INFO:colcon.colcon_core.shell:Creating environment hook '/home/ubuntu/ws/Libero/install/message_info/share/message_info/hook/cmake_prefix_path.ps1'
[5.593s] INFO:colcon.colcon_core.shell:Creating environment descriptor '/home/ubuntu/ws/Libero/install/message_info/share/message_info/hook/cmake_prefix_path.dsv'
[5.595s] INFO:colcon.colcon_core.shell:Creating environment hook '/home/ubuntu/ws/Libero/install/message_info/share/message_info/hook/cmake_prefix_path.sh'
[5.597s] Level 1:colcon.colcon_core.environment:checking '/home/ubuntu/ws/Libero/install/message_info/lib'
[5.598s] Level 1:colcon.colcon_core.shell:create_environment_hook('message_info', 'ld_library_path_lib')
[5.601s] INFO:colcon.colcon_core.shell:Creating environment hook '/home/ubuntu/ws/Libero/install/message_info/share/message_info/hook/ld_library_path_lib.ps1'
[5.603s] INFO:colcon.colcon_core.shell:Creating environment descriptor '/home/ubuntu/ws/Libero/install/message_info/share/message_info/hook/ld_library_path_lib.dsv'
[5.604s] INFO:colcon.colcon_core.shell:Creating environment hook '/home/ubuntu/ws/Libero/install/message_info/share/message_info/hook/ld_library_path_lib.sh'
[5.606s] Level 1:colcon.colcon_core.environment:checking '/home/ubuntu/ws/Libero/install/message_info/bin'
[5.606s] Level 1:colcon.colcon_core.environment:checking '/home/ubuntu/ws/Libero/install/message_info/lib/pkgconfig/message_info.pc'
[5.606s] Level 1:colcon.colcon_core.environment:checking '/home/ubuntu/ws/Libero/install/message_info/lib/python3.8/site-packages'
[5.607s] Level 1:colcon.colcon_core.shell:create_environment_hook('message_info', 'pythonpath')
[5.609s] INFO:colcon.colcon_core.shell:Creating environment hook '/home/ubuntu/ws/Libero/install/message_info/share/message_info/hook/pythonpath.ps1'
[5.611s] INFO:colcon.colcon_core.shell:Creating environment descriptor '/home/ubuntu/ws/Libero/install/message_info/share/message_info/hook/pythonpath.dsv'
[5.612s] INFO:colcon.colcon_core.shell:Creating environment hook '/home/ubuntu/ws/Libero/install/message_info/share/message_info/hook/pythonpath.sh'
[5.616s] INFO:colcon.colcon_core.shell:Creating package script '/home/ubuntu/ws/Libero/install/message_info/share/message_info/package.ps1'
[5.619s] INFO:colcon.colcon_core.shell:Creating package descriptor '/home/ubuntu/ws/Libero/install/message_info/share/message_info/package.dsv'
[5.622s] INFO:colcon.colcon_core.shell:Creating package script '/home/ubuntu/ws/Libero/install/message_info/share/message_info/package.sh'
[5.624s] INFO:colcon.colcon_core.shell:Creating package script '/home/ubuntu/ws/Libero/install/message_info/share/message_info/package.bash'
[5.626s] INFO:colcon.colcon_core.shell:Creating package script '/home/ubuntu/ws/Libero/install/message_info/share/message_info/package.zsh'
[5.628s] Level 1:colcon.colcon_core.environment:create_file_with_runtime_dependencies(/home/ubuntu/ws/Libero/install/message_info/share/colcon-core/packages/message_info)
[5.629s] DEBUG:colcon.colcon_parallel_executor.executor.parallel:closing loop
[5.630s] DEBUG:colcon.colcon_parallel_executor.executor.parallel:loop closed
[5.630s] DEBUG:colcon.colcon_parallel_executor.executor.parallel:run_until_complete finished with '0'
[5.631s] DEBUG:colcon.colcon_core.event_reactor:joining thread
[5.656s] INFO:colcon.colcon_core.plugin_system:Skipping extension 'colcon_notification.desktop_notification.notify_send': Could not find 'notify-send'
[5.656s] INFO:colcon.colcon_core.plugin_system:Skipping extension 'colcon_notification.desktop_notification.terminal_notifier': Not used on non-Darwin systems
[5.656s] INFO:colcon.colcon_core.plugin_system:Skipping extension 'colcon_notification.desktop_notification.win32': Not used on non-Windows systems
[5.657s] INFO:colcon.colcon_notification.desktop_notification:Sending desktop notification using 'notify2'
[5.659s] DEBUG:colcon.colcon_notification.desktop_notification.notify2:Failed to initialize notify2: org.freedesktop.DBus.Error.ServiceUnknown: The name org.freedesktop.Notifications was not provided by any .service files
[5.660s] DEBUG:colcon.colcon_core.event_reactor:joined thread
[5.662s] INFO:colcon.colcon_core.shell:Creating prefix script '/home/ubuntu/ws/Libero/install/local_setup.ps1'
[5.665s] INFO:colcon.colcon_core.shell:Creating prefix util module '/home/ubuntu/ws/Libero/install/_local_setup_util_ps1.py'
[5.671s] INFO:colcon.colcon_core.shell:Creating prefix chain script '/home/ubuntu/ws/Libero/install/setup.ps1'
[5.683s] INFO:colcon.colcon_core.shell:Creating prefix script '/home/ubuntu/ws/Libero/install/local_setup.sh'
[5.685s] INFO:colcon.colcon_core.shell:Creating prefix util module '/home/ubuntu/ws/Libero/install/_local_setup_util_sh.py'
[5.687s] INFO:colcon.colcon_core.shell:Creating prefix chain script '/home/ubuntu/ws/Libero/install/setup.sh'
[5.698s] INFO:colcon.colcon_core.shell:Creating prefix script '/home/ubuntu/ws/Libero/install/local_setup.bash'
[5.701s] INFO:colcon.colcon_core.shell:Creating prefix chain script '/home/ubuntu/ws/Libero/install/setup.bash'
[5.711s] INFO:colcon.colcon_core.shell:Creating prefix script '/home/ubuntu/ws/Libero/install/local_setup.zsh'
[5.713s] INFO:colcon.colcon_core.shell:Creating prefix chain script '/home/ubuntu/ws/Libero/install/setup.zsh'
