[1.069s] Invoking command in '/home/ubuntu/ws/Libero/build/message_info': CMAKE_PREFIX_PATH=${CMAKE_PREFIX_PATH}:/home/ubuntu/ws/Libero/install/main:/home/ubuntu/ws/SSLRasp/install/rasp:/opt/ros/foxy /usr/bin/cmake --build /home/ubuntu/ws/Libero/build/message_info -- -j4 -l4
[1.211s] -- Found ament_cmake: 0.9.9 (/opt/ros/foxy/share/ament_cmake/cmake)
[1.355s] -- Found PythonInterp: /usr/bin/python3 (found suitable version "3.8.10", minimum required is "3") 
[1.356s] -- Using PYTHON_EXECUTABLE: /usr/bin/python3
[2.316s] -- Found rosidl_default_generators: 1.0.1 (/opt/ros/foxy/share/rosidl_default_generators/cmake)
[2.329s] -- Using all available rosidl_typesupport_c: rosidl_typesupport_fastrtps_c;rosidl_typesupport_introspection_c
[2.344s] -- Found rosidl_adapter: 1.2.1 (/opt/ros/foxy/share/rosidl_adapter/cmake)
[3.571s] -- Using all available rosidl_typesupport_cpp: rosidl_typesupport_fastrtps_cpp;rosidl_typesupport_introspection_cpp
[3.667s] -- Found builtin_interfaces: 1.0.0 (/opt/ros/foxy/share/builtin_interfaces/cmake)
[3.714s] -- Found std_msgs: 2.0.4 (/opt/ros/foxy/share/std_msgs/cmake)
[3.782s] -- Found sensor_msgs: 2.0.4 (/opt/ros/foxy/share/sensor_msgs/cmake)
[4.256s] -- OpenSSL Version: 1.1.1f /usr/include /usr/lib/aarch64-linux-gnu/libssl.so;/usr/lib/aarch64-linux-gnu/libcrypto.so
[4.390s] -- Found PythonInterp: /usr/bin/python3 (found version "3.8.10") 
[5.413s] -- Found ament_cmake_ros: 0.9.2 (/opt/ros/foxy/share/ament_cmake_ros/cmake)
[7.311s] -- Using all available rosidl_typesupport_c: rosidl_typesupport_fastrtps_c;rosidl_typesupport_introspection_c
[8.026s] -- Using all available rosidl_typesupport_cpp: rosidl_typesupport_fastrtps_cpp;rosidl_typesupport_introspection_cpp
[8.174s] -- Found PythonInterp: /usr/bin/python3 (found suitable version "3.8.10", minimum required is "3.5") 
[8.176s] -- Found python_cmake_module: 0.8.1 (/opt/ros/foxy/share/python_cmake_module/cmake)
[8.308s] -- Using PYTHON_EXECUTABLE: /usr/bin/python3
[8.309s] -- Using PYTHON_INCLUDE_DIRS: /usr/include/python3.8
[8.309s] -- Using PYTHON_LIBRARIES: /usr/lib/aarch64-linux-gnu/libpython3.8.so
[8.624s] -- Found ament_lint_auto: 0.9.6 (/opt/ros/foxy/share/ament_lint_auto/cmake)
[8.669s] -- Added test 'copyright' to check source files copyright and LICENSE
[8.680s] -- Added test 'lint_cmake' to check CMake code style
[8.685s] -- Added test 'xmllint' to check XML markup files
[8.715s] -- Configuring done
[9.054s] -- Generating done
[9.071s] -- Build files have been written to: /home/ubuntu/ws/Libero/build/message_info
[9.205s] [  1%] [34m[1mGenerating C code for ROS interfaces[0m
[9.257s] [  3%] [34m[1mGenerating C++ code for ROS interfaces[0m
[11.431s] [  3%] Built target message_info__cpp
[11.496s] [  5%] [34m[1mGenerating C++ introspection for ROS interfaces[0m
[11.518s] [  7%] [34m[1mGenerating C++ type support for eProsima Fast-RTPS[0m
[11.528s] [35m[1mScanning dependencies of target message_info__rosidl_generator_c[0m
[11.537s] [  9%] [34m[1mGenerating C++ type support dispatch for ROS interfaces[0m
[11.619s] [ 10%] [32mBuilding C object CMakeFiles/message_info__rosidl_generator_c.dir/rosidl_generator_c/message_info/msg/detail/robot_command__functions.c.o[0m
[11.852s] [ 12%] [32mBuilding C object CMakeFiles/message_info__rosidl_generator_c.dir/rosidl_generator_c/message_info/msg/detail/robot_commands__functions.c.o[0m
[12.078s] [ 14%] [32mBuilding C object CMakeFiles/message_info__rosidl_generator_c.dir/rosidl_generator_c/message_info/msg/detail/real_commands__functions.c.o[0m
[12.300s] [ 16%] [32mBuilding C object CMakeFiles/message_info__rosidl_generator_c.dir/rosidl_generator_c/message_info/msg/detail/slave__functions.c.o[0m
[12.495s] [ 18%] [32m[1mLinking C shared library libmessage_info__rosidl_generator_c.so[0m
[12.710s] [ 18%] Built target message_info__rosidl_generator_c
[12.773s] [ 20%] [34m[1mGenerating C introspection for ROS interfaces[0m
[13.516s] [35m[1mScanning dependencies of target message_info__rosidl_typesupport_cpp[0m
[13.625s] [ 21%] [32mBuilding CXX object CMakeFiles/message_info__rosidl_typesupport_cpp.dir/rosidl_typesupport_cpp/message_info/msg/robot_command__type_support.cpp.o[0m
[13.770s] [35m[1mScanning dependencies of target message_info__rosidl_typesupport_introspection_cpp[0m
[13.865s] [ 23%] [32mBuilding CXX object CMakeFiles/message_info__rosidl_typesupport_introspection_cpp.dir/rosidl_typesupport_introspection_cpp/message_info/msg/detail/robot_command__type_support.cpp.o[0m
[13.987s] [35m[1mScanning dependencies of target message_info__rosidl_typesupport_fastrtps_cpp[0m
[14.085s] [ 25%] [32mBuilding CXX object CMakeFiles/message_info__rosidl_typesupport_fastrtps_cpp.dir/rosidl_typesupport_fastrtps_cpp/message_info/msg/detail/dds_fastrtps/robot_command__type_support.cpp.o[0m
[15.233s] [35m[1mScanning dependencies of target message_info__rosidl_typesupport_introspection_c[0m
[15.315s] [ 27%] [32mBuilding CXX object CMakeFiles/message_info__rosidl_typesupport_cpp.dir/rosidl_typesupport_cpp/message_info/msg/robot_commands__type_support.cpp.o[0m
[15.337s] [ 29%] [32mBuilding C object CMakeFiles/message_info__rosidl_typesupport_introspection_c.dir/rosidl_typesupport_introspection_c/message_info/msg/detail/robot_command__type_support.c.o[0m
[15.530s] [ 30%] [32mBuilding C object CMakeFiles/message_info__rosidl_typesupport_introspection_c.dir/rosidl_typesupport_introspection_c/message_info/msg/detail/robot_commands__type_support.c.o[0m
[15.539s] [ 32%] [32mBuilding CXX object CMakeFiles/message_info__rosidl_typesupport_introspection_cpp.dir/rosidl_typesupport_introspection_cpp/message_info/msg/detail/robot_commands__type_support.cpp.o[0m
[15.732s] [ 34%] [32mBuilding C object CMakeFiles/message_info__rosidl_typesupport_introspection_c.dir/rosidl_typesupport_introspection_c/message_info/msg/detail/real_commands__type_support.c.o[0m
[15.934s] [ 36%] [32mBuilding C object CMakeFiles/message_info__rosidl_typesupport_introspection_c.dir/rosidl_typesupport_introspection_c/message_info/msg/detail/slave__type_support.c.o[0m
[16.131s] [ 38%] [32m[1mLinking C shared library libmessage_info__rosidl_typesupport_introspection_c.so[0m
[16.346s] [ 38%] Built target message_info__rosidl_typesupport_introspection_c
[16.403s] [ 40%] [32mBuilding CXX object CMakeFiles/message_info__rosidl_typesupport_introspection_cpp.dir/rosidl_typesupport_introspection_cpp/message_info/msg/detail/real_commands__type_support.cpp.o[0m
[16.717s] [ 41%] [32mBuilding CXX object CMakeFiles/message_info__rosidl_typesupport_fastrtps_cpp.dir/rosidl_typesupport_fastrtps_cpp/message_info/msg/detail/dds_fastrtps/robot_commands__type_support.cpp.o[0m
[17.063s] [ 43%] [32mBuilding CXX object CMakeFiles/message_info__rosidl_typesupport_cpp.dir/rosidl_typesupport_cpp/message_info/msg/real_commands__type_support.cpp.o[0m
[17.340s] [ 45%] [32mBuilding CXX object CMakeFiles/message_info__rosidl_typesupport_cpp.dir/rosidl_typesupport_cpp/message_info/msg/slave__type_support.cpp.o[0m
[18.053s] [ 47%] [32mBuilding CXX object CMakeFiles/message_info__rosidl_typesupport_introspection_cpp.dir/rosidl_typesupport_introspection_cpp/message_info/msg/detail/slave__type_support.cpp.o[0m
[18.784s] [ 49%] [34m[1mGenerating C type support dispatch for ROS interfaces[0m
[19.034s] [ 50%] [32m[1mLinking CXX shared library libmessage_info__rosidl_typesupport_cpp.so[0m
[19.281s] [ 50%] Built target message_info__rosidl_typesupport_cpp
[19.305s] [ 52%] [32mBuilding CXX object CMakeFiles/message_info__rosidl_typesupport_fastrtps_cpp.dir/rosidl_typesupport_fastrtps_cpp/message_info/msg/detail/dds_fastrtps/real_commands__type_support.cpp.o[0m
[19.348s] [ 54%] [32mBuilding CXX object CMakeFiles/message_info__rosidl_typesupport_fastrtps_cpp.dir/rosidl_typesupport_fastrtps_cpp/message_info/msg/detail/dds_fastrtps/slave__type_support.cpp.o[0m
[19.833s] [ 56%] [32m[1mLinking CXX shared library libmessage_info__rosidl_typesupport_introspection_cpp.so[0m
[20.204s] [ 56%] Built target message_info__rosidl_typesupport_introspection_cpp
[20.802s] [35m[1mScanning dependencies of target message_info__rosidl_typesupport_c[0m
[20.878s] [ 58%] [32mBuilding CXX object CMakeFiles/message_info__rosidl_typesupport_c.dir/rosidl_typesupport_c/message_info/msg/robot_command__type_support.cpp.o[0m
[20.888s] [ 60%] [32mBuilding CXX object CMakeFiles/message_info__rosidl_typesupport_c.dir/rosidl_typesupport_c/message_info/msg/robot_commands__type_support.cpp.o[0m
[21.072s] [ 61%] [32mBuilding CXX object CMakeFiles/message_info__rosidl_typesupport_c.dir/rosidl_typesupport_c/message_info/msg/real_commands__type_support.cpp.o[0m
[21.082s] [ 63%] [32mBuilding CXX object CMakeFiles/message_info__rosidl_typesupport_c.dir/rosidl_typesupport_c/message_info/msg/slave__type_support.cpp.o[0m
[21.260s] [ 65%] [32m[1mLinking CXX shared library libmessage_info__rosidl_typesupport_c.so[0m
[21.488s] [ 65%] Built target message_info__rosidl_typesupport_c
[21.797s] [ 67%] [32m[1mLinking CXX shared library libmessage_info__rosidl_typesupport_fastrtps_cpp.so[0m
[22.199s] [ 67%] Built target message_info__rosidl_typesupport_fastrtps_cpp
[22.258s] [ 69%] [34m[1mGenerating C type support for eProsima Fast-RTPS[0m
[24.006s] [35m[1mScanning dependencies of target message_info__rosidl_typesupport_fastrtps_c[0m
[24.113s] [ 70%] [32mBuilding CXX object CMakeFiles/message_info__rosidl_typesupport_fastrtps_c.dir/rosidl_typesupport_fastrtps_c/message_info/msg/detail/robot_command__type_support_c.cpp.o[0m
[24.122s] [ 72%] [32mBuilding CXX object CMakeFiles/message_info__rosidl_typesupport_fastrtps_c.dir/rosidl_typesupport_fastrtps_c/message_info/msg/detail/robot_commands__type_support_c.cpp.o[0m
[24.128s] [ 74%] [32mBuilding CXX object CMakeFiles/message_info__rosidl_typesupport_fastrtps_c.dir/rosidl_typesupport_fastrtps_c/message_info/msg/detail/slave__type_support_c.cpp.o[0m
[24.146s] [ 76%] [32mBuilding CXX object CMakeFiles/message_info__rosidl_typesupport_fastrtps_c.dir/rosidl_typesupport_fastrtps_c/message_info/msg/detail/real_commands__type_support_c.cpp.o[0m
[26.285s] [ 78%] [32m[1mLinking CXX shared library libmessage_info__rosidl_typesupport_fastrtps_c.so[0m
[26.680s] [ 78%] Built target message_info__rosidl_typesupport_fastrtps_c
[26.787s] [ 78%] Built target message_info
[26.893s] [ 80%] [34m[1mGenerating Python code for ROS interfaces[0m
[30.217s] [ 80%] Built target message_info__py
[30.275s] [35m[1mScanning dependencies of target message_info__python[0m
[30.389s] [ 81%] [32mBuilding C object CMakeFiles/message_info__python.dir/rosidl_generator_py/message_info/msg/_robot_command_s.c.o[0m
[30.405s] [ 83%] [32mBuilding C object CMakeFiles/message_info__python.dir/rosidl_generator_py/message_info/msg/_real_commands_s.c.o[0m
[30.410s] [ 85%] [32mBuilding C object CMakeFiles/message_info__python.dir/rosidl_generator_py/message_info/msg/_robot_commands_s.c.o[0m
[30.425s] [ 87%] [32mBuilding C object CMakeFiles/message_info__python.dir/rosidl_generator_py/message_info/msg/_slave_s.c.o[0m
[30.952s] [ 89%] [32m[1mLinking C shared library rosidl_generator_py/message_info/libmessage_info__python.so[0m
[31.194s] [ 89%] Built target message_info__python
[31.249s] [35m[1mScanning dependencies of target message_info__rosidl_typesupport_c__pyext[0m
[31.250s] [35m[1mScanning dependencies of target message_info__rosidl_typesupport_introspection_c__pyext[0m
[31.252s] [35m[1mScanning dependencies of target message_info__rosidl_typesupport_fastrtps_c__pyext[0m
[31.334s] [ 90%] [32mBuilding C object CMakeFiles/message_info__rosidl_typesupport_c__pyext.dir/rosidl_generator_py/message_info/_message_info_s.ep.rosidl_typesupport_c.c.o[0m
[31.366s] [ 92%] [32mBuilding C object CMakeFiles/message_info__rosidl_typesupport_introspection_c__pyext.dir/rosidl_generator_py/message_info/_message_info_s.ep.rosidl_typesupport_introspection_c.c.o[0m
[31.381s] [ 94%] [32mBuilding C object CMakeFiles/message_info__rosidl_typesupport_fastrtps_c__pyext.dir/rosidl_generator_py/message_info/_message_info_s.ep.rosidl_typesupport_fastrtps_c.c.o[0m
[31.800s] [ 96%] [32m[1mLinking C shared library rosidl_generator_py/message_info/message_info_s__rosidl_typesupport_c.cpython-38-aarch64-linux-gnu.so[0m
[31.833s] [ 98%] [32m[1mLinking C shared library rosidl_generator_py/message_info/message_info_s__rosidl_typesupport_introspection_c.cpython-38-aarch64-linux-gnu.so[0m
[31.888s] [100%] [32m[1mLinking CXX shared library rosidl_generator_py/message_info/message_info_s__rosidl_typesupport_fastrtps_c.cpython-38-aarch64-linux-gnu.so[0m
[32.089s] [100%] Built target message_info__rosidl_typesupport_c__pyext
[32.123s] [100%] Built target message_info__rosidl_typesupport_introspection_c__pyext
[32.338s] [100%] Built target message_info__rosidl_typesupport_fastrtps_c__pyext
[32.388s] Invoked command in '/home/ubuntu/ws/Libero/build/message_info' returned '0': CMAKE_PREFIX_PATH=${CMAKE_PREFIX_PATH}:/home/ubuntu/ws/Libero/install/main:/home/ubuntu/ws/SSLRasp/install/rasp:/opt/ros/foxy /usr/bin/cmake --build /home/ubuntu/ws/Libero/build/message_info -- -j4 -l4
[33.204s] Invoking command in '/home/ubuntu/ws/Libero/build/message_info': CMAKE_PREFIX_PATH=${CMAKE_PREFIX_PATH}:/home/ubuntu/ws/Libero/install/main:/home/ubuntu/ws/SSLRasp/install/rasp:/opt/ros/foxy /usr/bin/cmake --install /home/ubuntu/ws/Libero/build/message_info
[33.246s] -- Install configuration: ""
[33.247s] -- Up-to-date: /home/ubuntu/ws/Libero/install/message_info/share/ament_index/resource_index/rosidl_interfaces/message_info
[33.247s] -- Up-to-date: /home/ubuntu/ws/Libero/install/message_info/include/message_info
[33.248s] -- Up-to-date: /home/ubuntu/ws/Libero/install/message_info/include/message_info/msg
[33.248s] -- Installing: /home/ubuntu/ws/Libero/install/message_info/include/message_info/msg/robot_command.h
[33.249s] -- Up-to-date: /home/ubuntu/ws/Libero/install/message_info/include/message_info/msg/detail
[33.249s] -- Installing: /home/ubuntu/ws/Libero/install/message_info/include/message_info/msg/detail/robot_commands__functions.c
[33.250s] -- Installing: /home/ubuntu/ws/Libero/install/message_info/include/message_info/msg/detail/robot_command__functions.h
[33.251s] -- Installing: /home/ubuntu/ws/Libero/install/message_info/include/message_info/msg/detail/slave__functions.h
[33.252s] -- Installing: /home/ubuntu/ws/Libero/install/message_info/include/message_info/msg/detail/real_commands__type_support.h
[33.253s] -- Installing: /home/ubuntu/ws/Libero/install/message_info/include/message_info/msg/detail/robot_command__functions.c
[33.254s] -- Installing: /home/ubuntu/ws/Libero/install/message_info/include/message_info/msg/detail/robot_command__type_support.h
[33.255s] -- Installing: /home/ubuntu/ws/Libero/install/message_info/include/message_info/msg/detail/slave__functions.c
[33.256s] -- Installing: /home/ubuntu/ws/Libero/install/message_info/include/message_info/msg/detail/real_commands__struct.h
[33.257s] -- Installing: /home/ubuntu/ws/Libero/install/message_info/include/message_info/msg/detail/robot_commands__functions.h
[33.258s] -- Installing: /home/ubuntu/ws/Libero/install/message_info/include/message_info/msg/detail/slave__type_support.h
[33.259s] -- Installing: /home/ubuntu/ws/Libero/install/message_info/include/message_info/msg/detail/robot_commands__type_support.h
[33.260s] -- Installing: /home/ubuntu/ws/Libero/install/message_info/include/message_info/msg/detail/robot_command__struct.h
[33.261s] -- Installing: /home/ubuntu/ws/Libero/install/message_info/include/message_info/msg/detail/real_commands__functions.c
[33.262s] -- Installing: /home/ubuntu/ws/Libero/install/message_info/include/message_info/msg/detail/robot_commands__struct.h
[33.263s] -- Installing: /home/ubuntu/ws/Libero/install/message_info/include/message_info/msg/detail/real_commands__functions.h
[33.264s] -- Installing: /home/ubuntu/ws/Libero/install/message_info/include/message_info/msg/detail/slave__struct.h
[33.265s] -- Up-to-date: /home/ubuntu/ws/Libero/install/message_info/include/message_info/msg/rosidl_generator_c__visibility_control.h
[33.265s] -- Installing: /home/ubuntu/ws/Libero/install/message_info/include/message_info/msg/slave.h
[33.266s] -- Installing: /home/ubuntu/ws/Libero/install/message_info/include/message_info/msg/real_commands.h
[33.267s] -- Installing: /home/ubuntu/ws/Libero/install/message_info/include/message_info/msg/robot_commands.h
[33.268s] -- Up-to-date: /home/ubuntu/ws/Libero/install/message_info/share/message_info/environment/library_path.sh
[33.269s] -- Installing: /home/ubuntu/ws/Libero/install/message_info/share/message_info/environment/library_path.dsv
[33.271s] -- Installing: /home/ubuntu/ws/Libero/install/message_info/lib/libmessage_info__rosidl_generator_c.so
[33.273s] -- Set runtime path of "/home/ubuntu/ws/Libero/install/message_info/lib/libmessage_info__rosidl_generator_c.so" to ""
[33.274s] -- Up-to-date: /home/ubuntu/ws/Libero/install/message_info/include/message_info
[33.274s] -- Up-to-date: /home/ubuntu/ws/Libero/install/message_info/include/message_info/msg
[33.274s] -- Up-to-date: /home/ubuntu/ws/Libero/install/message_info/include/message_info/msg/detail
[33.275s] -- Installing: /home/ubuntu/ws/Libero/install/message_info/include/message_info/msg/detail/real_commands__rosidl_typesupport_fastrtps_c.h
[33.276s] -- Installing: /home/ubuntu/ws/Libero/install/message_info/include/message_info/msg/detail/robot_command__rosidl_typesupport_fastrtps_c.h
[33.277s] -- Installing: /home/ubuntu/ws/Libero/install/message_info/include/message_info/msg/detail/slave__rosidl_typesupport_fastrtps_c.h
[33.278s] -- Installing: /home/ubuntu/ws/Libero/install/message_info/include/message_info/msg/detail/robot_commands__rosidl_typesupport_fastrtps_c.h
[33.279s] -- Up-to-date: /home/ubuntu/ws/Libero/install/message_info/include/message_info/msg/rosidl_typesupport_fastrtps_c__visibility_control.h
[33.280s] -- Installing: /home/ubuntu/ws/Libero/install/message_info/lib/libmessage_info__rosidl_typesupport_fastrtps_c.so
[33.283s] -- Set runtime path of "/home/ubuntu/ws/Libero/install/message_info/lib/libmessage_info__rosidl_typesupport_fastrtps_c.so" to ""
[33.284s] -- Up-to-date: /home/ubuntu/ws/Libero/install/message_info/include/message_info
[33.284s] -- Up-to-date: /home/ubuntu/ws/Libero/install/message_info/include/message_info/msg
[33.284s] -- Up-to-date: /home/ubuntu/ws/Libero/install/message_info/include/message_info/msg/detail
[33.285s] -- Installing: /home/ubuntu/ws/Libero/install/message_info/include/message_info/msg/detail/real_commands__rosidl_typesupport_fastrtps_cpp.hpp
[33.286s] -- Up-to-date: /home/ubuntu/ws/Libero/install/message_info/include/message_info/msg/detail/dds_fastrtps
[33.286s] -- Installing: /home/ubuntu/ws/Libero/install/message_info/include/message_info/msg/detail/robot_command__rosidl_typesupport_fastrtps_cpp.hpp
[33.287s] -- Installing: /home/ubuntu/ws/Libero/install/message_info/include/message_info/msg/detail/robot_commands__rosidl_typesupport_fastrtps_cpp.hpp
[33.288s] -- Installing: /home/ubuntu/ws/Libero/install/message_info/include/message_info/msg/detail/slave__rosidl_typesupport_fastrtps_cpp.hpp
[33.290s] -- Up-to-date: /home/ubuntu/ws/Libero/install/message_info/include/message_info/msg/rosidl_typesupport_fastrtps_cpp__visibility_control.h
[33.291s] -- Installing: /home/ubuntu/ws/Libero/install/message_info/lib/libmessage_info__rosidl_typesupport_fastrtps_cpp.so
[33.294s] -- Set runtime path of "/home/ubuntu/ws/Libero/install/message_info/lib/libmessage_info__rosidl_typesupport_fastrtps_cpp.so" to ""
[33.294s] -- Up-to-date: /home/ubuntu/ws/Libero/install/message_info/include/message_info
[33.295s] -- Up-to-date: /home/ubuntu/ws/Libero/install/message_info/include/message_info/msg
[33.295s] -- Up-to-date: /home/ubuntu/ws/Libero/install/message_info/include/message_info/msg/detail
[33.295s] -- Installing: /home/ubuntu/ws/Libero/install/message_info/include/message_info/msg/detail/robot_command__rosidl_typesupport_introspection_c.h
[33.296s] -- Installing: /home/ubuntu/ws/Libero/install/message_info/include/message_info/msg/detail/robot_command__type_support.c
[33.297s] -- Installing: /home/ubuntu/ws/Libero/install/message_info/include/message_info/msg/detail/robot_commands__type_support.c
[33.298s] -- Installing: /home/ubuntu/ws/Libero/install/message_info/include/message_info/msg/detail/real_commands__rosidl_typesupport_introspection_c.h
[33.300s] -- Installing: /home/ubuntu/ws/Libero/install/message_info/include/message_info/msg/detail/slave__rosidl_typesupport_introspection_c.h
[33.301s] -- Installing: /home/ubuntu/ws/Libero/install/message_info/include/message_info/msg/detail/real_commands__type_support.c
[33.302s] -- Installing: /home/ubuntu/ws/Libero/install/message_info/include/message_info/msg/detail/slave__type_support.c
[33.303s] -- Installing: /home/ubuntu/ws/Libero/install/message_info/include/message_info/msg/detail/robot_commands__rosidl_typesupport_introspection_c.h
[33.304s] -- Up-to-date: /home/ubuntu/ws/Libero/install/message_info/include/message_info/msg/rosidl_typesupport_introspection_c__visibility_control.h
[33.305s] -- Installing: /home/ubuntu/ws/Libero/install/message_info/lib/libmessage_info__rosidl_typesupport_introspection_c.so
[33.308s] -- Set runtime path of "/home/ubuntu/ws/Libero/install/message_info/lib/libmessage_info__rosidl_typesupport_introspection_c.so" to ""
[33.309s] -- Installing: /home/ubuntu/ws/Libero/install/message_info/lib/libmessage_info__rosidl_typesupport_c.so
[33.311s] -- Set runtime path of "/home/ubuntu/ws/Libero/install/message_info/lib/libmessage_info__rosidl_typesupport_c.so" to ""
[33.312s] -- Up-to-date: /home/ubuntu/ws/Libero/install/message_info/include/message_info
[33.312s] -- Up-to-date: /home/ubuntu/ws/Libero/install/message_info/include/message_info/msg
[33.313s] -- Installing: /home/ubuntu/ws/Libero/install/message_info/include/message_info/msg/real_commands.hpp
[33.313s] -- Up-to-date: /home/ubuntu/ws/Libero/install/message_info/include/message_info/msg/detail
[33.314s] -- Installing: /home/ubuntu/ws/Libero/install/message_info/include/message_info/msg/detail/robot_command__struct.hpp
[33.315s] -- Installing: /home/ubuntu/ws/Libero/install/message_info/include/message_info/msg/detail/slave__struct.hpp
[33.316s] -- Installing: /home/ubuntu/ws/Libero/install/message_info/include/message_info/msg/detail/slave__traits.hpp
[33.317s] -- Installing: /home/ubuntu/ws/Libero/install/message_info/include/message_info/msg/detail/robot_commands__traits.hpp
[33.318s] -- Installing: /home/ubuntu/ws/Libero/install/message_info/include/message_info/msg/detail/robot_command__traits.hpp
[33.319s] -- Installing: /home/ubuntu/ws/Libero/install/message_info/include/message_info/msg/detail/robot_commands__struct.hpp
[33.320s] -- Installing: /home/ubuntu/ws/Libero/install/message_info/include/message_info/msg/detail/real_commands__traits.hpp
[33.321s] -- Installing: /home/ubuntu/ws/Libero/install/message_info/include/message_info/msg/detail/slave__builder.hpp
[33.322s] -- Installing: /home/ubuntu/ws/Libero/install/message_info/include/message_info/msg/detail/robot_command__builder.hpp
[33.323s] -- Installing: /home/ubuntu/ws/Libero/install/message_info/include/message_info/msg/detail/real_commands__builder.hpp
[33.324s] -- Installing: /home/ubuntu/ws/Libero/install/message_info/include/message_info/msg/detail/robot_commands__builder.hpp
[33.325s] -- Installing: /home/ubuntu/ws/Libero/install/message_info/include/message_info/msg/detail/real_commands__struct.hpp
[33.326s] -- Installing: /home/ubuntu/ws/Libero/install/message_info/include/message_info/msg/robot_commands.hpp
[33.327s] -- Installing: /home/ubuntu/ws/Libero/install/message_info/include/message_info/msg/robot_command.hpp
[33.328s] -- Installing: /home/ubuntu/ws/Libero/install/message_info/include/message_info/msg/slave.hpp
[33.329s] -- Up-to-date: /home/ubuntu/ws/Libero/install/message_info/include/message_info
[33.329s] -- Up-to-date: /home/ubuntu/ws/Libero/install/message_info/include/message_info/msg
[33.330s] -- Up-to-date: /home/ubuntu/ws/Libero/install/message_info/include/message_info/msg/detail
[33.330s] -- Installing: /home/ubuntu/ws/Libero/install/message_info/include/message_info/msg/detail/robot_command__rosidl_typesupport_introspection_cpp.hpp
[33.331s] -- Installing: /home/ubuntu/ws/Libero/install/message_info/include/message_info/msg/detail/real_commands__type_support.cpp
[33.332s] -- Installing: /home/ubuntu/ws/Libero/install/message_info/include/message_info/msg/detail/slave__rosidl_typesupport_introspection_cpp.hpp
[33.333s] -- Installing: /home/ubuntu/ws/Libero/install/message_info/include/message_info/msg/detail/robot_commands__rosidl_typesupport_introspection_cpp.hpp
[33.335s] -- Installing: /home/ubuntu/ws/Libero/install/message_info/include/message_info/msg/detail/slave__type_support.cpp
[33.336s] -- Installing: /home/ubuntu/ws/Libero/install/message_info/include/message_info/msg/detail/real_commands__rosidl_typesupport_introspection_cpp.hpp
[33.337s] -- Installing: /home/ubuntu/ws/Libero/install/message_info/include/message_info/msg/detail/robot_commands__type_support.cpp
[33.338s] -- Installing: /home/ubuntu/ws/Libero/install/message_info/include/message_info/msg/detail/robot_command__type_support.cpp
[33.340s] -- Installing: /home/ubuntu/ws/Libero/install/message_info/lib/libmessage_info__rosidl_typesupport_introspection_cpp.so
[33.343s] -- Set runtime path of "/home/ubuntu/ws/Libero/install/message_info/lib/libmessage_info__rosidl_typesupport_introspection_cpp.so" to ""
[33.344s] -- Installing: /home/ubuntu/ws/Libero/install/message_info/lib/libmessage_info__rosidl_typesupport_cpp.so
[33.346s] -- Set runtime path of "/home/ubuntu/ws/Libero/install/message_info/lib/libmessage_info__rosidl_typesupport_cpp.so" to ""
[33.347s] -- Up-to-date: /home/ubuntu/ws/Libero/install/message_info/share/message_info/environment/pythonpath.sh
[33.347s] -- Installing: /home/ubuntu/ws/Libero/install/message_info/share/message_info/environment/pythonpath.dsv
[33.349s] -- Installing: /home/ubuntu/ws/Libero/install/message_info/lib/python3.8/site-packages/message_info/__init__.py
[33.496s] Compiling '/home/ubuntu/ws/Libero/install/message_info/lib/python3.8/site-packages/message_info/__init__.py'...
[33.518s] -- Up-to-date: /home/ubuntu/ws/Libero/install/message_info/lib/python3.8/site-packages/message_info/msg
[33.518s] -- Installing: /home/ubuntu/ws/Libero/install/message_info/lib/python3.8/site-packages/message_info/msg/_robot_commands.py
[33.519s] -- Installing: /home/ubuntu/ws/Libero/install/message_info/lib/python3.8/site-packages/message_info/msg/_robot_command.py
[33.520s] -- Installing: /home/ubuntu/ws/Libero/install/message_info/lib/python3.8/site-packages/message_info/msg/_slave.py
[33.521s] -- Installing: /home/ubuntu/ws/Libero/install/message_info/lib/python3.8/site-packages/message_info/msg/__init__.py
[33.522s] -- Installing: /home/ubuntu/ws/Libero/install/message_info/lib/python3.8/site-packages/message_info/msg/_robot_commands_s.c
[33.523s] -- Installing: /home/ubuntu/ws/Libero/install/message_info/lib/python3.8/site-packages/message_info/msg/_slave_s.c
[33.524s] -- Installing: /home/ubuntu/ws/Libero/install/message_info/lib/python3.8/site-packages/message_info/msg/_real_commands_s.c
[33.525s] -- Installing: /home/ubuntu/ws/Libero/install/message_info/lib/python3.8/site-packages/message_info/msg/_real_commands.py
[33.527s] -- Installing: /home/ubuntu/ws/Libero/install/message_info/lib/python3.8/site-packages/message_info/msg/_robot_command_s.c
[33.529s] -- Installing: /home/ubuntu/ws/Libero/install/message_info/lib/python3.8/site-packages/message_info/message_info_s__rosidl_typesupport_fastrtps_c.cpython-38-aarch64-linux-gnu.so
[33.533s] -- Set runtime path of "/home/ubuntu/ws/Libero/install/message_info/lib/python3.8/site-packages/message_info/message_info_s__rosidl_typesupport_fastrtps_c.cpython-38-aarch64-linux-gnu.so" to ""
[33.534s] -- Installing: /home/ubuntu/ws/Libero/install/message_info/lib/python3.8/site-packages/message_info/message_info_s__rosidl_typesupport_introspection_c.cpython-38-aarch64-linux-gnu.so
[33.538s] -- Set runtime path of "/home/ubuntu/ws/Libero/install/message_info/lib/python3.8/site-packages/message_info/message_info_s__rosidl_typesupport_introspection_c.cpython-38-aarch64-linux-gnu.so" to ""
[33.540s] -- Installing: /home/ubuntu/ws/Libero/install/message_info/lib/python3.8/site-packages/message_info/message_info_s__rosidl_typesupport_c.cpython-38-aarch64-linux-gnu.so
[33.543s] -- Set runtime path of "/home/ubuntu/ws/Libero/install/message_info/lib/python3.8/site-packages/message_info/message_info_s__rosidl_typesupport_c.cpython-38-aarch64-linux-gnu.so" to ""
[33.544s] -- Installing: /home/ubuntu/ws/Libero/install/message_info/lib/libmessage_info__python.so
[33.546s] -- Set runtime path of "/home/ubuntu/ws/Libero/install/message_info/lib/libmessage_info__python.so" to ""
[33.547s] -- Up-to-date: /home/ubuntu/ws/Libero/install/message_info/share/message_info/msg/RobotCommand.idl
[33.547s] -- Up-to-date: /home/ubuntu/ws/Libero/install/message_info/share/message_info/msg/RobotCommands.idl
[33.548s] -- Up-to-date: /home/ubuntu/ws/Libero/install/message_info/share/message_info/msg/RealCommands.idl
[33.548s] -- Installing: /home/ubuntu/ws/Libero/install/message_info/share/message_info/msg/Slave.idl
[33.549s] -- Up-to-date: /home/ubuntu/ws/Libero/install/message_info/share/message_info/msg/RobotCommand.msg
[33.550s] -- Up-to-date: /home/ubuntu/ws/Libero/install/message_info/share/message_info/msg/RobotCommands.msg
[33.550s] -- Up-to-date: /home/ubuntu/ws/Libero/install/message_info/share/message_info/msg/RealCommands.msg
[33.551s] -- Installing: /home/ubuntu/ws/Libero/install/message_info/share/message_info/msg/Slave.msg
[33.552s] -- Up-to-date: /home/ubuntu/ws/Libero/install/message_info/share/ament_index/resource_index/package_run_dependencies/message_info
[33.552s] -- Up-to-date: /home/ubuntu/ws/Libero/install/message_info/share/ament_index/resource_index/parent_prefix_path/message_info
[33.553s] -- Up-to-date: /home/ubuntu/ws/Libero/install/message_info/share/message_info/environment/ament_prefix_path.sh
[33.553s] -- Installing: /home/ubuntu/ws/Libero/install/message_info/share/message_info/environment/ament_prefix_path.dsv
[33.554s] -- Up-to-date: /home/ubuntu/ws/Libero/install/message_info/share/message_info/environment/path.sh
[33.555s] -- Installing: /home/ubuntu/ws/Libero/install/message_info/share/message_info/environment/path.dsv
[33.556s] -- Up-to-date: /home/ubuntu/ws/Libero/install/message_info/share/message_info/local_setup.bash
[33.556s] -- Up-to-date: /home/ubuntu/ws/Libero/install/message_info/share/message_info/local_setup.sh
[33.557s] -- Up-to-date: /home/ubuntu/ws/Libero/install/message_info/share/message_info/local_setup.zsh
[33.557s] -- Installing: /home/ubuntu/ws/Libero/install/message_info/share/message_info/local_setup.dsv
[33.558s] -- Installing: /home/ubuntu/ws/Libero/install/message_info/share/message_info/package.dsv
[33.560s] -- Up-to-date: /home/ubuntu/ws/Libero/install/message_info/share/ament_index/resource_index/packages/message_info
[33.560s] -- Up-to-date: /home/ubuntu/ws/Libero/install/message_info/share/message_info/cmake/message_info__rosidl_generator_cExport.cmake
[33.561s] -- Installing: /home/ubuntu/ws/Libero/install/message_info/share/message_info/cmake/message_info__rosidl_generator_cExport-noconfig.cmake
[33.563s] -- Up-to-date: /home/ubuntu/ws/Libero/install/message_info/share/message_info/cmake/message_info__rosidl_typesupport_introspection_cExport.cmake
[33.563s] -- Installing: /home/ubuntu/ws/Libero/install/message_info/share/message_info/cmake/message_info__rosidl_typesupport_introspection_cExport-noconfig.cmake
[33.565s] -- Up-to-date: /home/ubuntu/ws/Libero/install/message_info/share/message_info/cmake/message_info__rosidl_typesupport_cExport.cmake
[33.566s] -- Installing: /home/ubuntu/ws/Libero/install/message_info/share/message_info/cmake/message_info__rosidl_typesupport_cExport-noconfig.cmake
[33.568s] -- Up-to-date: /home/ubuntu/ws/Libero/install/message_info/share/message_info/cmake/message_info__rosidl_generator_cppExport.cmake
[33.569s] -- Up-to-date: /home/ubuntu/ws/Libero/install/message_info/share/message_info/cmake/message_info__rosidl_typesupport_introspection_cppExport.cmake
[33.569s] -- Installing: /home/ubuntu/ws/Libero/install/message_info/share/message_info/cmake/message_info__rosidl_typesupport_introspection_cppExport-noconfig.cmake
[33.571s] -- Up-to-date: /home/ubuntu/ws/Libero/install/message_info/share/message_info/cmake/message_info__rosidl_typesupport_cppExport.cmake
[33.572s] -- Installing: /home/ubuntu/ws/Libero/install/message_info/share/message_info/cmake/message_info__rosidl_typesupport_cppExport-noconfig.cmake
[33.573s] -- Up-to-date: /home/ubuntu/ws/Libero/install/message_info/share/message_info/cmake/rosidl_cmake-extras.cmake
[33.573s] -- Up-to-date: /home/ubuntu/ws/Libero/install/message_info/share/message_info/cmake/ament_cmake_export_dependencies-extras.cmake
[33.574s] -- Up-to-date: /home/ubuntu/ws/Libero/install/message_info/share/message_info/cmake/ament_cmake_export_libraries-extras.cmake
[33.574s] -- Up-to-date: /home/ubuntu/ws/Libero/install/message_info/share/message_info/cmake/ament_cmake_export_targets-extras.cmake
[33.575s] -- Up-to-date: /home/ubuntu/ws/Libero/install/message_info/share/message_info/cmake/ament_cmake_export_include_directories-extras.cmake
[33.576s] -- Up-to-date: /home/ubuntu/ws/Libero/install/message_info/share/message_info/cmake/rosidl_cmake_export_typesupport_libraries-extras.cmake
[33.576s] -- Up-to-date: /home/ubuntu/ws/Libero/install/message_info/share/message_info/cmake/rosidl_cmake_export_typesupport_targets-extras.cmake
[33.576s] -- Up-to-date: /home/ubuntu/ws/Libero/install/message_info/share/message_info/cmake/message_infoConfig.cmake
[33.577s] -- Up-to-date: /home/ubuntu/ws/Libero/install/message_info/share/message_info/cmake/message_infoConfig-version.cmake
[33.577s] -- Up-to-date: /home/ubuntu/ws/Libero/install/message_info/share/message_info/package.xml
[33.588s] Invoked command in '/home/ubuntu/ws/Libero/build/message_info' returned '0': CMAKE_PREFIX_PATH=${CMAKE_PREFIX_PATH}:/home/ubuntu/ws/Libero/install/main:/home/ubuntu/ws/SSLRasp/install/rasp:/opt/ros/foxy /usr/bin/cmake --install /home/ubuntu/ws/Libero/build/message_info
