[1.152s] Invoking command in '/home/ubuntu/ws/Libero/src/main': PYTHONPATH=/home/ubuntu/ws/Libero/install/main/lib/python3.8/site-packages:${PYTHONPATH} /usr/bin/python3 setup.py egg_info --egg-base ../../build/main build --build-base /home/ubuntu/ws/Libero/build/main/build install --prefix /home/ubuntu/ws/Libero/install/main --record /home/ubuntu/ws/Libero/build/main/install.log --single-version-externally-managed
[2.198s] running egg_info
[2.199s] creating ../../build/main/main.egg-info
[2.200s] writing ../../build/main/main.egg-info/PKG-INFO
[2.201s] writing dependency_links to ../../build/main/main.egg-info/dependency_links.txt
[2.202s] writing entry points to ../../build/main/main.egg-info/entry_points.txt
[2.203s] writing requirements to ../../build/main/main.egg-info/requires.txt
[2.203s] writing top-level names to ../../build/main/main.egg-info/top_level.txt
[2.210s] writing manifest file '../../build/main/main.egg-info/SOURCES.txt'
[2.351s] reading manifest file '../../build/main/main.egg-info/SOURCES.txt'
[2.355s] writing manifest file '../../build/main/main.egg-info/SOURCES.txt'
[2.356s] running build
[2.356s] running build_py
[2.357s] creating /home/ubuntu/ws/Libero/build/main/build
[2.357s] creating /home/ubuntu/ws/Libero/build/main/build/lib
[2.358s] creating /home/ubuntu/ws/Libero/build/main/build/lib/python_programs
[2.359s] copying python_programs/__init__.py -> /home/ubuntu/ws/Libero/build/main/build/lib/python_programs
[2.359s] copying python_programs/main.py -> /home/ubuntu/ws/Libero/build/main/build/lib/python_programs
[2.360s] creating /home/ubuntu/ws/Libero/build/main/build/lib/python_programs/switch
[2.360s] copying python_programs/switch/__init__.py -> /home/ubuntu/ws/Libero/build/main/build/lib/python_programs/switch
[2.360s] copying python_programs/switch/limit_switch.py -> /home/ubuntu/ws/Libero/build/main/build/lib/python_programs/switch
[2.364s] creating /home/ubuntu/ws/Libero/build/main/build/lib/python_programs/camera
[2.364s] copying python_programs/camera/__init__.py -> /home/ubuntu/ws/Libero/build/main/build/lib/python_programs/camera
[2.365s] copying python_programs/camera/blob_track.py -> /home/ubuntu/ws/Libero/build/main/build/lib/python_programs/camera
[2.367s] running install
[2.371s] running install_lib
[2.376s] creating /home/ubuntu/ws/Libero/install/main/lib/python3.8/site-packages/python_programs
[2.376s] creating /home/ubuntu/ws/Libero/install/main/lib/python3.8/site-packages/python_programs/camera
[2.377s] copying /home/ubuntu/ws/Libero/build/main/build/lib/python_programs/camera/__init__.py -> /home/ubuntu/ws/Libero/install/main/lib/python3.8/site-packages/python_programs/camera
[2.377s] copying /home/ubuntu/ws/Libero/build/main/build/lib/python_programs/camera/blob_track.py -> /home/ubuntu/ws/Libero/install/main/lib/python3.8/site-packages/python_programs/camera
[2.378s] copying /home/ubuntu/ws/Libero/build/main/build/lib/python_programs/__init__.py -> /home/ubuntu/ws/Libero/install/main/lib/python3.8/site-packages/python_programs
[2.379s] creating /home/ubuntu/ws/Libero/install/main/lib/python3.8/site-packages/python_programs/switch
[2.379s] copying /home/ubuntu/ws/Libero/build/main/build/lib/python_programs/switch/limit_switch.py -> /home/ubuntu/ws/Libero/install/main/lib/python3.8/site-packages/python_programs/switch
[2.380s] copying /home/ubuntu/ws/Libero/build/main/build/lib/python_programs/switch/__init__.py -> /home/ubuntu/ws/Libero/install/main/lib/python3.8/site-packages/python_programs/switch
[2.381s] copying /home/ubuntu/ws/Libero/build/main/build/lib/python_programs/main.py -> /home/ubuntu/ws/Libero/install/main/lib/python3.8/site-packages/python_programs
[2.384s] byte-compiling /home/ubuntu/ws/Libero/install/main/lib/python3.8/site-packages/python_programs/camera/__init__.py to __init__.cpython-38.pyc
[2.389s] byte-compiling /home/ubuntu/ws/Libero/install/main/lib/python3.8/site-packages/python_programs/camera/blob_track.py to blob_track.cpython-38.pyc
[2.391s] byte-compiling /home/ubuntu/ws/Libero/install/main/lib/python3.8/site-packages/python_programs/__init__.py to __init__.cpython-38.pyc
[2.393s] byte-compiling /home/ubuntu/ws/Libero/install/main/lib/python3.8/site-packages/python_programs/switch/limit_switch.py to limit_switch.cpython-38.pyc
[2.394s] byte-compiling /home/ubuntu/ws/Libero/install/main/lib/python3.8/site-packages/python_programs/switch/__init__.py to __init__.cpython-38.pyc
[2.396s] byte-compiling /home/ubuntu/ws/Libero/install/main/lib/python3.8/site-packages/python_programs/main.py to main.cpython-38.pyc
[2.401s] running install_egg_info
[2.408s] Copying ../../build/main/main.egg-info to /home/ubuntu/ws/Libero/install/main/lib/python3.8/site-packages/main-0.0.0-py3.8.egg-info
[2.412s] running install_scripts
[2.482s] Installing main script to /home/ubuntu/ws/Libero/install/main/lib/main
[2.483s] writing list of installed files to '/home/ubuntu/ws/Libero/build/main/install.log'
[2.582s] Invoked command in '/home/ubuntu/ws/Libero/src/main' returned '0': PYTHONPATH=/home/ubuntu/ws/Libero/install/main/lib/python3.8/site-packages:${PYTHONPATH} /usr/bin/python3 setup.py egg_info --egg-base ../../build/main build --build-base /home/ubuntu/ws/Libero/build/main/build install --prefix /home/ubuntu/ws/Libero/install/main --record /home/ubuntu/ws/Libero/build/main/install.log --single-version-externally-managed
