[1.159s] Invoking command in '/home/ubuntu/ws/Libero/src/main': PYTHONPATH=/home/ubuntu/ws/Libero/install/main/lib/python3.8/site-packages:${PYTHONPATH} /usr/bin/python3 setup.py egg_info --egg-base ../../build/main build --build-base /home/ubuntu/ws/Libero/build/main/build install --prefix /home/ubuntu/ws/Libero/install/main --record /home/ubuntu/ws/Libero/build/main/install.log --single-version-externally-managed
[2.339s] running egg_info
[2.343s] writing ../../build/main/main.egg-info/PKG-INFO
[2.345s] writing dependency_links to ../../build/main/main.egg-info/dependency_links.txt
[2.346s] writing entry points to ../../build/main/main.egg-info/entry_points.txt
[2.348s] writing requirements to ../../build/main/main.egg-info/requires.txt
[2.350s] writing top-level names to ../../build/main/main.egg-info/top_level.txt
[2.509s] reading manifest file '../../build/main/main.egg-info/SOURCES.txt'
[2.513s] writing manifest file '../../build/main/main.egg-info/SOURCES.txt'
[2.514s] running build
[2.514s] running build_py
[2.515s] copying python_programs/main.py -> /home/ubuntu/ws/Libero/build/main/build/lib/python_programs
[2.517s] running install
[2.520s] running install_lib
[2.526s] copying /home/ubuntu/ws/Libero/build/main/build/lib/python_programs/main.py -> /home/ubuntu/ws/Libero/install/main/lib/python3.8/site-packages/python_programs
[2.529s] byte-compiling /home/ubuntu/ws/Libero/install/main/lib/python3.8/site-packages/python_programs/main.py to main.cpython-38.pyc
[2.540s] running install_egg_info
[2.547s] removing '/home/ubuntu/ws/Libero/install/main/lib/python3.8/site-packages/main-0.0.0-py3.8.egg-info' (and everything under it)
[2.549s] Copying ../../build/main/main.egg-info to /home/ubuntu/ws/Libero/install/main/lib/python3.8/site-packages/main-0.0.0-py3.8.egg-info
[2.554s] running install_scripts
[2.627s] Installing main script to /home/ubuntu/ws/Libero/install/main/lib/main
[2.629s] writing list of installed files to '/home/ubuntu/ws/Libero/build/main/install.log'
[2.732s] Invoked command in '/home/ubuntu/ws/Libero/src/main' returned '0': PYTHONPATH=/home/ubuntu/ws/Libero/install/main/lib/python3.8/site-packages:${PYTHONPATH} /usr/bin/python3 setup.py egg_info --egg-base ../../build/main build --build-base /home/ubuntu/ws/Libero/build/main/build install --prefix /home/ubuntu/ws/Libero/install/main --record /home/ubuntu/ws/Libero/build/main/install.log --single-version-externally-managed
