[1.382s] Invoking command in '/home/ubuntu/ws/Libero/src/main': PYTHONPATH=/home/ubuntu/ws/Libero/install/main/lib/python3.8/site-packages:${PYTHONPATH} /usr/bin/python3 setup.py egg_info --egg-base ../../build/main build --build-base /home/ubuntu/ws/Libero/build/main/build install --prefix /home/ubuntu/ws/Libero/install/main --record /home/ubuntu/ws/Libero/build/main/install.log --single-version-externally-managed
[2.757s] running egg_info
[2.761s] writing ../../build/main/main.egg-info/PKG-INFO
[2.763s] writing dependency_links to ../../build/main/main.egg-info/dependency_links.txt
[2.765s] writing entry points to ../../build/main/main.egg-info/entry_points.txt
[2.766s] writing requirements to ../../build/main/main.egg-info/requires.txt
[2.767s] writing top-level names to ../../build/main/main.egg-info/top_level.txt
[3.009s] reading manifest file '../../build/main/main.egg-info/SOURCES.txt'
[3.016s] writing manifest file '../../build/main/main.egg-info/SOURCES.txt'
[3.017s] running build
[3.018s] running build_py
[3.025s] running install
[3.032s] running install_lib
[3.049s] running install_egg_info
[3.060s] removing '/home/ubuntu/ws/Libero/install/main/lib/python3.8/site-packages/main-0.0.0-py3.8.egg-info' (and everything under it)
[3.065s] Copying ../../build/main/main.egg-info to /home/ubuntu/ws/Libero/install/main/lib/python3.8/site-packages/main-0.0.0-py3.8.egg-info
[3.071s] running install_scripts
[3.180s] Installing main script to /home/ubuntu/ws/Libero/install/main/lib/main
[3.186s] writing list of installed files to '/home/ubuntu/ws/Libero/build/main/install.log'
[3.305s] Invoked command in '/home/ubuntu/ws/Libero/src/main' returned '0': PYTHONPATH=/home/ubuntu/ws/Libero/install/main/lib/python3.8/site-packages:${PYTHONPATH} /usr/bin/python3 setup.py egg_info --egg-base ../../build/main build --build-base /home/ubuntu/ws/Libero/build/main/build install --prefix /home/ubuntu/ws/Libero/install/main --record /home/ubuntu/ws/Libero/build/main/install.log --single-version-externally-managed
