[1.082s] Invoking command in '/home/ubuntu/ws/Libero/build/message_info': CMAKE_PREFIX_PATH=${CMAKE_PREFIX_PATH}:/home/ubuntu/ws/Libero/install/main:/home/ubuntu/ws/SSLRasp/install/rasp:/opt/ros/foxy /usr/bin/cmake --build /home/ubuntu/ws/Libero/build/message_info -- -j4 -l4
[1.223s] -- Found ament_cmake: 0.9.9 (/opt/ros/foxy/share/ament_cmake/cmake)
[1.368s] -- Found PythonInterp: /usr/bin/python3 (found suitable version "3.8.10", minimum required is "3") 
[1.369s] -- Using PYTHON_EXECUTABLE: /usr/bin/python3
[2.337s] -- Found rosidl_default_generators: 1.0.1 (/opt/ros/foxy/share/rosidl_default_generators/cmake)
[2.349s] -- Using all available rosidl_typesupport_c: rosidl_typesupport_fastrtps_c;rosidl_typesupport_introspection_c
[2.365s] -- Found rosidl_adapter: 1.2.1 (/opt/ros/foxy/share/rosidl_adapter/cmake)
[3.614s] -- Using all available rosidl_typesupport_cpp: rosidl_typesupport_fastrtps_cpp;rosidl_typesupport_introspection_cpp
[3.709s] -- Found builtin_interfaces: 1.0.0 (/opt/ros/foxy/share/builtin_interfaces/cmake)
[3.756s] -- Found std_msgs: 2.0.4 (/opt/ros/foxy/share/std_msgs/cmake)
[3.822s] -- Found sensor_msgs: 2.0.4 (/opt/ros/foxy/share/sensor_msgs/cmake)
[4.296s] -- OpenSSL Version: 1.1.1f /usr/include /usr/lib/aarch64-linux-gnu/libssl.so;/usr/lib/aarch64-linux-gnu/libcrypto.so
[4.430s] -- Found PythonInterp: /usr/bin/python3 (found version "3.8.10") 
[5.446s] -- Found ament_cmake_ros: 0.9.2 (/opt/ros/foxy/share/ament_cmake_ros/cmake)
[7.340s] -- Using all available rosidl_typesupport_c: rosidl_typesupport_fastrtps_c;rosidl_typesupport_introspection_c
[8.037s] -- Using all available rosidl_typesupport_cpp: rosidl_typesupport_fastrtps_cpp;rosidl_typesupport_introspection_cpp
[8.185s] -- Found PythonInterp: /usr/bin/python3 (found suitable version "3.8.10", minimum required is "3.5") 
[8.186s] -- Found python_cmake_module: 0.8.1 (/opt/ros/foxy/share/python_cmake_module/cmake)
[8.320s] -- Using PYTHON_EXECUTABLE: /usr/bin/python3
[8.321s] -- Using PYTHON_INCLUDE_DIRS: /usr/include/python3.8
[8.321s] -- Using PYTHON_LIBRARIES: /usr/lib/aarch64-linux-gnu/libpython3.8.so
[8.632s] -- Found ament_lint_auto: 0.9.6 (/opt/ros/foxy/share/ament_lint_auto/cmake)
[8.677s] -- Added test 'copyright' to check source files copyright and LICENSE
[8.688s] -- Added test 'lint_cmake' to check CMake code style
[8.694s] -- Added test 'xmllint' to check XML markup files
[8.724s] -- Configuring done
[9.066s] -- Generating done
[9.082s] -- Build files have been written to: /home/ubuntu/ws/Libero/build/message_info
[9.209s] [35m[1mScanning dependencies of target message_info__cpp[0m
[9.215s] [  1%] [34m[1mGenerating C code for ROS interfaces[0m
[9.312s] [  3%] [34m[1mGenerating C++ code for ROS interfaces[0m
[11.453s] [35m[1mScanning dependencies of target message_info__rosidl_generator_c[0m
[11.467s] [  3%] Built target message_info__cpp
[11.528s] [  5%] [32mBuilding C object CMakeFiles/message_info__rosidl_generator_c.dir/rosidl_generator_c/message_info/msg/detail/robot_command__functions.c.o[0m
[11.533s] [  7%] [34m[1mGenerating C++ introspection for ROS interfaces[0m
[11.534s] [  9%] [34m[1mGenerating C++ type support dispatch for ROS interfaces[0m
[11.538s] [ 10%] [34m[1mGenerating C++ type support for eProsima Fast-RTPS[0m
[11.756s] [ 12%] [32mBuilding C object CMakeFiles/message_info__rosidl_generator_c.dir/rosidl_generator_c/message_info/msg/detail/robot_commands__functions.c.o[0m
[11.996s] [ 14%] [32mBuilding C object CMakeFiles/message_info__rosidl_generator_c.dir/rosidl_generator_c/message_info/msg/detail/real_commands__functions.c.o[0m
[12.223s] [ 16%] [32mBuilding C object CMakeFiles/message_info__rosidl_generator_c.dir/rosidl_generator_c/message_info/msg/detail/slave__functions.c.o[0m
[12.429s] [ 18%] [32m[1mLinking C shared library libmessage_info__rosidl_generator_c.so[0m
[12.642s] [ 18%] Built target message_info__rosidl_generator_c
[12.705s] [ 20%] [34m[1mGenerating C introspection for ROS interfaces[0m
[13.407s] [35m[1mScanning dependencies of target message_info__rosidl_typesupport_cpp[0m
[13.487s] [ 21%] [32mBuilding CXX object CMakeFiles/message_info__rosidl_typesupport_cpp.dir/rosidl_typesupport_cpp/message_info/msg/robot_command__type_support.cpp.o[0m
[13.776s] [35m[1mScanning dependencies of target message_info__rosidl_typesupport_introspection_cpp[0m
[13.867s] [ 23%] [32mBuilding CXX object CMakeFiles/message_info__rosidl_typesupport_introspection_cpp.dir/rosidl_typesupport_introspection_cpp/message_info/msg/detail/robot_command__type_support.cpp.o[0m
[13.996s] [35m[1mScanning dependencies of target message_info__rosidl_typesupport_fastrtps_cpp[0m
[14.106s] [ 25%] [32mBuilding CXX object CMakeFiles/message_info__rosidl_typesupport_fastrtps_cpp.dir/rosidl_typesupport_fastrtps_cpp/message_info/msg/detail/dds_fastrtps/robot_command__type_support.cpp.o[0m
[15.079s] [35m[1mScanning dependencies of target message_info__rosidl_typesupport_introspection_c[0m
[15.181s] [ 29%] [32mBuilding CXX object CMakeFiles/message_info__rosidl_typesupport_cpp.dir/rosidl_typesupport_cpp/message_info/msg/robot_commands__type_support.cpp.o[0m
[15.182s] [ 29%] [32mBuilding C object CMakeFiles/message_info__rosidl_typesupport_introspection_c.dir/rosidl_typesupport_introspection_c/message_info/msg/detail/robot_command__type_support.c.o[0m
[15.371s] [ 30%] [32mBuilding C object CMakeFiles/message_info__rosidl_typesupport_introspection_c.dir/rosidl_typesupport_introspection_c/message_info/msg/detail/robot_commands__type_support.c.o[0m
[15.572s] [ 32%] [32mBuilding CXX object CMakeFiles/message_info__rosidl_typesupport_introspection_cpp.dir/rosidl_typesupport_introspection_cpp/message_info/msg/detail/robot_commands__type_support.cpp.o[0m
[15.591s] [ 34%] [32mBuilding C object CMakeFiles/message_info__rosidl_typesupport_introspection_c.dir/rosidl_typesupport_introspection_c/message_info/msg/detail/real_commands__type_support.c.o[0m
[15.787s] [ 36%] [32mBuilding C object CMakeFiles/message_info__rosidl_typesupport_introspection_c.dir/rosidl_typesupport_introspection_c/message_info/msg/detail/slave__type_support.c.o[0m
[15.979s] [ 38%] [32m[1mLinking C shared library libmessage_info__rosidl_typesupport_introspection_c.so[0m
[16.193s] [ 38%] Built target message_info__rosidl_typesupport_introspection_c
[16.252s] [ 40%] [32mBuilding CXX object CMakeFiles/message_info__rosidl_typesupport_cpp.dir/rosidl_typesupport_cpp/message_info/msg/real_commands__type_support.cpp.o[0m
[16.797s] [ 41%] [32mBuilding CXX object CMakeFiles/message_info__rosidl_typesupport_fastrtps_cpp.dir/rosidl_typesupport_fastrtps_cpp/message_info/msg/detail/dds_fastrtps/robot_commands__type_support.cpp.o[0m
[16.925s] [ 43%] [32mBuilding CXX object CMakeFiles/message_info__rosidl_typesupport_cpp.dir/rosidl_typesupport_cpp/message_info/msg/slave__type_support.cpp.o[0m
[17.373s] [ 45%] [32mBuilding CXX object CMakeFiles/message_info__rosidl_typesupport_introspection_cpp.dir/rosidl_typesupport_introspection_cpp/message_info/msg/detail/real_commands__type_support.cpp.o[0m
[17.919s] [ 47%] [32mBuilding CXX object CMakeFiles/message_info__rosidl_typesupport_introspection_cpp.dir/rosidl_typesupport_introspection_cpp/message_info/msg/detail/slave__type_support.cpp.o[0m
[18.561s] [ 49%] [32m[1mLinking CXX shared library libmessage_info__rosidl_typesupport_cpp.so[0m
[18.815s] [ 49%] Built target message_info__rosidl_typesupport_cpp
[18.888s] [ 50%] [34m[1mGenerating C type support dispatch for ROS interfaces[0m
[19.099s] [ 52%] [32mBuilding CXX object CMakeFiles/message_info__rosidl_typesupport_fastrtps_cpp.dir/rosidl_typesupport_fastrtps_cpp/message_info/msg/detail/dds_fastrtps/real_commands__type_support.cpp.o[0m
[19.498s] [ 54%] [32mBuilding CXX object CMakeFiles/message_info__rosidl_typesupport_fastrtps_cpp.dir/rosidl_typesupport_fastrtps_cpp/message_info/msg/detail/dds_fastrtps/slave__type_support.cpp.o[0m
[19.670s] [ 56%] [32m[1mLinking CXX shared library libmessage_info__rosidl_typesupport_introspection_cpp.so[0m
[20.049s] [ 56%] Built target message_info__rosidl_typesupport_introspection_cpp
[20.808s] [35m[1mScanning dependencies of target message_info__rosidl_typesupport_c[0m
[20.887s] [ 58%] [32mBuilding CXX object CMakeFiles/message_info__rosidl_typesupport_c.dir/rosidl_typesupport_c/message_info/msg/robot_command__type_support.cpp.o[0m
[20.899s] [ 60%] [32mBuilding CXX object CMakeFiles/message_info__rosidl_typesupport_c.dir/rosidl_typesupport_c/message_info/msg/robot_commands__type_support.cpp.o[0m
[21.076s] [ 61%] [32mBuilding CXX object CMakeFiles/message_info__rosidl_typesupport_c.dir/rosidl_typesupport_c/message_info/msg/real_commands__type_support.cpp.o[0m
[21.100s] [ 63%] [32mBuilding CXX object CMakeFiles/message_info__rosidl_typesupport_c.dir/rosidl_typesupport_c/message_info/msg/slave__type_support.cpp.o[0m
[21.282s] [ 65%] [32m[1mLinking CXX shared library libmessage_info__rosidl_typesupport_c.so[0m
[21.503s] [ 65%] Built target message_info__rosidl_typesupport_c
[21.873s] [ 67%] [32m[1mLinking CXX shared library libmessage_info__rosidl_typesupport_fastrtps_cpp.so[0m
[22.266s] [ 67%] Built target message_info__rosidl_typesupport_fastrtps_cpp
[22.324s] [ 69%] [34m[1mGenerating C type support for eProsima Fast-RTPS[0m
[24.060s] [35m[1mScanning dependencies of target message_info__rosidl_typesupport_fastrtps_c[0m
[24.166s] [ 70%] [32mBuilding CXX object CMakeFiles/message_info__rosidl_typesupport_fastrtps_c.dir/rosidl_typesupport_fastrtps_c/message_info/msg/detail/robot_command__type_support_c.cpp.o[0m
[24.180s] [ 72%] [32mBuilding CXX object CMakeFiles/message_info__rosidl_typesupport_fastrtps_c.dir/rosidl_typesupport_fastrtps_c/message_info/msg/detail/real_commands__type_support_c.cpp.o[0m
[24.187s] [ 74%] [32mBuilding CXX object CMakeFiles/message_info__rosidl_typesupport_fastrtps_c.dir/rosidl_typesupport_fastrtps_c/message_info/msg/detail/robot_commands__type_support_c.cpp.o[0m
[24.209s] [ 76%] [32mBuilding CXX object CMakeFiles/message_info__rosidl_typesupport_fastrtps_c.dir/rosidl_typesupport_fastrtps_c/message_info/msg/detail/slave__type_support_c.cpp.o[0m
[26.328s] [ 78%] [32m[1mLinking CXX shared library libmessage_info__rosidl_typesupport_fastrtps_c.so[0m
[26.721s] [ 78%] Built target message_info__rosidl_typesupport_fastrtps_c
[26.824s] [ 78%] Built target message_info
[26.875s] [35m[1mScanning dependencies of target message_info__py[0m
[26.935s] [ 80%] [34m[1mGenerating Python code for ROS interfaces[0m
[30.095s] [ 80%] Built target message_info__py
[30.154s] [35m[1mScanning dependencies of target message_info__python[0m
[30.269s] [ 81%] [32mBuilding C object CMakeFiles/message_info__python.dir/rosidl_generator_py/message_info/msg/_robot_command_s.c.o[0m
[30.285s] [ 83%] [32mBuilding C object CMakeFiles/message_info__python.dir/rosidl_generator_py/message_info/msg/_real_commands_s.c.o[0m
[30.291s] [ 85%] [32mBuilding C object CMakeFiles/message_info__python.dir/rosidl_generator_py/message_info/msg/_robot_commands_s.c.o[0m
[30.302s] [ 87%] [32mBuilding C object CMakeFiles/message_info__python.dir/rosidl_generator_py/message_info/msg/_slave_s.c.o[0m
[30.811s] [ 89%] [32m[1mLinking C shared library rosidl_generator_py/message_info/libmessage_info__python.so[0m
[31.049s] [ 89%] Built target message_info__python
[31.106s] [35m[1mScanning dependencies of target message_info__rosidl_typesupport_c__pyext[0m
[31.107s] [35m[1mScanning dependencies of target message_info__rosidl_typesupport_introspection_c__pyext[0m
[31.109s] [35m[1mScanning dependencies of target message_info__rosidl_typesupport_fastrtps_c__pyext[0m
[31.193s] [ 90%] [32mBuilding C object CMakeFiles/message_info__rosidl_typesupport_c__pyext.dir/rosidl_generator_py/message_info/_message_info_s.ep.rosidl_typesupport_c.c.o[0m
[31.226s] [ 92%] [32mBuilding C object CMakeFiles/message_info__rosidl_typesupport_introspection_c__pyext.dir/rosidl_generator_py/message_info/_message_info_s.ep.rosidl_typesupport_introspection_c.c.o[0m
[31.240s] [ 94%] [32mBuilding C object CMakeFiles/message_info__rosidl_typesupport_fastrtps_c__pyext.dir/rosidl_generator_py/message_info/_message_info_s.ep.rosidl_typesupport_fastrtps_c.c.o[0m
[31.657s] [ 96%] [32m[1mLinking C shared library rosidl_generator_py/message_info/message_info_s__rosidl_typesupport_c.cpython-38-aarch64-linux-gnu.so[0m
[31.697s] [ 98%] [32m[1mLinking C shared library rosidl_generator_py/message_info/message_info_s__rosidl_typesupport_introspection_c.cpython-38-aarch64-linux-gnu.so[0m
[31.749s] [100%] [32m[1mLinking CXX shared library rosidl_generator_py/message_info/message_info_s__rosidl_typesupport_fastrtps_c.cpython-38-aarch64-linux-gnu.so[0m
[31.950s] [100%] Built target message_info__rosidl_typesupport_c__pyext
[31.988s] [100%] Built target message_info__rosidl_typesupport_introspection_c__pyext
[32.159s] [100%] Built target message_info__rosidl_typesupport_fastrtps_c__pyext
[32.210s] Invoked command in '/home/ubuntu/ws/Libero/build/message_info' returned '0': CMAKE_PREFIX_PATH=${CMAKE_PREFIX_PATH}:/home/ubuntu/ws/Libero/install/main:/home/ubuntu/ws/SSLRasp/install/rasp:/opt/ros/foxy /usr/bin/cmake --build /home/ubuntu/ws/Libero/build/message_info -- -j4 -l4
[33.021s] Invoking command in '/home/ubuntu/ws/Libero/build/message_info': CMAKE_PREFIX_PATH=${CMAKE_PREFIX_PATH}:/home/ubuntu/ws/Libero/install/main:/home/ubuntu/ws/SSLRasp/install/rasp:/opt/ros/foxy /usr/bin/cmake --install /home/ubuntu/ws/Libero/build/message_info
[33.061s] -- Install configuration: ""
[33.062s] -- Installing: /home/ubuntu/ws/Libero/install/message_info/share/ament_index/resource_index/rosidl_interfaces/message_info
[33.063s] -- Up-to-date: /home/ubuntu/ws/Libero/install/message_info/include/message_info
[33.063s] -- Up-to-date: /home/ubuntu/ws/Libero/install/message_info/include/message_info/msg
[33.064s] -- Installing: /home/ubuntu/ws/Libero/install/message_info/include/message_info/msg/robot_command.h
[33.065s] -- Up-to-date: /home/ubuntu/ws/Libero/install/message_info/include/message_info/msg/detail
[33.065s] -- Installing: /home/ubuntu/ws/Libero/install/message_info/include/message_info/msg/detail/robot_commands__functions.c
[33.066s] -- Installing: /home/ubuntu/ws/Libero/install/message_info/include/message_info/msg/detail/robot_command__functions.h
[33.067s] -- Installing: /home/ubuntu/ws/Libero/install/message_info/include/message_info/msg/detail/slave__functions.h
[33.068s] -- Installing: /home/ubuntu/ws/Libero/install/message_info/include/message_info/msg/detail/real_commands__type_support.h
[33.069s] -- Installing: /home/ubuntu/ws/Libero/install/message_info/include/message_info/msg/detail/robot_command__functions.c
[33.070s] -- Installing: /home/ubuntu/ws/Libero/install/message_info/include/message_info/msg/detail/robot_command__type_support.h
[33.071s] -- Installing: /home/ubuntu/ws/Libero/install/message_info/include/message_info/msg/detail/slave__functions.c
[33.072s] -- Installing: /home/ubuntu/ws/Libero/install/message_info/include/message_info/msg/detail/real_commands__struct.h
[33.073s] -- Installing: /home/ubuntu/ws/Libero/install/message_info/include/message_info/msg/detail/robot_commands__functions.h
[33.074s] -- Installing: /home/ubuntu/ws/Libero/install/message_info/include/message_info/msg/detail/slave__type_support.h
[33.075s] -- Installing: /home/ubuntu/ws/Libero/install/message_info/include/message_info/msg/detail/robot_commands__type_support.h
[33.076s] -- Installing: /home/ubuntu/ws/Libero/install/message_info/include/message_info/msg/detail/robot_command__struct.h
[33.077s] -- Installing: /home/ubuntu/ws/Libero/install/message_info/include/message_info/msg/detail/real_commands__functions.c
[33.078s] -- Installing: /home/ubuntu/ws/Libero/install/message_info/include/message_info/msg/detail/robot_commands__struct.h
[33.079s] -- Installing: /home/ubuntu/ws/Libero/install/message_info/include/message_info/msg/detail/real_commands__functions.h
[33.080s] -- Installing: /home/ubuntu/ws/Libero/install/message_info/include/message_info/msg/detail/slave__struct.h
[33.081s] -- Up-to-date: /home/ubuntu/ws/Libero/install/message_info/include/message_info/msg/rosidl_generator_c__visibility_control.h
[33.082s] -- Installing: /home/ubuntu/ws/Libero/install/message_info/include/message_info/msg/slave.h
[33.082s] -- Installing: /home/ubuntu/ws/Libero/install/message_info/include/message_info/msg/real_commands.h
[33.083s] -- Installing: /home/ubuntu/ws/Libero/install/message_info/include/message_info/msg/robot_commands.h
[33.085s] -- Up-to-date: /home/ubuntu/ws/Libero/install/message_info/share/message_info/environment/library_path.sh
[33.085s] -- Installing: /home/ubuntu/ws/Libero/install/message_info/share/message_info/environment/library_path.dsv
[33.087s] -- Installing: /home/ubuntu/ws/Libero/install/message_info/lib/libmessage_info__rosidl_generator_c.so
[33.089s] -- Set runtime path of "/home/ubuntu/ws/Libero/install/message_info/lib/libmessage_info__rosidl_generator_c.so" to ""
[33.090s] -- Up-to-date: /home/ubuntu/ws/Libero/install/message_info/include/message_info
[33.090s] -- Up-to-date: /home/ubuntu/ws/Libero/install/message_info/include/message_info/msg
[33.091s] -- Up-to-date: /home/ubuntu/ws/Libero/install/message_info/include/message_info/msg/detail
[33.091s] -- Installing: /home/ubuntu/ws/Libero/install/message_info/include/message_info/msg/detail/real_commands__rosidl_typesupport_fastrtps_c.h
[33.092s] -- Installing: /home/ubuntu/ws/Libero/install/message_info/include/message_info/msg/detail/robot_command__rosidl_typesupport_fastrtps_c.h
[33.093s] -- Installing: /home/ubuntu/ws/Libero/install/message_info/include/message_info/msg/detail/slave__rosidl_typesupport_fastrtps_c.h
[33.094s] -- Installing: /home/ubuntu/ws/Libero/install/message_info/include/message_info/msg/detail/robot_commands__rosidl_typesupport_fastrtps_c.h
[33.095s] -- Up-to-date: /home/ubuntu/ws/Libero/install/message_info/include/message_info/msg/rosidl_typesupport_fastrtps_c__visibility_control.h
[33.097s] -- Installing: /home/ubuntu/ws/Libero/install/message_info/lib/libmessage_info__rosidl_typesupport_fastrtps_c.so
[33.099s] -- Set runtime path of "/home/ubuntu/ws/Libero/install/message_info/lib/libmessage_info__rosidl_typesupport_fastrtps_c.so" to ""
[33.100s] -- Up-to-date: /home/ubuntu/ws/Libero/install/message_info/include/message_info
[33.100s] -- Up-to-date: /home/ubuntu/ws/Libero/install/message_info/include/message_info/msg
[33.101s] -- Up-to-date: /home/ubuntu/ws/Libero/install/message_info/include/message_info/msg/detail
[33.101s] -- Installing: /home/ubuntu/ws/Libero/install/message_info/include/message_info/msg/detail/real_commands__rosidl_typesupport_fastrtps_cpp.hpp
[33.102s] -- Up-to-date: /home/ubuntu/ws/Libero/install/message_info/include/message_info/msg/detail/dds_fastrtps
[33.102s] -- Installing: /home/ubuntu/ws/Libero/install/message_info/include/message_info/msg/detail/robot_command__rosidl_typesupport_fastrtps_cpp.hpp
[33.104s] -- Installing: /home/ubuntu/ws/Libero/install/message_info/include/message_info/msg/detail/robot_commands__rosidl_typesupport_fastrtps_cpp.hpp
[33.105s] -- Installing: /home/ubuntu/ws/Libero/install/message_info/include/message_info/msg/detail/slave__rosidl_typesupport_fastrtps_cpp.hpp
[33.106s] -- Up-to-date: /home/ubuntu/ws/Libero/install/message_info/include/message_info/msg/rosidl_typesupport_fastrtps_cpp__visibility_control.h
[33.107s] -- Installing: /home/ubuntu/ws/Libero/install/message_info/lib/libmessage_info__rosidl_typesupport_fastrtps_cpp.so
[33.110s] -- Set runtime path of "/home/ubuntu/ws/Libero/install/message_info/lib/libmessage_info__rosidl_typesupport_fastrtps_cpp.so" to ""
[33.110s] -- Up-to-date: /home/ubuntu/ws/Libero/install/message_info/include/message_info
[33.111s] -- Up-to-date: /home/ubuntu/ws/Libero/install/message_info/include/message_info/msg
[33.111s] -- Up-to-date: /home/ubuntu/ws/Libero/install/message_info/include/message_info/msg/detail
[33.112s] -- Installing: /home/ubuntu/ws/Libero/install/message_info/include/message_info/msg/detail/robot_command__rosidl_typesupport_introspection_c.h
[33.113s] -- Installing: /home/ubuntu/ws/Libero/install/message_info/include/message_info/msg/detail/robot_command__type_support.c
[33.114s] -- Installing: /home/ubuntu/ws/Libero/install/message_info/include/message_info/msg/detail/robot_commands__type_support.c
[33.115s] -- Installing: /home/ubuntu/ws/Libero/install/message_info/include/message_info/msg/detail/real_commands__rosidl_typesupport_introspection_c.h
[33.116s] -- Installing: /home/ubuntu/ws/Libero/install/message_info/include/message_info/msg/detail/slave__rosidl_typesupport_introspection_c.h
[33.117s] -- Installing: /home/ubuntu/ws/Libero/install/message_info/include/message_info/msg/detail/real_commands__type_support.c
[33.118s] -- Installing: /home/ubuntu/ws/Libero/install/message_info/include/message_info/msg/detail/slave__type_support.c
[33.119s] -- Installing: /home/ubuntu/ws/Libero/install/message_info/include/message_info/msg/detail/robot_commands__rosidl_typesupport_introspection_c.h
[33.121s] -- Up-to-date: /home/ubuntu/ws/Libero/install/message_info/include/message_info/msg/rosidl_typesupport_introspection_c__visibility_control.h
[33.122s] -- Installing: /home/ubuntu/ws/Libero/install/message_info/lib/libmessage_info__rosidl_typesupport_introspection_c.so
[33.124s] -- Set runtime path of "/home/ubuntu/ws/Libero/install/message_info/lib/libmessage_info__rosidl_typesupport_introspection_c.so" to ""
[33.125s] -- Installing: /home/ubuntu/ws/Libero/install/message_info/lib/libmessage_info__rosidl_typesupport_c.so
[33.128s] -- Set runtime path of "/home/ubuntu/ws/Libero/install/message_info/lib/libmessage_info__rosidl_typesupport_c.so" to ""
[33.128s] -- Up-to-date: /home/ubuntu/ws/Libero/install/message_info/include/message_info
[33.129s] -- Up-to-date: /home/ubuntu/ws/Libero/install/message_info/include/message_info/msg
[33.129s] -- Installing: /home/ubuntu/ws/Libero/install/message_info/include/message_info/msg/real_commands.hpp
[33.130s] -- Up-to-date: /home/ubuntu/ws/Libero/install/message_info/include/message_info/msg/detail
[33.130s] -- Installing: /home/ubuntu/ws/Libero/install/message_info/include/message_info/msg/detail/robot_command__struct.hpp
[33.131s] -- Installing: /home/ubuntu/ws/Libero/install/message_info/include/message_info/msg/detail/slave__struct.hpp
[33.132s] -- Installing: /home/ubuntu/ws/Libero/install/message_info/include/message_info/msg/detail/slave__traits.hpp
[33.133s] -- Installing: /home/ubuntu/ws/Libero/install/message_info/include/message_info/msg/detail/robot_commands__traits.hpp
[33.134s] -- Installing: /home/ubuntu/ws/Libero/install/message_info/include/message_info/msg/detail/robot_command__traits.hpp
[33.135s] -- Installing: /home/ubuntu/ws/Libero/install/message_info/include/message_info/msg/detail/robot_commands__struct.hpp
[33.136s] -- Installing: /home/ubuntu/ws/Libero/install/message_info/include/message_info/msg/detail/real_commands__traits.hpp
[33.137s] -- Installing: /home/ubuntu/ws/Libero/install/message_info/include/message_info/msg/detail/slave__builder.hpp
[33.138s] -- Installing: /home/ubuntu/ws/Libero/install/message_info/include/message_info/msg/detail/robot_command__builder.hpp
[33.139s] -- Installing: /home/ubuntu/ws/Libero/install/message_info/include/message_info/msg/detail/real_commands__builder.hpp
[33.140s] -- Installing: /home/ubuntu/ws/Libero/install/message_info/include/message_info/msg/detail/robot_commands__builder.hpp
[33.141s] -- Installing: /home/ubuntu/ws/Libero/install/message_info/include/message_info/msg/detail/real_commands__struct.hpp
[33.142s] -- Installing: /home/ubuntu/ws/Libero/install/message_info/include/message_info/msg/robot_commands.hpp
[33.143s] -- Installing: /home/ubuntu/ws/Libero/install/message_info/include/message_info/msg/robot_command.hpp
[33.144s] -- Installing: /home/ubuntu/ws/Libero/install/message_info/include/message_info/msg/slave.hpp
[33.145s] -- Up-to-date: /home/ubuntu/ws/Libero/install/message_info/include/message_info
[33.146s] -- Up-to-date: /home/ubuntu/ws/Libero/install/message_info/include/message_info/msg
[33.146s] -- Up-to-date: /home/ubuntu/ws/Libero/install/message_info/include/message_info/msg/detail
[33.146s] -- Installing: /home/ubuntu/ws/Libero/install/message_info/include/message_info/msg/detail/robot_command__rosidl_typesupport_introspection_cpp.hpp
[33.148s] -- Installing: /home/ubuntu/ws/Libero/install/message_info/include/message_info/msg/detail/real_commands__type_support.cpp
[33.149s] -- Installing: /home/ubuntu/ws/Libero/install/message_info/include/message_info/msg/detail/slave__rosidl_typesupport_introspection_cpp.hpp
[33.150s] -- Installing: /home/ubuntu/ws/Libero/install/message_info/include/message_info/msg/detail/robot_commands__rosidl_typesupport_introspection_cpp.hpp
[33.151s] -- Installing: /home/ubuntu/ws/Libero/install/message_info/include/message_info/msg/detail/slave__type_support.cpp
[33.152s] -- Installing: /home/ubuntu/ws/Libero/install/message_info/include/message_info/msg/detail/real_commands__rosidl_typesupport_introspection_cpp.hpp
[33.153s] -- Installing: /home/ubuntu/ws/Libero/install/message_info/include/message_info/msg/detail/robot_commands__type_support.cpp
[33.154s] -- Installing: /home/ubuntu/ws/Libero/install/message_info/include/message_info/msg/detail/robot_command__type_support.cpp
[33.157s] -- Installing: /home/ubuntu/ws/Libero/install/message_info/lib/libmessage_info__rosidl_typesupport_introspection_cpp.so
[33.159s] -- Set runtime path of "/home/ubuntu/ws/Libero/install/message_info/lib/libmessage_info__rosidl_typesupport_introspection_cpp.so" to ""
[33.161s] -- Installing: /home/ubuntu/ws/Libero/install/message_info/lib/libmessage_info__rosidl_typesupport_cpp.so
[33.163s] -- Set runtime path of "/home/ubuntu/ws/Libero/install/message_info/lib/libmessage_info__rosidl_typesupport_cpp.so" to ""
[33.163s] -- Up-to-date: /home/ubuntu/ws/Libero/install/message_info/share/message_info/environment/pythonpath.sh
[33.164s] -- Installing: /home/ubuntu/ws/Libero/install/message_info/share/message_info/environment/pythonpath.dsv
[33.165s] -- Installing: /home/ubuntu/ws/Libero/install/message_info/lib/python3.8/site-packages/message_info/__init__.py
[33.314s] Compiling '/home/ubuntu/ws/Libero/install/message_info/lib/python3.8/site-packages/message_info/__init__.py'...
[33.336s] -- Up-to-date: /home/ubuntu/ws/Libero/install/message_info/lib/python3.8/site-packages/message_info/msg
[33.336s] -- Installing: /home/ubuntu/ws/Libero/install/message_info/lib/python3.8/site-packages/message_info/msg/_robot_commands.py
[33.337s] -- Installing: /home/ubuntu/ws/Libero/install/message_info/lib/python3.8/site-packages/message_info/msg/_robot_command.py
[33.339s] -- Installing: /home/ubuntu/ws/Libero/install/message_info/lib/python3.8/site-packages/message_info/msg/_slave.py
[33.339s] -- Installing: /home/ubuntu/ws/Libero/install/message_info/lib/python3.8/site-packages/message_info/msg/__init__.py
[33.340s] -- Installing: /home/ubuntu/ws/Libero/install/message_info/lib/python3.8/site-packages/message_info/msg/_robot_commands_s.c
[33.341s] -- Installing: /home/ubuntu/ws/Libero/install/message_info/lib/python3.8/site-packages/message_info/msg/_slave_s.c
[33.342s] -- Installing: /home/ubuntu/ws/Libero/install/message_info/lib/python3.8/site-packages/message_info/msg/_real_commands_s.c
[33.344s] -- Installing: /home/ubuntu/ws/Libero/install/message_info/lib/python3.8/site-packages/message_info/msg/_real_commands.py
[33.345s] -- Installing: /home/ubuntu/ws/Libero/install/message_info/lib/python3.8/site-packages/message_info/msg/_robot_command_s.c
[33.348s] -- Installing: /home/ubuntu/ws/Libero/install/message_info/lib/python3.8/site-packages/message_info/message_info_s__rosidl_typesupport_fastrtps_c.cpython-38-aarch64-linux-gnu.so
[33.351s] -- Set runtime path of "/home/ubuntu/ws/Libero/install/message_info/lib/python3.8/site-packages/message_info/message_info_s__rosidl_typesupport_fastrtps_c.cpython-38-aarch64-linux-gnu.so" to ""
[33.353s] -- Installing: /home/ubuntu/ws/Libero/install/message_info/lib/python3.8/site-packages/message_info/message_info_s__rosidl_typesupport_introspection_c.cpython-38-aarch64-linux-gnu.so
[33.357s] -- Set runtime path of "/home/ubuntu/ws/Libero/install/message_info/lib/python3.8/site-packages/message_info/message_info_s__rosidl_typesupport_introspection_c.cpython-38-aarch64-linux-gnu.so" to ""
[33.358s] -- Installing: /home/ubuntu/ws/Libero/install/message_info/lib/python3.8/site-packages/message_info/message_info_s__rosidl_typesupport_c.cpython-38-aarch64-linux-gnu.so
[33.361s] -- Set runtime path of "/home/ubuntu/ws/Libero/install/message_info/lib/python3.8/site-packages/message_info/message_info_s__rosidl_typesupport_c.cpython-38-aarch64-linux-gnu.so" to ""
[33.363s] -- Installing: /home/ubuntu/ws/Libero/install/message_info/lib/libmessage_info__python.so
[33.365s] -- Set runtime path of "/home/ubuntu/ws/Libero/install/message_info/lib/libmessage_info__python.so" to ""
[33.366s] -- Up-to-date: /home/ubuntu/ws/Libero/install/message_info/share/message_info/msg/RobotCommand.idl
[33.366s] -- Up-to-date: /home/ubuntu/ws/Libero/install/message_info/share/message_info/msg/RobotCommands.idl
[33.367s] -- Up-to-date: /home/ubuntu/ws/Libero/install/message_info/share/message_info/msg/RealCommands.idl
[33.367s] -- Installing: /home/ubuntu/ws/Libero/install/message_info/share/message_info/msg/Slave.idl
[33.368s] -- Up-to-date: /home/ubuntu/ws/Libero/install/message_info/share/message_info/msg/RobotCommand.msg
[33.369s] -- Up-to-date: /home/ubuntu/ws/Libero/install/message_info/share/message_info/msg/RobotCommands.msg
[33.369s] -- Up-to-date: /home/ubuntu/ws/Libero/install/message_info/share/message_info/msg/RealCommands.msg
[33.369s] -- Installing: /home/ubuntu/ws/Libero/install/message_info/share/message_info/msg/Slave.msg
[33.370s] -- Up-to-date: /home/ubuntu/ws/Libero/install/message_info/share/ament_index/resource_index/package_run_dependencies/message_info
[33.371s] -- Up-to-date: /home/ubuntu/ws/Libero/install/message_info/share/ament_index/resource_index/parent_prefix_path/message_info
[33.371s] -- Up-to-date: /home/ubuntu/ws/Libero/install/message_info/share/message_info/environment/ament_prefix_path.sh
[33.372s] -- Installing: /home/ubuntu/ws/Libero/install/message_info/share/message_info/environment/ament_prefix_path.dsv
[33.373s] -- Up-to-date: /home/ubuntu/ws/Libero/install/message_info/share/message_info/environment/path.sh
[33.374s] -- Installing: /home/ubuntu/ws/Libero/install/message_info/share/message_info/environment/path.dsv
[33.375s] -- Up-to-date: /home/ubuntu/ws/Libero/install/message_info/share/message_info/local_setup.bash
[33.375s] -- Up-to-date: /home/ubuntu/ws/Libero/install/message_info/share/message_info/local_setup.sh
[33.376s] -- Up-to-date: /home/ubuntu/ws/Libero/install/message_info/share/message_info/local_setup.zsh
[33.376s] -- Installing: /home/ubuntu/ws/Libero/install/message_info/share/message_info/local_setup.dsv
[33.377s] -- Installing: /home/ubuntu/ws/Libero/install/message_info/share/message_info/package.dsv
[33.378s] -- Up-to-date: /home/ubuntu/ws/Libero/install/message_info/share/ament_index/resource_index/packages/message_info
[33.379s] -- Up-to-date: /home/ubuntu/ws/Libero/install/message_info/share/message_info/cmake/message_info__rosidl_generator_cExport.cmake
[33.380s] -- Installing: /home/ubuntu/ws/Libero/install/message_info/share/message_info/cmake/message_info__rosidl_generator_cExport-noconfig.cmake
[33.382s] -- Up-to-date: /home/ubuntu/ws/Libero/install/message_info/share/message_info/cmake/message_info__rosidl_typesupport_introspection_cExport.cmake
[33.382s] -- Installing: /home/ubuntu/ws/Libero/install/message_info/share/message_info/cmake/message_info__rosidl_typesupport_introspection_cExport-noconfig.cmake
[33.384s] -- Up-to-date: /home/ubuntu/ws/Libero/install/message_info/share/message_info/cmake/message_info__rosidl_typesupport_cExport.cmake
[33.385s] -- Installing: /home/ubuntu/ws/Libero/install/message_info/share/message_info/cmake/message_info__rosidl_typesupport_cExport-noconfig.cmake
[33.387s] -- Up-to-date: /home/ubuntu/ws/Libero/install/message_info/share/message_info/cmake/message_info__rosidl_generator_cppExport.cmake
[33.388s] -- Up-to-date: /home/ubuntu/ws/Libero/install/message_info/share/message_info/cmake/message_info__rosidl_typesupport_introspection_cppExport.cmake
[33.388s] -- Installing: /home/ubuntu/ws/Libero/install/message_info/share/message_info/cmake/message_info__rosidl_typesupport_introspection_cppExport-noconfig.cmake
[33.390s] -- Up-to-date: /home/ubuntu/ws/Libero/install/message_info/share/message_info/cmake/message_info__rosidl_typesupport_cppExport.cmake
[33.391s] -- Installing: /home/ubuntu/ws/Libero/install/message_info/share/message_info/cmake/message_info__rosidl_typesupport_cppExport-noconfig.cmake
[33.392s] -- Installing: /home/ubuntu/ws/Libero/install/message_info/share/message_info/cmake/rosidl_cmake-extras.cmake
[33.393s] -- Up-to-date: /home/ubuntu/ws/Libero/install/message_info/share/message_info/cmake/ament_cmake_export_dependencies-extras.cmake
[33.394s] -- Up-to-date: /home/ubuntu/ws/Libero/install/message_info/share/message_info/cmake/ament_cmake_export_libraries-extras.cmake
[33.394s] -- Up-to-date: /home/ubuntu/ws/Libero/install/message_info/share/message_info/cmake/ament_cmake_export_targets-extras.cmake
[33.395s] -- Up-to-date: /home/ubuntu/ws/Libero/install/message_info/share/message_info/cmake/ament_cmake_export_include_directories-extras.cmake
[33.395s] -- Up-to-date: /home/ubuntu/ws/Libero/install/message_info/share/message_info/cmake/rosidl_cmake_export_typesupport_libraries-extras.cmake
[33.396s] -- Up-to-date: /home/ubuntu/ws/Libero/install/message_info/share/message_info/cmake/rosidl_cmake_export_typesupport_targets-extras.cmake
[33.396s] -- Up-to-date: /home/ubuntu/ws/Libero/install/message_info/share/message_info/cmake/message_infoConfig.cmake
[33.397s] -- Up-to-date: /home/ubuntu/ws/Libero/install/message_info/share/message_info/cmake/message_infoConfig-version.cmake
[33.397s] -- Up-to-date: /home/ubuntu/ws/Libero/install/message_info/share/message_info/package.xml
[33.408s] Invoked command in '/home/ubuntu/ws/Libero/build/message_info' returned '0': CMAKE_PREFIX_PATH=${CMAKE_PREFIX_PATH}:/home/ubuntu/ws/Libero/install/main:/home/ubuntu/ws/SSLRasp/install/rasp:/opt/ros/foxy /usr/bin/cmake --install /home/ubuntu/ws/Libero/build/message_info
