[1.184s] Invoking command in '/home/ubuntu/ws/Libero/src/main': PYTHONPATH=/home/ubuntu/ws/Libero/install/main/lib/python3.8/site-packages:${PYTHONPATH} /usr/bin/python3 setup.py egg_info --egg-base ../../build/main build --build-base /home/ubuntu/ws/Libero/build/main/build install --prefix /home/ubuntu/ws/Libero/install/main --record /home/ubuntu/ws/Libero/build/main/install.log --single-version-externally-managed
[2.374s] running egg_info
[2.379s] writing ../../build/main/main.egg-info/PKG-INFO
[2.382s] writing dependency_links to ../../build/main/main.egg-info/dependency_links.txt
[2.385s] writing entry points to ../../build/main/main.egg-info/entry_points.txt
[2.388s] writing requirements to ../../build/main/main.egg-info/requires.txt
[2.391s] writing top-level names to ../../build/main/main.egg-info/top_level.txt
[2.550s] reading manifest file '../../build/main/main.egg-info/SOURCES.txt'
[2.554s] writing manifest file '../../build/main/main.egg-info/SOURCES.txt'
[2.554s] running build
[2.555s] running build_py
[2.556s] copying python_programs/main.py -> /home/ubuntu/ws/Libero/build/main/build/lib/python_programs
[2.557s] running install
[2.561s] running install_lib
[2.567s] copying /home/ubuntu/ws/Libero/build/main/build/lib/python_programs/main.py -> /home/ubuntu/ws/Libero/install/main/lib/python3.8/site-packages/python_programs
[2.570s] byte-compiling /home/ubuntu/ws/Libero/install/main/lib/python3.8/site-packages/python_programs/main.py to main.cpython-38.pyc
[2.585s] running install_egg_info
[2.591s] removing '/home/ubuntu/ws/Libero/install/main/lib/python3.8/site-packages/main-0.0.0-py3.8.egg-info' (and everything under it)
[2.593s] Copying ../../build/main/main.egg-info to /home/ubuntu/ws/Libero/install/main/lib/python3.8/site-packages/main-0.0.0-py3.8.egg-info
[2.598s] running install_scripts
[2.672s] Installing main script to /home/ubuntu/ws/Libero/install/main/lib/main
[2.674s] writing list of installed files to '/home/ubuntu/ws/Libero/build/main/install.log'
[2.778s] Invoked command in '/home/ubuntu/ws/Libero/src/main' returned '0': PYTHONPATH=/home/ubuntu/ws/Libero/install/main/lib/python3.8/site-packages:${PYTHONPATH} /usr/bin/python3 setup.py egg_info --egg-base ../../build/main build --build-base /home/ubuntu/ws/Libero/build/main/build install --prefix /home/ubuntu/ws/Libero/install/main --record /home/ubuntu/ws/Libero/build/main/install.log --single-version-externally-managed
