/home/ubuntu/ws/Libero/install/main/lib/python3.8/site-packages/python_programs/__init__.py
/home/ubuntu/ws/Libero/install/main/lib/python3.8/site-packages/python_programs/main.py
/home/ubuntu/ws/Libero/install/main/lib/python3.8/site-packages/python_programs/switch/__init__.py
/home/ubuntu/ws/Libero/install/main/lib/python3.8/site-packages/python_programs/switch/limit_switch.py
/home/ubuntu/ws/Libero/install/main/lib/python3.8/site-packages/python_programs/camera/__init__.py
/home/ubuntu/ws/Libero/install/main/lib/python3.8/site-packages/python_programs/camera/blob_track.py
/home/ubuntu/ws/Libero/install/main/lib/python3.8/site-packages/python_programs/__pycache__/__init__.cpython-38.pyc
/home/ubuntu/ws/Libero/install/main/lib/python3.8/site-packages/python_programs/__pycache__/main.cpython-38.pyc
/home/ubuntu/ws/Libero/install/main/lib/python3.8/site-packages/python_programs/switch/__pycache__/__init__.cpython-38.pyc
/home/ubuntu/ws/Libero/install/main/lib/python3.8/site-packages/python_programs/switch/__pycache__/limit_switch.cpython-38.pyc
/home/ubuntu/ws/Libero/install/main/lib/python3.8/site-packages/python_programs/camera/__pycache__/__init__.cpython-38.pyc
/home/ubuntu/ws/Libero/install/main/lib/python3.8/site-packages/python_programs/camera/__pycache__/blob_track.cpython-38.pyc
/home/ubuntu/ws/Libero/install/main/lib/python3.8/site-packages/main-0.0.0-py3.8.egg-info/entry_points.txt
/home/ubuntu/ws/Libero/install/main/lib/python3.8/site-packages/main-0.0.0-py3.8.egg-info/SOURCES.txt
/home/ubuntu/ws/Libero/install/main/lib/python3.8/site-packages/main-0.0.0-py3.8.egg-info/requires.txt
/home/ubuntu/ws/Libero/install/main/lib/python3.8/site-packages/main-0.0.0-py3.8.egg-info/dependency_links.txt
/home/ubuntu/ws/Libero/install/main/lib/python3.8/site-packages/main-0.0.0-py3.8.egg-info/top_level.txt
/home/ubuntu/ws/Libero/install/main/lib/python3.8/site-packages/main-0.0.0-py3.8.egg-info/PKG-INFO
/home/ubuntu/ws/Libero/install/main/lib/python3.8/site-packages/main-0.0.0-py3.8.egg-info/zip-safe
/home/ubuntu/ws/Libero/install/main/lib/main/main
