[1.335s] DEBUG:colcon:Command line arguments: ['/usr/bin/colcon', 'build']
[1.335s] DEBUG:colcon:Parsed command line arguments: Namespace(ament_cmake_args=None, base_paths=['.'], build_base='build', catkin_cmake_args=None, catkin_skip_building_tests=False, cmake_args=None, cmake_clean_cache=False, cmake_clean_first=False, cmake_force_configure=False, cmake_target=None, cmake_target_skip_unavailable=False, continue_on_error=False, event_handlers=None, executor='parallel', ignore_user_meta=False, install_base='install', log_base=None, log_level=None, main=<bound method BuildVerb.main of <colcon_core.verb.build.BuildVerb object at 0xffffb8a7cca0>>, merge_install=False, metas=['./colcon.meta'], packages_above=None, packages_above_and_dependencies=None, packages_above_depth=None, packages_end=None, packages_ignore=None, packages_ignore_regex=None, packages_select=None, packages_select_build_failed=False, packages_select_by_dep=None, packages_select_regex=None, packages_select_test_failures=False, packages_skip=None, packages_skip_build_finished=False, packages_skip_by_dep=None, packages_skip_regex=None, packages_skip_test_passed=False, packages_skip_up_to=None, packages_start=None, packages_up_to=None, packages_up_to_regex=None, parallel_workers=4, paths=None, symlink_install=False, test_result_base=None, verb_extension=<colcon_core.verb.build.BuildVerb object at 0xffffb8a7cca0>, verb_name='build', verb_parser=<colcon_defaults.argument_parser.defaults.DefaultArgumentsDecorator object at 0xffffb8a8d1c0>)
[1.357s] Level 1:colcon.colcon_core.package_discovery:discover_packages(colcon_meta) check parameters
[1.358s] Level 1:colcon.colcon_core.package_discovery:discover_packages(recursive) check parameters
[1.358s] Level 1:colcon.colcon_core.package_discovery:discover_packages(ignore) check parameters
[1.358s] Level 1:colcon.colcon_core.package_discovery:discover_packages(path) check parameters
[1.358s] Level 1:colcon.colcon_core.package_discovery:discover_packages(colcon_meta) discover
[1.359s] Level 1:colcon.colcon_core.package_discovery:discover_packages(recursive) discover
[1.359s] INFO:colcon.colcon_core.package_discovery:Crawling recursively for packages in '/home/ubuntu/ws/Libero'
[1.359s] Level 1:colcon.colcon_core.package_identification:_identify(.) by extensions ['ignore', 'ignore_ament_install']
[1.360s] Level 1:colcon.colcon_core.package_identification:_identify(.) by extension 'ignore'
[1.360s] Level 1:colcon.colcon_core.package_identification:_identify(.) by extension 'ignore_ament_install'
[1.360s] Level 1:colcon.colcon_core.package_identification:_identify(.) by extensions ['colcon_pkg']
[1.360s] Level 1:colcon.colcon_core.package_identification:_identify(.) by extension 'colcon_pkg'
[1.360s] Level 1:colcon.colcon_core.package_identification:_identify(.) by extensions ['colcon_meta']
[1.361s] Level 1:colcon.colcon_core.package_identification:_identify(.) by extension 'colcon_meta'
[1.361s] Level 1:colcon.colcon_core.package_identification:_identify(.) by extensions ['ros']
[1.361s] Level 1:colcon.colcon_core.package_identification:_identify(.) by extension 'ros'
[1.409s] Level 1:colcon.colcon_core.package_identification:_identify(.) by extensions ['cmake', 'python']
[1.410s] Level 1:colcon.colcon_core.package_identification:_identify(.) by extension 'cmake'
[1.410s] Level 1:colcon.colcon_core.package_identification:_identify(.) by extension 'python'
[1.410s] Level 1:colcon.colcon_core.package_identification:_identify(.) by extensions ['python_setup_py']
[1.410s] Level 1:colcon.colcon_core.package_identification:_identify(.) by extension 'python_setup_py'
[1.411s] Level 1:colcon.colcon_core.package_identification:_identify(build) by extensions ['ignore', 'ignore_ament_install']
[1.411s] Level 1:colcon.colcon_core.package_identification:_identify(build) by extension 'ignore'
[1.411s] Level 1:colcon.colcon_core.package_identification:_identify(build) ignored
[1.412s] Level 1:colcon.colcon_core.package_identification:_identify(install) by extensions ['ignore', 'ignore_ament_install']
[1.412s] Level 1:colcon.colcon_core.package_identification:_identify(install) by extension 'ignore'
[1.413s] Level 1:colcon.colcon_core.package_identification:_identify(install) ignored
[1.414s] Level 1:colcon.colcon_core.package_identification:_identify(log) by extensions ['ignore', 'ignore_ament_install']
[1.414s] Level 1:colcon.colcon_core.package_identification:_identify(log) by extension 'ignore'
[1.414s] Level 1:colcon.colcon_core.package_identification:_identify(log) ignored
[1.414s] Level 1:colcon.colcon_core.package_identification:_identify(src) by extensions ['ignore', 'ignore_ament_install']
[1.415s] Level 1:colcon.colcon_core.package_identification:_identify(src) by extension 'ignore'
[1.417s] Level 1:colcon.colcon_core.package_identification:_identify(src) by extension 'ignore_ament_install'
[1.418s] Level 1:colcon.colcon_core.package_identification:_identify(src) by extensions ['colcon_pkg']
[1.418s] Level 1:colcon.colcon_core.package_identification:_identify(src) by extension 'colcon_pkg'
[1.418s] Level 1:colcon.colcon_core.package_identification:_identify(src) by extensions ['colcon_meta']
[1.418s] Level 1:colcon.colcon_core.package_identification:_identify(src) by extension 'colcon_meta'
[1.418s] Level 1:colcon.colcon_core.package_identification:_identify(src) by extensions ['ros']
[1.419s] Level 1:colcon.colcon_core.package_identification:_identify(src) by extension 'ros'
[1.419s] Level 1:colcon.colcon_core.package_identification:_identify(src) by extensions ['cmake', 'python']
[1.419s] Level 1:colcon.colcon_core.package_identification:_identify(src) by extension 'cmake'
[1.419s] Level 1:colcon.colcon_core.package_identification:_identify(src) by extension 'python'
[1.420s] Level 1:colcon.colcon_core.package_identification:_identify(src) by extensions ['python_setup_py']
[1.420s] Level 1:colcon.colcon_core.package_identification:_identify(src) by extension 'python_setup_py'
[1.420s] Level 1:colcon.colcon_core.package_identification:_identify(src/main) by extensions ['ignore', 'ignore_ament_install']
[1.421s] Level 1:colcon.colcon_core.package_identification:_identify(src/main) by extension 'ignore'
[1.421s] Level 1:colcon.colcon_core.package_identification:_identify(src/main) by extension 'ignore_ament_install'
[1.421s] Level 1:colcon.colcon_core.package_identification:_identify(src/main) by extensions ['colcon_pkg']
[1.421s] Level 1:colcon.colcon_core.package_identification:_identify(src/main) by extension 'colcon_pkg'
[1.421s] Level 1:colcon.colcon_core.package_identification:_identify(src/main) by extensions ['colcon_meta']
[1.422s] Level 1:colcon.colcon_core.package_identification:_identify(src/main) by extension 'colcon_meta'
[1.422s] Level 1:colcon.colcon_core.package_identification:_identify(src/main) by extensions ['ros']
[1.422s] Level 1:colcon.colcon_core.package_identification:_identify(src/main) by extension 'ros'
[1.433s] DEBUG:colcon.colcon_core.package_identification:Package 'src/main' with type 'ros.ament_python' and name 'main'
[1.433s] Level 1:colcon.colcon_core.package_identification:_identify(src/message_info) by extensions ['ignore', 'ignore_ament_install']
[1.434s] Level 1:colcon.colcon_core.package_identification:_identify(src/message_info) by extension 'ignore'
[1.434s] Level 1:colcon.colcon_core.package_identification:_identify(src/message_info) by extension 'ignore_ament_install'
[1.434s] Level 1:colcon.colcon_core.package_identification:_identify(src/message_info) by extensions ['colcon_pkg']
[1.434s] Level 1:colcon.colcon_core.package_identification:_identify(src/message_info) by extension 'colcon_pkg'
[1.435s] Level 1:colcon.colcon_core.package_identification:_identify(src/message_info) by extensions ['colcon_meta']
[1.435s] Level 1:colcon.colcon_core.package_identification:_identify(src/message_info) by extension 'colcon_meta'
[1.435s] Level 1:colcon.colcon_core.package_identification:_identify(src/message_info) by extensions ['ros']
[1.435s] Level 1:colcon.colcon_core.package_identification:_identify(src/message_info) by extension 'ros'
[1.439s] DEBUG:colcon.colcon_core.package_identification:Package 'src/message_info' with type 'ros.ament_cmake' and name 'message_info'
[1.439s] Level 1:colcon.colcon_core.package_discovery:discover_packages(recursive) using defaults
[1.439s] Level 1:colcon.colcon_core.package_discovery:discover_packages(ignore) discover
[1.440s] Level 1:colcon.colcon_core.package_discovery:discover_packages(ignore) using defaults
[1.440s] Level 1:colcon.colcon_core.package_discovery:discover_packages(path) discover
[1.440s] Level 1:colcon.colcon_core.package_discovery:discover_packages(path) using defaults
[1.516s] Level 5:colcon.colcon_core.verb:set package 'main' build argument 'cmake_args' from command line to 'None'
[1.517s] Level 5:colcon.colcon_core.verb:set package 'main' build argument 'cmake_target' from command line to 'None'
[1.517s] Level 5:colcon.colcon_core.verb:set package 'main' build argument 'cmake_target_skip_unavailable' from command line to 'False'
[1.517s] Level 5:colcon.colcon_core.verb:set package 'main' build argument 'cmake_clean_cache' from command line to 'False'
[1.517s] Level 5:colcon.colcon_core.verb:set package 'main' build argument 'cmake_clean_first' from command line to 'False'
[1.517s] Level 5:colcon.colcon_core.verb:set package 'main' build argument 'cmake_force_configure' from command line to 'False'
[1.517s] Level 5:colcon.colcon_core.verb:set package 'main' build argument 'ament_cmake_args' from command line to 'None'
[1.517s] Level 5:colcon.colcon_core.verb:set package 'main' build argument 'catkin_cmake_args' from command line to 'None'
[1.517s] Level 5:colcon.colcon_core.verb:set package 'main' build argument 'catkin_skip_building_tests' from command line to 'False'
[1.518s] DEBUG:colcon.colcon_core.verb:Building package 'main' with the following arguments: {'ament_cmake_args': None, 'build_base': '/home/ubuntu/ws/Libero/build/main', 'catkin_cmake_args': None, 'catkin_skip_building_tests': False, 'cmake_args': None, 'cmake_clean_cache': False, 'cmake_clean_first': False, 'cmake_force_configure': False, 'cmake_target': None, 'cmake_target_skip_unavailable': False, 'install_base': '/home/ubuntu/ws/Libero/install/main', 'merge_install': False, 'path': '/home/ubuntu/ws/Libero/src/main', 'symlink_install': False, 'test_result_base': None}
[1.528s] Level 5:colcon.colcon_core.verb:set package 'message_info' build argument 'cmake_args' from command line to 'None'
[1.528s] Level 5:colcon.colcon_core.verb:set package 'message_info' build argument 'cmake_target' from command line to 'None'
[1.528s] Level 5:colcon.colcon_core.verb:set package 'message_info' build argument 'cmake_target_skip_unavailable' from command line to 'False'
[1.529s] Level 5:colcon.colcon_core.verb:set package 'message_info' build argument 'cmake_clean_cache' from command line to 'False'
[1.529s] Level 5:colcon.colcon_core.verb:set package 'message_info' build argument 'cmake_clean_first' from command line to 'False'
[1.529s] Level 5:colcon.colcon_core.verb:set package 'message_info' build argument 'cmake_force_configure' from command line to 'False'
[1.529s] Level 5:colcon.colcon_core.verb:set package 'message_info' build argument 'ament_cmake_args' from command line to 'None'
[1.529s] Level 5:colcon.colcon_core.verb:set package 'message_info' build argument 'catkin_cmake_args' from command line to 'None'
[1.529s] Level 5:colcon.colcon_core.verb:set package 'message_info' build argument 'catkin_skip_building_tests' from command line to 'False'
[1.529s] DEBUG:colcon.colcon_core.verb:Building package 'message_info' with the following arguments: {'ament_cmake_args': None, 'build_base': '/home/ubuntu/ws/Libero/build/message_info', 'catkin_cmake_args': None, 'catkin_skip_building_tests': False, 'cmake_args': None, 'cmake_clean_cache': False, 'cmake_clean_first': False, 'cmake_force_configure': False, 'cmake_target': None, 'cmake_target_skip_unavailable': False, 'install_base': '/home/ubuntu/ws/Libero/install/message_info', 'merge_install': False, 'path': '/home/ubuntu/ws/Libero/src/message_info', 'symlink_install': False, 'test_result_base': None}
[1.531s] INFO:colcon.colcon_core.executor:Executing jobs using 'parallel' executor
[1.538s] DEBUG:colcon.colcon_parallel_executor.executor.parallel:run_until_complete
[1.539s] INFO:colcon.colcon_ros.task.ament_python.build:Building ROS package in '/home/ubuntu/ws/Libero/src/main' with build type 'ament_python'
[1.540s] Level 1:colcon.colcon_core.shell:create_environment_hook('main', 'ament_prefix_path')
[1.555s] INFO:colcon.colcon_core.plugin_system:Skipping extension 'colcon_core.shell.bat': Not used on non-Windows systems
[1.555s] INFO:colcon.colcon_core.shell:Creating environment hook '/home/ubuntu/ws/Libero/install/main/share/main/hook/ament_prefix_path.ps1'
[1.558s] INFO:colcon.colcon_core.shell:Creating environment descriptor '/home/ubuntu/ws/Libero/install/main/share/main/hook/ament_prefix_path.dsv'
[1.560s] INFO:colcon.colcon_core.shell:Creating environment hook '/home/ubuntu/ws/Libero/install/main/share/main/hook/ament_prefix_path.sh'
[1.565s] INFO:colcon.colcon_core.shell:Skip shell extension 'powershell' for command environment: Not usable outside of PowerShell
[1.565s] DEBUG:colcon.colcon_core.shell:Skip shell extension 'dsv' for command environment
[1.581s] DEBUG:colcon.colcon_core.shell:Ignoring prefix path '/opt/ros/foxy'
[1.590s] INFO:colcon.colcon_ros.task.ament_cmake.build:Building ROS package in '/home/ubuntu/ws/Libero/src/message_info' with build type 'ament_cmake'
[1.591s] INFO:colcon.colcon_cmake.task.cmake.build:Building CMake package in '/home/ubuntu/ws/Libero/src/message_info'
[1.595s] INFO:colcon.colcon_core.shell:Skip shell extension 'powershell' for command environment: Not usable outside of PowerShell
[1.595s] DEBUG:colcon.colcon_core.shell:Skip shell extension 'dsv' for command environment
[1.610s] DEBUG:colcon.colcon_core.shell:Ignoring prefix path '/opt/ros/foxy'
[2.618s] WARNING:colcon.colcon_ros.task.ament_python.build:Package 'main' doesn't explicitly install a marker in the package index (colcon-ros currently does it implicitly but that fallback will be removed in the future)
[2.619s] WARNING:colcon.colcon_ros.task.ament_python.build:Package 'main' doesn't explicitly install the 'package.xml' file (colcon-ros currently does it implicitly but that fallback will be removed in the future)
[2.621s] INFO:colcon.colcon_core.task.python.build:Building Python package in '/home/ubuntu/ws/Libero/src/main'
[2.624s] INFO:colcon.colcon_core.shell:Skip shell extension 'powershell' for command environment: Not usable outside of PowerShell
[2.624s] DEBUG:colcon.colcon_core.shell:Skip shell extension 'dsv' for command environment
[2.638s] DEBUG:colcon.colcon_core.shell:Ignoring prefix path '/opt/ros/foxy'
[2.663s] DEBUG:colcon.colcon_core.event_handler.log_command:Invoking command in '/home/ubuntu/ws/Libero/build/message_info': CMAKE_PREFIX_PATH=${CMAKE_PREFIX_PATH}:/home/ubuntu/ws/Libero/install/main:/home/ubuntu/ws/SSLRasp/install/rasp:/opt/ros/foxy /usr/bin/cmake --build /home/ubuntu/ws/Libero/build/message_info -- -j4 -l4
[2.697s] DEBUG:colcon.colcon_core.event_handler.log_command:Invoking command in '/home/ubuntu/ws/Libero/src/main': PYTHONPATH=/home/ubuntu/ws/Libero/install/main/lib/python3.8/site-packages:${PYTHONPATH} /usr/bin/python3 setup.py egg_info --egg-base ../../build/main build --build-base /home/ubuntu/ws/Libero/build/main/build install --prefix /home/ubuntu/ws/Libero/install/main --record /home/ubuntu/ws/Libero/build/main/install.log --single-version-externally-managed
[4.153s] DEBUG:colcon.colcon_core.event_handler.log_command:Invoked command in '/home/ubuntu/ws/Libero/src/main' returned '0': PYTHONPATH=/home/ubuntu/ws/Libero/install/main/lib/python3.8/site-packages:${PYTHONPATH} /usr/bin/python3 setup.py egg_info --egg-base ../../build/main build --build-base /home/ubuntu/ws/Libero/build/main/build install --prefix /home/ubuntu/ws/Libero/install/main --record /home/ubuntu/ws/Libero/build/main/install.log --single-version-externally-managed
[4.171s] Level 1:colcon.colcon_core.environment:checking '/home/ubuntu/ws/Libero/install/main' for CMake module files
[4.174s] Level 1:colcon.colcon_core.environment:checking '/home/ubuntu/ws/Libero/install/main' for CMake config files
[4.178s] Level 1:colcon.colcon_core.environment:checking '/home/ubuntu/ws/Libero/install/main/lib'
[4.179s] Level 1:colcon.colcon_core.environment:checking '/home/ubuntu/ws/Libero/install/main/bin'
[4.179s] Level 1:colcon.colcon_core.environment:checking '/home/ubuntu/ws/Libero/install/main/lib/pkgconfig/main.pc'
[4.179s] Level 1:colcon.colcon_core.environment:checking '/home/ubuntu/ws/Libero/install/main/lib/python3.8/site-packages'
[4.180s] Level 1:colcon.colcon_core.shell:create_environment_hook('main', 'pythonpath')
[4.182s] INFO:colcon.colcon_core.shell:Creating environment hook '/home/ubuntu/ws/Libero/install/main/share/main/hook/pythonpath.ps1'
[4.184s] INFO:colcon.colcon_core.shell:Creating environment descriptor '/home/ubuntu/ws/Libero/install/main/share/main/hook/pythonpath.dsv'
[4.186s] INFO:colcon.colcon_core.shell:Creating environment hook '/home/ubuntu/ws/Libero/install/main/share/main/hook/pythonpath.sh'
[4.187s] Level 1:colcon.colcon_core.environment:create_environment_scripts_only(main)
[4.190s] INFO:colcon.colcon_core.shell:Creating package script '/home/ubuntu/ws/Libero/install/main/share/main/package.ps1'
[4.194s] INFO:colcon.colcon_core.shell:Creating package descriptor '/home/ubuntu/ws/Libero/install/main/share/main/package.dsv'
[4.197s] INFO:colcon.colcon_core.shell:Creating package script '/home/ubuntu/ws/Libero/install/main/share/main/package.sh'
[4.200s] INFO:colcon.colcon_core.shell:Creating package script '/home/ubuntu/ws/Libero/install/main/share/main/package.bash'
[4.203s] INFO:colcon.colcon_core.shell:Creating package script '/home/ubuntu/ws/Libero/install/main/share/main/package.zsh'
[4.206s] Level 1:colcon.colcon_core.environment:create_file_with_runtime_dependencies(/home/ubuntu/ws/Libero/install/main/share/colcon-core/packages/main)
[34.187s] DEBUG:colcon.colcon_core.event_handler.log_command:Invoked command in '/home/ubuntu/ws/Libero/build/message_info' returned '0': CMAKE_PREFIX_PATH=${CMAKE_PREFIX_PATH}:/home/ubuntu/ws/Libero/install/main:/home/ubuntu/ws/SSLRasp/install/rasp:/opt/ros/foxy /usr/bin/cmake --build /home/ubuntu/ws/Libero/build/message_info -- -j4 -l4
[34.991s] DEBUG:colcon.colcon_core.event_handler.log_command:Invoking command in '/home/ubuntu/ws/Libero/build/message_info': CMAKE_PREFIX_PATH=${CMAKE_PREFIX_PATH}:/home/ubuntu/ws/Libero/install/main:/home/ubuntu/ws/SSLRasp/install/rasp:/opt/ros/foxy /usr/bin/cmake --install /home/ubuntu/ws/Libero/build/message_info
[35.368s] Level 1:colcon.colcon_core.environment:create_environment_scripts_only(message_info)
[35.372s] Level 1:colcon.colcon_core.environment:checking '/home/ubuntu/ws/Libero/install/message_info' for CMake module files
[35.374s] DEBUG:colcon.colcon_core.event_handler.log_command:Invoked command in '/home/ubuntu/ws/Libero/build/message_info' returned '0': CMAKE_PREFIX_PATH=${CMAKE_PREFIX_PATH}:/home/ubuntu/ws/Libero/install/main:/home/ubuntu/ws/SSLRasp/install/rasp:/opt/ros/foxy /usr/bin/cmake --install /home/ubuntu/ws/Libero/build/message_info
[35.377s] Level 1:colcon.colcon_core.environment:checking '/home/ubuntu/ws/Libero/install/message_info' for CMake config files
[35.380s] Level 1:colcon.colcon_core.shell:create_environment_hook('message_info', 'cmake_prefix_path')
[35.382s] INFO:colcon.colcon_core.shell:Creating environment hook '/home/ubuntu/ws/Libero/install/message_info/share/message_info/hook/cmake_prefix_path.ps1'
[35.385s] INFO:colcon.colcon_core.shell:Creating environment descriptor '/home/ubuntu/ws/Libero/install/message_info/share/message_info/hook/cmake_prefix_path.dsv'
[35.387s] INFO:colcon.colcon_core.shell:Creating environment hook '/home/ubuntu/ws/Libero/install/message_info/share/message_info/hook/cmake_prefix_path.sh'
[35.390s] Level 1:colcon.colcon_core.environment:checking '/home/ubuntu/ws/Libero/install/message_info/lib'
[35.391s] Level 1:colcon.colcon_core.shell:create_environment_hook('message_info', 'ld_library_path_lib')
[35.393s] INFO:colcon.colcon_core.shell:Creating environment hook '/home/ubuntu/ws/Libero/install/message_info/share/message_info/hook/ld_library_path_lib.ps1'
[35.395s] INFO:colcon.colcon_core.shell:Creating environment descriptor '/home/ubuntu/ws/Libero/install/message_info/share/message_info/hook/ld_library_path_lib.dsv'
[35.396s] INFO:colcon.colcon_core.shell:Creating environment hook '/home/ubuntu/ws/Libero/install/message_info/share/message_info/hook/ld_library_path_lib.sh'
[35.398s] Level 1:colcon.colcon_core.environment:checking '/home/ubuntu/ws/Libero/install/message_info/bin'
[35.398s] Level 1:colcon.colcon_core.environment:checking '/home/ubuntu/ws/Libero/install/message_info/lib/pkgconfig/message_info.pc'
[35.399s] Level 1:colcon.colcon_core.environment:checking '/home/ubuntu/ws/Libero/install/message_info/lib/python3.8/site-packages'
[35.399s] Level 1:colcon.colcon_core.shell:create_environment_hook('message_info', 'pythonpath')
[35.401s] INFO:colcon.colcon_core.shell:Creating environment hook '/home/ubuntu/ws/Libero/install/message_info/share/message_info/hook/pythonpath.ps1'
[35.403s] INFO:colcon.colcon_core.shell:Creating environment descriptor '/home/ubuntu/ws/Libero/install/message_info/share/message_info/hook/pythonpath.dsv'
[35.405s] INFO:colcon.colcon_core.shell:Creating environment hook '/home/ubuntu/ws/Libero/install/message_info/share/message_info/hook/pythonpath.sh'
[35.409s] INFO:colcon.colcon_core.shell:Creating package script '/home/ubuntu/ws/Libero/install/message_info/share/message_info/package.ps1'
[35.412s] INFO:colcon.colcon_core.shell:Creating package descriptor '/home/ubuntu/ws/Libero/install/message_info/share/message_info/package.dsv'
[35.414s] INFO:colcon.colcon_core.shell:Creating package script '/home/ubuntu/ws/Libero/install/message_info/share/message_info/package.sh'
[35.416s] INFO:colcon.colcon_core.shell:Creating package script '/home/ubuntu/ws/Libero/install/message_info/share/message_info/package.bash'
[35.418s] INFO:colcon.colcon_core.shell:Creating package script '/home/ubuntu/ws/Libero/install/message_info/share/message_info/package.zsh'
[35.420s] Level 1:colcon.colcon_core.environment:create_file_with_runtime_dependencies(/home/ubuntu/ws/Libero/install/message_info/share/colcon-core/packages/message_info)
[36.181s] Level 1:colcon.colcon_core.environment:create_environment_scripts_only(message_info)
[36.185s] Level 1:colcon.colcon_core.environment:checking '/home/ubuntu/ws/Libero/install/message_info' for CMake module files
[36.189s] Level 1:colcon.colcon_core.environment:checking '/home/ubuntu/ws/Libero/install/message_info' for CMake config files
[36.193s] Level 1:colcon.colcon_core.shell:create_environment_hook('message_info', 'cmake_prefix_path')
[36.195s] INFO:colcon.colcon_core.shell:Creating environment hook '/home/ubuntu/ws/Libero/install/message_info/share/message_info/hook/cmake_prefix_path.ps1'
[36.197s] INFO:colcon.colcon_core.shell:Creating environment descriptor '/home/ubuntu/ws/Libero/install/message_info/share/message_info/hook/cmake_prefix_path.dsv'
[36.199s] INFO:colcon.colcon_core.shell:Creating environment hook '/home/ubuntu/ws/Libero/install/message_info/share/message_info/hook/cmake_prefix_path.sh'
[36.201s] Level 1:colcon.colcon_core.environment:checking '/home/ubuntu/ws/Libero/install/message_info/lib'
[36.202s] Level 1:colcon.colcon_core.shell:create_environment_hook('message_info', 'ld_library_path_lib')
[36.204s] INFO:colcon.colcon_core.shell:Creating environment hook '/home/ubuntu/ws/Libero/install/message_info/share/message_info/hook/ld_library_path_lib.ps1'
[36.206s] INFO:colcon.colcon_core.shell:Creating environment descriptor '/home/ubuntu/ws/Libero/install/message_info/share/message_info/hook/ld_library_path_lib.dsv'
[36.208s] INFO:colcon.colcon_core.shell:Creating environment hook '/home/ubuntu/ws/Libero/install/message_info/share/message_info/hook/ld_library_path_lib.sh'
[36.210s] Level 1:colcon.colcon_core.environment:checking '/home/ubuntu/ws/Libero/install/message_info/bin'
[36.210s] Level 1:colcon.colcon_core.environment:checking '/home/ubuntu/ws/Libero/install/message_info/lib/pkgconfig/message_info.pc'
[36.210s] Level 1:colcon.colcon_core.environment:checking '/home/ubuntu/ws/Libero/install/message_info/lib/python3.8/site-packages'
[36.211s] Level 1:colcon.colcon_core.shell:create_environment_hook('message_info', 'pythonpath')
[36.213s] INFO:colcon.colcon_core.shell:Creating environment hook '/home/ubuntu/ws/Libero/install/message_info/share/message_info/hook/pythonpath.ps1'
[36.215s] INFO:colcon.colcon_core.shell:Creating environment descriptor '/home/ubuntu/ws/Libero/install/message_info/share/message_info/hook/pythonpath.dsv'
[36.216s] INFO:colcon.colcon_core.shell:Creating environment hook '/home/ubuntu/ws/Libero/install/message_info/share/message_info/hook/pythonpath.sh'
[36.220s] INFO:colcon.colcon_core.shell:Creating package script '/home/ubuntu/ws/Libero/install/message_info/share/message_info/package.ps1'
[36.223s] INFO:colcon.colcon_core.shell:Creating package descriptor '/home/ubuntu/ws/Libero/install/message_info/share/message_info/package.dsv'
[36.226s] INFO:colcon.colcon_core.shell:Creating package script '/home/ubuntu/ws/Libero/install/message_info/share/message_info/package.sh'
[36.228s] INFO:colcon.colcon_core.shell:Creating package script '/home/ubuntu/ws/Libero/install/message_info/share/message_info/package.bash'
[36.230s] INFO:colcon.colcon_core.shell:Creating package script '/home/ubuntu/ws/Libero/install/message_info/share/message_info/package.zsh'
[36.232s] Level 1:colcon.colcon_core.environment:create_file_with_runtime_dependencies(/home/ubuntu/ws/Libero/install/message_info/share/colcon-core/packages/message_info)
[36.233s] DEBUG:colcon.colcon_parallel_executor.executor.parallel:closing loop
[36.234s] DEBUG:colcon.colcon_parallel_executor.executor.parallel:loop closed
[36.234s] DEBUG:colcon.colcon_parallel_executor.executor.parallel:run_until_complete finished with '0'
[36.235s] DEBUG:colcon.colcon_core.event_reactor:joining thread
[36.259s] INFO:colcon.colcon_core.plugin_system:Skipping extension 'colcon_notification.desktop_notification.notify_send': Could not find 'notify-send'
[36.260s] INFO:colcon.colcon_core.plugin_system:Skipping extension 'colcon_notification.desktop_notification.terminal_notifier': Not used on non-Darwin systems
[36.260s] INFO:colcon.colcon_core.plugin_system:Skipping extension 'colcon_notification.desktop_notification.win32': Not used on non-Windows systems
[36.260s] INFO:colcon.colcon_notification.desktop_notification:Sending desktop notification using 'notify2'
[36.263s] DEBUG:colcon.colcon_notification.desktop_notification.notify2:Failed to initialize notify2: org.freedesktop.DBus.Error.ServiceUnknown: The name org.freedesktop.Notifications was not provided by any .service files
[36.263s] DEBUG:colcon.colcon_core.event_reactor:joined thread
[36.265s] INFO:colcon.colcon_core.shell:Creating prefix script '/home/ubuntu/ws/Libero/install/local_setup.ps1'
[36.269s] INFO:colcon.colcon_core.shell:Creating prefix util module '/home/ubuntu/ws/Libero/install/_local_setup_util_ps1.py'
[36.275s] INFO:colcon.colcon_core.shell:Creating prefix chain script '/home/ubuntu/ws/Libero/install/setup.ps1'
[36.288s] INFO:colcon.colcon_core.shell:Creating prefix script '/home/ubuntu/ws/Libero/install/local_setup.sh'
[36.290s] INFO:colcon.colcon_core.shell:Creating prefix util module '/home/ubuntu/ws/Libero/install/_local_setup_util_sh.py'
[36.292s] INFO:colcon.colcon_core.shell:Creating prefix chain script '/home/ubuntu/ws/Libero/install/setup.sh'
[36.303s] INFO:colcon.colcon_core.shell:Creating prefix script '/home/ubuntu/ws/Libero/install/local_setup.bash'
[36.306s] INFO:colcon.colcon_core.shell:Creating prefix chain script '/home/ubuntu/ws/Libero/install/setup.bash'
[36.316s] INFO:colcon.colcon_core.shell:Creating prefix script '/home/ubuntu/ws/Libero/install/local_setup.zsh'
[36.318s] INFO:colcon.colcon_core.shell:Creating prefix chain script '/home/ubuntu/ws/Libero/install/setup.zsh'
