[1.151s] Invoking command in '/home/ubuntu/ws/Libero/src/main': PYTHONPATH=/home/ubuntu/ws/Libero/install/main/lib/python3.8/site-packages:${PYTHONPATH} /usr/bin/python3 setup.py egg_info --egg-base ../../build/main build --build-base /home/ubuntu/ws/Libero/build/main/build install --prefix /home/ubuntu/ws/Libero/install/main --record /home/ubuntu/ws/Libero/build/main/install.log --single-version-externally-managed
[2.305s] running egg_info
[2.307s] writing ../../build/main/main.egg-info/PKG-INFO
[2.309s] writing dependency_links to ../../build/main/main.egg-info/dependency_links.txt
[2.310s] writing entry points to ../../build/main/main.egg-info/entry_points.txt
[2.311s] writing requirements to ../../build/main/main.egg-info/requires.txt
[2.312s] writing top-level names to ../../build/main/main.egg-info/top_level.txt
[2.479s] reading manifest file '../../build/main/main.egg-info/SOURCES.txt'
[2.483s] writing manifest file '../../build/main/main.egg-info/SOURCES.txt'
[2.484s] running build
[2.484s] running build_py
[2.485s] copying python_programs/main.py -> /home/ubuntu/ws/Libero/build/main/build/lib/python_programs
[2.487s] running install
[2.490s] running install_lib
[2.496s] copying /home/ubuntu/ws/Libero/build/main/build/lib/python_programs/main.py -> /home/ubuntu/ws/Libero/install/main/lib/python3.8/site-packages/python_programs
[2.499s] byte-compiling /home/ubuntu/ws/Libero/install/main/lib/python3.8/site-packages/python_programs/main.py to main.cpython-38.pyc
[2.512s] running install_egg_info
[2.518s] removing '/home/ubuntu/ws/Libero/install/main/lib/python3.8/site-packages/main-0.0.0-py3.8.egg-info' (and everything under it)
[2.520s] Copying ../../build/main/main.egg-info to /home/ubuntu/ws/Libero/install/main/lib/python3.8/site-packages/main-0.0.0-py3.8.egg-info
[2.525s] running install_scripts
[2.598s] Installing main script to /home/ubuntu/ws/Libero/install/main/lib/main
[2.599s] writing list of installed files to '/home/ubuntu/ws/Libero/build/main/install.log'
[2.703s] Invoked command in '/home/ubuntu/ws/Libero/src/main' returned '0': PYTHONPATH=/home/ubuntu/ws/Libero/install/main/lib/python3.8/site-packages:${PYTHONPATH} /usr/bin/python3 setup.py egg_info --egg-base ../../build/main build --build-base /home/ubuntu/ws/Libero/build/main/build install --prefix /home/ubuntu/ws/Libero/install/main --record /home/ubuntu/ws/Libero/build/main/install.log --single-version-externally-managed
