[1.347s] DEBUG:colcon:Command line arguments: ['/usr/bin/colcon', 'build']
[1.347s] DEBUG:colcon:Parsed command line arguments: Namespace(ament_cmake_args=None, base_paths=['.'], build_base='build', catkin_cmake_args=None, catkin_skip_building_tests=False, cmake_args=None, cmake_clean_cache=False, cmake_clean_first=False, cmake_force_configure=False, cmake_target=None, cmake_target_skip_unavailable=False, continue_on_error=False, event_handlers=None, executor='parallel', ignore_user_meta=False, install_base='install', log_base=None, log_level=None, main=<bound method BuildVerb.main of <colcon_core.verb.build.BuildVerb object at 0xffff97334c70>>, merge_install=False, metas=['./colcon.meta'], packages_above=None, packages_above_and_dependencies=None, packages_above_depth=None, packages_end=None, packages_ignore=None, packages_ignore_regex=None, packages_select=None, packages_select_build_failed=False, packages_select_by_dep=None, packages_select_regex=None, packages_select_test_failures=False, packages_skip=None, packages_skip_build_finished=False, packages_skip_by_dep=None, packages_skip_regex=None, packages_skip_test_passed=False, packages_skip_up_to=None, packages_start=None, packages_up_to=None, packages_up_to_regex=None, parallel_workers=4, paths=None, symlink_install=False, test_result_base=None, verb_extension=<colcon_core.verb.build.BuildVerb object at 0xffff97334c70>, verb_name='build', verb_parser=<colcon_defaults.argument_parser.defaults.DefaultArgumentsDecorator object at 0xffff97346190>)
[1.370s] Level 1:colcon.colcon_core.package_discovery:discover_packages(colcon_meta) check parameters
[1.371s] Level 1:colcon.colcon_core.package_discovery:discover_packages(recursive) check parameters
[1.371s] Level 1:colcon.colcon_core.package_discovery:discover_packages(ignore) check parameters
[1.371s] Level 1:colcon.colcon_core.package_discovery:discover_packages(path) check parameters
[1.371s] Level 1:colcon.colcon_core.package_discovery:discover_packages(colcon_meta) discover
[1.371s] Level 1:colcon.colcon_core.package_discovery:discover_packages(recursive) discover
[1.371s] INFO:colcon.colcon_core.package_discovery:Crawling recursively for packages in '/home/ubuntu/ws/Libero'
[1.372s] Level 1:colcon.colcon_core.package_identification:_identify(.) by extensions ['ignore', 'ignore_ament_install']
[1.372s] Level 1:colcon.colcon_core.package_identification:_identify(.) by extension 'ignore'
[1.372s] Level 1:colcon.colcon_core.package_identification:_identify(.) by extension 'ignore_ament_install'
[1.373s] Level 1:colcon.colcon_core.package_identification:_identify(.) by extensions ['colcon_pkg']
[1.373s] Level 1:colcon.colcon_core.package_identification:_identify(.) by extension 'colcon_pkg'
[1.373s] Level 1:colcon.colcon_core.package_identification:_identify(.) by extensions ['colcon_meta']
[1.373s] Level 1:colcon.colcon_core.package_identification:_identify(.) by extension 'colcon_meta'
[1.373s] Level 1:colcon.colcon_core.package_identification:_identify(.) by extensions ['ros']
[1.373s] Level 1:colcon.colcon_core.package_identification:_identify(.) by extension 'ros'
[1.422s] Level 1:colcon.colcon_core.package_identification:_identify(.) by extensions ['cmake', 'python']
[1.422s] Level 1:colcon.colcon_core.package_identification:_identify(.) by extension 'cmake'
[1.423s] Level 1:colcon.colcon_core.package_identification:_identify(.) by extension 'python'
[1.423s] Level 1:colcon.colcon_core.package_identification:_identify(.) by extensions ['python_setup_py']
[1.423s] Level 1:colcon.colcon_core.package_identification:_identify(.) by extension 'python_setup_py'
[1.423s] Level 1:colcon.colcon_core.package_identification:_identify(build) by extensions ['ignore', 'ignore_ament_install']
[1.424s] Level 1:colcon.colcon_core.package_identification:_identify(build) by extension 'ignore'
[1.424s] Level 1:colcon.colcon_core.package_identification:_identify(build) ignored
[1.425s] Level 1:colcon.colcon_core.package_identification:_identify(install) by extensions ['ignore', 'ignore_ament_install']
[1.425s] Level 1:colcon.colcon_core.package_identification:_identify(install) by extension 'ignore'
[1.425s] Level 1:colcon.colcon_core.package_identification:_identify(install) ignored
[1.426s] Level 1:colcon.colcon_core.package_identification:_identify(log) by extensions ['ignore', 'ignore_ament_install']
[1.426s] Level 1:colcon.colcon_core.package_identification:_identify(log) by extension 'ignore'
[1.427s] Level 1:colcon.colcon_core.package_identification:_identify(log) ignored
[1.427s] Level 1:colcon.colcon_core.package_identification:_identify(src) by extensions ['ignore', 'ignore_ament_install']
[1.427s] Level 1:colcon.colcon_core.package_identification:_identify(src) by extension 'ignore'
[1.427s] Level 1:colcon.colcon_core.package_identification:_identify(src) by extension 'ignore_ament_install'
[1.428s] Level 1:colcon.colcon_core.package_identification:_identify(src) by extensions ['colcon_pkg']
[1.428s] Level 1:colcon.colcon_core.package_identification:_identify(src) by extension 'colcon_pkg'
[1.428s] Level 1:colcon.colcon_core.package_identification:_identify(src) by extensions ['colcon_meta']
[1.428s] Level 1:colcon.colcon_core.package_identification:_identify(src) by extension 'colcon_meta'
[1.428s] Level 1:colcon.colcon_core.package_identification:_identify(src) by extensions ['ros']
[1.428s] Level 1:colcon.colcon_core.package_identification:_identify(src) by extension 'ros'
[1.429s] Level 1:colcon.colcon_core.package_identification:_identify(src) by extensions ['cmake', 'python']
[1.429s] Level 1:colcon.colcon_core.package_identification:_identify(src) by extension 'cmake'
[1.429s] Level 1:colcon.colcon_core.package_identification:_identify(src) by extension 'python'
[1.429s] Level 1:colcon.colcon_core.package_identification:_identify(src) by extensions ['python_setup_py']
[1.429s] Level 1:colcon.colcon_core.package_identification:_identify(src) by extension 'python_setup_py'
[1.430s] Level 1:colcon.colcon_core.package_identification:_identify(src/main) by extensions ['ignore', 'ignore_ament_install']
[1.430s] Level 1:colcon.colcon_core.package_identification:_identify(src/main) by extension 'ignore'
[1.430s] Level 1:colcon.colcon_core.package_identification:_identify(src/main) by extension 'ignore_ament_install'
[1.431s] Level 1:colcon.colcon_core.package_identification:_identify(src/main) by extensions ['colcon_pkg']
[1.431s] Level 1:colcon.colcon_core.package_identification:_identify(src/main) by extension 'colcon_pkg'
[1.431s] Level 1:colcon.colcon_core.package_identification:_identify(src/main) by extensions ['colcon_meta']
[1.431s] Level 1:colcon.colcon_core.package_identification:_identify(src/main) by extension 'colcon_meta'
[1.431s] Level 1:colcon.colcon_core.package_identification:_identify(src/main) by extensions ['ros']
[1.431s] Level 1:colcon.colcon_core.package_identification:_identify(src/main) by extension 'ros'
[1.441s] DEBUG:colcon.colcon_core.package_identification:Package 'src/main' with type 'ros.ament_python' and name 'main'
[1.442s] Level 1:colcon.colcon_core.package_identification:_identify(src/message_info) by extensions ['ignore', 'ignore_ament_install']
[1.442s] Level 1:colcon.colcon_core.package_identification:_identify(src/message_info) by extension 'ignore'
[1.442s] Level 1:colcon.colcon_core.package_identification:_identify(src/message_info) by extension 'ignore_ament_install'
[1.443s] Level 1:colcon.colcon_core.package_identification:_identify(src/message_info) by extensions ['colcon_pkg']
[1.443s] Level 1:colcon.colcon_core.package_identification:_identify(src/message_info) by extension 'colcon_pkg'
[1.443s] Level 1:colcon.colcon_core.package_identification:_identify(src/message_info) by extensions ['colcon_meta']
[1.443s] Level 1:colcon.colcon_core.package_identification:_identify(src/message_info) by extension 'colcon_meta'
[1.443s] Level 1:colcon.colcon_core.package_identification:_identify(src/message_info) by extensions ['ros']
[1.443s] Level 1:colcon.colcon_core.package_identification:_identify(src/message_info) by extension 'ros'
[1.447s] DEBUG:colcon.colcon_core.package_identification:Package 'src/message_info' with type 'ros.ament_cmake' and name 'message_info'
[1.447s] Level 1:colcon.colcon_core.package_discovery:discover_packages(recursive) using defaults
[1.448s] Level 1:colcon.colcon_core.package_discovery:discover_packages(ignore) discover
[1.448s] Level 1:colcon.colcon_core.package_discovery:discover_packages(ignore) using defaults
[1.448s] Level 1:colcon.colcon_core.package_discovery:discover_packages(path) discover
[1.448s] Level 1:colcon.colcon_core.package_discovery:discover_packages(path) using defaults
[1.525s] Level 5:colcon.colcon_core.verb:set package 'main' build argument 'cmake_args' from command line to 'None'
[1.526s] Level 5:colcon.colcon_core.verb:set package 'main' build argument 'cmake_target' from command line to 'None'
[1.526s] Level 5:colcon.colcon_core.verb:set package 'main' build argument 'cmake_target_skip_unavailable' from command line to 'False'
[1.526s] Level 5:colcon.colcon_core.verb:set package 'main' build argument 'cmake_clean_cache' from command line to 'False'
[1.526s] Level 5:colcon.colcon_core.verb:set package 'main' build argument 'cmake_clean_first' from command line to 'False'
[1.526s] Level 5:colcon.colcon_core.verb:set package 'main' build argument 'cmake_force_configure' from command line to 'False'
[1.526s] Level 5:colcon.colcon_core.verb:set package 'main' build argument 'ament_cmake_args' from command line to 'None'
[1.526s] Level 5:colcon.colcon_core.verb:set package 'main' build argument 'catkin_cmake_args' from command line to 'None'
[1.526s] Level 5:colcon.colcon_core.verb:set package 'main' build argument 'catkin_skip_building_tests' from command line to 'False'
[1.527s] DEBUG:colcon.colcon_core.verb:Building package 'main' with the following arguments: {'ament_cmake_args': None, 'build_base': '/home/ubuntu/ws/Libero/build/main', 'catkin_cmake_args': None, 'catkin_skip_building_tests': False, 'cmake_args': None, 'cmake_clean_cache': False, 'cmake_clean_first': False, 'cmake_force_configure': False, 'cmake_target': None, 'cmake_target_skip_unavailable': False, 'install_base': '/home/ubuntu/ws/Libero/install/main', 'merge_install': False, 'path': '/home/ubuntu/ws/Libero/src/main', 'symlink_install': False, 'test_result_base': None}
[1.537s] Level 5:colcon.colcon_core.verb:set package 'message_info' build argument 'cmake_args' from command line to 'None'
[1.537s] Level 5:colcon.colcon_core.verb:set package 'message_info' build argument 'cmake_target' from command line to 'None'
[1.537s] Level 5:colcon.colcon_core.verb:set package 'message_info' build argument 'cmake_target_skip_unavailable' from command line to 'False'
[1.538s] Level 5:colcon.colcon_core.verb:set package 'message_info' build argument 'cmake_clean_cache' from command line to 'False'
[1.538s] Level 5:colcon.colcon_core.verb:set package 'message_info' build argument 'cmake_clean_first' from command line to 'False'
[1.538s] Level 5:colcon.colcon_core.verb:set package 'message_info' build argument 'cmake_force_configure' from command line to 'False'
[1.538s] Level 5:colcon.colcon_core.verb:set package 'message_info' build argument 'ament_cmake_args' from command line to 'None'
[1.538s] Level 5:colcon.colcon_core.verb:set package 'message_info' build argument 'catkin_cmake_args' from command line to 'None'
[1.538s] Level 5:colcon.colcon_core.verb:set package 'message_info' build argument 'catkin_skip_building_tests' from command line to 'False'
[1.538s] DEBUG:colcon.colcon_core.verb:Building package 'message_info' with the following arguments: {'ament_cmake_args': None, 'build_base': '/home/ubuntu/ws/Libero/build/message_info', 'catkin_cmake_args': None, 'catkin_skip_building_tests': False, 'cmake_args': None, 'cmake_clean_cache': False, 'cmake_clean_first': False, 'cmake_force_configure': False, 'cmake_target': None, 'cmake_target_skip_unavailable': False, 'install_base': '/home/ubuntu/ws/Libero/install/message_info', 'merge_install': False, 'path': '/home/ubuntu/ws/Libero/src/message_info', 'symlink_install': False, 'test_result_base': None}
[1.540s] INFO:colcon.colcon_core.executor:Executing jobs using 'parallel' executor
[1.547s] DEBUG:colcon.colcon_parallel_executor.executor.parallel:run_until_complete
[1.548s] INFO:colcon.colcon_ros.task.ament_python.build:Building ROS package in '/home/ubuntu/ws/Libero/src/main' with build type 'ament_python'
[1.549s] Level 1:colcon.colcon_core.shell:create_environment_hook('main', 'ament_prefix_path')
[1.564s] INFO:colcon.colcon_core.plugin_system:Skipping extension 'colcon_core.shell.bat': Not used on non-Windows systems
[1.565s] INFO:colcon.colcon_core.shell:Creating environment hook '/home/ubuntu/ws/Libero/install/main/share/main/hook/ament_prefix_path.ps1'
[1.567s] INFO:colcon.colcon_core.shell:Creating environment descriptor '/home/ubuntu/ws/Libero/install/main/share/main/hook/ament_prefix_path.dsv'
[1.569s] INFO:colcon.colcon_core.shell:Creating environment hook '/home/ubuntu/ws/Libero/install/main/share/main/hook/ament_prefix_path.sh'
[1.574s] INFO:colcon.colcon_core.shell:Skip shell extension 'powershell' for command environment: Not usable outside of PowerShell
[1.574s] DEBUG:colcon.colcon_core.shell:Skip shell extension 'dsv' for command environment
[1.590s] DEBUG:colcon.colcon_core.shell:Ignoring prefix path '/opt/ros/foxy'
[1.601s] INFO:colcon.colcon_ros.task.ament_cmake.build:Building ROS package in '/home/ubuntu/ws/Libero/src/message_info' with build type 'ament_cmake'
[1.602s] INFO:colcon.colcon_cmake.task.cmake.build:Building CMake package in '/home/ubuntu/ws/Libero/src/message_info'
[1.606s] INFO:colcon.colcon_core.shell:Skip shell extension 'powershell' for command environment: Not usable outside of PowerShell
[1.606s] DEBUG:colcon.colcon_core.shell:Skip shell extension 'dsv' for command environment
[1.620s] DEBUG:colcon.colcon_core.shell:Ignoring prefix path '/opt/ros/foxy'
[2.649s] WARNING:colcon.colcon_ros.task.ament_python.build:Package 'main' doesn't explicitly install a marker in the package index (colcon-ros currently does it implicitly but that fallback will be removed in the future)
[2.650s] WARNING:colcon.colcon_ros.task.ament_python.build:Package 'main' doesn't explicitly install the 'package.xml' file (colcon-ros currently does it implicitly but that fallback will be removed in the future)
[2.651s] INFO:colcon.colcon_core.task.python.build:Building Python package in '/home/ubuntu/ws/Libero/src/main'
[2.654s] INFO:colcon.colcon_core.shell:Skip shell extension 'powershell' for command environment: Not usable outside of PowerShell
[2.654s] DEBUG:colcon.colcon_core.shell:Skip shell extension 'dsv' for command environment
[2.667s] DEBUG:colcon.colcon_core.shell:Ignoring prefix path '/opt/ros/foxy'
[2.694s] DEBUG:colcon.colcon_core.event_handler.log_command:Invoking command in '/home/ubuntu/ws/Libero/build/message_info': CMAKE_PREFIX_PATH=${CMAKE_PREFIX_PATH}:/home/ubuntu/ws/Libero/install/main:/home/ubuntu/ws/SSLRasp/install/rasp:/opt/ros/foxy /usr/bin/cmake --build /home/ubuntu/ws/Libero/build/message_info -- -j4 -l4
[2.728s] DEBUG:colcon.colcon_core.event_handler.log_command:Invoking command in '/home/ubuntu/ws/Libero/src/main': PYTHONPATH=/home/ubuntu/ws/Libero/install/main/lib/python3.8/site-packages:${PYTHONPATH} /usr/bin/python3 setup.py egg_info --egg-base ../../build/main build --build-base /home/ubuntu/ws/Libero/build/main/build install --prefix /home/ubuntu/ws/Libero/install/main --record /home/ubuntu/ws/Libero/build/main/install.log --single-version-externally-managed
[3.999s] DEBUG:colcon.colcon_core.event_handler.log_command:Invoked command in '/home/ubuntu/ws/Libero/build/message_info' returned '0': CMAKE_PREFIX_PATH=${CMAKE_PREFIX_PATH}:/home/ubuntu/ws/Libero/install/main:/home/ubuntu/ws/SSLRasp/install/rasp:/opt/ros/foxy /usr/bin/cmake --build /home/ubuntu/ws/Libero/build/message_info -- -j4 -l4
[4.359s] DEBUG:colcon.colcon_core.event_handler.log_command:Invoked command in '/home/ubuntu/ws/Libero/src/main' returned '0': PYTHONPATH=/home/ubuntu/ws/Libero/install/main/lib/python3.8/site-packages:${PYTHONPATH} /usr/bin/python3 setup.py egg_info --egg-base ../../build/main build --build-base /home/ubuntu/ws/Libero/build/main/build install --prefix /home/ubuntu/ws/Libero/install/main --record /home/ubuntu/ws/Libero/build/main/install.log --single-version-externally-managed
[4.381s] Level 1:colcon.colcon_core.environment:checking '/home/ubuntu/ws/Libero/install/main' for CMake module files
[4.384s] Level 1:colcon.colcon_core.environment:checking '/home/ubuntu/ws/Libero/install/main' for CMake config files
[4.388s] Level 1:colcon.colcon_core.environment:checking '/home/ubuntu/ws/Libero/install/main/lib'
[4.389s] Level 1:colcon.colcon_core.environment:checking '/home/ubuntu/ws/Libero/install/main/bin'
[4.389s] Level 1:colcon.colcon_core.environment:checking '/home/ubuntu/ws/Libero/install/main/lib/pkgconfig/main.pc'
[4.390s] Level 1:colcon.colcon_core.environment:checking '/home/ubuntu/ws/Libero/install/main/lib/python3.8/site-packages'
[4.390s] Level 1:colcon.colcon_core.shell:create_environment_hook('main', 'pythonpath')
[4.393s] INFO:colcon.colcon_core.shell:Creating environment hook '/home/ubuntu/ws/Libero/install/main/share/main/hook/pythonpath.ps1'
[4.395s] INFO:colcon.colcon_core.shell:Creating environment descriptor '/home/ubuntu/ws/Libero/install/main/share/main/hook/pythonpath.dsv'
[4.396s] INFO:colcon.colcon_core.shell:Creating environment hook '/home/ubuntu/ws/Libero/install/main/share/main/hook/pythonpath.sh'
[4.398s] Level 1:colcon.colcon_core.environment:create_environment_scripts_only(main)
[4.401s] INFO:colcon.colcon_core.shell:Creating package script '/home/ubuntu/ws/Libero/install/main/share/main/package.ps1'
[4.405s] INFO:colcon.colcon_core.shell:Creating package descriptor '/home/ubuntu/ws/Libero/install/main/share/main/package.dsv'
[4.408s] INFO:colcon.colcon_core.shell:Creating package script '/home/ubuntu/ws/Libero/install/main/share/main/package.sh'
[4.412s] INFO:colcon.colcon_core.shell:Creating package script '/home/ubuntu/ws/Libero/install/main/share/main/package.bash'
[4.415s] INFO:colcon.colcon_core.shell:Creating package script '/home/ubuntu/ws/Libero/install/main/share/main/package.zsh'
[4.418s] Level 1:colcon.colcon_core.environment:create_file_with_runtime_dependencies(/home/ubuntu/ws/Libero/install/main/share/colcon-core/packages/main)
[4.745s] DEBUG:colcon.colcon_core.event_handler.log_command:Invoking command in '/home/ubuntu/ws/Libero/build/message_info': CMAKE_PREFIX_PATH=${CMAKE_PREFIX_PATH}:/home/ubuntu/ws/Libero/install/main:/home/ubuntu/ws/SSLRasp/install/rasp:/opt/ros/foxy /usr/bin/cmake --install /home/ubuntu/ws/Libero/build/message_info
[5.036s] Level 1:colcon.colcon_core.environment:create_environment_scripts_only(message_info)
[5.040s] Level 1:colcon.colcon_core.environment:checking '/home/ubuntu/ws/Libero/install/message_info' for CMake module files
[5.043s] DEBUG:colcon.colcon_core.event_handler.log_command:Invoked command in '/home/ubuntu/ws/Libero/build/message_info' returned '0': CMAKE_PREFIX_PATH=${CMAKE_PREFIX_PATH}:/home/ubuntu/ws/Libero/install/main:/home/ubuntu/ws/SSLRasp/install/rasp:/opt/ros/foxy /usr/bin/cmake --install /home/ubuntu/ws/Libero/build/message_info
[5.047s] Level 1:colcon.colcon_core.environment:checking '/home/ubuntu/ws/Libero/install/message_info' for CMake config files
[5.050s] Level 1:colcon.colcon_core.shell:create_environment_hook('message_info', 'cmake_prefix_path')
[5.053s] INFO:colcon.colcon_core.shell:Creating environment hook '/home/ubuntu/ws/Libero/install/message_info/share/message_info/hook/cmake_prefix_path.ps1'
[5.055s] INFO:colcon.colcon_core.shell:Creating environment descriptor '/home/ubuntu/ws/Libero/install/message_info/share/message_info/hook/cmake_prefix_path.dsv'
[5.056s] INFO:colcon.colcon_core.shell:Creating environment hook '/home/ubuntu/ws/Libero/install/message_info/share/message_info/hook/cmake_prefix_path.sh'
[5.059s] Level 1:colcon.colcon_core.environment:checking '/home/ubuntu/ws/Libero/install/message_info/lib'
[5.060s] Level 1:colcon.colcon_core.shell:create_environment_hook('message_info', 'ld_library_path_lib')
[5.062s] INFO:colcon.colcon_core.shell:Creating environment hook '/home/ubuntu/ws/Libero/install/message_info/share/message_info/hook/ld_library_path_lib.ps1'
[5.064s] INFO:colcon.colcon_core.shell:Creating environment descriptor '/home/ubuntu/ws/Libero/install/message_info/share/message_info/hook/ld_library_path_lib.dsv'
[5.066s] INFO:colcon.colcon_core.shell:Creating environment hook '/home/ubuntu/ws/Libero/install/message_info/share/message_info/hook/ld_library_path_lib.sh'
[5.068s] Level 1:colcon.colcon_core.environment:checking '/home/ubuntu/ws/Libero/install/message_info/bin'
[5.068s] Level 1:colcon.colcon_core.environment:checking '/home/ubuntu/ws/Libero/install/message_info/lib/pkgconfig/message_info.pc'
[5.068s] Level 1:colcon.colcon_core.environment:checking '/home/ubuntu/ws/Libero/install/message_info/lib/python3.8/site-packages'
[5.069s] Level 1:colcon.colcon_core.shell:create_environment_hook('message_info', 'pythonpath')
[5.071s] INFO:colcon.colcon_core.shell:Creating environment hook '/home/ubuntu/ws/Libero/install/message_info/share/message_info/hook/pythonpath.ps1'
[5.073s] INFO:colcon.colcon_core.shell:Creating environment descriptor '/home/ubuntu/ws/Libero/install/message_info/share/message_info/hook/pythonpath.dsv'
[5.074s] INFO:colcon.colcon_core.shell:Creating environment hook '/home/ubuntu/ws/Libero/install/message_info/share/message_info/hook/pythonpath.sh'
[5.078s] INFO:colcon.colcon_core.shell:Creating package script '/home/ubuntu/ws/Libero/install/message_info/share/message_info/package.ps1'
[5.081s] INFO:colcon.colcon_core.shell:Creating package descriptor '/home/ubuntu/ws/Libero/install/message_info/share/message_info/package.dsv'
[5.083s] INFO:colcon.colcon_core.shell:Creating package script '/home/ubuntu/ws/Libero/install/message_info/share/message_info/package.sh'
[5.085s] INFO:colcon.colcon_core.shell:Creating package script '/home/ubuntu/ws/Libero/install/message_info/share/message_info/package.bash'
[5.087s] INFO:colcon.colcon_core.shell:Creating package script '/home/ubuntu/ws/Libero/install/message_info/share/message_info/package.zsh'
[5.088s] Level 1:colcon.colcon_core.environment:create_file_with_runtime_dependencies(/home/ubuntu/ws/Libero/install/message_info/share/colcon-core/packages/message_info)
[5.843s] Level 1:colcon.colcon_core.environment:create_environment_scripts_only(message_info)
[5.848s] Level 1:colcon.colcon_core.environment:checking '/home/ubuntu/ws/Libero/install/message_info' for CMake module files
[5.853s] Level 1:colcon.colcon_core.environment:checking '/home/ubuntu/ws/Libero/install/message_info' for CMake config files
[5.856s] Level 1:colcon.colcon_core.shell:create_environment_hook('message_info', 'cmake_prefix_path')
[5.858s] INFO:colcon.colcon_core.shell:Creating environment hook '/home/ubuntu/ws/Libero/install/message_info/share/message_info/hook/cmake_prefix_path.ps1'
[5.860s] INFO:colcon.colcon_core.shell:Creating environment descriptor '/home/ubuntu/ws/Libero/install/message_info/share/message_info/hook/cmake_prefix_path.dsv'
[5.861s] INFO:colcon.colcon_core.shell:Creating environment hook '/home/ubuntu/ws/Libero/install/message_info/share/message_info/hook/cmake_prefix_path.sh'
[5.864s] Level 1:colcon.colcon_core.environment:checking '/home/ubuntu/ws/Libero/install/message_info/lib'
[5.864s] Level 1:colcon.colcon_core.shell:create_environment_hook('message_info', 'ld_library_path_lib')
[5.867s] INFO:colcon.colcon_core.shell:Creating environment hook '/home/ubuntu/ws/Libero/install/message_info/share/message_info/hook/ld_library_path_lib.ps1'
[5.869s] INFO:colcon.colcon_core.shell:Creating environment descriptor '/home/ubuntu/ws/Libero/install/message_info/share/message_info/hook/ld_library_path_lib.dsv'
[5.871s] INFO:colcon.colcon_core.shell:Creating environment hook '/home/ubuntu/ws/Libero/install/message_info/share/message_info/hook/ld_library_path_lib.sh'
[5.873s] Level 1:colcon.colcon_core.environment:checking '/home/ubuntu/ws/Libero/install/message_info/bin'
[5.873s] Level 1:colcon.colcon_core.environment:checking '/home/ubuntu/ws/Libero/install/message_info/lib/pkgconfig/message_info.pc'
[5.874s] Level 1:colcon.colcon_core.environment:checking '/home/ubuntu/ws/Libero/install/message_info/lib/python3.8/site-packages'
[5.874s] Level 1:colcon.colcon_core.shell:create_environment_hook('message_info', 'pythonpath')
[5.876s] INFO:colcon.colcon_core.shell:Creating environment hook '/home/ubuntu/ws/Libero/install/message_info/share/message_info/hook/pythonpath.ps1'
[5.878s] INFO:colcon.colcon_core.shell:Creating environment descriptor '/home/ubuntu/ws/Libero/install/message_info/share/message_info/hook/pythonpath.dsv'
[5.880s] INFO:colcon.colcon_core.shell:Creating environment hook '/home/ubuntu/ws/Libero/install/message_info/share/message_info/hook/pythonpath.sh'
[5.884s] INFO:colcon.colcon_core.shell:Creating package script '/home/ubuntu/ws/Libero/install/message_info/share/message_info/package.ps1'
[5.887s] INFO:colcon.colcon_core.shell:Creating package descriptor '/home/ubuntu/ws/Libero/install/message_info/share/message_info/package.dsv'
[5.889s] INFO:colcon.colcon_core.shell:Creating package script '/home/ubuntu/ws/Libero/install/message_info/share/message_info/package.sh'
[5.891s] INFO:colcon.colcon_core.shell:Creating package script '/home/ubuntu/ws/Libero/install/message_info/share/message_info/package.bash'
[5.893s] INFO:colcon.colcon_core.shell:Creating package script '/home/ubuntu/ws/Libero/install/message_info/share/message_info/package.zsh'
[5.895s] Level 1:colcon.colcon_core.environment:create_file_with_runtime_dependencies(/home/ubuntu/ws/Libero/install/message_info/share/colcon-core/packages/message_info)
[5.896s] DEBUG:colcon.colcon_parallel_executor.executor.parallel:closing loop
[5.897s] DEBUG:colcon.colcon_parallel_executor.executor.parallel:loop closed
[5.898s] DEBUG:colcon.colcon_parallel_executor.executor.parallel:run_until_complete finished with '0'
[5.898s] DEBUG:colcon.colcon_core.event_reactor:joining thread
[5.923s] INFO:colcon.colcon_core.plugin_system:Skipping extension 'colcon_notification.desktop_notification.notify_send': Could not find 'notify-send'
[5.923s] INFO:colcon.colcon_core.plugin_system:Skipping extension 'colcon_notification.desktop_notification.terminal_notifier': Not used on non-Darwin systems
[5.923s] INFO:colcon.colcon_core.plugin_system:Skipping extension 'colcon_notification.desktop_notification.win32': Not used on non-Windows systems
[5.924s] INFO:colcon.colcon_notification.desktop_notification:Sending desktop notification using 'notify2'
[5.926s] DEBUG:colcon.colcon_notification.desktop_notification.notify2:Failed to initialize notify2: org.freedesktop.DBus.Error.ServiceUnknown: The name org.freedesktop.Notifications was not provided by any .service files
[5.927s] DEBUG:colcon.colcon_core.event_reactor:joined thread
[5.929s] INFO:colcon.colcon_core.shell:Creating prefix script '/home/ubuntu/ws/Libero/install/local_setup.ps1'
[5.933s] INFO:colcon.colcon_core.shell:Creating prefix util module '/home/ubuntu/ws/Libero/install/_local_setup_util_ps1.py'
[5.938s] INFO:colcon.colcon_core.shell:Creating prefix chain script '/home/ubuntu/ws/Libero/install/setup.ps1'
[5.950s] INFO:colcon.colcon_core.shell:Creating prefix script '/home/ubuntu/ws/Libero/install/local_setup.sh'
[5.952s] INFO:colcon.colcon_core.shell:Creating prefix util module '/home/ubuntu/ws/Libero/install/_local_setup_util_sh.py'
[5.955s] INFO:colcon.colcon_core.shell:Creating prefix chain script '/home/ubuntu/ws/Libero/install/setup.sh'
[5.966s] INFO:colcon.colcon_core.shell:Creating prefix script '/home/ubuntu/ws/Libero/install/local_setup.bash'
[5.969s] INFO:colcon.colcon_core.shell:Creating prefix chain script '/home/ubuntu/ws/Libero/install/setup.bash'
[5.980s] INFO:colcon.colcon_core.shell:Creating prefix script '/home/ubuntu/ws/Libero/install/local_setup.zsh'
[5.982s] INFO:colcon.colcon_core.shell:Creating prefix chain script '/home/ubuntu/ws/Libero/install/setup.zsh'
