running egg_info
creating ../../build/main/main.egg-info
writing ../../build/main/main.egg-info/PKG-INFO
writing dependency_links to ../../build/main/main.egg-info/dependency_links.txt
writing entry points to ../../build/main/main.egg-info/entry_points.txt
writing requirements to ../../build/main/main.egg-info/requires.txt
writing top-level names to ../../build/main/main.egg-info/top_level.txt
writing manifest file '../../build/main/main.egg-info/SOURCES.txt'
reading manifest file '../../build/main/main.egg-info/SOURCES.txt'
writing manifest file '../../build/main/main.egg-info/SOURCES.txt'
running build
running build_py
creating /home/ubuntu/ws/Libero/build/main/build
creating /home/ubuntu/ws/Libero/build/main/build/lib
creating /home/ubuntu/ws/Libero/build/main/build/lib/python_programs
copying python_programs/__init__.py -> /home/ubuntu/ws/Libero/build/main/build/lib/python_programs
copying python_programs/main.py -> /home/ubuntu/ws/Libero/build/main/build/lib/python_programs
creating /home/ubuntu/ws/Libero/build/main/build/lib/python_programs/switch
copying python_programs/switch/__init__.py -> /home/ubuntu/ws/Libero/build/main/build/lib/python_programs/switch
copying python_programs/switch/limit_switch.py -> /home/ubuntu/ws/Libero/build/main/build/lib/python_programs/switch
running install
running install_lib
creating /home/ubuntu/ws/Libero/install/main/lib/python3.8/site-packages/python_programs
copying /home/ubuntu/ws/Libero/build/main/build/lib/python_programs/__init__.py -> /home/ubuntu/ws/Libero/install/main/lib/python3.8/site-packages/python_programs
creating /home/ubuntu/ws/Libero/install/main/lib/python3.8/site-packages/python_programs/switch
copying /home/ubuntu/ws/Libero/build/main/build/lib/python_programs/switch/limit_switch.py -> /home/ubuntu/ws/Libero/install/main/lib/python3.8/site-packages/python_programs/switch
copying /home/ubuntu/ws/Libero/build/main/build/lib/python_programs/switch/__init__.py -> /home/ubuntu/ws/Libero/install/main/lib/python3.8/site-packages/python_programs/switch
copying /home/ubuntu/ws/Libero/build/main/build/lib/python_programs/main.py -> /home/ubuntu/ws/Libero/install/main/lib/python3.8/site-packages/python_programs
byte-compiling /home/ubuntu/ws/Libero/install/main/lib/python3.8/site-packages/python_programs/__init__.py to __init__.cpython-38.pyc
byte-compiling /home/ubuntu/ws/Libero/install/main/lib/python3.8/site-packages/python_programs/switch/limit_switch.py to limit_switch.cpython-38.pyc
byte-compiling /home/ubuntu/ws/Libero/install/main/lib/python3.8/site-packages/python_programs/switch/__init__.py to __init__.cpython-38.pyc
byte-compiling /home/ubuntu/ws/Libero/install/main/lib/python3.8/site-packages/python_programs/main.py to main.cpython-38.pyc
running install_egg_info
Copying ../../build/main/main.egg-info to /home/ubuntu/ws/Libero/install/main/lib/python3.8/site-packages/main-0.0.0-py3.8.egg-info
running install_scripts
Installing main script to /home/ubuntu/ws/Libero/install/main/lib/main
writing list of installed files to '/home/ubuntu/ws/Libero/build/main/install.log'
