[1.158s] Invoking command in '/home/ubuntu/ws/Libero/src/main': PYTHONPATH=/home/ubuntu/ws/Libero/install/main/lib/python3.8/site-packages:${PYTHONPATH} /usr/bin/python3 setup.py egg_info --egg-base ../../build/main build --build-base /home/ubuntu/ws/Libero/build/main/build install --prefix /home/ubuntu/ws/Libero/install/main --record /home/ubuntu/ws/Libero/build/main/install.log --single-version-externally-managed
[2.338s] running egg_info
[2.340s] writing ../../build/main/main.egg-info/PKG-INFO
[2.341s] writing dependency_links to ../../build/main/main.egg-info/dependency_links.txt
[2.343s] writing entry points to ../../build/main/main.egg-info/entry_points.txt
[2.344s] writing requirements to ../../build/main/main.egg-info/requires.txt
[2.344s] writing top-level names to ../../build/main/main.egg-info/top_level.txt
[2.512s] reading manifest file '../../build/main/main.egg-info/SOURCES.txt'
[2.515s] writing manifest file '../../build/main/main.egg-info/SOURCES.txt'
[2.517s] running build
[2.518s] running build_py
[2.518s] copying python_programs/main.py -> /home/ubuntu/ws/Libero/build/main/build/lib/python_programs
[2.519s] running install
[2.523s] running install_lib
[2.528s] copying /home/ubuntu/ws/Libero/build/main/build/lib/python_programs/main.py -> /home/ubuntu/ws/Libero/install/main/lib/python3.8/site-packages/python_programs
[2.532s] byte-compiling /home/ubuntu/ws/Libero/install/main/lib/python3.8/site-packages/python_programs/main.py to main.cpython-38.pyc
[2.543s] running install_egg_info
[2.549s] removing '/home/ubuntu/ws/Libero/install/main/lib/python3.8/site-packages/main-0.0.0-py3.8.egg-info' (and everything under it)
[2.551s] Copying ../../build/main/main.egg-info to /home/ubuntu/ws/Libero/install/main/lib/python3.8/site-packages/main-0.0.0-py3.8.egg-info
[2.556s] running install_scripts
[2.629s] Installing main script to /home/ubuntu/ws/Libero/install/main/lib/main
[2.631s] writing list of installed files to '/home/ubuntu/ws/Libero/build/main/install.log'
[2.734s] Invoked command in '/home/ubuntu/ws/Libero/src/main' returned '0': PYTHONPATH=/home/ubuntu/ws/Libero/install/main/lib/python3.8/site-packages:${PYTHONPATH} /usr/bin/python3 setup.py egg_info --egg-base ../../build/main build --build-base /home/ubuntu/ws/Libero/build/main/build install --prefix /home/ubuntu/ws/Libero/install/main --record /home/ubuntu/ws/Libero/build/main/install.log --single-version-externally-managed
