[1.067s] Invoking command in '/home/ubuntu/ws/Libero/build/message_info': CMAKE_PREFIX_PATH=${CMAKE_PREFIX_PATH}:/home/ubuntu/ws/Libero/install/main:/home/ubuntu/ws/SSLRasp/install/rasp:/opt/ros/foxy /usr/bin/cmake /home/ubuntu/ws/Libero/src/message_info -DCMAKE_INSTALL_PREFIX=/home/ubuntu/ws/Libero/install/message_info
[1.955s] -- The C compiler identification is GNU 9.3.0
[2.717s] -- The CXX compiler identification is GNU 9.3.0
[2.746s] -- Check for working C compiler: /usr/bin/cc
[3.073s] -- Check for working C compiler: /usr/bin/cc -- works
[3.080s] -- Detecting C compiler ABI info
[3.402s] -- Detecting C compiler ABI info - done
[3.444s] -- Detecting C compile features
[3.446s] -- Detecting C compile features - done
[3.459s] -- Check for working CXX compiler: /usr/bin/c++
[3.814s] -- Check for working CXX compiler: /usr/bin/c++ -- works
[3.818s] -- Detecting CXX compiler ABI info
[4.178s] -- Detecting CXX compiler ABI info - done
[4.222s] -- Detecting CXX compile features
[4.224s] -- Detecting CXX compile features - done
[4.261s] -- Found ament_cmake: 0.9.9 (/opt/ros/foxy/share/ament_cmake/cmake)
[4.451s] -- Found PythonInterp: /usr/bin/python3 (found suitable version "3.8.10", minimum required is "3") 
[4.451s] -- Using PYTHON_EXECUTABLE: /usr/bin/python3
[5.682s] -- Found rosidl_default_generators: 1.0.1 (/opt/ros/foxy/share/rosidl_default_generators/cmake)
[5.723s] -- Using all available rosidl_typesupport_c: rosidl_typesupport_fastrtps_c;rosidl_typesupport_introspection_c
[5.819s] -- Found rosidl_adapter: 1.2.1 (/opt/ros/foxy/share/rosidl_adapter/cmake)
[6.848s] -- Found OpenSSL: /usr/lib/aarch64-linux-gnu/libcrypto.so (found version "1.1.1f")  
[7.134s] -- Found FastRTPS: /opt/ros/foxy/include  
[7.945s] -- Using all available rosidl_typesupport_cpp: rosidl_typesupport_fastrtps_cpp;rosidl_typesupport_introspection_cpp
[8.161s] -- Found builtin_interfaces: 1.0.0 (/opt/ros/foxy/share/builtin_interfaces/cmake)
[8.273s] -- Found std_msgs: 2.0.4 (/opt/ros/foxy/share/std_msgs/cmake)
[8.379s] -- Found sensor_msgs: 2.0.4 (/opt/ros/foxy/share/sensor_msgs/cmake)
[8.909s] -- OpenSSL Version: 1.1.1f /usr/include /usr/lib/aarch64-linux-gnu/libssl.so;/usr/lib/aarch64-linux-gnu/libcrypto.so
[9.045s] -- Found PythonInterp: /usr/bin/python3 (found version "3.8.10") 
[10.109s] -- Found ament_cmake_ros: 0.9.2 (/opt/ros/foxy/share/ament_cmake_ros/cmake)
[12.093s] -- Using all available rosidl_typesupport_c: rosidl_typesupport_fastrtps_c;rosidl_typesupport_introspection_c
[12.804s] -- Using all available rosidl_typesupport_cpp: rosidl_typesupport_fastrtps_cpp;rosidl_typesupport_introspection_cpp
[12.951s] -- Found PythonInterp: /usr/bin/python3 (found suitable version "3.8.10", minimum required is "3.5") 
[12.979s] -- Found python_cmake_module: 0.8.1 (/opt/ros/foxy/share/python_cmake_module/cmake)
[13.136s] -- Found PythonLibs: /usr/lib/aarch64-linux-gnu/libpython3.8.so (found suitable version "3.8.10", minimum required is "3.5") 
[13.136s] -- Using PYTHON_EXECUTABLE: /usr/bin/python3
[13.137s] -- Using PYTHON_INCLUDE_DIRS: /usr/include/python3.8
[13.137s] -- Using PYTHON_LIBRARIES: /usr/lib/aarch64-linux-gnu/libpython3.8.so
[13.264s] -- Found PythonExtra: .so  
[13.741s] -- Found ament_lint_auto: 0.9.6 (/opt/ros/foxy/share/ament_lint_auto/cmake)
[14.050s] -- Added test 'copyright' to check source files copyright and LICENSE
[14.065s] -- Added test 'lint_cmake' to check CMake code style
[14.074s] -- Added test 'xmllint' to check XML markup files
[14.115s] -- Configuring done
[14.455s] -- Generating done
[14.469s] -- Build files have been written to: /home/ubuntu/ws/Libero/build/message_info
[14.507s] Invoked command in '/home/ubuntu/ws/Libero/build/message_info' returned '0': CMAKE_PREFIX_PATH=${CMAKE_PREFIX_PATH}:/home/ubuntu/ws/Libero/install/main:/home/ubuntu/ws/SSLRasp/install/rasp:/opt/ros/foxy /usr/bin/cmake /home/ubuntu/ws/Libero/src/message_info -DCMAKE_INSTALL_PREFIX=/home/ubuntu/ws/Libero/install/message_info
[14.518s] Invoking command in '/home/ubuntu/ws/Libero/build/message_info': CMAKE_PREFIX_PATH=${CMAKE_PREFIX_PATH}:/home/ubuntu/ws/Libero/install/main:/home/ubuntu/ws/SSLRasp/install/rasp:/opt/ros/foxy /usr/bin/cmake --build /home/ubuntu/ws/Libero/build/message_info -- -j4 -l4
[14.717s] [35m[1mScanning dependencies of target message_info__cpp[0m
[14.722s] [  1%] [34m[1mGenerating C code for ROS interfaces[0m
[14.774s] [  3%] [34m[1mGenerating C++ code for ROS interfaces[0m
[17.008s] [  3%] Built target message_info__cpp
[17.023s] [35m[1mScanning dependencies of target message_info__rosidl_generator_c[0m
[17.068s] [  7%] [34m[1mGenerating C++ introspection for ROS interfaces[0m
[17.069s] [  7%] [34m[1mGenerating C++ type support for eProsima Fast-RTPS[0m
[17.073s] [  9%] [34m[1mGenerating C++ type support dispatch for ROS interfaces[0m
[17.116s] [ 10%] [32mBuilding C object CMakeFiles/message_info__rosidl_generator_c.dir/rosidl_generator_c/message_info/msg/detail/robot_command__functions.c.o[0m
[17.411s] [ 12%] [32mBuilding C object CMakeFiles/message_info__rosidl_generator_c.dir/rosidl_generator_c/message_info/msg/detail/robot_commands__functions.c.o[0m
[17.635s] [ 14%] [32mBuilding C object CMakeFiles/message_info__rosidl_generator_c.dir/rosidl_generator_c/message_info/msg/detail/real_commands__functions.c.o[0m
[17.859s] [ 16%] [32mBuilding C object CMakeFiles/message_info__rosidl_generator_c.dir/rosidl_generator_c/message_info/msg/detail/slave__functions.c.o[0m
[18.055s] [ 18%] [32m[1mLinking C shared library libmessage_info__rosidl_generator_c.so[0m
[18.294s] [ 18%] Built target message_info__rosidl_generator_c
[18.355s] [ 20%] [34m[1mGenerating C introspection for ROS interfaces[0m
[19.092s] [35m[1mScanning dependencies of target message_info__rosidl_typesupport_cpp[0m
[19.207s] [ 21%] [32mBuilding CXX object CMakeFiles/message_info__rosidl_typesupport_cpp.dir/rosidl_typesupport_cpp/message_info/msg/robot_command__type_support.cpp.o[0m
[19.383s] [35m[1mScanning dependencies of target message_info__rosidl_typesupport_introspection_cpp[0m
[19.481s] [ 23%] [32mBuilding CXX object CMakeFiles/message_info__rosidl_typesupport_introspection_cpp.dir/rosidl_typesupport_introspection_cpp/message_info/msg/detail/robot_command__type_support.cpp.o[0m
[19.544s] [35m[1mScanning dependencies of target message_info__rosidl_typesupport_fastrtps_cpp[0m
[19.655s] [ 25%] [32mBuilding CXX object CMakeFiles/message_info__rosidl_typesupport_fastrtps_cpp.dir/rosidl_typesupport_fastrtps_cpp/message_info/msg/detail/dds_fastrtps/robot_command__type_support.cpp.o[0m
[20.747s] [35m[1mScanning dependencies of target message_info__rosidl_typesupport_introspection_c[0m
[20.854s] [ 27%] [32mBuilding C object CMakeFiles/message_info__rosidl_typesupport_introspection_c.dir/rosidl_typesupport_introspection_c/message_info/msg/detail/robot_command__type_support.c.o[0m
[21.051s] [ 29%] [32mBuilding C object CMakeFiles/message_info__rosidl_typesupport_introspection_c.dir/rosidl_typesupport_introspection_c/message_info/msg/detail/robot_commands__type_support.c.o[0m
[21.069s] [ 30%] [32mBuilding CXX object CMakeFiles/message_info__rosidl_typesupport_cpp.dir/rosidl_typesupport_cpp/message_info/msg/robot_commands__type_support.cpp.o[0m
[21.261s] [ 34%] [32mBuilding CXX object CMakeFiles/message_info__rosidl_typesupport_introspection_cpp.dir/rosidl_typesupport_introspection_cpp/message_info/msg/detail/robot_commands__type_support.cpp.o[0m
[21.262s] [ 34%] [32mBuilding C object CMakeFiles/message_info__rosidl_typesupport_introspection_c.dir/rosidl_typesupport_introspection_c/message_info/msg/detail/real_commands__type_support.c.o[0m
[21.460s] [ 36%] [32mBuilding C object CMakeFiles/message_info__rosidl_typesupport_introspection_c.dir/rosidl_typesupport_introspection_c/message_info/msg/detail/slave__type_support.c.o[0m
[21.653s] [ 38%] [32m[1mLinking C shared library libmessage_info__rosidl_typesupport_introspection_c.so[0m
[21.855s] [ 38%] Built target message_info__rosidl_typesupport_introspection_c
[21.913s] [ 40%] [32mBuilding CXX object CMakeFiles/message_info__rosidl_typesupport_cpp.dir/rosidl_typesupport_cpp/message_info/msg/real_commands__type_support.cpp.o[0m
[22.383s] [ 41%] [32mBuilding CXX object CMakeFiles/message_info__rosidl_typesupport_fastrtps_cpp.dir/rosidl_typesupport_fastrtps_cpp/message_info/msg/detail/dds_fastrtps/robot_commands__type_support.cpp.o[0m
[22.895s] [ 43%] [32mBuilding CXX object CMakeFiles/message_info__rosidl_typesupport_fastrtps_cpp.dir/rosidl_typesupport_fastrtps_cpp/message_info/msg/detail/dds_fastrtps/real_commands__type_support.cpp.o[0m
[23.035s] [ 45%] [32mBuilding CXX object CMakeFiles/message_info__rosidl_typesupport_introspection_cpp.dir/rosidl_typesupport_introspection_cpp/message_info/msg/detail/real_commands__type_support.cpp.o[0m
[23.575s] [ 47%] [32mBuilding CXX object CMakeFiles/message_info__rosidl_typesupport_cpp.dir/rosidl_typesupport_cpp/message_info/msg/slave__type_support.cpp.o[0m
[24.710s] [ 49%] [32mBuilding CXX object CMakeFiles/message_info__rosidl_typesupport_introspection_cpp.dir/rosidl_typesupport_introspection_cpp/message_info/msg/detail/slave__type_support.cpp.o[0m
[25.024s] [ 50%] [34m[1mGenerating C type support dispatch for ROS interfaces[0m
[25.315s] [ 52%] [32m[1mLinking CXX shared library libmessage_info__rosidl_typesupport_cpp.so[0m
[25.558s] [ 52%] Built target message_info__rosidl_typesupport_cpp
[25.617s] [ 54%] [32mBuilding CXX object CMakeFiles/message_info__rosidl_typesupport_fastrtps_cpp.dir/rosidl_typesupport_fastrtps_cpp/message_info/msg/detail/dds_fastrtps/slave__type_support.cpp.o[0m
[26.381s] [ 56%] [32m[1mLinking CXX shared library libmessage_info__rosidl_typesupport_introspection_cpp.so[0m
[26.738s] [ 56%] Built target message_info__rosidl_typesupport_introspection_cpp
[26.868s] [35m[1mScanning dependencies of target message_info__rosidl_typesupport_c[0m
[26.946s] [ 58%] [32mBuilding CXX object CMakeFiles/message_info__rosidl_typesupport_c.dir/rosidl_typesupport_c/message_info/msg/robot_command__type_support.cpp.o[0m
[26.953s] [ 61%] [32mBuilding CXX object CMakeFiles/message_info__rosidl_typesupport_c.dir/rosidl_typesupport_c/message_info/msg/real_commands__type_support.cpp.o[0m
[26.954s] [ 61%] [32mBuilding CXX object CMakeFiles/message_info__rosidl_typesupport_c.dir/rosidl_typesupport_c/message_info/msg/robot_commands__type_support.cpp.o[0m
[27.130s] [ 63%] [32mBuilding CXX object CMakeFiles/message_info__rosidl_typesupport_c.dir/rosidl_typesupport_c/message_info/msg/slave__type_support.cpp.o[0m
[27.279s] [ 65%] [32m[1mLinking CXX shared library libmessage_info__rosidl_typesupport_c.so[0m
[27.477s] [ 65%] Built target message_info__rosidl_typesupport_c
[27.879s] [ 67%] [32m[1mLinking CXX shared library libmessage_info__rosidl_typesupport_fastrtps_cpp.so[0m
[28.271s] [ 67%] Built target message_info__rosidl_typesupport_fastrtps_cpp
[28.329s] [ 69%] [34m[1mGenerating C type support for eProsima Fast-RTPS[0m
[30.088s] [35m[1mScanning dependencies of target message_info__rosidl_typesupport_fastrtps_c[0m
[30.202s] [ 70%] [32mBuilding CXX object CMakeFiles/message_info__rosidl_typesupport_fastrtps_c.dir/rosidl_typesupport_fastrtps_c/message_info/msg/detail/robot_command__type_support_c.cpp.o[0m
[30.209s] [ 72%] [32mBuilding CXX object CMakeFiles/message_info__rosidl_typesupport_fastrtps_c.dir/rosidl_typesupport_fastrtps_c/message_info/msg/detail/robot_commands__type_support_c.cpp.o[0m
[30.222s] [ 74%] [32mBuilding CXX object CMakeFiles/message_info__rosidl_typesupport_fastrtps_c.dir/rosidl_typesupport_fastrtps_c/message_info/msg/detail/real_commands__type_support_c.cpp.o[0m
[30.241s] [ 76%] [32mBuilding CXX object CMakeFiles/message_info__rosidl_typesupport_fastrtps_c.dir/rosidl_typesupport_fastrtps_c/message_info/msg/detail/slave__type_support_c.cpp.o[0m
[32.432s] [ 78%] [32m[1mLinking CXX shared library libmessage_info__rosidl_typesupport_fastrtps_c.so[0m
[32.824s] [ 78%] Built target message_info__rosidl_typesupport_fastrtps_c
[32.874s] [35m[1mScanning dependencies of target message_info[0m
[32.927s] [ 78%] Built target message_info
[32.976s] [35m[1mScanning dependencies of target message_info__py[0m
[33.033s] [ 80%] [34m[1mGenerating Python code for ROS interfaces[0m
[36.375s] [ 80%] Built target message_info__py
[36.425s] [35m[1mScanning dependencies of target message_info__python[0m
[36.618s] [ 81%] [32mBuilding C object CMakeFiles/message_info__python.dir/rosidl_generator_py/message_info/msg/_robot_command_s.c.o[0m
[36.624s] [ 83%] [32mBuilding C object CMakeFiles/message_info__python.dir/rosidl_generator_py/message_info/msg/_robot_commands_s.c.o[0m
[36.631s] [ 85%] [32mBuilding C object CMakeFiles/message_info__python.dir/rosidl_generator_py/message_info/msg/_real_commands_s.c.o[0m
[36.659s] [ 87%] [32mBuilding C object CMakeFiles/message_info__python.dir/rosidl_generator_py/message_info/msg/_slave_s.c.o[0m
[37.205s] [ 89%] [32m[1mLinking C shared library rosidl_generator_py/message_info/libmessage_info__python.so[0m
[37.442s] [ 89%] Built target message_info__python
[37.495s] [35m[1mScanning dependencies of target message_info__rosidl_typesupport_c__pyext[0m
[37.496s] [35m[1mScanning dependencies of target message_info__rosidl_typesupport_introspection_c__pyext[0m
[37.498s] [35m[1mScanning dependencies of target message_info__rosidl_typesupport_fastrtps_c__pyext[0m
[37.590s] [ 90%] [32mBuilding C object CMakeFiles/message_info__rosidl_typesupport_c__pyext.dir/rosidl_generator_py/message_info/_message_info_s.ep.rosidl_typesupport_c.c.o[0m
[37.619s] [ 92%] [32mBuilding C object CMakeFiles/message_info__rosidl_typesupport_introspection_c__pyext.dir/rosidl_generator_py/message_info/_message_info_s.ep.rosidl_typesupport_introspection_c.c.o[0m
[37.640s] [ 94%] [32mBuilding C object CMakeFiles/message_info__rosidl_typesupport_fastrtps_c__pyext.dir/rosidl_generator_py/message_info/_message_info_s.ep.rosidl_typesupport_fastrtps_c.c.o[0m
[38.071s] [ 96%] [32m[1mLinking C shared library rosidl_generator_py/message_info/message_info_s__rosidl_typesupport_c.cpython-38-aarch64-linux-gnu.so[0m
[38.083s] [ 98%] [32m[1mLinking C shared library rosidl_generator_py/message_info/message_info_s__rosidl_typesupport_introspection_c.cpython-38-aarch64-linux-gnu.so[0m
[38.143s] [100%] [32m[1mLinking CXX shared library rosidl_generator_py/message_info/message_info_s__rosidl_typesupport_fastrtps_c.cpython-38-aarch64-linux-gnu.so[0m
[38.364s] [100%] Built target message_info__rosidl_typesupport_c__pyext
[38.379s] [100%] Built target message_info__rosidl_typesupport_introspection_c__pyext
[38.557s] [100%] Built target message_info__rosidl_typesupport_fastrtps_c__pyext
[38.604s] Invoked command in '/home/ubuntu/ws/Libero/build/message_info' returned '0': CMAKE_PREFIX_PATH=${CMAKE_PREFIX_PATH}:/home/ubuntu/ws/Libero/install/main:/home/ubuntu/ws/SSLRasp/install/rasp:/opt/ros/foxy /usr/bin/cmake --build /home/ubuntu/ws/Libero/build/message_info -- -j4 -l4
[39.407s] Invoking command in '/home/ubuntu/ws/Libero/build/message_info': CMAKE_PREFIX_PATH=${CMAKE_PREFIX_PATH}:/home/ubuntu/ws/Libero/install/main:/home/ubuntu/ws/SSLRasp/install/rasp:/opt/ros/foxy /usr/bin/cmake --install /home/ubuntu/ws/Libero/build/message_info
[39.446s] -- Install configuration: ""
[39.447s] -- Installing: /home/ubuntu/ws/Libero/install/message_info/share/ament_index/resource_index/rosidl_interfaces/message_info
[39.448s] -- Installing: /home/ubuntu/ws/Libero/install/message_info/include/message_info
[39.449s] -- Installing: /home/ubuntu/ws/Libero/install/message_info/include/message_info/msg
[39.450s] -- Installing: /home/ubuntu/ws/Libero/install/message_info/include/message_info/msg/robot_command.h
[39.450s] -- Installing: /home/ubuntu/ws/Libero/install/message_info/include/message_info/msg/detail
[39.451s] -- Installing: /home/ubuntu/ws/Libero/install/message_info/include/message_info/msg/detail/robot_commands__functions.c
[39.452s] -- Installing: /home/ubuntu/ws/Libero/install/message_info/include/message_info/msg/detail/robot_command__functions.h
[39.453s] -- Installing: /home/ubuntu/ws/Libero/install/message_info/include/message_info/msg/detail/slave__functions.h
[39.454s] -- Installing: /home/ubuntu/ws/Libero/install/message_info/include/message_info/msg/detail/real_commands__type_support.h
[39.455s] -- Installing: /home/ubuntu/ws/Libero/install/message_info/include/message_info/msg/detail/robot_command__functions.c
[39.456s] -- Installing: /home/ubuntu/ws/Libero/install/message_info/include/message_info/msg/detail/robot_command__type_support.h
[39.457s] -- Installing: /home/ubuntu/ws/Libero/install/message_info/include/message_info/msg/detail/slave__functions.c
[39.458s] -- Installing: /home/ubuntu/ws/Libero/install/message_info/include/message_info/msg/detail/real_commands__struct.h
[39.459s] -- Installing: /home/ubuntu/ws/Libero/install/message_info/include/message_info/msg/detail/robot_commands__functions.h
[39.460s] -- Installing: /home/ubuntu/ws/Libero/install/message_info/include/message_info/msg/detail/slave__type_support.h
[39.461s] -- Installing: /home/ubuntu/ws/Libero/install/message_info/include/message_info/msg/detail/robot_commands__type_support.h
[39.462s] -- Installing: /home/ubuntu/ws/Libero/install/message_info/include/message_info/msg/detail/robot_command__struct.h
[39.463s] -- Installing: /home/ubuntu/ws/Libero/install/message_info/include/message_info/msg/detail/real_commands__functions.c
[39.463s] -- Installing: /home/ubuntu/ws/Libero/install/message_info/include/message_info/msg/detail/robot_commands__struct.h
[39.464s] -- Installing: /home/ubuntu/ws/Libero/install/message_info/include/message_info/msg/detail/real_commands__functions.h
[39.465s] -- Installing: /home/ubuntu/ws/Libero/install/message_info/include/message_info/msg/detail/slave__struct.h
[39.466s] -- Installing: /home/ubuntu/ws/Libero/install/message_info/include/message_info/msg/rosidl_generator_c__visibility_control.h
[39.467s] -- Installing: /home/ubuntu/ws/Libero/install/message_info/include/message_info/msg/slave.h
[39.468s] -- Installing: /home/ubuntu/ws/Libero/install/message_info/include/message_info/msg/real_commands.h
[39.469s] -- Installing: /home/ubuntu/ws/Libero/install/message_info/include/message_info/msg/robot_commands.h
[39.470s] -- Installing: /home/ubuntu/ws/Libero/install/message_info/share/message_info/environment/library_path.sh
[39.471s] -- Installing: /home/ubuntu/ws/Libero/install/message_info/share/message_info/environment/library_path.dsv
[39.473s] -- Installing: /home/ubuntu/ws/Libero/install/message_info/lib/libmessage_info__rosidl_generator_c.so
[39.475s] -- Set runtime path of "/home/ubuntu/ws/Libero/install/message_info/lib/libmessage_info__rosidl_generator_c.so" to ""
[39.476s] -- Up-to-date: /home/ubuntu/ws/Libero/install/message_info/include/message_info
[39.476s] -- Up-to-date: /home/ubuntu/ws/Libero/install/message_info/include/message_info/msg
[39.477s] -- Up-to-date: /home/ubuntu/ws/Libero/install/message_info/include/message_info/msg/detail
[39.477s] -- Installing: /home/ubuntu/ws/Libero/install/message_info/include/message_info/msg/detail/real_commands__rosidl_typesupport_fastrtps_c.h
[39.478s] -- Installing: /home/ubuntu/ws/Libero/install/message_info/include/message_info/msg/detail/robot_command__rosidl_typesupport_fastrtps_c.h
[39.479s] -- Installing: /home/ubuntu/ws/Libero/install/message_info/include/message_info/msg/detail/slave__rosidl_typesupport_fastrtps_c.h
[39.480s] -- Installing: /home/ubuntu/ws/Libero/install/message_info/include/message_info/msg/detail/robot_commands__rosidl_typesupport_fastrtps_c.h
[39.481s] -- Installing: /home/ubuntu/ws/Libero/install/message_info/include/message_info/msg/rosidl_typesupport_fastrtps_c__visibility_control.h
[39.483s] -- Installing: /home/ubuntu/ws/Libero/install/message_info/lib/libmessage_info__rosidl_typesupport_fastrtps_c.so
[39.485s] -- Set runtime path of "/home/ubuntu/ws/Libero/install/message_info/lib/libmessage_info__rosidl_typesupport_fastrtps_c.so" to ""
[39.486s] -- Up-to-date: /home/ubuntu/ws/Libero/install/message_info/include/message_info
[39.486s] -- Up-to-date: /home/ubuntu/ws/Libero/install/message_info/include/message_info/msg
[39.486s] -- Up-to-date: /home/ubuntu/ws/Libero/install/message_info/include/message_info/msg/detail
[39.487s] -- Installing: /home/ubuntu/ws/Libero/install/message_info/include/message_info/msg/detail/real_commands__rosidl_typesupport_fastrtps_cpp.hpp
[39.488s] -- Installing: /home/ubuntu/ws/Libero/install/message_info/include/message_info/msg/detail/dds_fastrtps
[39.488s] -- Installing: /home/ubuntu/ws/Libero/install/message_info/include/message_info/msg/detail/robot_command__rosidl_typesupport_fastrtps_cpp.hpp
[39.489s] -- Installing: /home/ubuntu/ws/Libero/install/message_info/include/message_info/msg/detail/robot_commands__rosidl_typesupport_fastrtps_cpp.hpp
[39.491s] -- Installing: /home/ubuntu/ws/Libero/install/message_info/include/message_info/msg/detail/slave__rosidl_typesupport_fastrtps_cpp.hpp
[39.492s] -- Installing: /home/ubuntu/ws/Libero/install/message_info/include/message_info/msg/rosidl_typesupport_fastrtps_cpp__visibility_control.h
[39.493s] -- Installing: /home/ubuntu/ws/Libero/install/message_info/lib/libmessage_info__rosidl_typesupport_fastrtps_cpp.so
[39.496s] -- Set runtime path of "/home/ubuntu/ws/Libero/install/message_info/lib/libmessage_info__rosidl_typesupport_fastrtps_cpp.so" to ""
[39.496s] -- Up-to-date: /home/ubuntu/ws/Libero/install/message_info/include/message_info
[39.496s] -- Up-to-date: /home/ubuntu/ws/Libero/install/message_info/include/message_info/msg
[39.497s] -- Up-to-date: /home/ubuntu/ws/Libero/install/message_info/include/message_info/msg/detail
[39.497s] -- Installing: /home/ubuntu/ws/Libero/install/message_info/include/message_info/msg/detail/robot_command__rosidl_typesupport_introspection_c.h
[39.498s] -- Installing: /home/ubuntu/ws/Libero/install/message_info/include/message_info/msg/detail/robot_command__type_support.c
[39.499s] -- Installing: /home/ubuntu/ws/Libero/install/message_info/include/message_info/msg/detail/robot_commands__type_support.c
[39.500s] -- Installing: /home/ubuntu/ws/Libero/install/message_info/include/message_info/msg/detail/real_commands__rosidl_typesupport_introspection_c.h
[39.501s] -- Installing: /home/ubuntu/ws/Libero/install/message_info/include/message_info/msg/detail/slave__rosidl_typesupport_introspection_c.h
[39.502s] -- Installing: /home/ubuntu/ws/Libero/install/message_info/include/message_info/msg/detail/real_commands__type_support.c
[39.503s] -- Installing: /home/ubuntu/ws/Libero/install/message_info/include/message_info/msg/detail/slave__type_support.c
[39.504s] -- Installing: /home/ubuntu/ws/Libero/install/message_info/include/message_info/msg/detail/robot_commands__rosidl_typesupport_introspection_c.h
[39.506s] -- Installing: /home/ubuntu/ws/Libero/install/message_info/include/message_info/msg/rosidl_typesupport_introspection_c__visibility_control.h
[39.507s] -- Installing: /home/ubuntu/ws/Libero/install/message_info/lib/libmessage_info__rosidl_typesupport_introspection_c.so
[39.509s] -- Set runtime path of "/home/ubuntu/ws/Libero/install/message_info/lib/libmessage_info__rosidl_typesupport_introspection_c.so" to ""
[39.510s] -- Installing: /home/ubuntu/ws/Libero/install/message_info/lib/libmessage_info__rosidl_typesupport_c.so
[39.512s] -- Set runtime path of "/home/ubuntu/ws/Libero/install/message_info/lib/libmessage_info__rosidl_typesupport_c.so" to ""
[39.513s] -- Up-to-date: /home/ubuntu/ws/Libero/install/message_info/include/message_info
[39.513s] -- Up-to-date: /home/ubuntu/ws/Libero/install/message_info/include/message_info/msg
[39.514s] -- Installing: /home/ubuntu/ws/Libero/install/message_info/include/message_info/msg/real_commands.hpp
[39.514s] -- Up-to-date: /home/ubuntu/ws/Libero/install/message_info/include/message_info/msg/detail
[39.515s] -- Installing: /home/ubuntu/ws/Libero/install/message_info/include/message_info/msg/detail/robot_command__struct.hpp
[39.516s] -- Installing: /home/ubuntu/ws/Libero/install/message_info/include/message_info/msg/detail/slave__struct.hpp
[39.516s] -- Installing: /home/ubuntu/ws/Libero/install/message_info/include/message_info/msg/detail/slave__traits.hpp
[39.517s] -- Installing: /home/ubuntu/ws/Libero/install/message_info/include/message_info/msg/detail/robot_commands__traits.hpp
[39.518s] -- Installing: /home/ubuntu/ws/Libero/install/message_info/include/message_info/msg/detail/robot_command__traits.hpp
[39.520s] -- Installing: /home/ubuntu/ws/Libero/install/message_info/include/message_info/msg/detail/robot_commands__struct.hpp
[39.520s] -- Installing: /home/ubuntu/ws/Libero/install/message_info/include/message_info/msg/detail/real_commands__traits.hpp
[39.521s] -- Installing: /home/ubuntu/ws/Libero/install/message_info/include/message_info/msg/detail/slave__builder.hpp
[39.522s] -- Installing: /home/ubuntu/ws/Libero/install/message_info/include/message_info/msg/detail/robot_command__builder.hpp
[39.523s] -- Installing: /home/ubuntu/ws/Libero/install/message_info/include/message_info/msg/detail/real_commands__builder.hpp
[39.524s] -- Installing: /home/ubuntu/ws/Libero/install/message_info/include/message_info/msg/detail/robot_commands__builder.hpp
[39.525s] -- Installing: /home/ubuntu/ws/Libero/install/message_info/include/message_info/msg/detail/real_commands__struct.hpp
[39.526s] -- Installing: /home/ubuntu/ws/Libero/install/message_info/include/message_info/msg/robot_commands.hpp
[39.527s] -- Installing: /home/ubuntu/ws/Libero/install/message_info/include/message_info/msg/robot_command.hpp
[39.528s] -- Installing: /home/ubuntu/ws/Libero/install/message_info/include/message_info/msg/slave.hpp
[39.529s] -- Up-to-date: /home/ubuntu/ws/Libero/install/message_info/include/message_info
[39.529s] -- Up-to-date: /home/ubuntu/ws/Libero/install/message_info/include/message_info/msg
[39.530s] -- Up-to-date: /home/ubuntu/ws/Libero/install/message_info/include/message_info/msg/detail
[39.530s] -- Installing: /home/ubuntu/ws/Libero/install/message_info/include/message_info/msg/detail/robot_command__rosidl_typesupport_introspection_cpp.hpp
[39.531s] -- Installing: /home/ubuntu/ws/Libero/install/message_info/include/message_info/msg/detail/real_commands__type_support.cpp
[39.532s] -- Installing: /home/ubuntu/ws/Libero/install/message_info/include/message_info/msg/detail/slave__rosidl_typesupport_introspection_cpp.hpp
[39.533s] -- Installing: /home/ubuntu/ws/Libero/install/message_info/include/message_info/msg/detail/robot_commands__rosidl_typesupport_introspection_cpp.hpp
[39.534s] -- Installing: /home/ubuntu/ws/Libero/install/message_info/include/message_info/msg/detail/slave__type_support.cpp
[39.536s] -- Installing: /home/ubuntu/ws/Libero/install/message_info/include/message_info/msg/detail/real_commands__rosidl_typesupport_introspection_cpp.hpp
[39.537s] -- Installing: /home/ubuntu/ws/Libero/install/message_info/include/message_info/msg/detail/robot_commands__type_support.cpp
[39.538s] -- Installing: /home/ubuntu/ws/Libero/install/message_info/include/message_info/msg/detail/robot_command__type_support.cpp
[39.539s] -- Installing: /home/ubuntu/ws/Libero/install/message_info/lib/libmessage_info__rosidl_typesupport_introspection_cpp.so
[39.542s] -- Set runtime path of "/home/ubuntu/ws/Libero/install/message_info/lib/libmessage_info__rosidl_typesupport_introspection_cpp.so" to ""
[39.542s] -- Installing: /home/ubuntu/ws/Libero/install/message_info/lib/libmessage_info__rosidl_typesupport_cpp.so
[39.545s] -- Set runtime path of "/home/ubuntu/ws/Libero/install/message_info/lib/libmessage_info__rosidl_typesupport_cpp.so" to ""
[39.545s] -- Installing: /home/ubuntu/ws/Libero/install/message_info/share/message_info/environment/pythonpath.sh
[39.546s] -- Installing: /home/ubuntu/ws/Libero/install/message_info/share/message_info/environment/pythonpath.dsv
[39.548s] -- Installing: /home/ubuntu/ws/Libero/install/message_info/lib/python3.8/site-packages/message_info/__init__.py
[39.699s] Compiling '/home/ubuntu/ws/Libero/install/message_info/lib/python3.8/site-packages/message_info/__init__.py'...
[39.721s] -- Installing: /home/ubuntu/ws/Libero/install/message_info/lib/python3.8/site-packages/message_info/msg
[39.721s] -- Installing: /home/ubuntu/ws/Libero/install/message_info/lib/python3.8/site-packages/message_info/msg/_robot_commands.py
[39.722s] -- Installing: /home/ubuntu/ws/Libero/install/message_info/lib/python3.8/site-packages/message_info/msg/_robot_command.py
[39.723s] -- Installing: /home/ubuntu/ws/Libero/install/message_info/lib/python3.8/site-packages/message_info/msg/_slave.py
[39.724s] -- Installing: /home/ubuntu/ws/Libero/install/message_info/lib/python3.8/site-packages/message_info/msg/__init__.py
[39.725s] -- Installing: /home/ubuntu/ws/Libero/install/message_info/lib/python3.8/site-packages/message_info/msg/_robot_commands_s.c
[39.726s] -- Installing: /home/ubuntu/ws/Libero/install/message_info/lib/python3.8/site-packages/message_info/msg/_slave_s.c
[39.727s] -- Installing: /home/ubuntu/ws/Libero/install/message_info/lib/python3.8/site-packages/message_info/msg/_real_commands_s.c
[39.728s] -- Installing: /home/ubuntu/ws/Libero/install/message_info/lib/python3.8/site-packages/message_info/msg/_real_commands.py
[39.729s] -- Installing: /home/ubuntu/ws/Libero/install/message_info/lib/python3.8/site-packages/message_info/msg/_robot_command_s.c
[39.731s] -- Installing: /home/ubuntu/ws/Libero/install/message_info/lib/python3.8/site-packages/message_info/message_info_s__rosidl_typesupport_fastrtps_c.cpython-38-aarch64-linux-gnu.so
[39.734s] -- Set runtime path of "/home/ubuntu/ws/Libero/install/message_info/lib/python3.8/site-packages/message_info/message_info_s__rosidl_typesupport_fastrtps_c.cpython-38-aarch64-linux-gnu.so" to ""
[39.735s] -- Installing: /home/ubuntu/ws/Libero/install/message_info/lib/python3.8/site-packages/message_info/message_info_s__rosidl_typesupport_introspection_c.cpython-38-aarch64-linux-gnu.so
[39.738s] -- Set runtime path of "/home/ubuntu/ws/Libero/install/message_info/lib/python3.8/site-packages/message_info/message_info_s__rosidl_typesupport_introspection_c.cpython-38-aarch64-linux-gnu.so" to ""
[39.739s] -- Installing: /home/ubuntu/ws/Libero/install/message_info/lib/python3.8/site-packages/message_info/message_info_s__rosidl_typesupport_c.cpython-38-aarch64-linux-gnu.so
[39.742s] -- Set runtime path of "/home/ubuntu/ws/Libero/install/message_info/lib/python3.8/site-packages/message_info/message_info_s__rosidl_typesupport_c.cpython-38-aarch64-linux-gnu.so" to ""
[39.742s] -- Installing: /home/ubuntu/ws/Libero/install/message_info/lib/libmessage_info__python.so
[39.745s] -- Set runtime path of "/home/ubuntu/ws/Libero/install/message_info/lib/libmessage_info__python.so" to ""
[39.746s] -- Installing: /home/ubuntu/ws/Libero/install/message_info/share/message_info/msg/RobotCommand.idl
[39.747s] -- Installing: /home/ubuntu/ws/Libero/install/message_info/share/message_info/msg/RobotCommands.idl
[39.748s] -- Installing: /home/ubuntu/ws/Libero/install/message_info/share/message_info/msg/RealCommands.idl
[39.749s] -- Installing: /home/ubuntu/ws/Libero/install/message_info/share/message_info/msg/Slave.idl
[39.750s] -- Installing: /home/ubuntu/ws/Libero/install/message_info/share/message_info/msg/RobotCommand.msg
[39.751s] -- Installing: /home/ubuntu/ws/Libero/install/message_info/share/message_info/msg/RobotCommands.msg
[39.752s] -- Installing: /home/ubuntu/ws/Libero/install/message_info/share/message_info/msg/RealCommands.msg
[39.753s] -- Installing: /home/ubuntu/ws/Libero/install/message_info/share/message_info/msg/Slave.msg
[39.754s] -- Installing: /home/ubuntu/ws/Libero/install/message_info/share/ament_index/resource_index/package_run_dependencies/message_info
[39.756s] -- Installing: /home/ubuntu/ws/Libero/install/message_info/share/ament_index/resource_index/parent_prefix_path/message_info
[39.757s] -- Installing: /home/ubuntu/ws/Libero/install/message_info/share/message_info/environment/ament_prefix_path.sh
[39.758s] -- Installing: /home/ubuntu/ws/Libero/install/message_info/share/message_info/environment/ament_prefix_path.dsv
[39.759s] -- Installing: /home/ubuntu/ws/Libero/install/message_info/share/message_info/environment/path.sh
[39.760s] -- Installing: /home/ubuntu/ws/Libero/install/message_info/share/message_info/environment/path.dsv
[39.761s] -- Installing: /home/ubuntu/ws/Libero/install/message_info/share/message_info/local_setup.bash
[39.763s] -- Installing: /home/ubuntu/ws/Libero/install/message_info/share/message_info/local_setup.sh
[39.764s] -- Installing: /home/ubuntu/ws/Libero/install/message_info/share/message_info/local_setup.zsh
[39.765s] -- Installing: /home/ubuntu/ws/Libero/install/message_info/share/message_info/local_setup.dsv
[39.766s] -- Installing: /home/ubuntu/ws/Libero/install/message_info/share/message_info/package.dsv
[39.767s] -- Installing: /home/ubuntu/ws/Libero/install/message_info/share/ament_index/resource_index/packages/message_info
[39.769s] -- Installing: /home/ubuntu/ws/Libero/install/message_info/share/message_info/cmake/message_info__rosidl_generator_cExport.cmake
[39.770s] -- Installing: /home/ubuntu/ws/Libero/install/message_info/share/message_info/cmake/message_info__rosidl_generator_cExport-noconfig.cmake
[39.771s] -- Installing: /home/ubuntu/ws/Libero/install/message_info/share/message_info/cmake/message_info__rosidl_typesupport_introspection_cExport.cmake
[39.773s] -- Installing: /home/ubuntu/ws/Libero/install/message_info/share/message_info/cmake/message_info__rosidl_typesupport_introspection_cExport-noconfig.cmake
[39.774s] -- Installing: /home/ubuntu/ws/Libero/install/message_info/share/message_info/cmake/message_info__rosidl_typesupport_cExport.cmake
[39.776s] -- Installing: /home/ubuntu/ws/Libero/install/message_info/share/message_info/cmake/message_info__rosidl_typesupport_cExport-noconfig.cmake
[39.777s] -- Installing: /home/ubuntu/ws/Libero/install/message_info/share/message_info/cmake/message_info__rosidl_generator_cppExport.cmake
[39.779s] -- Installing: /home/ubuntu/ws/Libero/install/message_info/share/message_info/cmake/message_info__rosidl_typesupport_introspection_cppExport.cmake
[39.780s] -- Installing: /home/ubuntu/ws/Libero/install/message_info/share/message_info/cmake/message_info__rosidl_typesupport_introspection_cppExport-noconfig.cmake
[39.782s] -- Installing: /home/ubuntu/ws/Libero/install/message_info/share/message_info/cmake/message_info__rosidl_typesupport_cppExport.cmake
[39.783s] -- Installing: /home/ubuntu/ws/Libero/install/message_info/share/message_info/cmake/message_info__rosidl_typesupport_cppExport-noconfig.cmake
[39.784s] -- Installing: /home/ubuntu/ws/Libero/install/message_info/share/message_info/cmake/rosidl_cmake-extras.cmake
[39.786s] -- Installing: /home/ubuntu/ws/Libero/install/message_info/share/message_info/cmake/ament_cmake_export_dependencies-extras.cmake
[39.787s] -- Installing: /home/ubuntu/ws/Libero/install/message_info/share/message_info/cmake/ament_cmake_export_libraries-extras.cmake
[39.788s] -- Installing: /home/ubuntu/ws/Libero/install/message_info/share/message_info/cmake/ament_cmake_export_targets-extras.cmake
[39.789s] -- Installing: /home/ubuntu/ws/Libero/install/message_info/share/message_info/cmake/ament_cmake_export_include_directories-extras.cmake
[39.791s] -- Installing: /home/ubuntu/ws/Libero/install/message_info/share/message_info/cmake/rosidl_cmake_export_typesupport_libraries-extras.cmake
[39.792s] -- Installing: /home/ubuntu/ws/Libero/install/message_info/share/message_info/cmake/rosidl_cmake_export_typesupport_targets-extras.cmake
[39.793s] -- Installing: /home/ubuntu/ws/Libero/install/message_info/share/message_info/cmake/message_infoConfig.cmake
[39.794s] -- Installing: /home/ubuntu/ws/Libero/install/message_info/share/message_info/cmake/message_infoConfig-version.cmake
[39.795s] -- Installing: /home/ubuntu/ws/Libero/install/message_info/share/message_info/package.xml
[39.807s] Invoked command in '/home/ubuntu/ws/Libero/build/message_info' returned '0': CMAKE_PREFIX_PATH=${CMAKE_PREFIX_PATH}:/home/ubuntu/ws/Libero/install/main:/home/ubuntu/ws/SSLRasp/install/rasp:/opt/ros/foxy /usr/bin/cmake --install /home/ubuntu/ws/Libero/build/message_info
