[1.068s] Invoking command in '/home/ubuntu/ws/Libero/build/message_info': CMAKE_PREFIX_PATH=${CMAKE_PREFIX_PATH}:/home/ubuntu/ws/Libero/install/main:/home/ubuntu/ws/SSLRasp/install/rasp:/opt/ros/foxy /usr/bin/cmake --build /home/ubuntu/ws/Libero/build/message_info -- -j4 -l4
[1.552s] [  2%] Built target message_info__cpp
[1.587s] [ 12%] Built target message_info__rosidl_generator_c
[1.747s] [ 23%] Built target message_info__rosidl_typesupport_introspection_cpp
[1.768s] [ 34%] Built target message_info__rosidl_typesupport_cpp
[1.775s] [ 44%] Built target message_info__rosidl_typesupport_fastrtps_cpp
[1.794s] [ 55%] Built target message_info__rosidl_typesupport_introspection_c
[1.903s] [ 65%] Built target message_info__rosidl_typesupport_c
[1.958s] [ 76%] Built target message_info__rosidl_typesupport_fastrtps_c
[2.060s] [ 76%] Built target message_info
[2.170s] [ 78%] Built target message_info__py
[2.346s] [ 87%] Built target message_info__python
[2.529s] [ 91%] Built target message_info__rosidl_typesupport_c__pyext
[2.539s] [ 95%] Built target message_info__rosidl_typesupport_introspection_c__pyext
[2.542s] [100%] Built target message_info__rosidl_typesupport_fastrtps_c__pyext
[2.594s] Invoked command in '/home/ubuntu/ws/Libero/build/message_info' returned '0': CMAKE_PREFIX_PATH=${CMAKE_PREFIX_PATH}:/home/ubuntu/ws/Libero/install/main:/home/ubuntu/ws/SSLRasp/install/rasp:/opt/ros/foxy /usr/bin/cmake --build /home/ubuntu/ws/Libero/build/message_info -- -j4 -l4
[3.265s] Invoking command in '/home/ubuntu/ws/Libero/build/message_info': CMAKE_PREFIX_PATH=${CMAKE_PREFIX_PATH}:/home/ubuntu/ws/Libero/install/main:/home/ubuntu/ws/SSLRasp/install/rasp:/opt/ros/foxy /usr/bin/cmake --install /home/ubuntu/ws/Libero/build/message_info
[3.303s] -- Install configuration: ""
[3.303s] -- Up-to-date: /home/ubuntu/ws/Libero/install/message_info/share/ament_index/resource_index/rosidl_interfaces/message_info
[3.304s] -- Up-to-date: /home/ubuntu/ws/Libero/install/message_info/include/message_info
[3.304s] -- Up-to-date: /home/ubuntu/ws/Libero/install/message_info/include/message_info/msg
[3.305s] -- Up-to-date: /home/ubuntu/ws/Libero/install/message_info/include/message_info/msg/robot_command.h
[3.305s] -- Up-to-date: /home/ubuntu/ws/Libero/install/message_info/include/message_info/msg/detail
[3.306s] -- Up-to-date: /home/ubuntu/ws/Libero/install/message_info/include/message_info/msg/detail/robot_commands__functions.c
[3.306s] -- Up-to-date: /home/ubuntu/ws/Libero/install/message_info/include/message_info/msg/detail/robot_command__functions.h
[3.306s] -- Up-to-date: /home/ubuntu/ws/Libero/install/message_info/include/message_info/msg/detail/real_commands__type_support.h
[3.307s] -- Up-to-date: /home/ubuntu/ws/Libero/install/message_info/include/message_info/msg/detail/robot_command__functions.c
[3.307s] -- Up-to-date: /home/ubuntu/ws/Libero/install/message_info/include/message_info/msg/detail/robot_command__type_support.h
[3.308s] -- Up-to-date: /home/ubuntu/ws/Libero/install/message_info/include/message_info/msg/detail/real_commands__struct.h
[3.308s] -- Up-to-date: /home/ubuntu/ws/Libero/install/message_info/include/message_info/msg/detail/robot_commands__functions.h
[3.308s] -- Up-to-date: /home/ubuntu/ws/Libero/install/message_info/include/message_info/msg/detail/robot_commands__type_support.h
[3.309s] -- Up-to-date: /home/ubuntu/ws/Libero/install/message_info/include/message_info/msg/detail/robot_command__struct.h
[3.309s] -- Up-to-date: /home/ubuntu/ws/Libero/install/message_info/include/message_info/msg/detail/real_commands__functions.c
[3.310s] -- Up-to-date: /home/ubuntu/ws/Libero/install/message_info/include/message_info/msg/detail/robot_commands__struct.h
[3.310s] -- Up-to-date: /home/ubuntu/ws/Libero/install/message_info/include/message_info/msg/detail/real_commands__functions.h
[3.310s] -- Up-to-date: /home/ubuntu/ws/Libero/install/message_info/include/message_info/msg/rosidl_generator_c__visibility_control.h
[3.311s] -- Up-to-date: /home/ubuntu/ws/Libero/install/message_info/include/message_info/msg/real_commands.h
[3.311s] -- Up-to-date: /home/ubuntu/ws/Libero/install/message_info/include/message_info/msg/robot_commands.h
[3.311s] -- Up-to-date: /home/ubuntu/ws/Libero/install/message_info/share/message_info/environment/library_path.sh
[3.312s] -- Up-to-date: /home/ubuntu/ws/Libero/install/message_info/share/message_info/environment/library_path.dsv
[3.312s] -- Up-to-date: /home/ubuntu/ws/Libero/install/message_info/lib/libmessage_info__rosidl_generator_c.so
[3.313s] -- Up-to-date: /home/ubuntu/ws/Libero/install/message_info/include/message_info
[3.313s] -- Up-to-date: /home/ubuntu/ws/Libero/install/message_info/include/message_info/msg
[3.313s] -- Up-to-date: /home/ubuntu/ws/Libero/install/message_info/include/message_info/msg/detail
[3.314s] -- Up-to-date: /home/ubuntu/ws/Libero/install/message_info/include/message_info/msg/detail/real_commands__rosidl_typesupport_fastrtps_c.h
[3.314s] -- Up-to-date: /home/ubuntu/ws/Libero/install/message_info/include/message_info/msg/detail/robot_command__rosidl_typesupport_fastrtps_c.h
[3.315s] -- Up-to-date: /home/ubuntu/ws/Libero/install/message_info/include/message_info/msg/detail/robot_commands__rosidl_typesupport_fastrtps_c.h
[3.315s] -- Up-to-date: /home/ubuntu/ws/Libero/install/message_info/include/message_info/msg/rosidl_typesupport_fastrtps_c__visibility_control.h
[3.316s] -- Up-to-date: /home/ubuntu/ws/Libero/install/message_info/lib/libmessage_info__rosidl_typesupport_fastrtps_c.so
[3.317s] -- Up-to-date: /home/ubuntu/ws/Libero/install/message_info/include/message_info
[3.317s] -- Up-to-date: /home/ubuntu/ws/Libero/install/message_info/include/message_info/msg
[3.318s] -- Up-to-date: /home/ubuntu/ws/Libero/install/message_info/include/message_info/msg/detail
[3.318s] -- Up-to-date: /home/ubuntu/ws/Libero/install/message_info/include/message_info/msg/detail/real_commands__rosidl_typesupport_fastrtps_cpp.hpp
[3.319s] -- Up-to-date: /home/ubuntu/ws/Libero/install/message_info/include/message_info/msg/detail/dds_fastrtps
[3.319s] -- Up-to-date: /home/ubuntu/ws/Libero/install/message_info/include/message_info/msg/detail/robot_command__rosidl_typesupport_fastrtps_cpp.hpp
[3.319s] -- Up-to-date: /home/ubuntu/ws/Libero/install/message_info/include/message_info/msg/detail/robot_commands__rosidl_typesupport_fastrtps_cpp.hpp
[3.320s] -- Up-to-date: /home/ubuntu/ws/Libero/install/message_info/include/message_info/msg/rosidl_typesupport_fastrtps_cpp__visibility_control.h
[3.321s] -- Up-to-date: /home/ubuntu/ws/Libero/install/message_info/lib/libmessage_info__rosidl_typesupport_fastrtps_cpp.so
[3.322s] -- Up-to-date: /home/ubuntu/ws/Libero/install/message_info/include/message_info
[3.323s] -- Up-to-date: /home/ubuntu/ws/Libero/install/message_info/include/message_info/msg
[3.323s] -- Up-to-date: /home/ubuntu/ws/Libero/install/message_info/include/message_info/msg/detail
[3.324s] -- Up-to-date: /home/ubuntu/ws/Libero/install/message_info/include/message_info/msg/detail/robot_command__rosidl_typesupport_introspection_c.h
[3.324s] -- Up-to-date: /home/ubuntu/ws/Libero/install/message_info/include/message_info/msg/detail/robot_command__type_support.c
[3.324s] -- Up-to-date: /home/ubuntu/ws/Libero/install/message_info/include/message_info/msg/detail/robot_commands__type_support.c
[3.325s] -- Up-to-date: /home/ubuntu/ws/Libero/install/message_info/include/message_info/msg/detail/real_commands__rosidl_typesupport_introspection_c.h
[3.325s] -- Up-to-date: /home/ubuntu/ws/Libero/install/message_info/include/message_info/msg/detail/real_commands__type_support.c
[3.325s] -- Up-to-date: /home/ubuntu/ws/Libero/install/message_info/include/message_info/msg/detail/robot_commands__rosidl_typesupport_introspection_c.h
[3.326s] -- Up-to-date: /home/ubuntu/ws/Libero/install/message_info/include/message_info/msg/rosidl_typesupport_introspection_c__visibility_control.h
[3.327s] -- Up-to-date: /home/ubuntu/ws/Libero/install/message_info/lib/libmessage_info__rosidl_typesupport_introspection_c.so
[3.329s] -- Up-to-date: /home/ubuntu/ws/Libero/install/message_info/lib/libmessage_info__rosidl_typesupport_c.so
[3.330s] -- Up-to-date: /home/ubuntu/ws/Libero/install/message_info/include/message_info
[3.330s] -- Up-to-date: /home/ubuntu/ws/Libero/install/message_info/include/message_info/msg
[3.331s] -- Up-to-date: /home/ubuntu/ws/Libero/install/message_info/include/message_info/msg/real_commands.hpp
[3.331s] -- Up-to-date: /home/ubuntu/ws/Libero/install/message_info/include/message_info/msg/detail
[3.332s] -- Up-to-date: /home/ubuntu/ws/Libero/install/message_info/include/message_info/msg/detail/robot_command__struct.hpp
[3.332s] -- Up-to-date: /home/ubuntu/ws/Libero/install/message_info/include/message_info/msg/detail/robot_commands__traits.hpp
[3.332s] -- Up-to-date: /home/ubuntu/ws/Libero/install/message_info/include/message_info/msg/detail/robot_command__traits.hpp
[3.333s] -- Up-to-date: /home/ubuntu/ws/Libero/install/message_info/include/message_info/msg/detail/robot_commands__struct.hpp
[3.333s] -- Up-to-date: /home/ubuntu/ws/Libero/install/message_info/include/message_info/msg/detail/real_commands__traits.hpp
[3.334s] -- Up-to-date: /home/ubuntu/ws/Libero/install/message_info/include/message_info/msg/detail/robot_command__builder.hpp
[3.334s] -- Up-to-date: /home/ubuntu/ws/Libero/install/message_info/include/message_info/msg/detail/real_commands__builder.hpp
[3.334s] -- Up-to-date: /home/ubuntu/ws/Libero/install/message_info/include/message_info/msg/detail/robot_commands__builder.hpp
[3.335s] -- Up-to-date: /home/ubuntu/ws/Libero/install/message_info/include/message_info/msg/detail/real_commands__struct.hpp
[3.335s] -- Up-to-date: /home/ubuntu/ws/Libero/install/message_info/include/message_info/msg/robot_commands.hpp
[3.336s] -- Up-to-date: /home/ubuntu/ws/Libero/install/message_info/include/message_info/msg/robot_command.hpp
[3.336s] -- Up-to-date: /home/ubuntu/ws/Libero/install/message_info/include/message_info
[3.336s] -- Up-to-date: /home/ubuntu/ws/Libero/install/message_info/include/message_info/msg
[3.337s] -- Up-to-date: /home/ubuntu/ws/Libero/install/message_info/include/message_info/msg/detail
[3.337s] -- Up-to-date: /home/ubuntu/ws/Libero/install/message_info/include/message_info/msg/detail/robot_command__rosidl_typesupport_introspection_cpp.hpp
[3.337s] -- Up-to-date: /home/ubuntu/ws/Libero/install/message_info/include/message_info/msg/detail/real_commands__type_support.cpp
[3.338s] -- Up-to-date: /home/ubuntu/ws/Libero/install/message_info/include/message_info/msg/detail/robot_commands__rosidl_typesupport_introspection_cpp.hpp
[3.338s] -- Up-to-date: /home/ubuntu/ws/Libero/install/message_info/include/message_info/msg/detail/real_commands__rosidl_typesupport_introspection_cpp.hpp
[3.338s] -- Up-to-date: /home/ubuntu/ws/Libero/install/message_info/include/message_info/msg/detail/robot_commands__type_support.cpp
[3.339s] -- Up-to-date: /home/ubuntu/ws/Libero/install/message_info/include/message_info/msg/detail/robot_command__type_support.cpp
[3.339s] -- Up-to-date: /home/ubuntu/ws/Libero/install/message_info/lib/libmessage_info__rosidl_typesupport_introspection_cpp.so
[3.340s] -- Up-to-date: /home/ubuntu/ws/Libero/install/message_info/lib/libmessage_info__rosidl_typesupport_cpp.so
[3.342s] -- Up-to-date: /home/ubuntu/ws/Libero/install/message_info/share/message_info/environment/pythonpath.sh
[3.342s] -- Up-to-date: /home/ubuntu/ws/Libero/install/message_info/share/message_info/environment/pythonpath.dsv
[3.343s] -- Up-to-date: /home/ubuntu/ws/Libero/install/message_info/lib/python3.8/site-packages/message_info/__init__.py
[3.493s] Compiling '/home/ubuntu/ws/Libero/install/message_info/lib/python3.8/site-packages/message_info/__init__.py'...
[3.515s] -- Up-to-date: /home/ubuntu/ws/Libero/install/message_info/lib/python3.8/site-packages/message_info/msg
[3.515s] -- Up-to-date: /home/ubuntu/ws/Libero/install/message_info/lib/python3.8/site-packages/message_info/msg/_robot_commands.py
[3.516s] -- Up-to-date: /home/ubuntu/ws/Libero/install/message_info/lib/python3.8/site-packages/message_info/msg/_robot_command.py
[3.516s] -- Up-to-date: /home/ubuntu/ws/Libero/install/message_info/lib/python3.8/site-packages/message_info/msg/__init__.py
[3.516s] -- Up-to-date: /home/ubuntu/ws/Libero/install/message_info/lib/python3.8/site-packages/message_info/msg/_robot_commands_s.c
[3.517s] -- Up-to-date: /home/ubuntu/ws/Libero/install/message_info/lib/python3.8/site-packages/message_info/msg/_real_commands_s.c
[3.517s] -- Up-to-date: /home/ubuntu/ws/Libero/install/message_info/lib/python3.8/site-packages/message_info/msg/_real_commands.py
[3.517s] -- Up-to-date: /home/ubuntu/ws/Libero/install/message_info/lib/python3.8/site-packages/message_info/msg/_robot_command_s.c
[3.518s] -- Up-to-date: /home/ubuntu/ws/Libero/install/message_info/lib/python3.8/site-packages/message_info/message_info_s__rosidl_typesupport_fastrtps_c.cpython-38-aarch64-linux-gnu.so
[3.521s] -- Up-to-date: /home/ubuntu/ws/Libero/install/message_info/lib/python3.8/site-packages/message_info/message_info_s__rosidl_typesupport_introspection_c.cpython-38-aarch64-linux-gnu.so
[3.524s] -- Up-to-date: /home/ubuntu/ws/Libero/install/message_info/lib/python3.8/site-packages/message_info/message_info_s__rosidl_typesupport_c.cpython-38-aarch64-linux-gnu.so
[3.526s] -- Up-to-date: /home/ubuntu/ws/Libero/install/message_info/lib/libmessage_info__python.so
[3.528s] -- Up-to-date: /home/ubuntu/ws/Libero/install/message_info/share/message_info/msg/RobotCommand.idl
[3.528s] -- Up-to-date: /home/ubuntu/ws/Libero/install/message_info/share/message_info/msg/RobotCommands.idl
[3.529s] -- Up-to-date: /home/ubuntu/ws/Libero/install/message_info/share/message_info/msg/RealCommands.idl
[3.529s] -- Up-to-date: /home/ubuntu/ws/Libero/install/message_info/share/message_info/msg/RobotCommand.msg
[3.529s] -- Up-to-date: /home/ubuntu/ws/Libero/install/message_info/share/message_info/msg/RobotCommands.msg
[3.530s] -- Up-to-date: /home/ubuntu/ws/Libero/install/message_info/share/message_info/msg/RealCommands.msg
[3.530s] -- Up-to-date: /home/ubuntu/ws/Libero/install/message_info/share/ament_index/resource_index/package_run_dependencies/message_info
[3.531s] -- Up-to-date: /home/ubuntu/ws/Libero/install/message_info/share/ament_index/resource_index/parent_prefix_path/message_info
[3.531s] -- Up-to-date: /home/ubuntu/ws/Libero/install/message_info/share/message_info/environment/ament_prefix_path.sh
[3.532s] -- Up-to-date: /home/ubuntu/ws/Libero/install/message_info/share/message_info/environment/ament_prefix_path.dsv
[3.532s] -- Up-to-date: /home/ubuntu/ws/Libero/install/message_info/share/message_info/environment/path.sh
[3.532s] -- Up-to-date: /home/ubuntu/ws/Libero/install/message_info/share/message_info/environment/path.dsv
[3.533s] -- Up-to-date: /home/ubuntu/ws/Libero/install/message_info/share/message_info/local_setup.bash
[3.533s] -- Up-to-date: /home/ubuntu/ws/Libero/install/message_info/share/message_info/local_setup.sh
[3.534s] -- Up-to-date: /home/ubuntu/ws/Libero/install/message_info/share/message_info/local_setup.zsh
[3.534s] -- Up-to-date: /home/ubuntu/ws/Libero/install/message_info/share/message_info/local_setup.dsv
[3.534s] -- Installing: /home/ubuntu/ws/Libero/install/message_info/share/message_info/package.dsv
[3.536s] -- Up-to-date: /home/ubuntu/ws/Libero/install/message_info/share/ament_index/resource_index/packages/message_info
[3.537s] -- Up-to-date: /home/ubuntu/ws/Libero/install/message_info/share/message_info/cmake/message_info__rosidl_generator_cExport.cmake
[3.537s] -- Up-to-date: /home/ubuntu/ws/Libero/install/message_info/share/message_info/cmake/message_info__rosidl_generator_cExport-noconfig.cmake
[3.538s] -- Up-to-date: /home/ubuntu/ws/Libero/install/message_info/share/message_info/cmake/message_info__rosidl_typesupport_introspection_cExport.cmake
[3.539s] -- Up-to-date: /home/ubuntu/ws/Libero/install/message_info/share/message_info/cmake/message_info__rosidl_typesupport_introspection_cExport-noconfig.cmake
[3.540s] -- Up-to-date: /home/ubuntu/ws/Libero/install/message_info/share/message_info/cmake/message_info__rosidl_typesupport_cExport.cmake
[3.540s] -- Up-to-date: /home/ubuntu/ws/Libero/install/message_info/share/message_info/cmake/message_info__rosidl_typesupport_cExport-noconfig.cmake
[3.541s] -- Up-to-date: /home/ubuntu/ws/Libero/install/message_info/share/message_info/cmake/message_info__rosidl_generator_cppExport.cmake
[3.542s] -- Up-to-date: /home/ubuntu/ws/Libero/install/message_info/share/message_info/cmake/message_info__rosidl_typesupport_introspection_cppExport.cmake
[3.543s] -- Up-to-date: /home/ubuntu/ws/Libero/install/message_info/share/message_info/cmake/message_info__rosidl_typesupport_introspection_cppExport-noconfig.cmake
[3.544s] -- Up-to-date: /home/ubuntu/ws/Libero/install/message_info/share/message_info/cmake/message_info__rosidl_typesupport_cppExport.cmake
[3.544s] -- Up-to-date: /home/ubuntu/ws/Libero/install/message_info/share/message_info/cmake/message_info__rosidl_typesupport_cppExport-noconfig.cmake
[3.544s] -- Up-to-date: /home/ubuntu/ws/Libero/install/message_info/share/message_info/cmake/rosidl_cmake-extras.cmake
[3.545s] -- Up-to-date: /home/ubuntu/ws/Libero/install/message_info/share/message_info/cmake/ament_cmake_export_dependencies-extras.cmake
[3.545s] -- Up-to-date: /home/ubuntu/ws/Libero/install/message_info/share/message_info/cmake/ament_cmake_export_libraries-extras.cmake
[3.546s] -- Up-to-date: /home/ubuntu/ws/Libero/install/message_info/share/message_info/cmake/ament_cmake_export_targets-extras.cmake
[3.546s] -- Up-to-date: /home/ubuntu/ws/Libero/install/message_info/share/message_info/cmake/ament_cmake_export_include_directories-extras.cmake
[3.547s] -- Up-to-date: /home/ubuntu/ws/Libero/install/message_info/share/message_info/cmake/rosidl_cmake_export_typesupport_libraries-extras.cmake
[3.548s] -- Up-to-date: /home/ubuntu/ws/Libero/install/message_info/share/message_info/cmake/rosidl_cmake_export_typesupport_targets-extras.cmake
[3.548s] -- Up-to-date: /home/ubuntu/ws/Libero/install/message_info/share/message_info/cmake/message_infoConfig.cmake
[3.549s] -- Up-to-date: /home/ubuntu/ws/Libero/install/message_info/share/message_info/cmake/message_infoConfig-version.cmake
[3.549s] -- Up-to-date: /home/ubuntu/ws/Libero/install/message_info/share/message_info/package.xml
[3.560s] Invoked command in '/home/ubuntu/ws/Libero/build/message_info' returned '0': CMAKE_PREFIX_PATH=${CMAKE_PREFIX_PATH}:/home/ubuntu/ws/Libero/install/main:/home/ubuntu/ws/SSLRasp/install/rasp:/opt/ros/foxy /usr/bin/cmake --install /home/ubuntu/ws/Libero/build/message_info
