[1.103s] Invoking command in '/home/ubuntu/ws/Libero/src/main': PYTHONPATH=/home/ubuntu/ws/Libero/install/main/lib/python3.8/site-packages:${PYTHONPATH} /usr/bin/python3 setup.py egg_info --egg-base ../../build/main build --build-base /home/ubuntu/ws/Libero/build/main/build install --prefix /home/ubuntu/ws/Libero/install/main --record /home/ubuntu/ws/Libero/build/main/install.log --single-version-externally-managed
[2.061s] running egg_info
[2.063s] writing ../../build/main/main.egg-info/PKG-INFO
[2.064s] writing dependency_links to ../../build/main/main.egg-info/dependency_links.txt
[2.065s] writing entry points to ../../build/main/main.egg-info/entry_points.txt
[2.066s] writing requirements to ../../build/main/main.egg-info/requires.txt
[2.066s] writing top-level names to ../../build/main/main.egg-info/top_level.txt
[2.210s] reading manifest file '../../build/main/main.egg-info/SOURCES.txt'
[2.214s] writing manifest file '../../build/main/main.egg-info/SOURCES.txt'
[2.214s] running build
[2.215s] running build_py
[2.215s] copying python_programs/main.py -> /home/ubuntu/ws/Libero/build/main/build/lib/python_programs
[2.217s] running install
[2.220s] running install_lib
[2.226s] copying /home/ubuntu/ws/Libero/build/main/build/lib/python_programs/main.py -> /home/ubuntu/ws/Libero/install/main/lib/python3.8/site-packages/python_programs
[2.229s] byte-compiling /home/ubuntu/ws/Libero/install/main/lib/python3.8/site-packages/python_programs/main.py to main.cpython-38.pyc
[2.237s] running install_egg_info
[2.243s] removing '/home/ubuntu/ws/Libero/install/main/lib/python3.8/site-packages/main-0.0.0-py3.8.egg-info' (and everything under it)
[2.244s] Copying ../../build/main/main.egg-info to /home/ubuntu/ws/Libero/install/main/lib/python3.8/site-packages/main-0.0.0-py3.8.egg-info
[2.249s] running install_scripts
[2.316s] Installing main script to /home/ubuntu/ws/Libero/install/main/lib/main
[2.317s] writing list of installed files to '/home/ubuntu/ws/Libero/build/main/install.log'
[2.413s] Invoked command in '/home/ubuntu/ws/Libero/src/main' returned '0': PYTHONPATH=/home/ubuntu/ws/Libero/install/main/lib/python3.8/site-packages:${PYTHONPATH} /usr/bin/python3 setup.py egg_info --egg-base ../../build/main build --build-base /home/ubuntu/ws/Libero/build/main/build install --prefix /home/ubuntu/ws/Libero/install/main --record /home/ubuntu/ws/Libero/build/main/install.log --single-version-externally-managed
