[1.156s] Invoking command in '/home/ubuntu/ws/Libero/src/main': PYTHONPATH=/home/ubuntu/ws/Libero/install/main/lib/python3.8/site-packages:${PYTHONPATH} /usr/bin/python3 setup.py egg_info --egg-base ../../build/main build --build-base /home/ubuntu/ws/Libero/build/main/build install --prefix /home/ubuntu/ws/Libero/install/main --record /home/ubuntu/ws/Libero/build/main/install.log --single-version-externally-managed
[2.240s] running egg_info
[2.243s] writing ../../build/main/main.egg-info/PKG-INFO
[2.244s] writing dependency_links to ../../build/main/main.egg-info/dependency_links.txt
[2.245s] writing entry points to ../../build/main/main.egg-info/entry_points.txt
[2.246s] writing requirements to ../../build/main/main.egg-info/requires.txt
[2.247s] writing top-level names to ../../build/main/main.egg-info/top_level.txt
[2.413s] reading manifest file '../../build/main/main.egg-info/SOURCES.txt'
[2.417s] writing manifest file '../../build/main/main.egg-info/SOURCES.txt'
[2.418s] running build
[2.418s] running build_py
[2.419s] copying python_programs/main.py -> /home/ubuntu/ws/Libero/build/main/build/lib/python_programs
[2.420s] running install
[2.424s] running install_lib
[2.429s] copying /home/ubuntu/ws/Libero/build/main/build/lib/python_programs/main.py -> /home/ubuntu/ws/Libero/install/main/lib/python3.8/site-packages/python_programs
[2.433s] byte-compiling /home/ubuntu/ws/Libero/install/main/lib/python3.8/site-packages/python_programs/main.py to main.cpython-38.pyc
[2.445s] running install_egg_info
[2.451s] removing '/home/ubuntu/ws/Libero/install/main/lib/python3.8/site-packages/main-0.0.0-py3.8.egg-info' (and everything under it)
[2.452s] Copying ../../build/main/main.egg-info to /home/ubuntu/ws/Libero/install/main/lib/python3.8/site-packages/main-0.0.0-py3.8.egg-info
[2.457s] running install_scripts
[2.527s] Installing main script to /home/ubuntu/ws/Libero/install/main/lib/main
[2.528s] writing list of installed files to '/home/ubuntu/ws/Libero/build/main/install.log'
[2.628s] Invoked command in '/home/ubuntu/ws/Libero/src/main' returned '0': PYTHONPATH=/home/ubuntu/ws/Libero/install/main/lib/python3.8/site-packages:${PYTHONPATH} /usr/bin/python3 setup.py egg_info --egg-base ../../build/main build --build-base /home/ubuntu/ws/Libero/build/main/build install --prefix /home/ubuntu/ws/Libero/install/main --record /home/ubuntu/ws/Libero/build/main/install.log --single-version-externally-managed
