[1.072s] Invoking command in '/home/ubuntu/ws/Libero/build/message_info': CMAKE_PREFIX_PATH=${CMAKE_PREFIX_PATH}:/home/ubuntu/ws/Libero/install/main:/home/ubuntu/ws/SSLRasp/install/rasp:/opt/ros/foxy /usr/bin/cmake --build /home/ubuntu/ws/Libero/build/message_info -- -j4 -l4
[1.348s] [  2%] Built target message_info__cpp
[1.373s] [ 12%] Built target message_info__rosidl_generator_c
[1.544s] [ 23%] Built target message_info__rosidl_typesupport_introspection_cpp
[1.551s] [ 34%] Built target message_info__rosidl_typesupport_fastrtps_cpp
[1.579s] [ 44%] Built target message_info__rosidl_typesupport_cpp
[1.583s] [ 55%] Built target message_info__rosidl_typesupport_introspection_c
[1.698s] [ 65%] Built target message_info__rosidl_typesupport_c
[1.745s] [ 76%] Built target message_info__rosidl_typesupport_fastrtps_c
[1.849s] [ 76%] Built target message_info
[1.953s] [ 78%] Built target message_info__py
[2.118s] [ 87%] Built target message_info__python
[2.297s] [ 91%] Built target message_info__rosidl_typesupport_introspection_c__pyext
[2.299s] [ 95%] Built target message_info__rosidl_typesupport_fastrtps_c__pyext
[2.303s] [100%] Built target message_info__rosidl_typesupport_c__pyext
[2.354s] Invoked command in '/home/ubuntu/ws/Libero/build/message_info' returned '0': CMAKE_PREFIX_PATH=${CMAKE_PREFIX_PATH}:/home/ubuntu/ws/Libero/install/main:/home/ubuntu/ws/SSLRasp/install/rasp:/opt/ros/foxy /usr/bin/cmake --build /home/ubuntu/ws/Libero/build/message_info -- -j4 -l4
[2.968s] Invoking command in '/home/ubuntu/ws/Libero/build/message_info': CMAKE_PREFIX_PATH=${CMAKE_PREFIX_PATH}:/home/ubuntu/ws/Libero/install/main:/home/ubuntu/ws/SSLRasp/install/rasp:/opt/ros/foxy /usr/bin/cmake --install /home/ubuntu/ws/Libero/build/message_info
[3.008s] -- Install configuration: ""
[3.009s] -- Up-to-date: /home/ubuntu/ws/Libero/install/message_info/share/ament_index/resource_index/rosidl_interfaces/message_info
[3.009s] -- Up-to-date: /home/ubuntu/ws/Libero/install/message_info/include/message_info
[3.010s] -- Up-to-date: /home/ubuntu/ws/Libero/install/message_info/include/message_info/msg
[3.010s] -- Up-to-date: /home/ubuntu/ws/Libero/install/message_info/include/message_info/msg/robot_command.h
[3.011s] -- Up-to-date: /home/ubuntu/ws/Libero/install/message_info/include/message_info/msg/detail
[3.011s] -- Up-to-date: /home/ubuntu/ws/Libero/install/message_info/include/message_info/msg/detail/robot_commands__functions.c
[3.012s] -- Up-to-date: /home/ubuntu/ws/Libero/install/message_info/include/message_info/msg/detail/robot_command__functions.h
[3.012s] -- Up-to-date: /home/ubuntu/ws/Libero/install/message_info/include/message_info/msg/detail/real_commands__type_support.h
[3.012s] -- Up-to-date: /home/ubuntu/ws/Libero/install/message_info/include/message_info/msg/detail/robot_command__functions.c
[3.013s] -- Up-to-date: /home/ubuntu/ws/Libero/install/message_info/include/message_info/msg/detail/robot_command__type_support.h
[3.013s] -- Up-to-date: /home/ubuntu/ws/Libero/install/message_info/include/message_info/msg/detail/real_commands__struct.h
[3.014s] -- Up-to-date: /home/ubuntu/ws/Libero/install/message_info/include/message_info/msg/detail/robot_commands__functions.h
[3.014s] -- Up-to-date: /home/ubuntu/ws/Libero/install/message_info/include/message_info/msg/detail/robot_commands__type_support.h
[3.014s] -- Up-to-date: /home/ubuntu/ws/Libero/install/message_info/include/message_info/msg/detail/robot_command__struct.h
[3.015s] -- Up-to-date: /home/ubuntu/ws/Libero/install/message_info/include/message_info/msg/detail/real_commands__functions.c
[3.015s] -- Up-to-date: /home/ubuntu/ws/Libero/install/message_info/include/message_info/msg/detail/robot_commands__struct.h
[3.016s] -- Up-to-date: /home/ubuntu/ws/Libero/install/message_info/include/message_info/msg/detail/real_commands__functions.h
[3.016s] -- Up-to-date: /home/ubuntu/ws/Libero/install/message_info/include/message_info/msg/rosidl_generator_c__visibility_control.h
[3.016s] -- Up-to-date: /home/ubuntu/ws/Libero/install/message_info/include/message_info/msg/real_commands.h
[3.017s] -- Up-to-date: /home/ubuntu/ws/Libero/install/message_info/include/message_info/msg/robot_commands.h
[3.017s] -- Up-to-date: /home/ubuntu/ws/Libero/install/message_info/share/message_info/environment/library_path.sh
[3.017s] -- Up-to-date: /home/ubuntu/ws/Libero/install/message_info/share/message_info/environment/library_path.dsv
[3.018s] -- Up-to-date: /home/ubuntu/ws/Libero/install/message_info/lib/libmessage_info__rosidl_generator_c.so
[3.018s] -- Up-to-date: /home/ubuntu/ws/Libero/install/message_info/include/message_info
[3.019s] -- Up-to-date: /home/ubuntu/ws/Libero/install/message_info/include/message_info/msg
[3.019s] -- Up-to-date: /home/ubuntu/ws/Libero/install/message_info/include/message_info/msg/detail
[3.019s] -- Up-to-date: /home/ubuntu/ws/Libero/install/message_info/include/message_info/msg/detail/real_commands__rosidl_typesupport_fastrtps_c.h
[3.020s] -- Up-to-date: /home/ubuntu/ws/Libero/install/message_info/include/message_info/msg/detail/robot_command__rosidl_typesupport_fastrtps_c.h
[3.020s] -- Up-to-date: /home/ubuntu/ws/Libero/install/message_info/include/message_info/msg/detail/robot_commands__rosidl_typesupport_fastrtps_c.h
[3.021s] -- Up-to-date: /home/ubuntu/ws/Libero/install/message_info/include/message_info/msg/rosidl_typesupport_fastrtps_c__visibility_control.h
[3.021s] -- Up-to-date: /home/ubuntu/ws/Libero/install/message_info/lib/libmessage_info__rosidl_typesupport_fastrtps_c.so
[3.022s] -- Up-to-date: /home/ubuntu/ws/Libero/install/message_info/include/message_info
[3.023s] -- Up-to-date: /home/ubuntu/ws/Libero/install/message_info/include/message_info/msg
[3.023s] -- Up-to-date: /home/ubuntu/ws/Libero/install/message_info/include/message_info/msg/detail
[3.024s] -- Up-to-date: /home/ubuntu/ws/Libero/install/message_info/include/message_info/msg/detail/real_commands__rosidl_typesupport_fastrtps_cpp.hpp
[3.024s] -- Up-to-date: /home/ubuntu/ws/Libero/install/message_info/include/message_info/msg/detail/dds_fastrtps
[3.024s] -- Up-to-date: /home/ubuntu/ws/Libero/install/message_info/include/message_info/msg/detail/robot_command__rosidl_typesupport_fastrtps_cpp.hpp
[3.025s] -- Up-to-date: /home/ubuntu/ws/Libero/install/message_info/include/message_info/msg/detail/robot_commands__rosidl_typesupport_fastrtps_cpp.hpp
[3.025s] -- Up-to-date: /home/ubuntu/ws/Libero/install/message_info/include/message_info/msg/rosidl_typesupport_fastrtps_cpp__visibility_control.h
[3.026s] -- Up-to-date: /home/ubuntu/ws/Libero/install/message_info/lib/libmessage_info__rosidl_typesupport_fastrtps_cpp.so
[3.027s] -- Up-to-date: /home/ubuntu/ws/Libero/install/message_info/include/message_info
[3.028s] -- Up-to-date: /home/ubuntu/ws/Libero/install/message_info/include/message_info/msg
[3.028s] -- Up-to-date: /home/ubuntu/ws/Libero/install/message_info/include/message_info/msg/detail
[3.029s] -- Up-to-date: /home/ubuntu/ws/Libero/install/message_info/include/message_info/msg/detail/robot_command__rosidl_typesupport_introspection_c.h
[3.029s] -- Up-to-date: /home/ubuntu/ws/Libero/install/message_info/include/message_info/msg/detail/robot_command__type_support.c
[3.029s] -- Up-to-date: /home/ubuntu/ws/Libero/install/message_info/include/message_info/msg/detail/robot_commands__type_support.c
[3.030s] -- Up-to-date: /home/ubuntu/ws/Libero/install/message_info/include/message_info/msg/detail/real_commands__rosidl_typesupport_introspection_c.h
[3.030s] -- Up-to-date: /home/ubuntu/ws/Libero/install/message_info/include/message_info/msg/detail/real_commands__type_support.c
[3.031s] -- Up-to-date: /home/ubuntu/ws/Libero/install/message_info/include/message_info/msg/detail/robot_commands__rosidl_typesupport_introspection_c.h
[3.031s] -- Up-to-date: /home/ubuntu/ws/Libero/install/message_info/include/message_info/msg/rosidl_typesupport_introspection_c__visibility_control.h
[3.032s] -- Up-to-date: /home/ubuntu/ws/Libero/install/message_info/lib/libmessage_info__rosidl_typesupport_introspection_c.so
[3.034s] -- Up-to-date: /home/ubuntu/ws/Libero/install/message_info/lib/libmessage_info__rosidl_typesupport_c.so
[3.035s] -- Up-to-date: /home/ubuntu/ws/Libero/install/message_info/include/message_info
[3.035s] -- Up-to-date: /home/ubuntu/ws/Libero/install/message_info/include/message_info/msg
[3.036s] -- Up-to-date: /home/ubuntu/ws/Libero/install/message_info/include/message_info/msg/real_commands.hpp
[3.036s] -- Up-to-date: /home/ubuntu/ws/Libero/install/message_info/include/message_info/msg/detail
[3.037s] -- Up-to-date: /home/ubuntu/ws/Libero/install/message_info/include/message_info/msg/detail/robot_command__struct.hpp
[3.037s] -- Up-to-date: /home/ubuntu/ws/Libero/install/message_info/include/message_info/msg/detail/robot_commands__traits.hpp
[3.037s] -- Up-to-date: /home/ubuntu/ws/Libero/install/message_info/include/message_info/msg/detail/robot_command__traits.hpp
[3.038s] -- Up-to-date: /home/ubuntu/ws/Libero/install/message_info/include/message_info/msg/detail/robot_commands__struct.hpp
[3.038s] -- Up-to-date: /home/ubuntu/ws/Libero/install/message_info/include/message_info/msg/detail/real_commands__traits.hpp
[3.039s] -- Up-to-date: /home/ubuntu/ws/Libero/install/message_info/include/message_info/msg/detail/robot_command__builder.hpp
[3.039s] -- Up-to-date: /home/ubuntu/ws/Libero/install/message_info/include/message_info/msg/detail/real_commands__builder.hpp
[3.040s] -- Up-to-date: /home/ubuntu/ws/Libero/install/message_info/include/message_info/msg/detail/robot_commands__builder.hpp
[3.040s] -- Up-to-date: /home/ubuntu/ws/Libero/install/message_info/include/message_info/msg/detail/real_commands__struct.hpp
[3.040s] -- Up-to-date: /home/ubuntu/ws/Libero/install/message_info/include/message_info/msg/robot_commands.hpp
[3.041s] -- Up-to-date: /home/ubuntu/ws/Libero/install/message_info/include/message_info/msg/robot_command.hpp
[3.041s] -- Up-to-date: /home/ubuntu/ws/Libero/install/message_info/include/message_info
[3.041s] -- Up-to-date: /home/ubuntu/ws/Libero/install/message_info/include/message_info/msg
[3.042s] -- Up-to-date: /home/ubuntu/ws/Libero/install/message_info/include/message_info/msg/detail
[3.042s] -- Up-to-date: /home/ubuntu/ws/Libero/install/message_info/include/message_info/msg/detail/robot_command__rosidl_typesupport_introspection_cpp.hpp
[3.042s] -- Up-to-date: /home/ubuntu/ws/Libero/install/message_info/include/message_info/msg/detail/real_commands__type_support.cpp
[3.043s] -- Up-to-date: /home/ubuntu/ws/Libero/install/message_info/include/message_info/msg/detail/robot_commands__rosidl_typesupport_introspection_cpp.hpp
[3.043s] -- Up-to-date: /home/ubuntu/ws/Libero/install/message_info/include/message_info/msg/detail/real_commands__rosidl_typesupport_introspection_cpp.hpp
[3.044s] -- Up-to-date: /home/ubuntu/ws/Libero/install/message_info/include/message_info/msg/detail/robot_commands__type_support.cpp
[3.044s] -- Up-to-date: /home/ubuntu/ws/Libero/install/message_info/include/message_info/msg/detail/robot_command__type_support.cpp
[3.044s] -- Up-to-date: /home/ubuntu/ws/Libero/install/message_info/lib/libmessage_info__rosidl_typesupport_introspection_cpp.so
[3.045s] -- Up-to-date: /home/ubuntu/ws/Libero/install/message_info/lib/libmessage_info__rosidl_typesupport_cpp.so
[3.047s] -- Up-to-date: /home/ubuntu/ws/Libero/install/message_info/share/message_info/environment/pythonpath.sh
[3.047s] -- Up-to-date: /home/ubuntu/ws/Libero/install/message_info/share/message_info/environment/pythonpath.dsv
[3.048s] -- Up-to-date: /home/ubuntu/ws/Libero/install/message_info/lib/python3.8/site-packages/message_info/__init__.py
[3.213s] -- Up-to-date: /home/ubuntu/ws/Libero/install/message_info/lib/python3.8/site-packages/message_info/msg
[3.213s] -- Up-to-date: /home/ubuntu/ws/Libero/install/message_info/lib/python3.8/site-packages/message_info/msg/_robot_commands.py
[3.214s] -- Up-to-date: /home/ubuntu/ws/Libero/install/message_info/lib/python3.8/site-packages/message_info/msg/_robot_command.py
[3.214s] -- Up-to-date: /home/ubuntu/ws/Libero/install/message_info/lib/python3.8/site-packages/message_info/msg/__init__.py
[3.214s] -- Up-to-date: /home/ubuntu/ws/Libero/install/message_info/lib/python3.8/site-packages/message_info/msg/_robot_commands_s.c
[3.215s] -- Up-to-date: /home/ubuntu/ws/Libero/install/message_info/lib/python3.8/site-packages/message_info/msg/_real_commands_s.c
[3.215s] -- Up-to-date: /home/ubuntu/ws/Libero/install/message_info/lib/python3.8/site-packages/message_info/msg/_real_commands.py
[3.215s] -- Up-to-date: /home/ubuntu/ws/Libero/install/message_info/lib/python3.8/site-packages/message_info/msg/_robot_command_s.c
[3.216s] -- Up-to-date: /home/ubuntu/ws/Libero/install/message_info/lib/python3.8/site-packages/message_info/message_info_s__rosidl_typesupport_fastrtps_c.cpython-38-aarch64-linux-gnu.so
[3.219s] -- Up-to-date: /home/ubuntu/ws/Libero/install/message_info/lib/python3.8/site-packages/message_info/message_info_s__rosidl_typesupport_introspection_c.cpython-38-aarch64-linux-gnu.so
[3.223s] -- Up-to-date: /home/ubuntu/ws/Libero/install/message_info/lib/python3.8/site-packages/message_info/message_info_s__rosidl_typesupport_c.cpython-38-aarch64-linux-gnu.so
[3.226s] -- Up-to-date: /home/ubuntu/ws/Libero/install/message_info/lib/libmessage_info__python.so
[3.227s] -- Up-to-date: /home/ubuntu/ws/Libero/install/message_info/share/message_info/msg/RobotCommand.idl
[3.228s] -- Up-to-date: /home/ubuntu/ws/Libero/install/message_info/share/message_info/msg/RobotCommands.idl
[3.228s] -- Up-to-date: /home/ubuntu/ws/Libero/install/message_info/share/message_info/msg/RealCommands.idl
[3.229s] -- Up-to-date: /home/ubuntu/ws/Libero/install/message_info/share/message_info/msg/RobotCommand.msg
[3.229s] -- Up-to-date: /home/ubuntu/ws/Libero/install/message_info/share/message_info/msg/RobotCommands.msg
[3.230s] -- Up-to-date: /home/ubuntu/ws/Libero/install/message_info/share/message_info/msg/RealCommands.msg
[3.230s] -- Up-to-date: /home/ubuntu/ws/Libero/install/message_info/share/ament_index/resource_index/package_run_dependencies/message_info
[3.231s] -- Up-to-date: /home/ubuntu/ws/Libero/install/message_info/share/ament_index/resource_index/parent_prefix_path/message_info
[3.231s] -- Up-to-date: /home/ubuntu/ws/Libero/install/message_info/share/message_info/environment/ament_prefix_path.sh
[3.232s] -- Up-to-date: /home/ubuntu/ws/Libero/install/message_info/share/message_info/environment/ament_prefix_path.dsv
[3.232s] -- Up-to-date: /home/ubuntu/ws/Libero/install/message_info/share/message_info/environment/path.sh
[3.233s] -- Up-to-date: /home/ubuntu/ws/Libero/install/message_info/share/message_info/environment/path.dsv
[3.233s] -- Up-to-date: /home/ubuntu/ws/Libero/install/message_info/share/message_info/local_setup.bash
[3.234s] -- Up-to-date: /home/ubuntu/ws/Libero/install/message_info/share/message_info/local_setup.sh
[3.234s] -- Up-to-date: /home/ubuntu/ws/Libero/install/message_info/share/message_info/local_setup.zsh
[3.234s] -- Up-to-date: /home/ubuntu/ws/Libero/install/message_info/share/message_info/local_setup.dsv
[3.235s] -- Installing: /home/ubuntu/ws/Libero/install/message_info/share/message_info/package.dsv
[3.236s] -- Up-to-date: /home/ubuntu/ws/Libero/install/message_info/share/ament_index/resource_index/packages/message_info
[3.237s] -- Up-to-date: /home/ubuntu/ws/Libero/install/message_info/share/message_info/cmake/message_info__rosidl_generator_cExport.cmake
[3.237s] -- Up-to-date: /home/ubuntu/ws/Libero/install/message_info/share/message_info/cmake/message_info__rosidl_generator_cExport-noconfig.cmake
[3.238s] -- Up-to-date: /home/ubuntu/ws/Libero/install/message_info/share/message_info/cmake/message_info__rosidl_typesupport_introspection_cExport.cmake
[3.239s] -- Up-to-date: /home/ubuntu/ws/Libero/install/message_info/share/message_info/cmake/message_info__rosidl_typesupport_introspection_cExport-noconfig.cmake
[3.240s] -- Up-to-date: /home/ubuntu/ws/Libero/install/message_info/share/message_info/cmake/message_info__rosidl_typesupport_cExport.cmake
[3.240s] -- Up-to-date: /home/ubuntu/ws/Libero/install/message_info/share/message_info/cmake/message_info__rosidl_typesupport_cExport-noconfig.cmake
[3.241s] -- Up-to-date: /home/ubuntu/ws/Libero/install/message_info/share/message_info/cmake/message_info__rosidl_generator_cppExport.cmake
[3.242s] -- Up-to-date: /home/ubuntu/ws/Libero/install/message_info/share/message_info/cmake/message_info__rosidl_typesupport_introspection_cppExport.cmake
[3.243s] -- Up-to-date: /home/ubuntu/ws/Libero/install/message_info/share/message_info/cmake/message_info__rosidl_typesupport_introspection_cppExport-noconfig.cmake
[3.244s] -- Up-to-date: /home/ubuntu/ws/Libero/install/message_info/share/message_info/cmake/message_info__rosidl_typesupport_cppExport.cmake
[3.244s] -- Up-to-date: /home/ubuntu/ws/Libero/install/message_info/share/message_info/cmake/message_info__rosidl_typesupport_cppExport-noconfig.cmake
[3.245s] -- Up-to-date: /home/ubuntu/ws/Libero/install/message_info/share/message_info/cmake/rosidl_cmake-extras.cmake
[3.245s] -- Up-to-date: /home/ubuntu/ws/Libero/install/message_info/share/message_info/cmake/ament_cmake_export_dependencies-extras.cmake
[3.246s] -- Up-to-date: /home/ubuntu/ws/Libero/install/message_info/share/message_info/cmake/ament_cmake_export_libraries-extras.cmake
[3.246s] -- Up-to-date: /home/ubuntu/ws/Libero/install/message_info/share/message_info/cmake/ament_cmake_export_targets-extras.cmake
[3.247s] -- Up-to-date: /home/ubuntu/ws/Libero/install/message_info/share/message_info/cmake/ament_cmake_export_include_directories-extras.cmake
[3.247s] -- Up-to-date: /home/ubuntu/ws/Libero/install/message_info/share/message_info/cmake/rosidl_cmake_export_typesupport_libraries-extras.cmake
[3.247s] -- Up-to-date: /home/ubuntu/ws/Libero/install/message_info/share/message_info/cmake/rosidl_cmake_export_typesupport_targets-extras.cmake
[3.248s] -- Up-to-date: /home/ubuntu/ws/Libero/install/message_info/share/message_info/cmake/message_infoConfig.cmake
[3.248s] -- Up-to-date: /home/ubuntu/ws/Libero/install/message_info/share/message_info/cmake/message_infoConfig-version.cmake
[3.249s] -- Up-to-date: /home/ubuntu/ws/Libero/install/message_info/share/message_info/package.xml
[3.260s] Invoked command in '/home/ubuntu/ws/Libero/build/message_info' returned '0': CMAKE_PREFIX_PATH=${CMAKE_PREFIX_PATH}:/home/ubuntu/ws/Libero/install/main:/home/ubuntu/ws/SSLRasp/install/rasp:/opt/ros/foxy /usr/bin/cmake --install /home/ubuntu/ws/Libero/build/message_info
