[1.158s] Invoking command in '/home/ubuntu/ws/Libero/src/main': PYTHONPATH=/home/ubuntu/ws/Libero/install/main/lib/python3.8/site-packages:${PYTHONPATH} /usr/bin/python3 setup.py egg_info --egg-base ../../build/main build --build-base /home/ubuntu/ws/Libero/build/main/build install --prefix /home/ubuntu/ws/Libero/install/main --record /home/ubuntu/ws/Libero/build/main/install.log --single-version-externally-managed
[2.330s] running egg_info
[2.333s] writing ../../build/main/main.egg-info/PKG-INFO
[2.335s] writing dependency_links to ../../build/main/main.egg-info/dependency_links.txt
[2.337s] writing entry points to ../../build/main/main.egg-info/entry_points.txt
[2.338s] writing requirements to ../../build/main/main.egg-info/requires.txt
[2.340s] writing top-level names to ../../build/main/main.egg-info/top_level.txt
[2.502s] reading manifest file '../../build/main/main.egg-info/SOURCES.txt'
[2.506s] writing manifest file '../../build/main/main.egg-info/SOURCES.txt'
[2.507s] running build
[2.507s] running build_py
[2.508s] copying python_programs/main.py -> /home/ubuntu/ws/Libero/build/main/build/lib/python_programs
[2.510s] running install
[2.514s] running install_lib
[2.519s] copying /home/ubuntu/ws/Libero/build/main/build/lib/python_programs/main.py -> /home/ubuntu/ws/Libero/install/main/lib/python3.8/site-packages/python_programs
[2.522s] byte-compiling /home/ubuntu/ws/Libero/install/main/lib/python3.8/site-packages/python_programs/main.py to main.cpython-38.pyc
[2.527s]   File "/home/ubuntu/ws/Libero/install/main/lib/python3.8/site-packages/python_programs/main.py", line 1
[2.528s]     !/usr/bin/env python3
[2.528s]     ^
[2.528s] SyntaxError: invalid syntax
[2.529s] 
[2.529s] running install_egg_info
[2.534s] removing '/home/ubuntu/ws/Libero/install/main/lib/python3.8/site-packages/main-0.0.0-py3.8.egg-info' (and everything under it)
[2.536s] Copying ../../build/main/main.egg-info to /home/ubuntu/ws/Libero/install/main/lib/python3.8/site-packages/main-0.0.0-py3.8.egg-info
[2.541s] running install_scripts
[2.614s] Installing main script to /home/ubuntu/ws/Libero/install/main/lib/main
[2.616s] writing list of installed files to '/home/ubuntu/ws/Libero/build/main/install.log'
[2.718s] Invoked command in '/home/ubuntu/ws/Libero/src/main' returned '0': PYTHONPATH=/home/ubuntu/ws/Libero/install/main/lib/python3.8/site-packages:${PYTHONPATH} /usr/bin/python3 setup.py egg_info --egg-base ../../build/main build --build-base /home/ubuntu/ws/Libero/build/main/build install --prefix /home/ubuntu/ws/Libero/install/main --record /home/ubuntu/ws/Libero/build/main/install.log --single-version-externally-managed
