[1.160s] Invoking command in '/home/ubuntu/ws/Libero/src/main': PYTHONPATH=/home/ubuntu/ws/Libero/install/main/lib/python3.8/site-packages:${PYTHONPATH} /usr/bin/python3 setup.py egg_info --egg-base ../../build/main build --build-base /home/ubuntu/ws/Libero/build/main/build install --prefix /home/ubuntu/ws/Libero/install/main --record /home/ubuntu/ws/Libero/build/main/install.log --single-version-externally-managed
[2.376s] running egg_info
[2.379s] writing ../../build/main/main.egg-info/PKG-INFO
[2.381s] writing dependency_links to ../../build/main/main.egg-info/dependency_links.txt
[2.382s] writing entry points to ../../build/main/main.egg-info/entry_points.txt
[2.383s] writing requirements to ../../build/main/main.egg-info/requires.txt
[2.384s] writing top-level names to ../../build/main/main.egg-info/top_level.txt
[2.579s] reading manifest file '../../build/main/main.egg-info/SOURCES.txt'
[2.585s] writing manifest file '../../build/main/main.egg-info/SOURCES.txt'
[2.586s] running build
[2.587s] running build_py
[2.590s] running install
[2.599s] running install_lib
[2.610s] byte-compiling /home/ubuntu/ws/Libero/install/main/lib/python3.8/site-packages/python_programs/camera/blob_track.py to blob_track.cpython-38.pyc
[2.621s] byte-compiling /home/ubuntu/ws/Libero/install/main/lib/python3.8/site-packages/python_programs/switch/limit_switch.py to limit_switch.cpython-38.pyc
[2.624s] running install_egg_info
[2.637s] removing '/home/ubuntu/ws/Libero/install/main/lib/python3.8/site-packages/main-0.0.0-py3.8.egg-info' (and everything under it)
[2.643s] Copying ../../build/main/main.egg-info to /home/ubuntu/ws/Libero/install/main/lib/python3.8/site-packages/main-0.0.0-py3.8.egg-info
[2.656s] running install_scripts
[2.752s] Installing main script to /home/ubuntu/ws/Libero/install/main/lib/main
[2.754s] writing list of installed files to '/home/ubuntu/ws/Libero/build/main/install.log'
[2.860s] Invoked command in '/home/ubuntu/ws/Libero/src/main' returned '0': PYTHONPATH=/home/ubuntu/ws/Libero/install/main/lib/python3.8/site-packages:${PYTHONPATH} /usr/bin/python3 setup.py egg_info --egg-base ../../build/main build --build-base /home/ubuntu/ws/Libero/build/main/build install --prefix /home/ubuntu/ws/Libero/install/main --record /home/ubuntu/ws/Libero/build/main/install.log --single-version-externally-managed
