[1.532s] Invoking command in '/home/ubuntu/ws/Libero/src/main': PYTHONPATH=/home/ubuntu/ws/Libero/install/main/lib/python3.8/site-packages:${PYTHONPATH} /usr/bin/python3 setup.py egg_info --egg-base ../../build/main build --build-base /home/ubuntu/ws/Libero/build/main/build install --prefix /home/ubuntu/ws/Libero/install/main --record /home/ubuntu/ws/Libero/build/main/install.log --single-version-externally-managed
[2.815s] running egg_info
[2.817s] creating ../../build/main/main.egg-info
[2.818s] writing ../../build/main/main.egg-info/PKG-INFO
[2.820s] writing dependency_links to ../../build/main/main.egg-info/dependency_links.txt
[2.821s] writing entry points to ../../build/main/main.egg-info/entry_points.txt
[2.822s] writing requirements to ../../build/main/main.egg-info/requires.txt
[2.822s] writing top-level names to ../../build/main/main.egg-info/top_level.txt
[2.874s] writing manifest file '../../build/main/main.egg-info/SOURCES.txt'
[3.170s] reading manifest file '../../build/main/main.egg-info/SOURCES.txt'
[3.175s] writing manifest file '../../build/main/main.egg-info/SOURCES.txt'
[3.175s] running build
[3.176s] running build_py
[3.177s] creating /home/ubuntu/ws/Libero/build/main/build
[3.178s] creating /home/ubuntu/ws/Libero/build/main/build/lib
[3.178s] creating /home/ubuntu/ws/Libero/build/main/build/lib/python_programs
[3.179s] copying python_programs/__init__.py -> /home/ubuntu/ws/Libero/build/main/build/lib/python_programs
[3.180s] copying python_programs/main.py -> /home/ubuntu/ws/Libero/build/main/build/lib/python_programs
[3.180s] creating /home/ubuntu/ws/Libero/build/main/build/lib/python_programs/switch
[3.181s] copying python_programs/switch/__init__.py -> /home/ubuntu/ws/Libero/build/main/build/lib/python_programs/switch
[3.181s] copying python_programs/switch/limit_switch.py -> /home/ubuntu/ws/Libero/build/main/build/lib/python_programs/switch
[3.189s] creating /home/ubuntu/ws/Libero/build/main/build/lib/python_programs/camera
[3.190s] copying python_programs/camera/__init__.py -> /home/ubuntu/ws/Libero/build/main/build/lib/python_programs/camera
[3.190s] copying python_programs/camera/blob_track.py -> /home/ubuntu/ws/Libero/build/main/build/lib/python_programs/camera
[3.204s] running install
[3.221s] running install_lib
[3.244s] creating /home/ubuntu/ws/Libero/install/main/lib/python3.8/site-packages/python_programs
[3.245s] creating /home/ubuntu/ws/Libero/install/main/lib/python3.8/site-packages/python_programs/camera
[3.246s] copying /home/ubuntu/ws/Libero/build/main/build/lib/python_programs/camera/__init__.py -> /home/ubuntu/ws/Libero/install/main/lib/python3.8/site-packages/python_programs/camera
[3.246s] copying /home/ubuntu/ws/Libero/build/main/build/lib/python_programs/camera/blob_track.py -> /home/ubuntu/ws/Libero/install/main/lib/python3.8/site-packages/python_programs/camera
[3.247s] copying /home/ubuntu/ws/Libero/build/main/build/lib/python_programs/__init__.py -> /home/ubuntu/ws/Libero/install/main/lib/python3.8/site-packages/python_programs
[3.248s] creating /home/ubuntu/ws/Libero/install/main/lib/python3.8/site-packages/python_programs/switch
[3.249s] copying /home/ubuntu/ws/Libero/build/main/build/lib/python_programs/switch/limit_switch.py -> /home/ubuntu/ws/Libero/install/main/lib/python3.8/site-packages/python_programs/switch
[3.250s] copying /home/ubuntu/ws/Libero/build/main/build/lib/python_programs/switch/__init__.py -> /home/ubuntu/ws/Libero/install/main/lib/python3.8/site-packages/python_programs/switch
[3.250s] copying /home/ubuntu/ws/Libero/build/main/build/lib/python_programs/main.py -> /home/ubuntu/ws/Libero/install/main/lib/python3.8/site-packages/python_programs
[3.255s] byte-compiling /home/ubuntu/ws/Libero/install/main/lib/python3.8/site-packages/python_programs/camera/__init__.py to __init__.cpython-38.pyc
[3.262s] byte-compiling /home/ubuntu/ws/Libero/install/main/lib/python3.8/site-packages/python_programs/camera/blob_track.py to blob_track.cpython-38.pyc
[3.266s] byte-compiling /home/ubuntu/ws/Libero/install/main/lib/python3.8/site-packages/python_programs/__init__.py to __init__.cpython-38.pyc
[3.267s] byte-compiling /home/ubuntu/ws/Libero/install/main/lib/python3.8/site-packages/python_programs/switch/limit_switch.py to limit_switch.cpython-38.pyc
[3.269s] byte-compiling /home/ubuntu/ws/Libero/install/main/lib/python3.8/site-packages/python_programs/switch/__init__.py to __init__.cpython-38.pyc
[3.271s] byte-compiling /home/ubuntu/ws/Libero/install/main/lib/python3.8/site-packages/python_programs/main.py to main.cpython-38.pyc
[3.280s] running install_egg_info
[3.298s] Copying ../../build/main/main.egg-info to /home/ubuntu/ws/Libero/install/main/lib/python3.8/site-packages/main-0.0.0-py3.8.egg-info
[3.304s] running install_scripts
[3.433s] Installing main script to /home/ubuntu/ws/Libero/install/main/lib/main
[3.435s] writing list of installed files to '/home/ubuntu/ws/Libero/build/main/install.log'
[3.560s] Invoked command in '/home/ubuntu/ws/Libero/src/main' returned '0': PYTHONPATH=/home/ubuntu/ws/Libero/install/main/lib/python3.8/site-packages:${PYTHONPATH} /usr/bin/python3 setup.py egg_info --egg-base ../../build/main build --build-base /home/ubuntu/ws/Libero/build/main/build install --prefix /home/ubuntu/ws/Libero/install/main --record /home/ubuntu/ws/Libero/build/main/install.log --single-version-externally-managed
