[1.059s] Invoking command in '/home/ubuntu/ws/Libero/build/message_info': CMAKE_PREFIX_PATH=${CMAKE_PREFIX_PATH}:/home/ubuntu/ws/Libero/install/main:/home/ubuntu/ws/SSLRasp/install/rasp:/opt/ros/foxy /usr/bin/cmake /home/ubuntu/ws/Libero/src/message_info -DCMAKE_INSTALL_PREFIX=/home/ubuntu/ws/Libero/install/message_info
[2.097s] -- The C compiler identification is GNU 9.3.0
[2.866s] -- The CXX compiler identification is GNU 9.3.0
[2.897s] -- Check for working C compiler: /usr/bin/cc
[3.236s] -- Check for working C compiler: /usr/bin/cc -- works
[3.242s] -- Detecting C compiler ABI info
[3.567s] -- Detecting C compiler ABI info - done
[3.609s] -- Detecting C compile features
[3.611s] -- Detecting C compile features - done
[3.623s] -- Check for working CXX compiler: /usr/bin/c++
[3.978s] -- Check for working CXX compiler: /usr/bin/c++ -- works
[3.983s] -- Detecting CXX compiler ABI info
[4.336s] -- Detecting CXX compiler ABI info - done
[4.379s] -- Detecting CXX compile features
[4.381s] -- Detecting CXX compile features - done
[4.428s] -- Found ament_cmake: 0.9.9 (/opt/ros/foxy/share/ament_cmake/cmake)
[4.624s] -- Found PythonInterp: /usr/bin/python3 (found suitable version "3.8.10", minimum required is "3") 
[4.624s] -- Using PYTHON_EXECUTABLE: /usr/bin/python3
[5.854s] -- Found rosidl_default_generators: 1.0.1 (/opt/ros/foxy/share/rosidl_default_generators/cmake)
[5.898s] -- Using all available rosidl_typesupport_c: rosidl_typesupport_fastrtps_c;rosidl_typesupport_introspection_c
[5.999s] -- Found rosidl_adapter: 1.2.1 (/opt/ros/foxy/share/rosidl_adapter/cmake)
[7.045s] -- Found OpenSSL: /usr/lib/aarch64-linux-gnu/libcrypto.so (found version "1.1.1f")  
[7.332s] -- Found FastRTPS: /opt/ros/foxy/include  
[8.106s] -- Using all available rosidl_typesupport_cpp: rosidl_typesupport_fastrtps_cpp;rosidl_typesupport_introspection_cpp
[8.327s] -- Found builtin_interfaces: 1.0.0 (/opt/ros/foxy/share/builtin_interfaces/cmake)
[8.440s] -- Found std_msgs: 2.0.4 (/opt/ros/foxy/share/std_msgs/cmake)
[8.547s] -- Found sensor_msgs: 2.0.4 (/opt/ros/foxy/share/sensor_msgs/cmake)
[9.079s] -- OpenSSL Version: 1.1.1f /usr/include /usr/lib/aarch64-linux-gnu/libssl.so;/usr/lib/aarch64-linux-gnu/libcrypto.so
[9.214s] -- Found PythonInterp: /usr/bin/python3 (found version "3.8.10") 
[10.262s] -- Found ament_cmake_ros: 0.9.2 (/opt/ros/foxy/share/ament_cmake_ros/cmake)
[12.258s] -- Using all available rosidl_typesupport_c: rosidl_typesupport_fastrtps_c;rosidl_typesupport_introspection_c
[12.978s] -- Using all available rosidl_typesupport_cpp: rosidl_typesupport_fastrtps_cpp;rosidl_typesupport_introspection_cpp
[13.124s] -- Found PythonInterp: /usr/bin/python3 (found suitable version "3.8.10", minimum required is "3.5") 
[13.152s] -- Found python_cmake_module: 0.8.1 (/opt/ros/foxy/share/python_cmake_module/cmake)
[13.316s] -- Found PythonLibs: /usr/lib/aarch64-linux-gnu/libpython3.8.so (found suitable version "3.8.10", minimum required is "3.5") 
[13.317s] -- Using PYTHON_EXECUTABLE: /usr/bin/python3
[13.317s] -- Using PYTHON_INCLUDE_DIRS: /usr/include/python3.8
[13.318s] -- Using PYTHON_LIBRARIES: /usr/lib/aarch64-linux-gnu/libpython3.8.so
[13.444s] -- Found PythonExtra: .so  
[13.932s] -- Found ament_lint_auto: 0.9.6 (/opt/ros/foxy/share/ament_lint_auto/cmake)
[14.244s] -- Added test 'copyright' to check source files copyright and LICENSE
[14.260s] -- Added test 'lint_cmake' to check CMake code style
[14.269s] -- Added test 'xmllint' to check XML markup files
[14.311s] -- Configuring done
[14.644s] -- Generating done
[14.658s] -- Build files have been written to: /home/ubuntu/ws/Libero/build/message_info
[14.694s] Invoked command in '/home/ubuntu/ws/Libero/build/message_info' returned '0': CMAKE_PREFIX_PATH=${CMAKE_PREFIX_PATH}:/home/ubuntu/ws/Libero/install/main:/home/ubuntu/ws/SSLRasp/install/rasp:/opt/ros/foxy /usr/bin/cmake /home/ubuntu/ws/Libero/src/message_info -DCMAKE_INSTALL_PREFIX=/home/ubuntu/ws/Libero/install/message_info
[14.705s] Invoking command in '/home/ubuntu/ws/Libero/build/message_info': CMAKE_PREFIX_PATH=${CMAKE_PREFIX_PATH}:/home/ubuntu/ws/Libero/install/main:/home/ubuntu/ws/SSLRasp/install/rasp:/opt/ros/foxy /usr/bin/cmake --build /home/ubuntu/ws/Libero/build/message_info -- -j4 -l4
[14.900s] [35m[1mScanning dependencies of target message_info__cpp[0m
[14.920s] [  2%] [34m[1mGenerating C code for ROS interfaces[0m
[14.969s] [  4%] [34m[1mGenerating C++ code for ROS interfaces[0m
[16.841s] [  4%] Built target message_info__cpp
[16.907s] [  8%] [34m[1mGenerating C++ introspection for ROS interfaces[0m
[16.908s] [  8%] [34m[1mGenerating C++ type support for eProsima Fast-RTPS[0m
[16.926s] [ 10%] [34m[1mGenerating C++ type support dispatch for ROS interfaces[0m
[16.928s] [35m[1mScanning dependencies of target message_info__rosidl_generator_c[0m
[17.034s] [ 12%] [32mBuilding C object CMakeFiles/message_info__rosidl_generator_c.dir/rosidl_generator_c/message_info/msg/detail/robot_command__functions.c.o[0m
[17.329s] [ 14%] [32mBuilding C object CMakeFiles/message_info__rosidl_generator_c.dir/rosidl_generator_c/message_info/msg/detail/robot_commands__functions.c.o[0m
[17.569s] [ 17%] [32mBuilding C object CMakeFiles/message_info__rosidl_generator_c.dir/rosidl_generator_c/message_info/msg/detail/real_commands__functions.c.o[0m
[17.784s] [ 19%] [32m[1mLinking C shared library libmessage_info__rosidl_generator_c.so[0m
[18.031s] [ 19%] Built target message_info__rosidl_generator_c
[18.095s] [ 21%] [34m[1mGenerating C introspection for ROS interfaces[0m
[18.672s] [35m[1mScanning dependencies of target message_info__rosidl_typesupport_cpp[0m
[18.771s] [ 23%] [32mBuilding CXX object CMakeFiles/message_info__rosidl_typesupport_cpp.dir/rosidl_typesupport_cpp/message_info/msg/robot_command__type_support.cpp.o[0m
[18.900s] [35m[1mScanning dependencies of target message_info__rosidl_typesupport_introspection_cpp[0m
[18.997s] [ 25%] [32mBuilding CXX object CMakeFiles/message_info__rosidl_typesupport_introspection_cpp.dir/rosidl_typesupport_introspection_cpp/message_info/msg/detail/robot_command__type_support.cpp.o[0m
[19.198s] [35m[1mScanning dependencies of target message_info__rosidl_typesupport_fastrtps_cpp[0m
[19.316s] [ 27%] [32mBuilding CXX object CMakeFiles/message_info__rosidl_typesupport_fastrtps_cpp.dir/rosidl_typesupport_fastrtps_cpp/message_info/msg/detail/dds_fastrtps/robot_command__type_support.cpp.o[0m
[20.246s] [35m[1mScanning dependencies of target message_info__rosidl_typesupport_introspection_c[0m
[20.349s] [ 29%] [32mBuilding C object CMakeFiles/message_info__rosidl_typesupport_introspection_c.dir/rosidl_typesupport_introspection_c/message_info/msg/detail/robot_command__type_support.c.o[0m
[20.543s] [ 31%] [32mBuilding C object CMakeFiles/message_info__rosidl_typesupport_introspection_c.dir/rosidl_typesupport_introspection_c/message_info/msg/detail/robot_commands__type_support.c.o[0m
[20.660s] [ 34%] [32mBuilding CXX object CMakeFiles/message_info__rosidl_typesupport_introspection_cpp.dir/rosidl_typesupport_introspection_cpp/message_info/msg/detail/robot_commands__type_support.cpp.o[0m
[20.770s] [ 38%] [32mBuilding C object CMakeFiles/message_info__rosidl_typesupport_introspection_c.dir/rosidl_typesupport_introspection_c/message_info/msg/detail/real_commands__type_support.c.o[0m
[20.773s] [ 38%] [32mBuilding CXX object CMakeFiles/message_info__rosidl_typesupport_cpp.dir/rosidl_typesupport_cpp/message_info/msg/robot_commands__type_support.cpp.o[0m
[20.951s] [ 40%] [32m[1mLinking C shared library libmessage_info__rosidl_typesupport_introspection_c.so[0m
[21.146s] [ 40%] Built target message_info__rosidl_typesupport_introspection_c
[21.206s] [ 42%] [32mBuilding CXX object CMakeFiles/message_info__rosidl_typesupport_introspection_cpp.dir/rosidl_typesupport_introspection_cpp/message_info/msg/detail/real_commands__type_support.cpp.o[0m
[21.987s] [ 44%] [32mBuilding CXX object CMakeFiles/message_info__rosidl_typesupport_fastrtps_cpp.dir/rosidl_typesupport_fastrtps_cpp/message_info/msg/detail/dds_fastrtps/robot_commands__type_support.cpp.o[0m
[22.453s] [ 46%] [34m[1mGenerating C type support dispatch for ROS interfaces[0m
[22.632s] [ 48%] [32mBuilding CXX object CMakeFiles/message_info__rosidl_typesupport_cpp.dir/rosidl_typesupport_cpp/message_info/msg/real_commands__type_support.cpp.o[0m
[22.904s] [ 51%] [32m[1mLinking CXX shared library libmessage_info__rosidl_typesupport_introspection_cpp.so[0m
[23.291s] [ 51%] Built target message_info__rosidl_typesupport_introspection_cpp
[23.391s] [ 53%] [32mBuilding CXX object CMakeFiles/message_info__rosidl_typesupport_fastrtps_cpp.dir/rosidl_typesupport_fastrtps_cpp/message_info/msg/detail/dds_fastrtps/real_commands__type_support.cpp.o[0m
[24.377s] [ 55%] [32m[1mLinking CXX shared library libmessage_info__rosidl_typesupport_cpp.so[0m
[24.565s] [35m[1mScanning dependencies of target message_info__rosidl_typesupport_c[0m
[24.617s] [ 55%] Built target message_info__rosidl_typesupport_cpp
[24.669s] [ 59%] [32mBuilding CXX object CMakeFiles/message_info__rosidl_typesupport_c.dir/rosidl_typesupport_c/message_info/msg/robot_commands__type_support.cpp.o[0m
[24.670s] [ 59%] [32mBuilding CXX object CMakeFiles/message_info__rosidl_typesupport_c.dir/rosidl_typesupport_c/message_info/msg/robot_command__type_support.cpp.o[0m
[24.714s] [ 61%] [32mBuilding CXX object CMakeFiles/message_info__rosidl_typesupport_c.dir/rosidl_typesupport_c/message_info/msg/real_commands__type_support.cpp.o[0m
[24.882s] [ 63%] [32m[1mLinking CXX shared library libmessage_info__rosidl_typesupport_c.so[0m
[25.077s] [ 63%] Built target message_info__rosidl_typesupport_c
[25.699s] [ 65%] [32m[1mLinking CXX shared library libmessage_info__rosidl_typesupport_fastrtps_cpp.so[0m
[26.090s] [ 65%] Built target message_info__rosidl_typesupport_fastrtps_cpp
[26.147s] [ 68%] [34m[1mGenerating C type support for eProsima Fast-RTPS[0m
[27.721s] [35m[1mScanning dependencies of target message_info__rosidl_typesupport_fastrtps_c[0m
[27.825s] [ 70%] [32mBuilding CXX object CMakeFiles/message_info__rosidl_typesupport_fastrtps_c.dir/rosidl_typesupport_fastrtps_c/message_info/msg/detail/robot_command__type_support_c.cpp.o[0m
[27.832s] [ 72%] [32mBuilding CXX object CMakeFiles/message_info__rosidl_typesupport_fastrtps_c.dir/rosidl_typesupport_fastrtps_c/message_info/msg/detail/robot_commands__type_support_c.cpp.o[0m
[27.834s] [ 74%] [32mBuilding CXX object CMakeFiles/message_info__rosidl_typesupport_fastrtps_c.dir/rosidl_typesupport_fastrtps_c/message_info/msg/detail/real_commands__type_support_c.cpp.o[0m
[29.746s] [ 76%] [32m[1mLinking CXX shared library libmessage_info__rosidl_typesupport_fastrtps_c.so[0m
[30.147s] [ 76%] Built target message_info__rosidl_typesupport_fastrtps_c
[30.195s] [35m[1mScanning dependencies of target message_info[0m
[30.250s] [ 76%] Built target message_info
[30.297s] [35m[1mScanning dependencies of target message_info__py[0m
[30.356s] [ 78%] [34m[1mGenerating Python code for ROS interfaces[0m
[33.258s] [ 78%] Built target message_info__py
[33.309s] [35m[1mScanning dependencies of target message_info__python[0m
[33.446s] make[2]: Warning: File '/usr/include/python3.8/Python.h' has modification time 1803821 s in the future
[33.494s] [ 80%] [32mBuilding C object CMakeFiles/message_info__python.dir/rosidl_generator_py/message_info/msg/_robot_command_s.c.o[0m
[33.502s] [ 82%] [32mBuilding C object CMakeFiles/message_info__python.dir/rosidl_generator_py/message_info/msg/_robot_commands_s.c.o[0m
[33.505s] [ 85%] [32mBuilding C object CMakeFiles/message_info__python.dir/rosidl_generator_py/message_info/msg/_real_commands_s.c.o[0m
[34.041s] [ 87%] [32m[1mLinking C shared library rosidl_generator_py/message_info/libmessage_info__python.so[0m
[34.234s] make[2]: warning:  Clock skew detected.  Your build may be incomplete.
[34.275s] [ 87%] Built target message_info__python
[34.326s] [35m[1mScanning dependencies of target message_info__rosidl_typesupport_c__pyext[0m
[34.327s] [35m[1mScanning dependencies of target message_info__rosidl_typesupport_introspection_c__pyext[0m
[34.329s] [35m[1mScanning dependencies of target message_info__rosidl_typesupport_fastrtps_c__pyext[0m
[34.377s] make[2]: Warning: File '/usr/include/python3.8/Python.h' has modification time 1803820 s in the future
[34.379s] make[2]: Warning: File '/usr/include/python3.8/Python.h' has modification time 1803820 s in the future
[34.418s] make[2]: Warning: File '/usr/include/python3.8/Python.h' has modification time 1803820 s in the future
[34.433s] [ 89%] [32mBuilding C object CMakeFiles/message_info__rosidl_typesupport_introspection_c__pyext.dir/rosidl_generator_py/message_info/_message_info_s.ep.rosidl_typesupport_introspection_c.c.o[0m
[34.438s] [ 91%] [32mBuilding C object CMakeFiles/message_info__rosidl_typesupport_c__pyext.dir/rosidl_generator_py/message_info/_message_info_s.ep.rosidl_typesupport_c.c.o[0m
[34.479s] [ 93%] [32mBuilding C object CMakeFiles/message_info__rosidl_typesupport_fastrtps_c__pyext.dir/rosidl_generator_py/message_info/_message_info_s.ep.rosidl_typesupport_fastrtps_c.c.o[0m
[34.875s] [ 95%] [32m[1mLinking C shared library rosidl_generator_py/message_info/message_info_s__rosidl_typesupport_c.cpython-38-aarch64-linux-gnu.so[0m
[34.883s] [ 97%] [32m[1mLinking C shared library rosidl_generator_py/message_info/message_info_s__rosidl_typesupport_introspection_c.cpython-38-aarch64-linux-gnu.so[0m
[34.973s] [100%] [32m[1mLinking CXX shared library rosidl_generator_py/message_info/message_info_s__rosidl_typesupport_fastrtps_c.cpython-38-aarch64-linux-gnu.so[0m
[35.156s] make[2]: warning:  Clock skew detected.  Your build may be incomplete.
[35.157s] make[2]: warning:  Clock skew detected.  Your build may be incomplete.
[35.206s] [100%] Built target message_info__rosidl_typesupport_c__pyext
[35.208s] [100%] Built target message_info__rosidl_typesupport_introspection_c__pyext
[35.378s] make[2]: warning:  Clock skew detected.  Your build may be incomplete.
[35.419s] [100%] Built target message_info__rosidl_typesupport_fastrtps_c__pyext
[35.467s] Invoked command in '/home/ubuntu/ws/Libero/build/message_info' returned '0': CMAKE_PREFIX_PATH=${CMAKE_PREFIX_PATH}:/home/ubuntu/ws/Libero/install/main:/home/ubuntu/ws/SSLRasp/install/rasp:/opt/ros/foxy /usr/bin/cmake --build /home/ubuntu/ws/Libero/build/message_info -- -j4 -l4
[36.138s] Invoking command in '/home/ubuntu/ws/Libero/build/message_info': CMAKE_PREFIX_PATH=${CMAKE_PREFIX_PATH}:/home/ubuntu/ws/Libero/install/main:/home/ubuntu/ws/SSLRasp/install/rasp:/opt/ros/foxy /usr/bin/cmake --install /home/ubuntu/ws/Libero/build/message_info
[36.175s] -- Install configuration: ""
[36.176s] -- Installing: /home/ubuntu/ws/Libero/install/message_info/share/ament_index/resource_index/rosidl_interfaces/message_info
[36.177s] -- Installing: /home/ubuntu/ws/Libero/install/message_info/include/message_info
[36.178s] -- Installing: /home/ubuntu/ws/Libero/install/message_info/include/message_info/msg
[36.178s] -- Installing: /home/ubuntu/ws/Libero/install/message_info/include/message_info/msg/robot_command.h
[36.179s] -- Installing: /home/ubuntu/ws/Libero/install/message_info/include/message_info/msg/detail
[36.180s] -- Installing: /home/ubuntu/ws/Libero/install/message_info/include/message_info/msg/detail/robot_commands__functions.c
[36.181s] -- Installing: /home/ubuntu/ws/Libero/install/message_info/include/message_info/msg/detail/robot_command__functions.h
[36.182s] -- Installing: /home/ubuntu/ws/Libero/install/message_info/include/message_info/msg/detail/real_commands__type_support.h
[36.183s] -- Installing: /home/ubuntu/ws/Libero/install/message_info/include/message_info/msg/detail/robot_command__functions.c
[36.184s] -- Installing: /home/ubuntu/ws/Libero/install/message_info/include/message_info/msg/detail/robot_command__type_support.h
[36.185s] -- Installing: /home/ubuntu/ws/Libero/install/message_info/include/message_info/msg/detail/real_commands__struct.h
[36.186s] -- Installing: /home/ubuntu/ws/Libero/install/message_info/include/message_info/msg/detail/robot_commands__functions.h
[36.187s] -- Installing: /home/ubuntu/ws/Libero/install/message_info/include/message_info/msg/detail/robot_commands__type_support.h
[36.188s] -- Installing: /home/ubuntu/ws/Libero/install/message_info/include/message_info/msg/detail/robot_command__struct.h
[36.189s] -- Installing: /home/ubuntu/ws/Libero/install/message_info/include/message_info/msg/detail/real_commands__functions.c
[36.190s] -- Installing: /home/ubuntu/ws/Libero/install/message_info/include/message_info/msg/detail/robot_commands__struct.h
[36.190s] -- Installing: /home/ubuntu/ws/Libero/install/message_info/include/message_info/msg/detail/real_commands__functions.h
[36.191s] -- Installing: /home/ubuntu/ws/Libero/install/message_info/include/message_info/msg/rosidl_generator_c__visibility_control.h
[36.192s] -- Installing: /home/ubuntu/ws/Libero/install/message_info/include/message_info/msg/real_commands.h
[36.193s] -- Installing: /home/ubuntu/ws/Libero/install/message_info/include/message_info/msg/robot_commands.h
[36.195s] -- Installing: /home/ubuntu/ws/Libero/install/message_info/share/message_info/environment/library_path.sh
[36.196s] -- Installing: /home/ubuntu/ws/Libero/install/message_info/share/message_info/environment/library_path.dsv
[36.197s] -- Installing: /home/ubuntu/ws/Libero/install/message_info/lib/libmessage_info__rosidl_generator_c.so
[36.200s] -- Set runtime path of "/home/ubuntu/ws/Libero/install/message_info/lib/libmessage_info__rosidl_generator_c.so" to ""
[36.200s] -- Up-to-date: /home/ubuntu/ws/Libero/install/message_info/include/message_info
[36.200s] -- Up-to-date: /home/ubuntu/ws/Libero/install/message_info/include/message_info/msg
[36.201s] -- Up-to-date: /home/ubuntu/ws/Libero/install/message_info/include/message_info/msg/detail
[36.201s] -- Installing: /home/ubuntu/ws/Libero/install/message_info/include/message_info/msg/detail/real_commands__rosidl_typesupport_fastrtps_c.h
[36.202s] -- Installing: /home/ubuntu/ws/Libero/install/message_info/include/message_info/msg/detail/robot_command__rosidl_typesupport_fastrtps_c.h
[36.203s] -- Installing: /home/ubuntu/ws/Libero/install/message_info/include/message_info/msg/detail/robot_commands__rosidl_typesupport_fastrtps_c.h
[36.204s] -- Installing: /home/ubuntu/ws/Libero/install/message_info/include/message_info/msg/rosidl_typesupport_fastrtps_c__visibility_control.h
[36.206s] -- Installing: /home/ubuntu/ws/Libero/install/message_info/lib/libmessage_info__rosidl_typesupport_fastrtps_c.so
[36.208s] -- Set runtime path of "/home/ubuntu/ws/Libero/install/message_info/lib/libmessage_info__rosidl_typesupport_fastrtps_c.so" to ""
[36.209s] -- Up-to-date: /home/ubuntu/ws/Libero/install/message_info/include/message_info
[36.209s] -- Up-to-date: /home/ubuntu/ws/Libero/install/message_info/include/message_info/msg
[36.210s] -- Up-to-date: /home/ubuntu/ws/Libero/install/message_info/include/message_info/msg/detail
[36.210s] -- Installing: /home/ubuntu/ws/Libero/install/message_info/include/message_info/msg/detail/real_commands__rosidl_typesupport_fastrtps_cpp.hpp
[36.211s] -- Installing: /home/ubuntu/ws/Libero/install/message_info/include/message_info/msg/detail/dds_fastrtps
[36.211s] -- Installing: /home/ubuntu/ws/Libero/install/message_info/include/message_info/msg/detail/robot_command__rosidl_typesupport_fastrtps_cpp.hpp
[36.213s] -- Installing: /home/ubuntu/ws/Libero/install/message_info/include/message_info/msg/detail/robot_commands__rosidl_typesupport_fastrtps_cpp.hpp
[36.214s] -- Installing: /home/ubuntu/ws/Libero/install/message_info/include/message_info/msg/rosidl_typesupport_fastrtps_cpp__visibility_control.h
[36.215s] -- Installing: /home/ubuntu/ws/Libero/install/message_info/lib/libmessage_info__rosidl_typesupport_fastrtps_cpp.so
[36.218s] -- Set runtime path of "/home/ubuntu/ws/Libero/install/message_info/lib/libmessage_info__rosidl_typesupport_fastrtps_cpp.so" to ""
[36.218s] -- Up-to-date: /home/ubuntu/ws/Libero/install/message_info/include/message_info
[36.219s] -- Up-to-date: /home/ubuntu/ws/Libero/install/message_info/include/message_info/msg
[36.219s] -- Up-to-date: /home/ubuntu/ws/Libero/install/message_info/include/message_info/msg/detail
[36.219s] -- Installing: /home/ubuntu/ws/Libero/install/message_info/include/message_info/msg/detail/robot_command__rosidl_typesupport_introspection_c.h
[36.220s] -- Installing: /home/ubuntu/ws/Libero/install/message_info/include/message_info/msg/detail/robot_command__type_support.c
[36.221s] -- Installing: /home/ubuntu/ws/Libero/install/message_info/include/message_info/msg/detail/robot_commands__type_support.c
[36.222s] -- Installing: /home/ubuntu/ws/Libero/install/message_info/include/message_info/msg/detail/real_commands__rosidl_typesupport_introspection_c.h
[36.223s] -- Installing: /home/ubuntu/ws/Libero/install/message_info/include/message_info/msg/detail/real_commands__type_support.c
[36.224s] -- Installing: /home/ubuntu/ws/Libero/install/message_info/include/message_info/msg/detail/robot_commands__rosidl_typesupport_introspection_c.h
[36.226s] -- Installing: /home/ubuntu/ws/Libero/install/message_info/include/message_info/msg/rosidl_typesupport_introspection_c__visibility_control.h
[36.227s] -- Installing: /home/ubuntu/ws/Libero/install/message_info/lib/libmessage_info__rosidl_typesupport_introspection_c.so
[36.229s] -- Set runtime path of "/home/ubuntu/ws/Libero/install/message_info/lib/libmessage_info__rosidl_typesupport_introspection_c.so" to ""
[36.230s] -- Installing: /home/ubuntu/ws/Libero/install/message_info/lib/libmessage_info__rosidl_typesupport_c.so
[36.232s] -- Set runtime path of "/home/ubuntu/ws/Libero/install/message_info/lib/libmessage_info__rosidl_typesupport_c.so" to ""
[36.233s] -- Up-to-date: /home/ubuntu/ws/Libero/install/message_info/include/message_info
[36.233s] -- Up-to-date: /home/ubuntu/ws/Libero/install/message_info/include/message_info/msg
[36.233s] -- Installing: /home/ubuntu/ws/Libero/install/message_info/include/message_info/msg/real_commands.hpp
[36.234s] -- Up-to-date: /home/ubuntu/ws/Libero/install/message_info/include/message_info/msg/detail
[36.235s] -- Installing: /home/ubuntu/ws/Libero/install/message_info/include/message_info/msg/detail/robot_command__struct.hpp
[36.236s] -- Installing: /home/ubuntu/ws/Libero/install/message_info/include/message_info/msg/detail/robot_commands__traits.hpp
[36.237s] -- Installing: /home/ubuntu/ws/Libero/install/message_info/include/message_info/msg/detail/robot_command__traits.hpp
[36.237s] -- Installing: /home/ubuntu/ws/Libero/install/message_info/include/message_info/msg/detail/robot_commands__struct.hpp
[36.238s] -- Installing: /home/ubuntu/ws/Libero/install/message_info/include/message_info/msg/detail/real_commands__traits.hpp
[36.239s] -- Installing: /home/ubuntu/ws/Libero/install/message_info/include/message_info/msg/detail/robot_command__builder.hpp
[36.240s] -- Installing: /home/ubuntu/ws/Libero/install/message_info/include/message_info/msg/detail/real_commands__builder.hpp
[36.241s] -- Installing: /home/ubuntu/ws/Libero/install/message_info/include/message_info/msg/detail/robot_commands__builder.hpp
[36.242s] -- Installing: /home/ubuntu/ws/Libero/install/message_info/include/message_info/msg/detail/real_commands__struct.hpp
[36.243s] -- Installing: /home/ubuntu/ws/Libero/install/message_info/include/message_info/msg/robot_commands.hpp
[36.244s] -- Installing: /home/ubuntu/ws/Libero/install/message_info/include/message_info/msg/robot_command.hpp
[36.246s] -- Up-to-date: /home/ubuntu/ws/Libero/install/message_info/include/message_info
[36.246s] -- Up-to-date: /home/ubuntu/ws/Libero/install/message_info/include/message_info/msg
[36.246s] -- Up-to-date: /home/ubuntu/ws/Libero/install/message_info/include/message_info/msg/detail
[36.247s] -- Installing: /home/ubuntu/ws/Libero/install/message_info/include/message_info/msg/detail/robot_command__rosidl_typesupport_introspection_cpp.hpp
[36.248s] -- Installing: /home/ubuntu/ws/Libero/install/message_info/include/message_info/msg/detail/real_commands__type_support.cpp
[36.249s] -- Installing: /home/ubuntu/ws/Libero/install/message_info/include/message_info/msg/detail/robot_commands__rosidl_typesupport_introspection_cpp.hpp
[36.250s] -- Installing: /home/ubuntu/ws/Libero/install/message_info/include/message_info/msg/detail/real_commands__rosidl_typesupport_introspection_cpp.hpp
[36.251s] -- Installing: /home/ubuntu/ws/Libero/install/message_info/include/message_info/msg/detail/robot_commands__type_support.cpp
[36.252s] -- Installing: /home/ubuntu/ws/Libero/install/message_info/include/message_info/msg/detail/robot_command__type_support.cpp
[36.254s] -- Installing: /home/ubuntu/ws/Libero/install/message_info/lib/libmessage_info__rosidl_typesupport_introspection_cpp.so
[36.257s] -- Set runtime path of "/home/ubuntu/ws/Libero/install/message_info/lib/libmessage_info__rosidl_typesupport_introspection_cpp.so" to ""
[36.257s] -- Installing: /home/ubuntu/ws/Libero/install/message_info/lib/libmessage_info__rosidl_typesupport_cpp.so
[36.259s] -- Set runtime path of "/home/ubuntu/ws/Libero/install/message_info/lib/libmessage_info__rosidl_typesupport_cpp.so" to ""
[36.260s] -- Installing: /home/ubuntu/ws/Libero/install/message_info/share/message_info/environment/pythonpath.sh
[36.261s] -- Installing: /home/ubuntu/ws/Libero/install/message_info/share/message_info/environment/pythonpath.dsv
[36.262s] -- Installing: /home/ubuntu/ws/Libero/install/message_info/lib/python3.8/site-packages/message_info/__init__.py
[36.415s] Compiling '/home/ubuntu/ws/Libero/install/message_info/lib/python3.8/site-packages/message_info/__init__.py'...
[36.437s] -- Installing: /home/ubuntu/ws/Libero/install/message_info/lib/python3.8/site-packages/message_info/msg
[36.438s] -- Installing: /home/ubuntu/ws/Libero/install/message_info/lib/python3.8/site-packages/message_info/msg/_robot_commands.py
[36.439s] -- Installing: /home/ubuntu/ws/Libero/install/message_info/lib/python3.8/site-packages/message_info/msg/_robot_command.py
[36.440s] -- Installing: /home/ubuntu/ws/Libero/install/message_info/lib/python3.8/site-packages/message_info/msg/__init__.py
[36.441s] -- Installing: /home/ubuntu/ws/Libero/install/message_info/lib/python3.8/site-packages/message_info/msg/_robot_commands_s.c
[36.442s] -- Installing: /home/ubuntu/ws/Libero/install/message_info/lib/python3.8/site-packages/message_info/msg/_real_commands_s.c
[36.443s] -- Installing: /home/ubuntu/ws/Libero/install/message_info/lib/python3.8/site-packages/message_info/msg/_real_commands.py
[36.444s] -- Installing: /home/ubuntu/ws/Libero/install/message_info/lib/python3.8/site-packages/message_info/msg/_robot_command_s.c
[36.446s] -- Installing: /home/ubuntu/ws/Libero/install/message_info/lib/python3.8/site-packages/message_info/message_info_s__rosidl_typesupport_fastrtps_c.cpython-38-aarch64-linux-gnu.so
[36.450s] -- Set runtime path of "/home/ubuntu/ws/Libero/install/message_info/lib/python3.8/site-packages/message_info/message_info_s__rosidl_typesupport_fastrtps_c.cpython-38-aarch64-linux-gnu.so" to ""
[36.452s] -- Installing: /home/ubuntu/ws/Libero/install/message_info/lib/python3.8/site-packages/message_info/message_info_s__rosidl_typesupport_introspection_c.cpython-38-aarch64-linux-gnu.so
[36.455s] -- Set runtime path of "/home/ubuntu/ws/Libero/install/message_info/lib/python3.8/site-packages/message_info/message_info_s__rosidl_typesupport_introspection_c.cpython-38-aarch64-linux-gnu.so" to ""
[36.456s] -- Installing: /home/ubuntu/ws/Libero/install/message_info/lib/python3.8/site-packages/message_info/message_info_s__rosidl_typesupport_c.cpython-38-aarch64-linux-gnu.so
[36.459s] -- Set runtime path of "/home/ubuntu/ws/Libero/install/message_info/lib/python3.8/site-packages/message_info/message_info_s__rosidl_typesupport_c.cpython-38-aarch64-linux-gnu.so" to ""
[36.459s] -- Installing: /home/ubuntu/ws/Libero/install/message_info/lib/libmessage_info__python.so
[36.462s] -- Set runtime path of "/home/ubuntu/ws/Libero/install/message_info/lib/libmessage_info__python.so" to ""
[36.463s] -- Installing: /home/ubuntu/ws/Libero/install/message_info/share/message_info/msg/RobotCommand.idl
[36.464s] -- Installing: /home/ubuntu/ws/Libero/install/message_info/share/message_info/msg/RobotCommands.idl
[36.465s] -- Installing: /home/ubuntu/ws/Libero/install/message_info/share/message_info/msg/RealCommands.idl
[36.466s] -- Installing: /home/ubuntu/ws/Libero/install/message_info/share/message_info/msg/RobotCommand.msg
[36.467s] -- Installing: /home/ubuntu/ws/Libero/install/message_info/share/message_info/msg/RobotCommands.msg
[36.468s] -- Installing: /home/ubuntu/ws/Libero/install/message_info/share/message_info/msg/RealCommands.msg
[36.469s] -- Installing: /home/ubuntu/ws/Libero/install/message_info/share/ament_index/resource_index/package_run_dependencies/message_info
[36.471s] -- Installing: /home/ubuntu/ws/Libero/install/message_info/share/ament_index/resource_index/parent_prefix_path/message_info
[36.472s] -- Installing: /home/ubuntu/ws/Libero/install/message_info/share/message_info/environment/ament_prefix_path.sh
[36.473s] -- Installing: /home/ubuntu/ws/Libero/install/message_info/share/message_info/environment/ament_prefix_path.dsv
[36.474s] -- Installing: /home/ubuntu/ws/Libero/install/message_info/share/message_info/environment/path.sh
[36.475s] -- Installing: /home/ubuntu/ws/Libero/install/message_info/share/message_info/environment/path.dsv
[36.477s] -- Installing: /home/ubuntu/ws/Libero/install/message_info/share/message_info/local_setup.bash
[36.478s] -- Installing: /home/ubuntu/ws/Libero/install/message_info/share/message_info/local_setup.sh
[36.479s] -- Installing: /home/ubuntu/ws/Libero/install/message_info/share/message_info/local_setup.zsh
[36.480s] -- Installing: /home/ubuntu/ws/Libero/install/message_info/share/message_info/local_setup.dsv
[36.481s] -- Installing: /home/ubuntu/ws/Libero/install/message_info/share/message_info/package.dsv
[36.482s] -- Installing: /home/ubuntu/ws/Libero/install/message_info/share/ament_index/resource_index/packages/message_info
[36.484s] -- Installing: /home/ubuntu/ws/Libero/install/message_info/share/message_info/cmake/message_info__rosidl_generator_cExport.cmake
[36.485s] -- Installing: /home/ubuntu/ws/Libero/install/message_info/share/message_info/cmake/message_info__rosidl_generator_cExport-noconfig.cmake
[36.486s] -- Installing: /home/ubuntu/ws/Libero/install/message_info/share/message_info/cmake/message_info__rosidl_typesupport_introspection_cExport.cmake
[36.488s] -- Installing: /home/ubuntu/ws/Libero/install/message_info/share/message_info/cmake/message_info__rosidl_typesupport_introspection_cExport-noconfig.cmake
[36.489s] -- Installing: /home/ubuntu/ws/Libero/install/message_info/share/message_info/cmake/message_info__rosidl_typesupport_cExport.cmake
[36.491s] -- Installing: /home/ubuntu/ws/Libero/install/message_info/share/message_info/cmake/message_info__rosidl_typesupport_cExport-noconfig.cmake
[36.492s] -- Installing: /home/ubuntu/ws/Libero/install/message_info/share/message_info/cmake/message_info__rosidl_generator_cppExport.cmake
[36.494s] -- Installing: /home/ubuntu/ws/Libero/install/message_info/share/message_info/cmake/message_info__rosidl_typesupport_introspection_cppExport.cmake
[36.495s] -- Installing: /home/ubuntu/ws/Libero/install/message_info/share/message_info/cmake/message_info__rosidl_typesupport_introspection_cppExport-noconfig.cmake
[36.497s] -- Installing: /home/ubuntu/ws/Libero/install/message_info/share/message_info/cmake/message_info__rosidl_typesupport_cppExport.cmake
[36.498s] -- Installing: /home/ubuntu/ws/Libero/install/message_info/share/message_info/cmake/message_info__rosidl_typesupport_cppExport-noconfig.cmake
[36.499s] -- Installing: /home/ubuntu/ws/Libero/install/message_info/share/message_info/cmake/rosidl_cmake-extras.cmake
[36.500s] -- Installing: /home/ubuntu/ws/Libero/install/message_info/share/message_info/cmake/ament_cmake_export_dependencies-extras.cmake
[36.502s] -- Installing: /home/ubuntu/ws/Libero/install/message_info/share/message_info/cmake/ament_cmake_export_libraries-extras.cmake
[36.503s] -- Installing: /home/ubuntu/ws/Libero/install/message_info/share/message_info/cmake/ament_cmake_export_targets-extras.cmake
[36.504s] -- Installing: /home/ubuntu/ws/Libero/install/message_info/share/message_info/cmake/ament_cmake_export_include_directories-extras.cmake
[36.505s] -- Installing: /home/ubuntu/ws/Libero/install/message_info/share/message_info/cmake/rosidl_cmake_export_typesupport_libraries-extras.cmake
[36.507s] -- Installing: /home/ubuntu/ws/Libero/install/message_info/share/message_info/cmake/rosidl_cmake_export_typesupport_targets-extras.cmake
[36.508s] -- Installing: /home/ubuntu/ws/Libero/install/message_info/share/message_info/cmake/message_infoConfig.cmake
[36.509s] -- Installing: /home/ubuntu/ws/Libero/install/message_info/share/message_info/cmake/message_infoConfig-version.cmake
[36.510s] -- Installing: /home/ubuntu/ws/Libero/install/message_info/share/message_info/package.xml
[36.521s] Invoked command in '/home/ubuntu/ws/Libero/build/message_info' returned '0': CMAKE_PREFIX_PATH=${CMAKE_PREFIX_PATH}:/home/ubuntu/ws/Libero/install/main:/home/ubuntu/ws/SSLRasp/install/rasp:/opt/ros/foxy /usr/bin/cmake --install /home/ubuntu/ws/Libero/build/message_info
