[1.165s] Invoking command in '/home/ubuntu/ws/Libero/src/main': PYTHONPATH=/home/ubuntu/ws/Libero/install/main/lib/python3.8/site-packages:${PYTHONPATH} /usr/bin/python3 setup.py egg_info --egg-base ../../build/main build --build-base /home/ubuntu/ws/Libero/build/main/build install --prefix /home/ubuntu/ws/Libero/install/main --record /home/ubuntu/ws/Libero/build/main/install.log --single-version-externally-managed
[2.347s] running egg_info
[2.350s] writing ../../build/main/main.egg-info/PKG-INFO
[2.352s] writing dependency_links to ../../build/main/main.egg-info/dependency_links.txt
[2.354s] writing entry points to ../../build/main/main.egg-info/entry_points.txt
[2.356s] writing requirements to ../../build/main/main.egg-info/requires.txt
[2.357s] writing top-level names to ../../build/main/main.egg-info/top_level.txt
[2.522s] reading manifest file '../../build/main/main.egg-info/SOURCES.txt'
[2.526s] writing manifest file '../../build/main/main.egg-info/SOURCES.txt'
[2.526s] running build
[2.527s] running build_py
[2.528s] copying python_programs/main.py -> /home/ubuntu/ws/Libero/build/main/build/lib/python_programs
[2.529s] running install
[2.533s] running install_lib
[2.538s] copying /home/ubuntu/ws/Libero/build/main/build/lib/python_programs/main.py -> /home/ubuntu/ws/Libero/install/main/lib/python3.8/site-packages/python_programs
[2.542s] byte-compiling /home/ubuntu/ws/Libero/install/main/lib/python3.8/site-packages/python_programs/main.py to main.cpython-38.pyc
[2.549s]   File "/home/ubuntu/ws/Libero/install/main/lib/python3.8/site-packages/python_programs/main.py", line 243
[2.550s]     self.slave.lidar_degree = (float)self.distance
[2.550s]                                      ^
[2.551s] SyntaxError: invalid syntax
[2.551s] 
[2.552s] running install_egg_info
[2.556s] removing '/home/ubuntu/ws/Libero/install/main/lib/python3.8/site-packages/main-0.0.0-py3.8.egg-info' (and everything under it)
[2.558s] Copying ../../build/main/main.egg-info to /home/ubuntu/ws/Libero/install/main/lib/python3.8/site-packages/main-0.0.0-py3.8.egg-info
[2.563s] running install_scripts
[2.636s] Installing main script to /home/ubuntu/ws/Libero/install/main/lib/main
[2.638s] writing list of installed files to '/home/ubuntu/ws/Libero/build/main/install.log'
[2.740s] Invoked command in '/home/ubuntu/ws/Libero/src/main' returned '0': PYTHONPATH=/home/ubuntu/ws/Libero/install/main/lib/python3.8/site-packages:${PYTHONPATH} /usr/bin/python3 setup.py egg_info --egg-base ../../build/main build --build-base /home/ubuntu/ws/Libero/build/main/build install --prefix /home/ubuntu/ws/Libero/install/main --record /home/ubuntu/ws/Libero/build/main/install.log --single-version-externally-managed
