[1.165s] Invoking command in '/home/ubuntu/ws/Libero/src/main': PYTHONPATH=/home/ubuntu/ws/Libero/install/main/lib/python3.8/site-packages:${PYTHONPATH} /usr/bin/python3 setup.py egg_info --egg-base ../../build/main build --build-base /home/ubuntu/ws/Libero/build/main/build install --prefix /home/ubuntu/ws/Libero/install/main --record /home/ubuntu/ws/Libero/build/main/install.log --single-version-externally-managed
[2.343s] running egg_info
[2.346s] writing ../../build/main/main.egg-info/PKG-INFO
[2.348s] writing dependency_links to ../../build/main/main.egg-info/dependency_links.txt
[2.350s] writing entry points to ../../build/main/main.egg-info/entry_points.txt
[2.351s] writing requirements to ../../build/main/main.egg-info/requires.txt
[2.353s] writing top-level names to ../../build/main/main.egg-info/top_level.txt
[2.516s] reading manifest file '../../build/main/main.egg-info/SOURCES.txt'
[2.520s] writing manifest file '../../build/main/main.egg-info/SOURCES.txt'
[2.521s] running build
[2.521s] running build_py
[2.522s] copying python_programs/main.py -> /home/ubuntu/ws/Libero/build/main/build/lib/python_programs
[2.524s] running install
[2.528s] running install_lib
[2.533s] copying /home/ubuntu/ws/Libero/build/main/build/lib/python_programs/main.py -> /home/ubuntu/ws/Libero/install/main/lib/python3.8/site-packages/python_programs
[2.536s] byte-compiling /home/ubuntu/ws/Libero/install/main/lib/python3.8/site-packages/python_programs/main.py to main.cpython-38.pyc
[2.549s] running install_egg_info
[2.555s] removing '/home/ubuntu/ws/Libero/install/main/lib/python3.8/site-packages/main-0.0.0-py3.8.egg-info' (and everything under it)
[2.557s] Copying ../../build/main/main.egg-info to /home/ubuntu/ws/Libero/install/main/lib/python3.8/site-packages/main-0.0.0-py3.8.egg-info
[2.562s] running install_scripts
[2.635s] Installing main script to /home/ubuntu/ws/Libero/install/main/lib/main
[2.637s] writing list of installed files to '/home/ubuntu/ws/Libero/build/main/install.log'
[2.740s] Invoked command in '/home/ubuntu/ws/Libero/src/main' returned '0': PYTHONPATH=/home/ubuntu/ws/Libero/install/main/lib/python3.8/site-packages:${PYTHONPATH} /usr/bin/python3 setup.py egg_info --egg-base ../../build/main build --build-base /home/ubuntu/ws/Libero/build/main/build install --prefix /home/ubuntu/ws/Libero/install/main --record /home/ubuntu/ws/Libero/build/main/install.log --single-version-externally-managed
